{"/Users/sansi/dev/trae_projects/what-to-eat/server/functions/dish/index.js": {"path":"/Users/sansi/dev/trae_projects/what-to-eat/server/functions/dish/index.js","statementMap":{"0":{"start":{"line":8,"column":16},"end":{"line":8,"column":20}},"1":{"start":{"line":10,"column":0},"end":{"line":17,"column":1}},"2":{"start":{"line":11,"column":2},"end":{"line":11,"column":29}},"3":{"start":{"line":12,"column":2},"end":{"line":12,"column":41}},"4":{"start":{"line":13,"column":2},"end":{"line":13,"column":43}},"5":{"start":{"line":15,"column":2},"end":{"line":15,"column":46}},"6":{"start":{"line":16,"column":2},"end":{"line":16,"column":18}},"7":{"start":{"line":19,"column":29},"end":{"line":19,"column":37}},"8":{"start":{"line":22,"column":16},"end":{"line":22,"column":112}},"9":{"start":{"line":22,"column":35},"end":{"line":22,"column":112}},"10":{"start":{"line":23,"column":14},"end":{"line":23,"column":124}},"11":{"start":{"line":23,"column":33},"end":{"line":23,"column":124}},"12":{"start":{"line":24,"column":19},"end":{"line":24,"column":115}},"13":{"start":{"line":24,"column":32},"end":{"line":24,"column":115}},"14":{"start":{"line":25,"column":17},"end":{"line":25,"column":111}},"15":{"start":{"line":25,"column":30},"end":{"line":25,"column":111}},"16":{"start":{"line":33,"column":0},"end":{"line":69,"column":2}},"17":{"start":{"line":35,"column":2},"end":{"line":42,"column":3}},"18":{"start":{"line":36,"column":4},"end":{"line":41,"column":6}},"19":{"start":{"line":44,"column":27},"end":{"line":44,"column":32}},"20":{"start":{"line":46,"column":2},"end":{"line":46,"column":57}},"21":{"start":{"line":47,"column":2},"end":{"line":47,"column":35}},"22":{"start":{"line":49,"column":2},"end":{"line":68,"column":3}},"23":{"start":{"line":50,"column":4},"end":{"line":63,"column":5}},"24":{"start":{"line":52,"column":8},"end":{"line":52,"column":47}},"25":{"start":{"line":54,"column":8},"end":{"line":54,"column":47}},"26":{"start":{"line":56,"column":8},"end":{"line":56,"column":47}},"27":{"start":{"line":58,"column":8},"end":{"line":58,"column":47}},"28":{"start":{"line":60,"column":8},"end":{"line":60,"column":44}},"29":{"start":{"line":62,"column":8},"end":{"line":62,"column":37}},"30":{"start":{"line":65,"column":4},"end":{"line":65,"column":47}},"31":{"start":{"line":66,"column":4},"end":{"line":66,"column":45}},"32":{"start":{"line":67,"column":4},"end":{"line":67,"column":40}},"33":{"start":{"line":78,"column":43},"end":{"line":78,"column":53}},"34":{"start":{"line":80,"column":2},"end":{"line":82,"column":3}},"35":{"start":{"line":81,"column":4},"end":{"line":81,"column":34}},"36":{"start":{"line":84,"column":17},"end":{"line":84,"column":35}},"37":{"start":{"line":85,"column":22},"end":{"line":85,"column":33}},"38":{"start":{"line":86,"column":22},"end":{"line":86,"column":61}},"39":{"start":{"line":89,"column":24},"end":{"line":89,"column":33}},"40":{"start":{"line":90,"column":2},"end":{"line":108,"column":3}},"41":{"start":{"line":91,"column":27},"end":{"line":94,"column":5}},"42":{"start":{"line":95,"column":4},"end":{"line":105,"column":5}},"43":{"start":{"line":97,"column":28},"end":{"line":100,"column":7}},"44":{"start":{"line":101,"column":6},"end":{"line":101,"column":57}},"45":{"start":{"line":102,"column":6},"end":{"line":102,"column":89}},"46":{"start":{"line":104,"column":6},"end":{"line":104,"column":55}},"47":{"start":{"line":107,"column":4},"end":{"line":107,"column":48}},"48":{"start":{"line":109,"column":2},"end":{"line":109,"column":84}},"49":{"start":{"line":112,"column":25},"end":{"line":115,"column":3}},"50":{"start":{"line":117,"column":2},"end":{"line":119,"column":3}},"51":{"start":{"line":118,"column":4},"end":{"line":118,"column":29}},"52":{"start":{"line":122,"column":17},"end":{"line":125,"column":3}},"53":{"start":{"line":127,"column":18},"end":{"line":130,"column":3}},"54":{"start":{"line":132,"column":2},"end":{"line":132,"column":39}},"55":{"start":{"line":142,"column":36},"end":{"line":142,"column":46}},"56":{"start":{"line":144,"column":2},"end":{"line":146,"column":3}},"57":{"start":{"line":145,"column":4},"end":{"line":145,"column":34}},"58":{"start":{"line":148,"column":2},"end":{"line":150,"column":3}},"59":{"start":{"line":149,"column":4},"end":{"line":149,"column":34}},"60":{"start":{"line":152,"column":17},"end":{"line":152,"column":35}},"61":{"start":{"line":153,"column":22},"end":{"line":153,"column":33}},"62":{"start":{"line":154,"column":22},"end":{"line":154,"column":61}},"63":{"start":{"line":157,"column":23},"end":{"line":160,"column":3}},"64":{"start":{"line":162,"column":2},"end":{"line":164,"column":3}},"65":{"start":{"line":163,"column":4},"end":{"line":163,"column":29}},"66":{"start":{"line":167,"column":19},"end":{"line":170,"column":3}},"67":{"start":{"line":172,"column":2},"end":{"line":174,"column":3}},"68":{"start":{"line":173,"column":4},"end":{"line":173,"column":29}},"69":{"start":{"line":177,"column":25},"end":{"line":180,"column":3}},"70":{"start":{"line":182,"column":2},"end":{"line":184,"column":3}},"71":{"start":{"line":183,"column":4},"end":{"line":183,"column":29}},"72":{"start":{"line":187,"column":2},"end":{"line":190,"column":4}},"73":{"start":{"line":192,"column":22},"end":{"line":195,"column":3}},"74":{"start":{"line":197,"column":2},"end":{"line":197,"column":43}},"75":{"start":{"line":207,"column":17},"end":{"line":207,"column":27}},"76":{"start":{"line":209,"column":2},"end":{"line":211,"column":3}},"77":{"start":{"line":210,"column":4},"end":{"line":210,"column":34}},"78":{"start":{"line":213,"column":17},"end":{"line":213,"column":35}},"79":{"start":{"line":216,"column":23},"end":{"line":219,"column":3}},"80":{"start":{"line":221,"column":2},"end":{"line":223,"column":3}},"81":{"start":{"line":222,"column":4},"end":{"line":222,"column":29}},"82":{"start":{"line":226,"column":2},"end":{"line":229,"column":4}},"83":{"start":{"line":231,"column":2},"end":{"line":231,"column":33}},"84":{"start":{"line":241,"column":59},"end":{"line":241,"column":69}},"85":{"start":{"line":242,"column":17},"end":{"line":242,"column":35}},"86":{"start":{"line":245,"column":24},"end":{"line":245,"column":33}},"87":{"start":{"line":246,"column":2},"end":{"line":264,"column":3}},"88":{"start":{"line":247,"column":27},"end":{"line":250,"column":5}},"89":{"start":{"line":251,"column":4},"end":{"line":261,"column":5}},"90":{"start":{"line":253,"column":28},"end":{"line":256,"column":7}},"91":{"start":{"line":257,"column":6},"end":{"line":257,"column":57}},"92":{"start":{"line":258,"column":6},"end":{"line":258,"column":63}},"93":{"start":{"line":260,"column":6},"end":{"line":260,"column":55}},"94":{"start":{"line":263,"column":4},"end":{"line":263,"column":48}},"95":{"start":{"line":265,"column":2},"end":{"line":265,"column":95}},"96":{"start":{"line":267,"column":12},"end":{"line":267,"column":122}},"97":{"start":{"line":268,"column":17},"end":{"line":268,"column":52}},"98":{"start":{"line":270,"column":2},"end":{"line":273,"column":3}},"99":{"start":{"line":271,"column":4},"end":{"line":271,"column":30}},"100":{"start":{"line":272,"column":4},"end":{"line":272,"column":39}},"101":{"start":{"line":275,"column":2},"end":{"line":275,"column":37}},"102":{"start":{"line":278,"column":17},"end":{"line":278,"column":58}},"103":{"start":{"line":279,"column":2},"end":{"line":279,"column":29}},"104":{"start":{"line":280,"column":2},"end":{"line":280,"column":42}},"105":{"start":{"line":282,"column":2},"end":{"line":282,"column":27}},"106":{"start":{"line":283,"column":2},"end":{"line":283,"column":70}},"107":{"start":{"line":283,"column":59},"end":{"line":283,"column":67}},"108":{"start":{"line":285,"column":17},"end":{"line":285,"column":41}},"109":{"start":{"line":288,"column":17},"end":{"line":288,"column":111}},"110":{"start":{"line":289,"column":22},"end":{"line":289,"column":47}},"111":{"start":{"line":291,"column":2},"end":{"line":294,"column":3}},"112":{"start":{"line":292,"column":4},"end":{"line":292,"column":35}},"113":{"start":{"line":293,"column":4},"end":{"line":293,"column":44}},"114":{"start":{"line":296,"column":22},"end":{"line":296,"column":56}},"115":{"start":{"line":298,"column":2},"end":{"line":303,"column":5}},"116":{"start":{"line":313,"column":17},"end":{"line":313,"column":27}},"117":{"start":{"line":315,"column":2},"end":{"line":317,"column":3}},"118":{"start":{"line":316,"column":4},"end":{"line":316,"column":34}},"119":{"start":{"line":319,"column":17},"end":{"line":319,"column":35}},"120":{"start":{"line":321,"column":15},"end":{"line":324,"column":3}},"121":{"start":{"line":326,"column":2},"end":{"line":328,"column":3}},"122":{"start":{"line":327,"column":4},"end":{"line":327,"column":29}},"123":{"start":{"line":330,"column":2},"end":{"line":330,"column":26}}},"fnMap":{"0":{"name":"(anonymous_0)","decl":{"start":{"line":22,"column":16},"end":{"line":22,"column":17}},"loc":{"start":{"line":22,"column":35},"end":{"line":22,"column":112}},"line":22},"1":{"name":"(anonymous_1)","decl":{"start":{"line":23,"column":14},"end":{"line":23,"column":15}},"loc":{"start":{"line":23,"column":33},"end":{"line":23,"column":124}},"line":23},"2":{"name":"(anonymous_2)","decl":{"start":{"line":24,"column":19},"end":{"line":24,"column":20}},"loc":{"start":{"line":24,"column":32},"end":{"line":24,"column":115}},"line":24},"3":{"name":"(anonymous_3)","decl":{"start":{"line":25,"column":17},"end":{"line":25,"column":18}},"loc":{"start":{"line":25,"column":30},"end":{"line":25,"column":111}},"line":25},"4":{"name":"(anonymous_4)","decl":{"start":{"line":33,"column":15},"end":{"line":33,"column":16}},"loc":{"start":{"line":33,"column":41},"end":{"line":69,"column":1}},"line":33},"5":{"name":"createDish","decl":{"start":{"line":77,"column":15},"end":{"line":77,"column":25}},"loc":{"start":{"line":77,"column":41},"end":{"line":133,"column":1}},"line":77},"6":{"name":"updateDish","decl":{"start":{"line":141,"column":15},"end":{"line":141,"column":25}},"loc":{"start":{"line":141,"column":41},"end":{"line":198,"column":1}},"line":141},"7":{"name":"deleteDish","decl":{"start":{"line":206,"column":15},"end":{"line":206,"column":25}},"loc":{"start":{"line":206,"column":41},"end":{"line":232,"column":1}},"line":206},"8":{"name":"listDishes","decl":{"start":{"line":240,"column":15},"end":{"line":240,"column":25}},"loc":{"start":{"line":240,"column":41},"end":{"line":304,"column":1}},"line":240},"9":{"name":"(anonymous_9)","decl":{"start":{"line":283,"column":54},"end":{"line":283,"column":55}},"loc":{"start":{"line":283,"column":59},"end":{"line":283,"column":67}},"line":283},"10":{"name":"getDish","decl":{"start":{"line":312,"column":15},"end":{"line":312,"column":22}},"loc":{"start":{"line":312,"column":38},"end":{"line":331,"column":1}},"line":312}},"branchMap":{"0":{"loc":{"start":{"line":19,"column":29},"end":{"line":19,"column":37}},"type":"binary-expr","locations":[{"start":{"line":19,"column":29},"end":{"line":19,"column":31}},{"start":{"line":19,"column":35},"end":{"line":19,"column":37}}],"line":19},"1":{"loc":{"start":{"line":22,"column":35},"end":{"line":22,"column":112}},"type":"binary-expr","locations":[{"start":{"line":22,"column":35},"end":{"line":22,"column":67}},{"start":{"line":22,"column":71},"end":{"line":22,"column":112}}],"line":22},"2":{"loc":{"start":{"line":23,"column":33},"end":{"line":23,"column":124}},"type":"binary-expr","locations":[{"start":{"line":23,"column":33},"end":{"line":23,"column":63}},{"start":{"line":23,"column":67},"end":{"line":23,"column":124}}],"line":23},"3":{"loc":{"start":{"line":23,"column":75},"end":{"line":23,"column":85}},"type":"binary-expr","locations":[{"start":{"line":23,"column":75},"end":{"line":23,"column":79}},{"start":{"line":23,"column":83},"end":{"line":23,"column":85}}],"line":23},"4":{"loc":{"start":{"line":24,"column":32},"end":{"line":24,"column":115}},"type":"binary-expr","locations":[{"start":{"line":24,"column":32},"end":{"line":24,"column":61}},{"start":{"line":24,"column":65},"end":{"line":24,"column":115}}],"line":24},"5":{"loc":{"start":{"line":25,"column":30},"end":{"line":25,"column":111}},"type":"binary-expr","locations":[{"start":{"line":25,"column":30},"end":{"line":25,"column":57}},{"start":{"line":25,"column":61},"end":{"line":25,"column":111}}],"line":25},"6":{"loc":{"start":{"line":35,"column":2},"end":{"line":42,"column":3}},"type":"if","locations":[{"start":{"line":35,"column":2},"end":{"line":42,"column":3}},{"start":{},"end":{}}],"line":35},"7":{"loc":{"start":{"line":50,"column":4},"end":{"line":63,"column":5}},"type":"switch","locations":[{"start":{"line":51,"column":6},"end":{"line":52,"column":47}},{"start":{"line":53,"column":6},"end":{"line":54,"column":47}},{"start":{"line":55,"column":6},"end":{"line":56,"column":47}},{"start":{"line":57,"column":6},"end":{"line":58,"column":47}},{"start":{"line":59,"column":6},"end":{"line":60,"column":44}},{"start":{"line":61,"column":6},"end":{"line":62,"column":37}}],"line":50},"8":{"loc":{"start":{"line":67,"column":17},"end":{"line":67,"column":38}},"type":"binary-expr","locations":[{"start":{"line":67,"column":17},"end":{"line":67,"column":28}},{"start":{"line":67,"column":32},"end":{"line":67,"column":38}}],"line":67},"9":{"loc":{"start":{"line":78,"column":43},"end":{"line":78,"column":53}},"type":"binary-expr","locations":[{"start":{"line":78,"column":43},"end":{"line":78,"column":47}},{"start":{"line":78,"column":51},"end":{"line":78,"column":53}}],"line":78},"10":{"loc":{"start":{"line":80,"column":2},"end":{"line":82,"column":3}},"type":"if","locations":[{"start":{"line":80,"column":2},"end":{"line":82,"column":3}},{"start":{},"end":{}}],"line":80},"11":{"loc":{"start":{"line":80,"column":6},"end":{"line":80,"column":33}},"type":"binary-expr","locations":[{"start":{"line":80,"column":6},"end":{"line":80,"column":11}},{"start":{"line":80,"column":15},"end":{"line":80,"column":33}}],"line":80},"12":{"loc":{"start":{"line":86,"column":22},"end":{"line":86,"column":61}},"type":"cond-expr","locations":[{"start":{"line":86,"column":36},"end":{"line":86,"column":54}},{"start":{"line":86,"column":57},"end":{"line":86,"column":61}}],"line":86},"13":{"loc":{"start":{"line":90,"column":2},"end":{"line":108,"column":3}},"type":"if","locations":[{"start":{"line":90,"column":2},"end":{"line":108,"column":3}},{"start":{"line":106,"column":9},"end":{"line":108,"column":3}}],"line":90},"14":{"loc":{"start":{"line":95,"column":4},"end":{"line":105,"column":5}},"type":"if","locations":[{"start":{"line":95,"column":4},"end":{"line":105,"column":5}},{"start":{"line":103,"column":11},"end":{"line":105,"column":5}}],"line":95},"15":{"loc":{"start":{"line":117,"column":2},"end":{"line":119,"column":3}},"type":"if","locations":[{"start":{"line":117,"column":2},"end":{"line":119,"column":3}},{"start":{},"end":{}}],"line":117},"16":{"loc":{"start":{"line":142,"column":36},"end":{"line":142,"column":46}},"type":"binary-expr","locations":[{"start":{"line":142,"column":36},"end":{"line":142,"column":40}},{"start":{"line":142,"column":44},"end":{"line":142,"column":46}}],"line":142},"17":{"loc":{"start":{"line":144,"column":2},"end":{"line":146,"column":3}},"type":"if","locations":[{"start":{"line":144,"column":2},"end":{"line":146,"column":3}},{"start":{},"end":{}}],"line":144},"18":{"loc":{"start":{"line":148,"column":2},"end":{"line":150,"column":3}},"type":"if","locations":[{"start":{"line":148,"column":2},"end":{"line":150,"column":3}},{"start":{},"end":{}}],"line":148},"19":{"loc":{"start":{"line":148,"column":6},"end":{"line":148,"column":33}},"type":"binary-expr","locations":[{"start":{"line":148,"column":6},"end":{"line":148,"column":11}},{"start":{"line":148,"column":15},"end":{"line":148,"column":33}}],"line":148},"20":{"loc":{"start":{"line":154,"column":22},"end":{"line":154,"column":61}},"type":"cond-expr","locations":[{"start":{"line":154,"column":36},"end":{"line":154,"column":54}},{"start":{"line":154,"column":57},"end":{"line":154,"column":61}}],"line":154},"21":{"loc":{"start":{"line":162,"column":2},"end":{"line":164,"column":3}},"type":"if","locations":[{"start":{"line":162,"column":2},"end":{"line":164,"column":3}},{"start":{},"end":{}}],"line":162},"22":{"loc":{"start":{"line":172,"column":2},"end":{"line":174,"column":3}},"type":"if","locations":[{"start":{"line":172,"column":2},"end":{"line":174,"column":3}},{"start":{},"end":{}}],"line":172},"23":{"loc":{"start":{"line":182,"column":2},"end":{"line":184,"column":3}},"type":"if","locations":[{"start":{"line":182,"column":2},"end":{"line":184,"column":3}},{"start":{},"end":{}}],"line":182},"24":{"loc":{"start":{"line":207,"column":17},"end":{"line":207,"column":27}},"type":"binary-expr","locations":[{"start":{"line":207,"column":17},"end":{"line":207,"column":21}},{"start":{"line":207,"column":25},"end":{"line":207,"column":27}}],"line":207},"25":{"loc":{"start":{"line":209,"column":2},"end":{"line":211,"column":3}},"type":"if","locations":[{"start":{"line":209,"column":2},"end":{"line":211,"column":3}},{"start":{},"end":{}}],"line":209},"26":{"loc":{"start":{"line":221,"column":2},"end":{"line":223,"column":3}},"type":"if","locations":[{"start":{"line":221,"column":2},"end":{"line":223,"column":3}},{"start":{},"end":{}}],"line":221},"27":{"loc":{"start":{"line":241,"column":30},"end":{"line":241,"column":38}},"type":"default-arg","locations":[{"start":{"line":241,"column":37},"end":{"line":241,"column":38}}],"line":241},"28":{"loc":{"start":{"line":241,"column":40},"end":{"line":241,"column":54}},"type":"default-arg","locations":[{"start":{"line":241,"column":51},"end":{"line":241,"column":54}}],"line":241},"29":{"loc":{"start":{"line":241,"column":59},"end":{"line":241,"column":69}},"type":"binary-expr","locations":[{"start":{"line":241,"column":59},"end":{"line":241,"column":63}},{"start":{"line":241,"column":67},"end":{"line":241,"column":69}}],"line":241},"30":{"loc":{"start":{"line":246,"column":2},"end":{"line":264,"column":3}},"type":"if","locations":[{"start":{"line":246,"column":2},"end":{"line":264,"column":3}},{"start":{"line":262,"column":9},"end":{"line":264,"column":3}}],"line":246},"31":{"loc":{"start":{"line":251,"column":4},"end":{"line":261,"column":5}},"type":"if","locations":[{"start":{"line":251,"column":4},"end":{"line":261,"column":5}},{"start":{"line":259,"column":11},"end":{"line":261,"column":5}}],"line":251},"32":{"loc":{"start":{"line":270,"column":2},"end":{"line":273,"column":3}},"type":"if","locations":[{"start":{"line":270,"column":2},"end":{"line":273,"column":3}},{"start":{},"end":{}}],"line":270},"33":{"loc":{"start":{"line":270,"column":6},"end":{"line":270,"column":38}},"type":"binary-expr","locations":[{"start":{"line":270,"column":6},"end":{"line":270,"column":13}},{"start":{"line":270,"column":17},"end":{"line":270,"column":38}}],"line":270},"34":{"loc":{"start":{"line":291,"column":2},"end":{"line":294,"column":3}},"type":"if","locations":[{"start":{"line":291,"column":2},"end":{"line":294,"column":3}},{"start":{},"end":{}}],"line":291},"35":{"loc":{"start":{"line":291,"column":6},"end":{"line":291,"column":38}},"type":"binary-expr","locations":[{"start":{"line":291,"column":6},"end":{"line":291,"column":13}},{"start":{"line":291,"column":17},"end":{"line":291,"column":38}}],"line":291},"36":{"loc":{"start":{"line":313,"column":17},"end":{"line":313,"column":27}},"type":"binary-expr","locations":[{"start":{"line":313,"column":17},"end":{"line":313,"column":21}},{"start":{"line":313,"column":25},"end":{"line":313,"column":27}}],"line":313},"37":{"loc":{"start":{"line":315,"column":2},"end":{"line":317,"column":3}},"type":"if","locations":[{"start":{"line":315,"column":2},"end":{"line":317,"column":3}},{"start":{},"end":{}}],"line":315},"38":{"loc":{"start":{"line":326,"column":2},"end":{"line":328,"column":3}},"type":"if","locations":[{"start":{"line":326,"column":2},"end":{"line":328,"column":3}},{"start":{},"end":{}}],"line":326}},"s":{"0":0,"1":0,"2":0,"3":0,"4":0,"5":0,"6":0,"7":0,"8":0,"9":0,"10":0,"11":0,"12":0,"13":0,"14":0,"15":0,"16":0,"17":0,"18":0,"19":0,"20":0,"21":0,"22":0,"23":0,"24":0,"25":0,"26":0,"27":0,"28":0,"29":0,"30":0,"31":0,"32":0,"33":0,"34":0,"35":0,"36":0,"37":0,"38":0,"39":0,"40":0,"41":0,"42":0,"43":0,"44":0,"45":0,"46":0,"47":0,"48":0,"49":0,"50":0,"51":0,"52":0,"53":0,"54":0,"55":0,"56":0,"57":0,"58":0,"59":0,"60":0,"61":0,"62":0,"63":0,"64":0,"65":0,"66":0,"67":0,"68":0,"69":0,"70":0,"71":0,"72":0,"73":0,"74":0,"75":0,"76":0,"77":0,"78":0,"79":0,"80":0,"81":0,"82":0,"83":0,"84":0,"85":0,"86":0,"87":0,"88":0,"89":0,"90":0,"91":0,"92":0,"93":0,"94":0,"95":0,"96":0,"97":0,"98":0,"99":0,"100":0,"101":0,"102":0,"103":0,"104":0,"105":0,"106":0,"107":0,"108":0,"109":0,"110":0,"111":0,"112":0,"113":0,"114":0,"115":0,"116":0,"117":0,"118":0,"119":0,"120":0,"121":0,"122":0,"123":0},"f":{"0":0,"1":0,"2":0,"3":0,"4":0,"5":0,"6":0,"7":0,"8":0,"9":0,"10":0},"b":{"0":[0,0],"1":[0,0],"2":[0,0],"3":[0,0],"4":[0,0],"5":[0,0],"6":[0,0],"7":[0,0,0,0,0,0],"8":[0,0],"9":[0,0],"10":[0,0],"11":[0,0],"12":[0,0],"13":[0,0],"14":[0,0],"15":[0,0],"16":[0,0],"17":[0,0],"18":[0,0],"19":[0,0],"20":[0,0],"21":[0,0],"22":[0,0],"23":[0,0],"24":[0,0],"25":[0,0],"26":[0,0],"27":[0],"28":[0],"29":[0,0],"30":[0,0],"31":[0,0],"32":[0,0],"33":[0,0],"34":[0,0],"35":[0,0],"36":[0,0],"37":[0,0],"38":[0,0]}}
,"/Users/sansi/dev/trae_projects/what-to-eat/server/functions/dish/utils/db.js": {"path":"/Users/sansi/dev/trae_projects/what-to-eat/server/functions/dish/utils/db.js","statementMap":{"0":{"start":{"line":6,"column":14},"end":{"line":6,"column":39}},"1":{"start":{"line":10,"column":17},"end":{"line":24,"column":1}},"2":{"start":{"line":27,"column":13},"end":{"line":27,"column":39}},"3":{"start":{"line":36,"column":2},"end":{"line":43,"column":3}},"4":{"start":{"line":38,"column":22},"end":{"line":38,"column":51}},"5":{"start":{"line":39,"column":4},"end":{"line":39,"column":19}},"6":{"start":{"line":41,"column":4},"end":{"line":41,"column":50}},"7":{"start":{"line":42,"column":4},"end":{"line":42,"column":16}},"8":{"start":{"line":52,"column":21},"end":{"line":52,"column":47}},"9":{"start":{"line":53,"column":2},"end":{"line":64,"column":3}},"10":{"start":{"line":54,"column":4},"end":{"line":54,"column":40}},"11":{"start":{"line":55,"column":19},"end":{"line":55,"column":45}},"12":{"start":{"line":56,"column":4},"end":{"line":56,"column":30}},"13":{"start":{"line":57,"column":4},"end":{"line":57,"column":18}},"14":{"start":{"line":59,"column":4},"end":{"line":59,"column":32}},"15":{"start":{"line":60,"column":4},"end":{"line":60,"column":47}},"16":{"start":{"line":61,"column":4},"end":{"line":61,"column":16}},"17":{"start":{"line":63,"column":4},"end":{"line":63,"column":25}},"18":{"start":{"line":75,"column":2},"end":{"line":78,"column":3}},"19":{"start":{"line":76,"column":4},"end":{"line":76,"column":65}},"20":{"start":{"line":77,"column":4},"end":{"line":77,"column":13}},"21":{"start":{"line":81,"column":2},"end":{"line":83,"column":3}},"22":{"start":{"line":82,"column":4},"end":{"line":82,"column":41}},"23":{"start":{"line":86,"column":2},"end":{"line":88,"column":3}},"24":{"start":{"line":87,"column":4},"end":{"line":87,"column":46}},"25":{"start":{"line":91,"column":2},"end":{"line":96,"column":3}},"26":{"start":{"line":92,"column":19},"end":{"line":92,"column":79}},"27":{"start":{"line":93,"column":4},"end":{"line":95,"column":5}},"28":{"start":{"line":94,"column":6},"end":{"line":94,"column":35}},"29":{"start":{"line":99,"column":2},"end":{"line":99,"column":70}},"30":{"start":{"line":100,"column":2},"end":{"line":100,"column":11}},"31":{"start":{"line":103,"column":0},"end":{"line":108,"column":2}}},"fnMap":{"0":{"name":"query","decl":{"start":{"line":35,"column":15},"end":{"line":35,"column":20}},"loc":{"start":{"line":35,"column":39},"end":{"line":44,"column":1}},"line":35},"1":{"name":"transaction","decl":{"start":{"line":51,"column":15},"end":{"line":51,"column":26}},"loc":{"start":{"line":51,"column":37},"end":{"line":65,"column":1}},"line":51},"2":{"name":"getUserId","decl":{"start":{"line":72,"column":9},"end":{"line":72,"column":18}},"loc":{"start":{"line":72,"column":28},"end":{"line":101,"column":1}},"line":72}},"branchMap":{"0":{"loc":{"start":{"line":11,"column":8},"end":{"line":11,"column":80}},"type":"binary-expr","locations":[{"start":{"line":11,"column":8},"end":{"line":11,"column":27}},{"start":{"line":11,"column":31},"end":{"line":11,"column":80}}],"line":11},"1":{"loc":{"start":{"line":12,"column":17},"end":{"line":12,"column":47}},"type":"binary-expr","locations":[{"start":{"line":12,"column":17},"end":{"line":12,"column":36}},{"start":{"line":12,"column":40},"end":{"line":12,"column":47}}],"line":12},"2":{"loc":{"start":{"line":13,"column":8},"end":{"line":13,"column":44}},"type":"binary-expr","locations":[{"start":{"line":13,"column":8},"end":{"line":13,"column":27}},{"start":{"line":13,"column":31},"end":{"line":13,"column":44}}],"line":13},"3":{"loc":{"start":{"line":14,"column":12},"end":{"line":14,"column":52}},"type":"binary-expr","locations":[{"start":{"line":14,"column":12},"end":{"line":14,"column":35}},{"start":{"line":14,"column":39},"end":{"line":14,"column":52}}],"line":14},"4":{"loc":{"start":{"line":15,"column":12},"end":{"line":15,"column":57}},"type":"binary-expr","locations":[{"start":{"line":15,"column":12},"end":{"line":15,"column":31}},{"start":{"line":15,"column":35},"end":{"line":15,"column":57}}],"line":15},"5":{"loc":{"start":{"line":35,"column":26},"end":{"line":35,"column":37}},"type":"default-arg","locations":[{"start":{"line":35,"column":35},"end":{"line":35,"column":37}}],"line":35},"6":{"loc":{"start":{"line":75,"column":2},"end":{"line":78,"column":3}},"type":"if","locations":[{"start":{"line":75,"column":2},"end":{"line":78,"column":3}},{"start":{},"end":{}}],"line":75},"7":{"loc":{"start":{"line":81,"column":2},"end":{"line":83,"column":3}},"type":"if","locations":[{"start":{"line":81,"column":2},"end":{"line":83,"column":3}},{"start":{},"end":{}}],"line":81},"8":{"loc":{"start":{"line":82,"column":11},"end":{"line":82,"column":40}},"type":"binary-expr","locations":[{"start":{"line":82,"column":11},"end":{"line":82,"column":35}},{"start":{"line":82,"column":39},"end":{"line":82,"column":40}}],"line":82},"9":{"loc":{"start":{"line":86,"column":2},"end":{"line":88,"column":3}},"type":"if","locations":[{"start":{"line":86,"column":2},"end":{"line":88,"column":3}},{"start":{},"end":{}}],"line":86},"10":{"loc":{"start":{"line":86,"column":6},"end":{"line":86,"column":41}},"type":"binary-expr","locations":[{"start":{"line":86,"column":6},"end":{"line":86,"column":18}},{"start":{"line":86,"column":22},"end":{"line":86,"column":41}}],"line":86},"11":{"loc":{"start":{"line":87,"column":11},"end":{"line":87,"column":45}},"type":"binary-expr","locations":[{"start":{"line":87,"column":11},"end":{"line":87,"column":40}},{"start":{"line":87,"column":44},"end":{"line":87,"column":45}}],"line":87},"12":{"loc":{"start":{"line":91,"column":2},"end":{"line":96,"column":3}},"type":"if","locations":[{"start":{"line":91,"column":2},"end":{"line":96,"column":3}},{"start":{},"end":{}}],"line":91},"13":{"loc":{"start":{"line":92,"column":19},"end":{"line":92,"column":79}},"type":"binary-expr","locations":[{"start":{"line":92,"column":19},"end":{"line":92,"column":47}},{"start":{"line":92,"column":51},"end":{"line":92,"column":79}}],"line":92},"14":{"loc":{"start":{"line":93,"column":4},"end":{"line":95,"column":5}},"type":"if","locations":[{"start":{"line":93,"column":4},"end":{"line":95,"column":5}},{"start":{},"end":{}}],"line":93},"15":{"loc":{"start":{"line":94,"column":13},"end":{"line":94,"column":34}},"type":"binary-expr","locations":[{"start":{"line":94,"column":13},"end":{"line":94,"column":29}},{"start":{"line":94,"column":33},"end":{"line":94,"column":34}}],"line":94}},"s":{"0":0,"1":0,"2":0,"3":0,"4":0,"5":0,"6":0,"7":0,"8":0,"9":0,"10":0,"11":0,"12":0,"13":0,"14":0,"15":0,"16":0,"17":0,"18":0,"19":0,"20":0,"21":0,"22":0,"23":0,"24":0,"25":0,"26":0,"27":0,"28":0,"29":0,"30":0,"31":0},"f":{"0":0,"1":0,"2":0},"b":{"0":[0,0],"1":[0,0],"2":[0,0],"3":[0,0],"4":[0,0],"5":[0],"6":[0,0],"7":[0,0],"8":[0,0],"9":[0,0],"10":[0,0],"11":[0,0],"12":[0,0],"13":[0,0],"14":[0,0],"15":[0,0]}}
,"/Users/sansi/dev/trae_projects/what-to-eat/server/functions/dish/utils/response.js": {"path":"/Users/sansi/dev/trae_projects/what-to-eat/server/functions/dish/utils/response.js","statementMap":{"0":{"start":{"line":13,"column":2},"end":{"line":18,"column":4}},"1":{"start":{"line":29,"column":2},"end":{"line":34,"column":4}},"2":{"start":{"line":43,"column":2},"end":{"line":43,"column":29}},"3":{"start":{"line":52,"column":2},"end":{"line":52,"column":29}},"4":{"start":{"line":61,"column":2},"end":{"line":61,"column":29}},"5":{"start":{"line":70,"column":2},"end":{"line":70,"column":29}},"6":{"start":{"line":73,"column":0},"end":{"line":80,"column":2}}},"fnMap":{"0":{"name":"success","decl":{"start":{"line":12,"column":9},"end":{"line":12,"column":16}},"loc":{"start":{"line":12,"column":48},"end":{"line":19,"column":1}},"line":12},"1":{"name":"error","decl":{"start":{"line":28,"column":9},"end":{"line":28,"column":14}},"loc":{"start":{"line":28,"column":57},"end":{"line":35,"column":1}},"line":28},"2":{"name":"paramError","decl":{"start":{"line":42,"column":9},"end":{"line":42,"column":19}},"loc":{"start":{"line":42,"column":38},"end":{"line":44,"column":1}},"line":42},"3":{"name":"unauthorized","decl":{"start":{"line":51,"column":9},"end":{"line":51,"column":21}},"loc":{"start":{"line":51,"column":39},"end":{"line":53,"column":1}},"line":51},"4":{"name":"notFound","decl":{"start":{"line":60,"column":9},"end":{"line":60,"column":17}},"loc":{"start":{"line":60,"column":37},"end":{"line":62,"column":1}},"line":60},"5":{"name":"serverError","decl":{"start":{"line":69,"column":9},"end":{"line":69,"column":20}},"loc":{"start":{"line":69,"column":42},"end":{"line":71,"column":1}},"line":69}},"branchMap":{"0":{"loc":{"start":{"line":12,"column":17},"end":{"line":12,"column":28}},"type":"default-arg","locations":[{"start":{"line":12,"column":24},"end":{"line":12,"column":28}}],"line":12},"1":{"loc":{"start":{"line":12,"column":30},"end":{"line":12,"column":46}},"type":"default-arg","locations":[{"start":{"line":12,"column":40},"end":{"line":12,"column":46}}],"line":12},"2":{"loc":{"start":{"line":28,"column":15},"end":{"line":28,"column":31}},"type":"default-arg","locations":[{"start":{"line":28,"column":25},"end":{"line":28,"column":31}}],"line":28},"3":{"loc":{"start":{"line":28,"column":33},"end":{"line":28,"column":42}},"type":"default-arg","locations":[{"start":{"line":28,"column":40},"end":{"line":28,"column":42}}],"line":28},"4":{"loc":{"start":{"line":28,"column":44},"end":{"line":28,"column":55}},"type":"default-arg","locations":[{"start":{"line":28,"column":51},"end":{"line":28,"column":55}}],"line":28},"5":{"loc":{"start":{"line":42,"column":20},"end":{"line":42,"column":36}},"type":"default-arg","locations":[{"start":{"line":42,"column":30},"end":{"line":42,"column":36}}],"line":42},"6":{"loc":{"start":{"line":51,"column":22},"end":{"line":51,"column":37}},"type":"default-arg","locations":[{"start":{"line":51,"column":32},"end":{"line":51,"column":37}}],"line":51},"7":{"loc":{"start":{"line":60,"column":18},"end":{"line":60,"column":35}},"type":"default-arg","locations":[{"start":{"line":60,"column":28},"end":{"line":60,"column":35}}],"line":60},"8":{"loc":{"start":{"line":69,"column":21},"end":{"line":69,"column":40}},"type":"default-arg","locations":[{"start":{"line":69,"column":31},"end":{"line":69,"column":40}}],"line":69}},"s":{"0":0,"1":0,"2":0,"3":0,"4":0,"5":0,"6":0},"f":{"0":0,"1":0,"2":0,"3":0,"4":0,"5":0},"b":{"0":[0],"1":[0],"2":[0],"3":[0],"4":[0],"5":[0],"6":[0],"7":[0],"8":[0]}}
,"/Users/sansi/dev/trae_projects/what-to-eat/server/functions/kitchen/index.js": {"path":"/Users/sansi/dev/trae_projects/what-to-eat/server/functions/kitchen/index.js","statementMap":{"0":{"start":{"line":8,"column":16},"end":{"line":8,"column":20}},"1":{"start":{"line":10,"column":0},"end":{"line":17,"column":1}},"2":{"start":{"line":11,"column":2},"end":{"line":11,"column":29}},"3":{"start":{"line":12,"column":2},"end":{"line":12,"column":41}},"4":{"start":{"line":13,"column":2},"end":{"line":13,"column":43}},"5":{"start":{"line":15,"column":2},"end":{"line":15,"column":46}},"6":{"start":{"line":16,"column":2},"end":{"line":16,"column":18}},"7":{"start":{"line":19,"column":29},"end":{"line":19,"column":37}},"8":{"start":{"line":22,"column":16},"end":{"line":22,"column":112}},"9":{"start":{"line":22,"column":35},"end":{"line":22,"column":112}},"10":{"start":{"line":23,"column":14},"end":{"line":23,"column":124}},"11":{"start":{"line":23,"column":33},"end":{"line":23,"column":124}},"12":{"start":{"line":24,"column":19},"end":{"line":24,"column":115}},"13":{"start":{"line":24,"column":32},"end":{"line":24,"column":115}},"14":{"start":{"line":25,"column":17},"end":{"line":25,"column":111}},"15":{"start":{"line":25,"column":30},"end":{"line":25,"column":111}},"16":{"start":{"line":30,"column":0},"end":{"line":66,"column":2}},"17":{"start":{"line":32,"column":2},"end":{"line":39,"column":3}},"18":{"start":{"line":33,"column":4},"end":{"line":38,"column":6}},"19":{"start":{"line":41,"column":27},"end":{"line":41,"column":32}},"20":{"start":{"line":43,"column":2},"end":{"line":43,"column":60}},"21":{"start":{"line":45,"column":2},"end":{"line":65,"column":3}},"22":{"start":{"line":46,"column":4},"end":{"line":61,"column":5}},"23":{"start":{"line":48,"column":8},"end":{"line":48,"column":50}},"24":{"start":{"line":50,"column":8},"end":{"line":50,"column":50}},"25":{"start":{"line":52,"column":8},"end":{"line":52,"column":50}},"26":{"start":{"line":54,"column":8},"end":{"line":54,"column":49}},"27":{"start":{"line":56,"column":8},"end":{"line":56,"column":47}},"28":{"start":{"line":58,"column":8},"end":{"line":58,"column":54}},"29":{"start":{"line":60,"column":8},"end":{"line":60,"column":37}},"30":{"start":{"line":63,"column":4},"end":{"line":63,"column":50}},"31":{"start":{"line":64,"column":4},"end":{"line":64,"column":40}},"32":{"start":{"line":72,"column":19},"end":{"line":72,"column":29}},"33":{"start":{"line":74,"column":2},"end":{"line":76,"column":3}},"34":{"start":{"line":75,"column":4},"end":{"line":75,"column":34}},"35":{"start":{"line":78,"column":17},"end":{"line":78,"column":35}},"36":{"start":{"line":79,"column":22},"end":{"line":79,"column":33}},"37":{"start":{"line":82,"column":27},"end":{"line":85,"column":3}},"38":{"start":{"line":87,"column":2},"end":{"line":89,"column":3}},"39":{"start":{"line":88,"column":4},"end":{"line":88,"column":29}},"40":{"start":{"line":92,"column":23},"end":{"line":95,"column":3}},"41":{"start":{"line":96,"column":20},"end":{"line":96,"column":55}},"42":{"start":{"line":99,"column":17},"end":{"line":102,"column":3}},"43":{"start":{"line":104,"column":21},"end":{"line":107,"column":3}},"44":{"start":{"line":109,"column":2},"end":{"line":109,"column":42}},"45":{"start":{"line":116,"column":23},"end":{"line":116,"column":33}},"46":{"start":{"line":118,"column":2},"end":{"line":120,"column":3}},"47":{"start":{"line":119,"column":4},"end":{"line":119,"column":34}},"48":{"start":{"line":122,"column":2},"end":{"line":124,"column":3}},"49":{"start":{"line":123,"column":4},"end":{"line":123,"column":34}},"50":{"start":{"line":126,"column":17},"end":{"line":126,"column":35}},"51":{"start":{"line":127,"column":22},"end":{"line":127,"column":33}},"52":{"start":{"line":130,"column":26},"end":{"line":133,"column":3}},"53":{"start":{"line":135,"column":2},"end":{"line":137,"column":3}},"54":{"start":{"line":136,"column":4},"end":{"line":136,"column":29}},"55":{"start":{"line":140,"column":25},"end":{"line":143,"column":3}},"56":{"start":{"line":145,"column":2},"end":{"line":147,"column":3}},"57":{"start":{"line":146,"column":4},"end":{"line":146,"column":29}},"58":{"start":{"line":150,"column":2},"end":{"line":153,"column":4}},"59":{"start":{"line":155,"column":25},"end":{"line":158,"column":3}},"60":{"start":{"line":160,"column":2},"end":{"line":160,"column":46}},"61":{"start":{"line":167,"column":17},"end":{"line":167,"column":27}},"62":{"start":{"line":169,"column":2},"end":{"line":171,"column":3}},"63":{"start":{"line":170,"column":4},"end":{"line":170,"column":34}},"64":{"start":{"line":173,"column":17},"end":{"line":173,"column":35}},"65":{"start":{"line":176,"column":26},"end":{"line":179,"column":3}},"66":{"start":{"line":181,"column":2},"end":{"line":183,"column":3}},"67":{"start":{"line":182,"column":4},"end":{"line":182,"column":29}},"68":{"start":{"line":186,"column":2},"end":{"line":188,"column":3}},"69":{"start":{"line":187,"column":4},"end":{"line":187,"column":41}},"70":{"start":{"line":191,"column":2},"end":{"line":194,"column":4}},"71":{"start":{"line":196,"column":2},"end":{"line":196,"column":33}},"72":{"start":{"line":203,"column":17},"end":{"line":203,"column":35}},"73":{"start":{"line":205,"column":19},"end":{"line":208,"column":3}},"74":{"start":{"line":210,"column":2},"end":{"line":212,"column":5}},"75":{"start":{"line":219,"column":17},"end":{"line":219,"column":27}},"76":{"start":{"line":221,"column":2},"end":{"line":223,"column":3}},"77":{"start":{"line":222,"column":4},"end":{"line":222,"column":34}},"78":{"start":{"line":225,"column":17},"end":{"line":225,"column":35}},"79":{"start":{"line":227,"column":18},"end":{"line":230,"column":3}},"80":{"start":{"line":232,"column":2},"end":{"line":234,"column":3}},"81":{"start":{"line":233,"column":4},"end":{"line":233,"column":29}},"82":{"start":{"line":236,"column":2},"end":{"line":236,"column":29}},"83":{"start":{"line":243,"column":17},"end":{"line":243,"column":27}},"84":{"start":{"line":245,"column":2},"end":{"line":247,"column":3}},"85":{"start":{"line":246,"column":4},"end":{"line":246,"column":34}},"86":{"start":{"line":249,"column":17},"end":{"line":249,"column":35}},"87":{"start":{"line":252,"column":26},"end":{"line":255,"column":3}},"88":{"start":{"line":257,"column":2},"end":{"line":259,"column":3}},"89":{"start":{"line":258,"column":4},"end":{"line":258,"column":29}},"90":{"start":{"line":262,"column":2},"end":{"line":265,"column":4}},"91":{"start":{"line":268,"column":2},"end":{"line":271,"column":4}},"92":{"start":{"line":273,"column":25},"end":{"line":276,"column":3}},"93":{"start":{"line":278,"column":2},"end":{"line":278,"column":48}}},"fnMap":{"0":{"name":"(anonymous_0)","decl":{"start":{"line":22,"column":16},"end":{"line":22,"column":17}},"loc":{"start":{"line":22,"column":35},"end":{"line":22,"column":112}},"line":22},"1":{"name":"(anonymous_1)","decl":{"start":{"line":23,"column":14},"end":{"line":23,"column":15}},"loc":{"start":{"line":23,"column":33},"end":{"line":23,"column":124}},"line":23},"2":{"name":"(anonymous_2)","decl":{"start":{"line":24,"column":19},"end":{"line":24,"column":20}},"loc":{"start":{"line":24,"column":32},"end":{"line":24,"column":115}},"line":24},"3":{"name":"(anonymous_3)","decl":{"start":{"line":25,"column":17},"end":{"line":25,"column":18}},"loc":{"start":{"line":25,"column":30},"end":{"line":25,"column":111}},"line":25},"4":{"name":"(anonymous_4)","decl":{"start":{"line":30,"column":15},"end":{"line":30,"column":16}},"loc":{"start":{"line":30,"column":41},"end":{"line":66,"column":1}},"line":30},"5":{"name":"createKitchen","decl":{"start":{"line":71,"column":15},"end":{"line":71,"column":28}},"loc":{"start":{"line":71,"column":44},"end":{"line":110,"column":1}},"line":71},"6":{"name":"updateKitchen","decl":{"start":{"line":115,"column":15},"end":{"line":115,"column":28}},"loc":{"start":{"line":115,"column":44},"end":{"line":161,"column":1}},"line":115},"7":{"name":"deleteKitchen","decl":{"start":{"line":166,"column":15},"end":{"line":166,"column":28}},"loc":{"start":{"line":166,"column":44},"end":{"line":197,"column":1}},"line":166},"8":{"name":"listKitchens","decl":{"start":{"line":202,"column":15},"end":{"line":202,"column":27}},"loc":{"start":{"line":202,"column":43},"end":{"line":213,"column":1}},"line":202},"9":{"name":"getKitchen","decl":{"start":{"line":218,"column":15},"end":{"line":218,"column":25}},"loc":{"start":{"line":218,"column":41},"end":{"line":237,"column":1}},"line":218},"10":{"name":"setDefaultKitchen","decl":{"start":{"line":242,"column":15},"end":{"line":242,"column":32}},"loc":{"start":{"line":242,"column":48},"end":{"line":279,"column":1}},"line":242}},"branchMap":{"0":{"loc":{"start":{"line":19,"column":29},"end":{"line":19,"column":37}},"type":"binary-expr","locations":[{"start":{"line":19,"column":29},"end":{"line":19,"column":31}},{"start":{"line":19,"column":35},"end":{"line":19,"column":37}}],"line":19},"1":{"loc":{"start":{"line":22,"column":35},"end":{"line":22,"column":112}},"type":"binary-expr","locations":[{"start":{"line":22,"column":35},"end":{"line":22,"column":67}},{"start":{"line":22,"column":71},"end":{"line":22,"column":112}}],"line":22},"2":{"loc":{"start":{"line":23,"column":33},"end":{"line":23,"column":124}},"type":"binary-expr","locations":[{"start":{"line":23,"column":33},"end":{"line":23,"column":63}},{"start":{"line":23,"column":67},"end":{"line":23,"column":124}}],"line":23},"3":{"loc":{"start":{"line":23,"column":75},"end":{"line":23,"column":85}},"type":"binary-expr","locations":[{"start":{"line":23,"column":75},"end":{"line":23,"column":79}},{"start":{"line":23,"column":83},"end":{"line":23,"column":85}}],"line":23},"4":{"loc":{"start":{"line":24,"column":32},"end":{"line":24,"column":115}},"type":"binary-expr","locations":[{"start":{"line":24,"column":32},"end":{"line":24,"column":61}},{"start":{"line":24,"column":65},"end":{"line":24,"column":115}}],"line":24},"5":{"loc":{"start":{"line":25,"column":30},"end":{"line":25,"column":111}},"type":"binary-expr","locations":[{"start":{"line":25,"column":30},"end":{"line":25,"column":57}},{"start":{"line":25,"column":61},"end":{"line":25,"column":111}}],"line":25},"6":{"loc":{"start":{"line":32,"column":2},"end":{"line":39,"column":3}},"type":"if","locations":[{"start":{"line":32,"column":2},"end":{"line":39,"column":3}},{"start":{},"end":{}}],"line":32},"7":{"loc":{"start":{"line":46,"column":4},"end":{"line":61,"column":5}},"type":"switch","locations":[{"start":{"line":47,"column":6},"end":{"line":48,"column":50}},{"start":{"line":49,"column":6},"end":{"line":50,"column":50}},{"start":{"line":51,"column":6},"end":{"line":52,"column":50}},{"start":{"line":53,"column":6},"end":{"line":54,"column":49}},{"start":{"line":55,"column":6},"end":{"line":56,"column":47}},{"start":{"line":57,"column":6},"end":{"line":58,"column":54}},{"start":{"line":59,"column":6},"end":{"line":60,"column":37}}],"line":46},"8":{"loc":{"start":{"line":64,"column":17},"end":{"line":64,"column":38}},"type":"binary-expr","locations":[{"start":{"line":64,"column":17},"end":{"line":64,"column":28}},{"start":{"line":64,"column":32},"end":{"line":64,"column":38}}],"line":64},"9":{"loc":{"start":{"line":72,"column":19},"end":{"line":72,"column":29}},"type":"binary-expr","locations":[{"start":{"line":72,"column":19},"end":{"line":72,"column":23}},{"start":{"line":72,"column":27},"end":{"line":72,"column":29}}],"line":72},"10":{"loc":{"start":{"line":74,"column":2},"end":{"line":76,"column":3}},"type":"if","locations":[{"start":{"line":74,"column":2},"end":{"line":76,"column":3}},{"start":{},"end":{}}],"line":74},"11":{"loc":{"start":{"line":74,"column":6},"end":{"line":74,"column":33}},"type":"binary-expr","locations":[{"start":{"line":74,"column":6},"end":{"line":74,"column":11}},{"start":{"line":74,"column":15},"end":{"line":74,"column":33}}],"line":74},"12":{"loc":{"start":{"line":87,"column":2},"end":{"line":89,"column":3}},"type":"if","locations":[{"start":{"line":87,"column":2},"end":{"line":89,"column":3}},{"start":{},"end":{}}],"line":87},"13":{"loc":{"start":{"line":96,"column":20},"end":{"line":96,"column":55}},"type":"cond-expr","locations":[{"start":{"line":96,"column":50},"end":{"line":96,"column":51}},{"start":{"line":96,"column":54},"end":{"line":96,"column":55}}],"line":96},"14":{"loc":{"start":{"line":116,"column":23},"end":{"line":116,"column":33}},"type":"binary-expr","locations":[{"start":{"line":116,"column":23},"end":{"line":116,"column":27}},{"start":{"line":116,"column":31},"end":{"line":116,"column":33}}],"line":116},"15":{"loc":{"start":{"line":118,"column":2},"end":{"line":120,"column":3}},"type":"if","locations":[{"start":{"line":118,"column":2},"end":{"line":120,"column":3}},{"start":{},"end":{}}],"line":118},"16":{"loc":{"start":{"line":122,"column":2},"end":{"line":124,"column":3}},"type":"if","locations":[{"start":{"line":122,"column":2},"end":{"line":124,"column":3}},{"start":{},"end":{}}],"line":122},"17":{"loc":{"start":{"line":122,"column":6},"end":{"line":122,"column":33}},"type":"binary-expr","locations":[{"start":{"line":122,"column":6},"end":{"line":122,"column":11}},{"start":{"line":122,"column":15},"end":{"line":122,"column":33}}],"line":122},"18":{"loc":{"start":{"line":135,"column":2},"end":{"line":137,"column":3}},"type":"if","locations":[{"start":{"line":135,"column":2},"end":{"line":137,"column":3}},{"start":{},"end":{}}],"line":135},"19":{"loc":{"start":{"line":145,"column":2},"end":{"line":147,"column":3}},"type":"if","locations":[{"start":{"line":145,"column":2},"end":{"line":147,"column":3}},{"start":{},"end":{}}],"line":145},"20":{"loc":{"start":{"line":167,"column":17},"end":{"line":167,"column":27}},"type":"binary-expr","locations":[{"start":{"line":167,"column":17},"end":{"line":167,"column":21}},{"start":{"line":167,"column":25},"end":{"line":167,"column":27}}],"line":167},"21":{"loc":{"start":{"line":169,"column":2},"end":{"line":171,"column":3}},"type":"if","locations":[{"start":{"line":169,"column":2},"end":{"line":171,"column":3}},{"start":{},"end":{}}],"line":169},"22":{"loc":{"start":{"line":181,"column":2},"end":{"line":183,"column":3}},"type":"if","locations":[{"start":{"line":181,"column":2},"end":{"line":183,"column":3}},{"start":{},"end":{}}],"line":181},"23":{"loc":{"start":{"line":186,"column":2},"end":{"line":188,"column":3}},"type":"if","locations":[{"start":{"line":186,"column":2},"end":{"line":188,"column":3}},{"start":{},"end":{}}],"line":186},"24":{"loc":{"start":{"line":219,"column":17},"end":{"line":219,"column":27}},"type":"binary-expr","locations":[{"start":{"line":219,"column":17},"end":{"line":219,"column":21}},{"start":{"line":219,"column":25},"end":{"line":219,"column":27}}],"line":219},"25":{"loc":{"start":{"line":221,"column":2},"end":{"line":223,"column":3}},"type":"if","locations":[{"start":{"line":221,"column":2},"end":{"line":223,"column":3}},{"start":{},"end":{}}],"line":221},"26":{"loc":{"start":{"line":232,"column":2},"end":{"line":234,"column":3}},"type":"if","locations":[{"start":{"line":232,"column":2},"end":{"line":234,"column":3}},{"start":{},"end":{}}],"line":232},"27":{"loc":{"start":{"line":243,"column":17},"end":{"line":243,"column":27}},"type":"binary-expr","locations":[{"start":{"line":243,"column":17},"end":{"line":243,"column":21}},{"start":{"line":243,"column":25},"end":{"line":243,"column":27}}],"line":243},"28":{"loc":{"start":{"line":245,"column":2},"end":{"line":247,"column":3}},"type":"if","locations":[{"start":{"line":245,"column":2},"end":{"line":247,"column":3}},{"start":{},"end":{}}],"line":245},"29":{"loc":{"start":{"line":257,"column":2},"end":{"line":259,"column":3}},"type":"if","locations":[{"start":{"line":257,"column":2},"end":{"line":259,"column":3}},{"start":{},"end":{}}],"line":257}},"s":{"0":1,"1":1,"2":1,"3":1,"4":1,"5":0,"6":0,"7":1,"8":1,"9":17,"10":1,"11":2,"12":1,"13":1,"14":1,"15":1,"16":1,"17":21,"18":0,"19":21,"20":21,"21":21,"22":21,"23":13,"24":2,"25":2,"26":1,"27":0,"28":3,"29":0,"30":0,"31":0,"32":13,"33":13,"34":1,"35":12,"36":12,"37":12,"38":12,"39":1,"40":11,"41":11,"42":11,"43":11,"44":11,"45":2,"46":2,"47":0,"48":2,"49":0,"50":2,"51":2,"52":2,"53":2,"54":1,"55":1,"56":1,"57":0,"58":1,"59":1,"60":1,"61":2,"62":2,"63":0,"64":2,"65":2,"66":2,"67":0,"68":2,"69":1,"70":1,"71":1,"72":1,"73":1,"74":1,"75":0,"76":0,"77":0,"78":0,"79":0,"80":0,"81":0,"82":0,"83":3,"84":3,"85":0,"86":3,"87":3,"88":3,"89":0,"90":3,"91":3,"92":3,"93":3},"f":{"0":17,"1":2,"2":1,"3":1,"4":21,"5":13,"6":2,"7":2,"8":1,"9":0,"10":3},"b":{"0":[1,0],"1":[17,0],"2":[2,0],"3":[0,0],"4":[1,0],"5":[1,0],"6":[0,21],"7":[13,2,2,1,0,3,0],"8":[0,0],"9":[13,0],"10":[1,12],"11":[13,12],"12":[1,11],"13":[7,4],"14":[2,0],"15":[0,2],"16":[0,2],"17":[2,2],"18":[1,1],"19":[0,1],"20":[2,0],"21":[0,2],"22":[0,2],"23":[1,1],"24":[0,0],"25":[0,0],"26":[0,0],"27":[3,0],"28":[0,3],"29":[0,3]},"_coverageSchema":"1a1c01bbd47fc00a2c39e90264f33305004495a9","hash":"d3d1d7f8598b4ec57aae07a95ee131e3506df1a0"}
,"/Users/sansi/dev/trae_projects/what-to-eat/server/functions/kitchen/utils/db.js": {"path":"/Users/sansi/dev/trae_projects/what-to-eat/server/functions/kitchen/utils/db.js","statementMap":{"0":{"start":{"line":6,"column":14},"end":{"line":6,"column":39}},"1":{"start":{"line":9,"column":17},"end":{"line":21,"column":1}},"2":{"start":{"line":26,"column":0},"end":{"line":32,"column":1}},"3":{"start":{"line":27,"column":2},"end":{"line":27,"column":36}},"4":{"start":{"line":28,"column":2},"end":{"line":28,"column":52}},"5":{"start":{"line":30,"column":2},"end":{"line":30,"column":56}},"6":{"start":{"line":31,"column":2},"end":{"line":31,"column":12}},"7":{"start":{"line":41,"column":2},"end":{"line":41,"column":39}},"8":{"start":{"line":42,"column":2},"end":{"line":42,"column":38}},"9":{"start":{"line":44,"column":2},"end":{"line":54,"column":3}},"10":{"start":{"line":46,"column":19},"end":{"line":46,"column":48}},"11":{"start":{"line":47,"column":4},"end":{"line":47,"column":62}},"12":{"start":{"line":48,"column":4},"end":{"line":48,"column":16}},"13":{"start":{"line":50,"column":4},"end":{"line":50,"column":39}},"14":{"start":{"line":51,"column":4},"end":{"line":51,"column":43}},"15":{"start":{"line":52,"column":4},"end":{"line":52,"column":49}},"16":{"start":{"line":53,"column":4},"end":{"line":53,"column":14}},"17":{"start":{"line":64,"column":2},"end":{"line":69,"column":3}},"18":{"start":{"line":65,"column":19},"end":{"line":65,"column":79}},"19":{"start":{"line":66,"column":4},"end":{"line":68,"column":5}},"20":{"start":{"line":67,"column":6},"end":{"line":67,"column":35}},"21":{"start":{"line":72,"column":2},"end":{"line":74,"column":3}},"22":{"start":{"line":73,"column":4},"end":{"line":73,"column":51}},"23":{"start":{"line":77,"column":2},"end":{"line":77,"column":11}},"24":{"start":{"line":80,"column":0},"end":{"line":84,"column":2}}},"fnMap":{"0":{"name":"query","decl":{"start":{"line":40,"column":15},"end":{"line":40,"column":20}},"loc":{"start":{"line":40,"column":39},"end":{"line":55,"column":1}},"line":40},"1":{"name":"getUserId","decl":{"start":{"line":62,"column":9},"end":{"line":62,"column":18}},"loc":{"start":{"line":62,"column":28},"end":{"line":78,"column":1}},"line":62}},"branchMap":{"0":{"loc":{"start":{"line":10,"column":8},"end":{"line":10,"column":80}},"type":"binary-expr","locations":[{"start":{"line":10,"column":8},"end":{"line":10,"column":27}},{"start":{"line":10,"column":31},"end":{"line":10,"column":80}}],"line":10},"1":{"loc":{"start":{"line":11,"column":17},"end":{"line":11,"column":47}},"type":"binary-expr","locations":[{"start":{"line":11,"column":17},"end":{"line":11,"column":36}},{"start":{"line":11,"column":40},"end":{"line":11,"column":47}}],"line":11},"2":{"loc":{"start":{"line":12,"column":8},"end":{"line":12,"column":44}},"type":"binary-expr","locations":[{"start":{"line":12,"column":8},"end":{"line":12,"column":27}},{"start":{"line":12,"column":31},"end":{"line":12,"column":44}}],"line":12},"3":{"loc":{"start":{"line":13,"column":12},"end":{"line":13,"column":52}},"type":"binary-expr","locations":[{"start":{"line":13,"column":12},"end":{"line":13,"column":35}},{"start":{"line":13,"column":39},"end":{"line":13,"column":52}}],"line":13},"4":{"loc":{"start":{"line":14,"column":12},"end":{"line":14,"column":57}},"type":"binary-expr","locations":[{"start":{"line":14,"column":12},"end":{"line":14,"column":31}},{"start":{"line":14,"column":35},"end":{"line":14,"column":57}}],"line":14},"5":{"loc":{"start":{"line":40,"column":26},"end":{"line":40,"column":37}},"type":"default-arg","locations":[{"start":{"line":40,"column":35},"end":{"line":40,"column":37}}],"line":40},"6":{"loc":{"start":{"line":47,"column":38},"end":{"line":47,"column":60}},"type":"cond-expr","locations":[{"start":{"line":47,"column":45},"end":{"line":47,"column":56}},{"start":{"line":47,"column":59},"end":{"line":47,"column":60}}],"line":47},"7":{"loc":{"start":{"line":64,"column":2},"end":{"line":69,"column":3}},"type":"if","locations":[{"start":{"line":64,"column":2},"end":{"line":69,"column":3}},{"start":{},"end":{}}],"line":64},"8":{"loc":{"start":{"line":64,"column":6},"end":{"line":64,"column":32}},"type":"binary-expr","locations":[{"start":{"line":64,"column":6},"end":{"line":64,"column":13}},{"start":{"line":64,"column":17},"end":{"line":64,"column":32}}],"line":64},"9":{"loc":{"start":{"line":65,"column":19},"end":{"line":65,"column":79}},"type":"binary-expr","locations":[{"start":{"line":65,"column":19},"end":{"line":65,"column":47}},{"start":{"line":65,"column":51},"end":{"line":65,"column":79}}],"line":65},"10":{"loc":{"start":{"line":66,"column":4},"end":{"line":68,"column":5}},"type":"if","locations":[{"start":{"line":66,"column":4},"end":{"line":68,"column":5}},{"start":{},"end":{}}],"line":66},"11":{"loc":{"start":{"line":67,"column":13},"end":{"line":67,"column":34}},"type":"binary-expr","locations":[{"start":{"line":67,"column":13},"end":{"line":67,"column":29}},{"start":{"line":67,"column":33},"end":{"line":67,"column":34}}],"line":67},"12":{"loc":{"start":{"line":72,"column":2},"end":{"line":74,"column":3}},"type":"if","locations":[{"start":{"line":72,"column":2},"end":{"line":74,"column":3}},{"start":{},"end":{}}],"line":72},"13":{"loc":{"start":{"line":73,"column":11},"end":{"line":73,"column":50}},"type":"binary-expr","locations":[{"start":{"line":73,"column":11},"end":{"line":73,"column":45}},{"start":{"line":73,"column":49},"end":{"line":73,"column":50}}],"line":73}},"s":{"0":0,"1":0,"2":0,"3":0,"4":0,"5":0,"6":0,"7":0,"8":0,"9":0,"10":0,"11":0,"12":0,"13":0,"14":0,"15":0,"16":0,"17":0,"18":0,"19":0,"20":0,"21":0,"22":0,"23":0,"24":0},"f":{"0":0,"1":0},"b":{"0":[0,0],"1":[0,0],"2":[0,0],"3":[0,0],"4":[0,0],"5":[0],"6":[0,0],"7":[0,0],"8":[0,0],"9":[0,0],"10":[0,0],"11":[0,0],"12":[0,0],"13":[0,0]}}
,"/Users/sansi/dev/trae_projects/what-to-eat/server/functions/kitchen/utils/response.js": {"path":"/Users/sansi/dev/trae_projects/what-to-eat/server/functions/kitchen/utils/response.js","statementMap":{"0":{"start":{"line":13,"column":2},"end":{"line":18,"column":4}},"1":{"start":{"line":28,"column":2},"end":{"line":33,"column":4}},"2":{"start":{"line":42,"column":2},"end":{"line":42,"column":29}},"3":{"start":{"line":51,"column":2},"end":{"line":51,"column":29}},"4":{"start":{"line":54,"column":0},"end":{"line":59,"column":2}}},"fnMap":{"0":{"name":"success","decl":{"start":{"line":12,"column":9},"end":{"line":12,"column":16}},"loc":{"start":{"line":12,"column":48},"end":{"line":19,"column":1}},"line":12},"1":{"name":"error","decl":{"start":{"line":27,"column":9},"end":{"line":27,"column":14}},"loc":{"start":{"line":27,"column":44},"end":{"line":34,"column":1}},"line":27},"2":{"name":"paramError","decl":{"start":{"line":41,"column":9},"end":{"line":41,"column":19}},"loc":{"start":{"line":41,"column":38},"end":{"line":43,"column":1}},"line":41},"3":{"name":"notFound","decl":{"start":{"line":50,"column":9},"end":{"line":50,"column":17}},"loc":{"start":{"line":50,"column":37},"end":{"line":52,"column":1}},"line":50}},"branchMap":{"0":{"loc":{"start":{"line":12,"column":17},"end":{"line":12,"column":28}},"type":"default-arg","locations":[{"start":{"line":12,"column":24},"end":{"line":12,"column":28}}],"line":12},"1":{"loc":{"start":{"line":12,"column":30},"end":{"line":12,"column":46}},"type":"default-arg","locations":[{"start":{"line":12,"column":40},"end":{"line":12,"column":46}}],"line":12},"2":{"loc":{"start":{"line":27,"column":15},"end":{"line":27,"column":31}},"type":"default-arg","locations":[{"start":{"line":27,"column":25},"end":{"line":27,"column":31}}],"line":27},"3":{"loc":{"start":{"line":27,"column":33},"end":{"line":27,"column":42}},"type":"default-arg","locations":[{"start":{"line":27,"column":40},"end":{"line":27,"column":42}}],"line":27},"4":{"loc":{"start":{"line":41,"column":20},"end":{"line":41,"column":36}},"type":"default-arg","locations":[{"start":{"line":41,"column":30},"end":{"line":41,"column":36}}],"line":41},"5":{"loc":{"start":{"line":50,"column":18},"end":{"line":50,"column":35}},"type":"default-arg","locations":[{"start":{"line":50,"column":28},"end":{"line":50,"column":35}}],"line":50}},"s":{"0":0,"1":0,"2":0,"3":0,"4":0},"f":{"0":0,"1":0,"2":0,"3":0},"b":{"0":[0],"1":[0],"2":[0],"3":[0],"4":[0],"5":[0]}}
,"/Users/sansi/dev/trae_projects/what-to-eat/server/functions/meal/index.js": {"path":"/Users/sansi/dev/trae_projects/what-to-eat/server/functions/meal/index.js","statementMap":{"0":{"start":{"line":6,"column":42},"end":{"line":6,"column":63}},"1":{"start":{"line":7,"column":49},"end":{"line":7,"column":76}},"2":{"start":{"line":15,"column":0},"end":{"line":41,"column":2}},"3":{"start":{"line":16,"column":27},"end":{"line":16,"column":32}},"4":{"start":{"line":18,"column":2},"end":{"line":40,"column":3}},"5":{"start":{"line":19,"column":4},"end":{"line":36,"column":5}},"6":{"start":{"line":21,"column":8},"end":{"line":21,"column":47}},"7":{"start":{"line":23,"column":8},"end":{"line":23,"column":47}},"8":{"start":{"line":25,"column":8},"end":{"line":25,"column":47}},"9":{"start":{"line":27,"column":8},"end":{"line":27,"column":46}},"10":{"start":{"line":29,"column":8},"end":{"line":29,"column":44}},"11":{"start":{"line":31,"column":8},"end":{"line":31,"column":46}},"12":{"start":{"line":33,"column":8},"end":{"line":33,"column":47}},"13":{"start":{"line":35,"column":8},"end":{"line":35,"column":37}},"14":{"start":{"line":38,"column":4},"end":{"line":38,"column":47}},"15":{"start":{"line":39,"column":4},"end":{"line":39,"column":40}},"16":{"start":{"line":50,"column":39},"end":{"line":50,"column":49}},"17":{"start":{"line":52,"column":2},"end":{"line":54,"column":3}},"18":{"start":{"line":53,"column":4},"end":{"line":53,"column":34}},"19":{"start":{"line":56,"column":2},"end":{"line":58,"column":3}},"20":{"start":{"line":57,"column":4},"end":{"line":57,"column":35}},"21":{"start":{"line":60,"column":17},"end":{"line":60,"column":35}},"22":{"start":{"line":61,"column":22},"end":{"line":61,"column":33}},"23":{"start":{"line":64,"column":24},"end":{"line":64,"column":33}},"24":{"start":{"line":65,"column":2},"end":{"line":74,"column":3}},"25":{"start":{"line":66,"column":27},"end":{"line":69,"column":5}},"26":{"start":{"line":70,"column":4},"end":{"line":72,"column":5}},"27":{"start":{"line":71,"column":6},"end":{"line":71,"column":30}},"28":{"start":{"line":73,"column":4},"end":{"line":73,"column":43}},"29":{"start":{"line":76,"column":2},"end":{"line":124,"column":5}},"30":{"start":{"line":78,"column":25},"end":{"line":81,"column":5}},"31":{"start":{"line":83,"column":19},"end":{"line":83,"column":38}},"32":{"start":{"line":86,"column":25},"end":{"line":86,"column":57}},"33":{"start":{"line":86,"column":43},"end":{"line":86,"column":46}},"34":{"start":{"line":87,"column":26},"end":{"line":90,"column":5}},"35":{"start":{"line":92,"column":4},"end":{"line":94,"column":5}},"36":{"start":{"line":93,"column":6},"end":{"line":93,"column":41}},"37":{"start":{"line":97,"column":4},"end":{"line":102,"column":5}},"38":{"start":{"line":98,"column":6},"end":{"line":101,"column":8}},"39":{"start":{"line":105,"column":22},"end":{"line":115,"column":5}},"40":{"start":{"line":117,"column":4},"end":{"line":123,"column":19}},"41":{"start":{"line":134,"column":32},"end":{"line":134,"column":42}},"42":{"start":{"line":136,"column":2},"end":{"line":138,"column":3}},"43":{"start":{"line":137,"column":4},"end":{"line":137,"column":34}},"44":{"start":{"line":140,"column":2},"end":{"line":142,"column":3}},"45":{"start":{"line":141,"column":4},"end":{"line":141,"column":34}},"46":{"start":{"line":144,"column":2},"end":{"line":146,"column":3}},"47":{"start":{"line":145,"column":4},"end":{"line":145,"column":35}},"48":{"start":{"line":148,"column":17},"end":{"line":148,"column":35}},"49":{"start":{"line":149,"column":22},"end":{"line":149,"column":33}},"50":{"start":{"line":152,"column":23},"end":{"line":155,"column":3}},"51":{"start":{"line":157,"column":2},"end":{"line":159,"column":3}},"52":{"start":{"line":158,"column":4},"end":{"line":158,"column":31}},"53":{"start":{"line":161,"column":2},"end":{"line":163,"column":3}},"54":{"start":{"line":162,"column":4},"end":{"line":162,"column":33}},"55":{"start":{"line":165,"column":2},"end":{"line":217,"column":5}},"56":{"start":{"line":167,"column":4},"end":{"line":170,"column":6}},"57":{"start":{"line":173,"column":25},"end":{"line":173,"column":57}},"58":{"start":{"line":173,"column":43},"end":{"line":173,"column":46}},"59":{"start":{"line":174,"column":26},"end":{"line":177,"column":5}},"60":{"start":{"line":179,"column":4},"end":{"line":181,"column":5}},"61":{"start":{"line":180,"column":6},"end":{"line":180,"column":41}},"62":{"start":{"line":184,"column":4},"end":{"line":187,"column":6}},"63":{"start":{"line":190,"column":4},"end":{"line":195,"column":5}},"64":{"start":{"line":191,"column":6},"end":{"line":194,"column":8}},"65":{"start":{"line":198,"column":26},"end":{"line":208,"column":5}},"66":{"start":{"line":210,"column":4},"end":{"line":216,"column":19}},"67":{"start":{"line":227,"column":17},"end":{"line":227,"column":27}},"68":{"start":{"line":229,"column":2},"end":{"line":231,"column":3}},"69":{"start":{"line":230,"column":4},"end":{"line":230,"column":34}},"70":{"start":{"line":233,"column":17},"end":{"line":233,"column":35}},"71":{"start":{"line":236,"column":23},"end":{"line":239,"column":3}},"72":{"start":{"line":241,"column":2},"end":{"line":243,"column":3}},"73":{"start":{"line":242,"column":4},"end":{"line":242,"column":31}},"74":{"start":{"line":245,"column":2},"end":{"line":259,"column":5}},"75":{"start":{"line":247,"column":4},"end":{"line":250,"column":6}},"76":{"start":{"line":253,"column":4},"end":{"line":256,"column":6}},"77":{"start":{"line":258,"column":4},"end":{"line":258,"column":37}},"78":{"start":{"line":269,"column":58},"end":{"line":269,"column":68}},"79":{"start":{"line":270,"column":17},"end":{"line":270,"column":35}},"80":{"start":{"line":273,"column":24},"end":{"line":273,"column":33}},"81":{"start":{"line":274,"column":2},"end":{"line":283,"column":3}},"82":{"start":{"line":275,"column":27},"end":{"line":278,"column":5}},"83":{"start":{"line":279,"column":4},"end":{"line":281,"column":5}},"84":{"start":{"line":280,"column":6},"end":{"line":280,"column":30}},"85":{"start":{"line":282,"column":4},"end":{"line":282,"column":43}},"86":{"start":{"line":285,"column":12},"end":{"line":293,"column":3}},"87":{"start":{"line":294,"column":17},"end":{"line":294,"column":42}},"88":{"start":{"line":296,"column":2},"end":{"line":299,"column":3}},"89":{"start":{"line":297,"column":4},"end":{"line":297,"column":31}},"90":{"start":{"line":298,"column":4},"end":{"line":298,"column":24}},"91":{"start":{"line":301,"column":2},"end":{"line":301,"column":67}},"92":{"start":{"line":304,"column":17},"end":{"line":304,"column":38}},"93":{"start":{"line":305,"column":2},"end":{"line":305,"column":29}},"94":{"start":{"line":306,"column":2},"end":{"line":306,"column":42}},"95":{"start":{"line":308,"column":16},"end":{"line":308,"column":40}},"96":{"start":{"line":311,"column":17},"end":{"line":311,"column":95}},"97":{"start":{"line":312,"column":22},"end":{"line":312,"column":47}},"98":{"start":{"line":314,"column":2},"end":{"line":317,"column":3}},"99":{"start":{"line":315,"column":4},"end":{"line":315,"column":34}},"100":{"start":{"line":316,"column":4},"end":{"line":316,"column":29}},"101":{"start":{"line":319,"column":22},"end":{"line":319,"column":56}},"102":{"start":{"line":321,"column":2},"end":{"line":334,"column":5}},"103":{"start":{"line":322,"column":29},"end":{"line":330,"column":5}},"104":{"start":{"line":344,"column":17},"end":{"line":344,"column":27}},"105":{"start":{"line":346,"column":2},"end":{"line":348,"column":3}},"106":{"start":{"line":347,"column":4},"end":{"line":347,"column":34}},"107":{"start":{"line":350,"column":17},"end":{"line":350,"column":35}},"108":{"start":{"line":353,"column":15},"end":{"line":356,"column":3}},"109":{"start":{"line":358,"column":2},"end":{"line":360,"column":3}},"110":{"start":{"line":359,"column":4},"end":{"line":359,"column":31}},"111":{"start":{"line":363,"column":17},"end":{"line":370,"column":3}},"112":{"start":{"line":373,"column":21},"end":{"line":379,"column":3}},"113":{"start":{"line":382,"column":23},"end":{"line":382,"column":25}},"114":{"start":{"line":383,"column":2},"end":{"line":388,"column":5}},"115":{"start":{"line":384,"column":4},"end":{"line":386,"column":5}},"116":{"start":{"line":385,"column":6},"end":{"line":385,"column":39}},"117":{"start":{"line":387,"column":4},"end":{"line":387,"column":53}},"118":{"start":{"line":390,"column":2},"end":{"line":402,"column":5}},"119":{"start":{"line":396,"column":32},"end":{"line":401,"column":5}},"120":{"start":{"line":412,"column":17},"end":{"line":412,"column":27}},"121":{"start":{"line":414,"column":2},"end":{"line":416,"column":3}},"122":{"start":{"line":415,"column":4},"end":{"line":415,"column":34}},"123":{"start":{"line":418,"column":17},"end":{"line":418,"column":35}},"124":{"start":{"line":421,"column":23},"end":{"line":424,"column":3}},"125":{"start":{"line":426,"column":2},"end":{"line":428,"column":3}},"126":{"start":{"line":427,"column":4},"end":{"line":427,"column":31}},"127":{"start":{"line":430,"column":2},"end":{"line":432,"column":3}},"128":{"start":{"line":431,"column":4},"end":{"line":431,"column":30}},"129":{"start":{"line":434,"column":2},"end":{"line":437,"column":4}},"130":{"start":{"line":439,"column":2},"end":{"line":439,"column":31}},"131":{"start":{"line":449,"column":17},"end":{"line":449,"column":27}},"132":{"start":{"line":451,"column":2},"end":{"line":453,"column":3}},"133":{"start":{"line":452,"column":4},"end":{"line":452,"column":34}},"134":{"start":{"line":455,"column":17},"end":{"line":455,"column":35}},"135":{"start":{"line":458,"column":23},"end":{"line":461,"column":3}},"136":{"start":{"line":463,"column":2},"end":{"line":465,"column":3}},"137":{"start":{"line":464,"column":4},"end":{"line":464,"column":31}},"138":{"start":{"line":467,"column":2},"end":{"line":469,"column":3}},"139":{"start":{"line":468,"column":4},"end":{"line":468,"column":31}},"140":{"start":{"line":471,"column":2},"end":{"line":474,"column":4}},"141":{"start":{"line":476,"column":2},"end":{"line":476,"column":33}},"142":{"start":{"line":486,"column":2},"end":{"line":486,"column":22}},"143":{"start":{"line":486,"column":12},"end":{"line":486,"column":22}},"144":{"start":{"line":488,"column":18},"end":{"line":488,"column":32}},"145":{"start":{"line":489,"column":20},"end":{"line":489,"column":49}},"146":{"start":{"line":491,"column":2},"end":{"line":494,"column":6}},"147":{"start":{"line":491,"column":37},"end":{"line":494,"column":3}}},"fnMap":{"0":{"name":"(anonymous_0)","decl":{"start":{"line":15,"column":15},"end":{"line":15,"column":16}},"loc":{"start":{"line":15,"column":41},"end":{"line":41,"column":1}},"line":15},"1":{"name":"createMeal","decl":{"start":{"line":49,"column":15},"end":{"line":49,"column":25}},"loc":{"start":{"line":49,"column":41},"end":{"line":125,"column":1}},"line":49},"2":{"name":"(anonymous_2)","decl":{"start":{"line":76,"column":27},"end":{"line":76,"column":28}},"loc":{"start":{"line":76,"column":49},"end":{"line":124,"column":3}},"line":76},"3":{"name":"(anonymous_3)","decl":{"start":{"line":86,"column":37},"end":{"line":86,"column":38}},"loc":{"start":{"line":86,"column":43},"end":{"line":86,"column":46}},"line":86},"4":{"name":"updateMeal","decl":{"start":{"line":133,"column":15},"end":{"line":133,"column":25}},"loc":{"start":{"line":133,"column":41},"end":{"line":218,"column":1}},"line":133},"5":{"name":"(anonymous_5)","decl":{"start":{"line":165,"column":27},"end":{"line":165,"column":28}},"loc":{"start":{"line":165,"column":49},"end":{"line":217,"column":3}},"line":165},"6":{"name":"(anonymous_6)","decl":{"start":{"line":173,"column":37},"end":{"line":173,"column":38}},"loc":{"start":{"line":173,"column":43},"end":{"line":173,"column":46}},"line":173},"7":{"name":"deleteMeal","decl":{"start":{"line":226,"column":15},"end":{"line":226,"column":25}},"loc":{"start":{"line":226,"column":41},"end":{"line":260,"column":1}},"line":226},"8":{"name":"(anonymous_8)","decl":{"start":{"line":245,"column":27},"end":{"line":245,"column":28}},"loc":{"start":{"line":245,"column":49},"end":{"line":259,"column":3}},"line":245},"9":{"name":"listMeals","decl":{"start":{"line":268,"column":15},"end":{"line":268,"column":24}},"loc":{"start":{"line":268,"column":40},"end":{"line":335,"column":1}},"line":268},"10":{"name":"(anonymous_10)","decl":{"start":{"line":322,"column":20},"end":{"line":322,"column":21}},"loc":{"start":{"line":322,"column":29},"end":{"line":330,"column":5}},"line":322},"11":{"name":"getMeal","decl":{"start":{"line":343,"column":15},"end":{"line":343,"column":22}},"loc":{"start":{"line":343,"column":38},"end":{"line":403,"column":1}},"line":343},"12":{"name":"(anonymous_12)","decl":{"start":{"line":383,"column":21},"end":{"line":383,"column":22}},"loc":{"start":{"line":383,"column":30},"end":{"line":388,"column":3}},"line":383},"13":{"name":"(anonymous_13)","decl":{"start":{"line":396,"column":23},"end":{"line":396,"column":24}},"loc":{"start":{"line":396,"column":32},"end":{"line":401,"column":5}},"line":396},"14":{"name":"closeMeal","decl":{"start":{"line":411,"column":15},"end":{"line":411,"column":24}},"loc":{"start":{"line":411,"column":40},"end":{"line":440,"column":1}},"line":411},"15":{"name":"reopenMeal","decl":{"start":{"line":448,"column":15},"end":{"line":448,"column":25}},"loc":{"start":{"line":448,"column":41},"end":{"line":477,"column":1}},"line":448},"16":{"name":"parseDishes","decl":{"start":{"line":485,"column":9},"end":{"line":485,"column":20}},"loc":{"start":{"line":485,"column":33},"end":{"line":495,"column":1}},"line":485},"17":{"name":"(anonymous_17)","decl":{"start":{"line":491,"column":21},"end":{"line":491,"column":22}},"loc":{"start":{"line":491,"column":37},"end":{"line":494,"column":3}},"line":491}},"branchMap":{"0":{"loc":{"start":{"line":19,"column":4},"end":{"line":36,"column":5}},"type":"switch","locations":[{"start":{"line":20,"column":6},"end":{"line":21,"column":47}},{"start":{"line":22,"column":6},"end":{"line":23,"column":47}},{"start":{"line":24,"column":6},"end":{"line":25,"column":47}},{"start":{"line":26,"column":6},"end":{"line":27,"column":46}},{"start":{"line":28,"column":6},"end":{"line":29,"column":44}},{"start":{"line":30,"column":6},"end":{"line":31,"column":46}},{"start":{"line":32,"column":6},"end":{"line":33,"column":47}},{"start":{"line":34,"column":6},"end":{"line":35,"column":37}}],"line":19},"1":{"loc":{"start":{"line":39,"column":17},"end":{"line":39,"column":38}},"type":"binary-expr","locations":[{"start":{"line":39,"column":17},"end":{"line":39,"column":28}},{"start":{"line":39,"column":32},"end":{"line":39,"column":38}}],"line":39},"2":{"loc":{"start":{"line":50,"column":39},"end":{"line":50,"column":49}},"type":"binary-expr","locations":[{"start":{"line":50,"column":39},"end":{"line":50,"column":43}},{"start":{"line":50,"column":47},"end":{"line":50,"column":49}}],"line":50},"3":{"loc":{"start":{"line":52,"column":2},"end":{"line":54,"column":3}},"type":"if","locations":[{"start":{"line":52,"column":2},"end":{"line":54,"column":3}},{"start":{},"end":{}}],"line":52},"4":{"loc":{"start":{"line":52,"column":6},"end":{"line":52,"column":33}},"type":"binary-expr","locations":[{"start":{"line":52,"column":6},"end":{"line":52,"column":11}},{"start":{"line":52,"column":15},"end":{"line":52,"column":33}}],"line":52},"5":{"loc":{"start":{"line":56,"column":2},"end":{"line":58,"column":3}},"type":"if","locations":[{"start":{"line":56,"column":2},"end":{"line":58,"column":3}},{"start":{},"end":{}}],"line":56},"6":{"loc":{"start":{"line":56,"column":6},"end":{"line":56,"column":65}},"type":"binary-expr","locations":[{"start":{"line":56,"column":6},"end":{"line":56,"column":14}},{"start":{"line":56,"column":18},"end":{"line":56,"column":41}},{"start":{"line":56,"column":45},"end":{"line":56,"column":65}}],"line":56},"7":{"loc":{"start":{"line":65,"column":2},"end":{"line":74,"column":3}},"type":"if","locations":[{"start":{"line":65,"column":2},"end":{"line":74,"column":3}},{"start":{},"end":{}}],"line":65},"8":{"loc":{"start":{"line":70,"column":4},"end":{"line":72,"column":5}},"type":"if","locations":[{"start":{"line":70,"column":4},"end":{"line":72,"column":5}},{"start":{},"end":{}}],"line":70},"9":{"loc":{"start":{"line":92,"column":4},"end":{"line":94,"column":5}},"type":"if","locations":[{"start":{"line":92,"column":4},"end":{"line":94,"column":5}},{"start":{},"end":{}}],"line":92},"10":{"loc":{"start":{"line":134,"column":32},"end":{"line":134,"column":42}},"type":"binary-expr","locations":[{"start":{"line":134,"column":32},"end":{"line":134,"column":36}},{"start":{"line":134,"column":40},"end":{"line":134,"column":42}}],"line":134},"11":{"loc":{"start":{"line":136,"column":2},"end":{"line":138,"column":3}},"type":"if","locations":[{"start":{"line":136,"column":2},"end":{"line":138,"column":3}},{"start":{},"end":{}}],"line":136},"12":{"loc":{"start":{"line":140,"column":2},"end":{"line":142,"column":3}},"type":"if","locations":[{"start":{"line":140,"column":2},"end":{"line":142,"column":3}},{"start":{},"end":{}}],"line":140},"13":{"loc":{"start":{"line":140,"column":6},"end":{"line":140,"column":33}},"type":"binary-expr","locations":[{"start":{"line":140,"column":6},"end":{"line":140,"column":11}},{"start":{"line":140,"column":15},"end":{"line":140,"column":33}}],"line":140},"14":{"loc":{"start":{"line":144,"column":2},"end":{"line":146,"column":3}},"type":"if","locations":[{"start":{"line":144,"column":2},"end":{"line":146,"column":3}},{"start":{},"end":{}}],"line":144},"15":{"loc":{"start":{"line":144,"column":6},"end":{"line":144,"column":65}},"type":"binary-expr","locations":[{"start":{"line":144,"column":6},"end":{"line":144,"column":14}},{"start":{"line":144,"column":18},"end":{"line":144,"column":41}},{"start":{"line":144,"column":45},"end":{"line":144,"column":65}}],"line":144},"16":{"loc":{"start":{"line":157,"column":2},"end":{"line":159,"column":3}},"type":"if","locations":[{"start":{"line":157,"column":2},"end":{"line":159,"column":3}},{"start":{},"end":{}}],"line":157},"17":{"loc":{"start":{"line":161,"column":2},"end":{"line":163,"column":3}},"type":"if","locations":[{"start":{"line":161,"column":2},"end":{"line":163,"column":3}},{"start":{},"end":{}}],"line":161},"18":{"loc":{"start":{"line":179,"column":4},"end":{"line":181,"column":5}},"type":"if","locations":[{"start":{"line":179,"column":4},"end":{"line":181,"column":5}},{"start":{},"end":{}}],"line":179},"19":{"loc":{"start":{"line":227,"column":17},"end":{"line":227,"column":27}},"type":"binary-expr","locations":[{"start":{"line":227,"column":17},"end":{"line":227,"column":21}},{"start":{"line":227,"column":25},"end":{"line":227,"column":27}}],"line":227},"20":{"loc":{"start":{"line":229,"column":2},"end":{"line":231,"column":3}},"type":"if","locations":[{"start":{"line":229,"column":2},"end":{"line":231,"column":3}},{"start":{},"end":{}}],"line":229},"21":{"loc":{"start":{"line":241,"column":2},"end":{"line":243,"column":3}},"type":"if","locations":[{"start":{"line":241,"column":2},"end":{"line":243,"column":3}},{"start":{},"end":{}}],"line":241},"22":{"loc":{"start":{"line":269,"column":29},"end":{"line":269,"column":37}},"type":"default-arg","locations":[{"start":{"line":269,"column":36},"end":{"line":269,"column":37}}],"line":269},"23":{"loc":{"start":{"line":269,"column":39},"end":{"line":269,"column":53}},"type":"default-arg","locations":[{"start":{"line":269,"column":50},"end":{"line":269,"column":53}}],"line":269},"24":{"loc":{"start":{"line":269,"column":58},"end":{"line":269,"column":68}},"type":"binary-expr","locations":[{"start":{"line":269,"column":58},"end":{"line":269,"column":62}},{"start":{"line":269,"column":66},"end":{"line":269,"column":68}}],"line":269},"25":{"loc":{"start":{"line":274,"column":2},"end":{"line":283,"column":3}},"type":"if","locations":[{"start":{"line":274,"column":2},"end":{"line":283,"column":3}},{"start":{},"end":{}}],"line":274},"26":{"loc":{"start":{"line":279,"column":4},"end":{"line":281,"column":5}},"type":"if","locations":[{"start":{"line":279,"column":4},"end":{"line":281,"column":5}},{"start":{},"end":{}}],"line":279},"27":{"loc":{"start":{"line":296,"column":2},"end":{"line":299,"column":3}},"type":"if","locations":[{"start":{"line":296,"column":2},"end":{"line":299,"column":3}},{"start":{},"end":{}}],"line":296},"28":{"loc":{"start":{"line":296,"column":6},"end":{"line":296,"column":45}},"type":"binary-expr","locations":[{"start":{"line":296,"column":6},"end":{"line":296,"column":26}},{"start":{"line":296,"column":30},"end":{"line":296,"column":45}}],"line":296},"29":{"loc":{"start":{"line":314,"column":2},"end":{"line":317,"column":3}},"type":"if","locations":[{"start":{"line":314,"column":2},"end":{"line":317,"column":3}},{"start":{},"end":{}}],"line":314},"30":{"loc":{"start":{"line":314,"column":6},"end":{"line":314,"column":45}},"type":"binary-expr","locations":[{"start":{"line":314,"column":6},"end":{"line":314,"column":26}},{"start":{"line":314,"column":30},"end":{"line":314,"column":45}}],"line":314},"31":{"loc":{"start":{"line":344,"column":17},"end":{"line":344,"column":27}},"type":"binary-expr","locations":[{"start":{"line":344,"column":17},"end":{"line":344,"column":21}},{"start":{"line":344,"column":25},"end":{"line":344,"column":27}}],"line":344},"32":{"loc":{"start":{"line":346,"column":2},"end":{"line":348,"column":3}},"type":"if","locations":[{"start":{"line":346,"column":2},"end":{"line":348,"column":3}},{"start":{},"end":{}}],"line":346},"33":{"loc":{"start":{"line":358,"column":2},"end":{"line":360,"column":3}},"type":"if","locations":[{"start":{"line":358,"column":2},"end":{"line":360,"column":3}},{"start":{},"end":{}}],"line":358},"34":{"loc":{"start":{"line":384,"column":4},"end":{"line":386,"column":5}},"type":"if","locations":[{"start":{"line":384,"column":4},"end":{"line":386,"column":5}},{"start":{},"end":{}}],"line":384},"35":{"loc":{"start":{"line":400,"column":16},"end":{"line":400,"column":43}},"type":"binary-expr","locations":[{"start":{"line":400,"column":16},"end":{"line":400,"column":37}},{"start":{"line":400,"column":41},"end":{"line":400,"column":43}}],"line":400},"36":{"loc":{"start":{"line":412,"column":17},"end":{"line":412,"column":27}},"type":"binary-expr","locations":[{"start":{"line":412,"column":17},"end":{"line":412,"column":21}},{"start":{"line":412,"column":25},"end":{"line":412,"column":27}}],"line":412},"37":{"loc":{"start":{"line":414,"column":2},"end":{"line":416,"column":3}},"type":"if","locations":[{"start":{"line":414,"column":2},"end":{"line":416,"column":3}},{"start":{},"end":{}}],"line":414},"38":{"loc":{"start":{"line":426,"column":2},"end":{"line":428,"column":3}},"type":"if","locations":[{"start":{"li
[...]
ne":92,"column":7}},{"start":{},"end":{}}],"line":89},"10":{"loc":{"start":{"line":94,"column":6},"end":{"line":106,"column":7}},"type":"if","locations":[{"start":{"line":94,"column":6},"end":{"line":106,"column":7}},{"start":{},"end":{}}],"line":94},"11":{"loc":{"start":{"line":110,"column":2},"end":{"line":112,"column":3}},"type":"if","locations":[{"start":{"line":110,"column":2},"end":{"line":112,"column":3}},{"start":{},"end":{}}],"line":110},"12":{"loc":{"start":{"line":129,"column":34},"end":{"line":129,"column":44}},"type":"binary-expr","locations":[{"start":{"line":129,"column":34},"end":{"line":129,"column":38}},{"start":{"line":129,"column":42},"end":{"line":129,"column":44}}],"line":129},"13":{"loc":{"start":{"line":138,"column":2},"end":{"line":140,"column":3}},"type":"if","locations":[{"start":{"line":138,"column":2},"end":{"line":140,"column":3}},{"start":{},"end":{}}],"line":138},"14":{"loc":{"start":{"line":145,"column":2},"end":{"line":148,"column":3}},"type":"if","locations":[{"start":{"line":145,"column":2},"end":{"line":148,"column":3}},{"start":{},"end":{}}],"line":145},"15":{"loc":{"start":{"line":150,"column":2},"end":{"line":153,"column":3}},"type":"if","locations":[{"start":{"line":150,"column":2},"end":{"line":153,"column":3}},{"start":{},"end":{}}],"line":150},"16":{"loc":{"start":{"line":155,"column":2},"end":{"line":157,"column":3}},"type":"if","locations":[{"start":{"line":155,"column":2},"end":{"line":157,"column":3}},{"start":{},"end":{}}],"line":155},"17":{"loc":{"start":{"line":194,"column":2},"end":{"line":196,"column":3}},"type":"if","locations":[{"start":{"line":194,"column":2},"end":{"line":196,"column":3}},{"start":{},"end":{}}],"line":194}},"s":{"0":0,"1":0,"2":0,"3":0,"4":0,"5":0,"6":0,"7":0,"8":0,"9":0,"10":0,"11":0,"12":0,"13":0,"14":0,"15":0,"16":0,"17":0,"18":0,"19":0,"20":0,"21":0,"22":0,"23":0,"24":0,"25":0,"26":0,"27":0,"28":0,"29":0,"30":0,"31":0,"32":0,"33":0,"34":0,"35":0,"36":0,"37":0,"38":0,"39":0,"40":0,"41":0,"42":0,"43":0,"44":0,"45":0,"46":0,"47":0,"48":0,"49":0,"50":0,"51":0,"52":0,"53":0,"54":0,"55":0,"56":0,"57":0,"58":0,"59":0,"60":0,"61":0,"62":0},"f":{"0":0,"1":0,"2":0,"3":0},"b":{"0":[0,0,0,0],"1":[0,0],"2":[0,0],"3":[0,0],"4":[0,0],"5":[0,0],"6":[0,0],"7":[0,0],"8":[0,0],"9":[0,0],"10":[0,0],"11":[0,0],"12":[0,0],"13":[0,0],"14":[0,0],"15":[0,0],"16":[0,0],"17":[0,0]}}
,"/Users/sansi/dev/trae_projects/what-to-eat/server/functions/user/utils/db.js": {"path":"/Users/sansi/dev/trae_projects/what-to-eat/server/functions/user/utils/db.js","statementMap":{"0":{"start":{"line":6,"column":14},"end":{"line":6,"column":39}},"1":{"start":{"line":10,"column":17},"end":{"line":24,"column":1}},"2":{"start":{"line":27,"column":13},"end":{"line":27,"column":39}},"3":{"start":{"line":36,"column":2},"end":{"line":43,"column":3}},"4":{"start":{"line":38,"column":22},"end":{"line":38,"column":51}},"5":{"start":{"line":39,"column":4},"end":{"line":39,"column":19}},"6":{"start":{"line":41,"column":4},"end":{"line":41,"column":50}},"7":{"start":{"line":42,"column":4},"end":{"line":42,"column":16}},"8":{"start":{"line":52,"column":21},"end":{"line":52,"column":47}},"9":{"start":{"line":53,"column":2},"end":{"line":64,"column":3}},"10":{"start":{"line":54,"column":4},"end":{"line":54,"column":40}},"11":{"start":{"line":55,"column":19},"end":{"line":55,"column":45}},"12":{"start":{"line":56,"column":4},"end":{"line":56,"column":30}},"13":{"start":{"line":57,"column":4},"end":{"line":57,"column":18}},"14":{"start":{"line":59,"column":4},"end":{"line":59,"column":32}},"15":{"start":{"line":60,"column":4},"end":{"line":60,"column":47}},"16":{"start":{"line":61,"column":4},"end":{"line":61,"column":16}},"17":{"start":{"line":63,"column":4},"end":{"line":63,"column":25}},"18":{"start":{"line":75,"column":2},"end":{"line":78,"column":3}},"19":{"start":{"line":76,"column":4},"end":{"line":76,"column":65}},"20":{"start":{"line":77,"column":4},"end":{"line":77,"column":13}},"21":{"start":{"line":81,"column":2},"end":{"line":83,"column":3}},"22":{"start":{"line":82,"column":4},"end":{"line":82,"column":26}},"23":{"start":{"line":86,"column":2},"end":{"line":88,"column":3}},"24":{"start":{"line":87,"column":4},"end":{"line":87,"column":31}},"25":{"start":{"line":91,"column":2},"end":{"line":91,"column":70}},"26":{"start":{"line":92,"column":2},"end":{"line":92,"column":11}},"27":{"start":{"line":95,"column":0},"end":{"line":100,"column":2}}},"fnMap":{"0":{"name":"query","decl":{"start":{"line":35,"column":15},"end":{"line":35,"column":20}},"loc":{"start":{"line":35,"column":39},"end":{"line":44,"column":1}},"line":35},"1":{"name":"transaction","decl":{"start":{"line":51,"column":15},"end":{"line":51,"column":26}},"loc":{"start":{"line":51,"column":37},"end":{"line":65,"column":1}},"line":51},"2":{"name":"getUserId","decl":{"start":{"line":72,"column":9},"end":{"line":72,"column":18}},"loc":{"start":{"line":72,"column":28},"end":{"line":93,"column":1}},"line":72}},"branchMap":{"0":{"loc":{"start":{"line":11,"column":8},"end":{"line":11,"column":80}},"type":"binary-expr","locations":[{"start":{"line":11,"column":8},"end":{"line":11,"column":27}},{"start":{"line":11,"column":31},"end":{"line":11,"column":80}}],"line":11},"1":{"loc":{"start":{"line":12,"column":17},"end":{"line":12,"column":47}},"type":"binary-expr","locations":[{"start":{"line":12,"column":17},"end":{"line":12,"column":36}},{"start":{"line":12,"column":40},"end":{"line":12,"column":47}}],"line":12},"2":{"loc":{"start":{"line":13,"column":8},"end":{"line":13,"column":44}},"type":"binary-expr","locations":[{"start":{"line":13,"column":8},"end":{"line":13,"column":27}},{"start":{"line":13,"column":31},"end":{"line":13,"column":44}}],"line":13},"3":{"loc":{"start":{"line":14,"column":12},"end":{"line":14,"column":52}},"type":"binary-expr","locations":[{"start":{"line":14,"column":12},"end":{"line":14,"column":35}},{"start":{"line":14,"column":39},"end":{"line":14,"column":52}}],"line":14},"4":{"loc":{"start":{"line":15,"column":12},"end":{"line":15,"column":57}},"type":"binary-expr","locations":[{"start":{"line":15,"column":12},"end":{"line":15,"column":31}},{"start":{"line":15,"column":35},"end":{"line":15,"column":57}}],"line":15},"5":{"loc":{"start":{"line":35,"column":26},"end":{"line":35,"column":37}},"type":"default-arg","locations":[{"start":{"line":35,"column":35},"end":{"line":35,"column":37}}],"line":35},"6":{"loc":{"start":{"line":75,"column":2},"end":{"line":78,"column":3}},"type":"if","locations":[{"start":{"line":75,"column":2},"end":{"line":78,"column":3}},{"start":{},"end":{}}],"line":75},"7":{"loc":{"start":{"line":81,"column":2},"end":{"line":83,"column":3}},"type":"if","locations":[{"start":{"line":81,"column":2},"end":{"line":83,"column":3}},{"start":{},"end":{}}],"line":81},"8":{"loc":{"start":{"line":86,"column":2},"end":{"line":88,"column":3}},"type":"if","locations":[{"start":{"line":86,"column":2},"end":{"line":88,"column":3}},{"start":{},"end":{}}],"line":86},"9":{"loc":{"start":{"line":86,"column":6},"end":{"line":86,"column":41}},"type":"binary-expr","locations":[{"start":{"line":86,"column":6},"end":{"line":86,"column":18}},{"start":{"line":86,"column":22},"end":{"line":86,"column":41}}],"line":86}},"s":{"0":0,"1":0,"2":0,"3":0,"4":0,"5":0,"6":0,"7":0,"8":0,"9":0,"10":0,"11":0,"12":0,"13":0,"14":0,"15":0,"16":0,"17":0,"18":0,"19":0,"20":0,"21":0,"22":0,"23":0,"24":0,"25":0,"26":0,"27":0},"f":{"0":0,"1":0,"2":0},"b":{"0":[0,0],"1":[0,0],"2":[0,0],"3":[0,0],"4":[0,0],"5":[0],"6":[0,0],"7":[0,0],"8":[0,0],"9":[0,0]}}
,"/Users/sansi/dev/trae_projects/what-to-eat/server/functions/user/utils/response.js": {"path":"/Users/sansi/dev/trae_projects/what-to-eat/server/functions/user/utils/response.js","statementMap":{"0":{"start":{"line":13,"column":2},"end":{"line":18,"column":4}},"1":{"start":{"line":29,"column":2},"end":{"line":34,"column":4}},"2":{"start":{"line":43,"column":2},"end":{"line":43,"column":29}},"3":{"start":{"line":52,"column":2},"end":{"line":52,"column":29}},"4":{"start":{"line":61,"column":2},"end":{"line":61,"column":29}},"5":{"start":{"line":70,"column":2},"end":{"line":70,"column":29}},"6":{"start":{"line":73,"column":0},"end":{"line":80,"column":2}}},"fnMap":{"0":{"name":"success","decl":{"start":{"line":12,"column":9},"end":{"line":12,"column":16}},"loc":{"start":{"line":12,"column":48},"end":{"line":19,"column":1}},"line":12},"1":{"name":"error","decl":{"start":{"line":28,"column":9},"end":{"line":28,"column":14}},"loc":{"start":{"line":28,"column":57},"end":{"line":35,"column":1}},"line":28},"2":{"name":"paramError","decl":{"start":{"line":42,"column":9},"end":{"line":42,"column":19}},"loc":{"start":{"line":42,"column":38},"end":{"line":44,"column":1}},"line":42},"3":{"name":"unauthorized","decl":{"start":{"line":51,"column":9},"end":{"line":51,"column":21}},"loc":{"start":{"line":51,"column":39},"end":{"line":53,"column":1}},"line":51},"4":{"name":"notFound","decl":{"start":{"line":60,"column":9},"end":{"line":60,"column":17}},"loc":{"start":{"line":60,"column":37},"end":{"line":62,"column":1}},"line":60},"5":{"name":"serverError","decl":{"start":{"line":69,"column":9},"end":{"line":69,"column":20}},"loc":{"start":{"line":69,"column":42},"end":{"line":71,"column":1}},"line":69}},"branchMap":{"0":{"loc":{"start":{"line":12,"column":17},"end":{"line":12,"column":28}},"type":"default-arg","locations":[{"start":{"line":12,"column":24},"end":{"line":12,"column":28}}],"line":12},"1":{"loc":{"start":{"line":12,"column":30},"end":{"line":12,"column":46}},"type":"default-arg","locations":[{"start":{"line":12,"column":40},"end":{"line":12,"column":46}}],"line":12},"2":{"loc":{"start":{"line":28,"column":15},"end":{"line":28,"column":31}},"type":"default-arg","locations":[{"start":{"line":28,"column":25},"end":{"line":28,"column":31}}],"line":28},"3":{"loc":{"start":{"line":28,"column":33},"end":{"line":28,"column":42}},"type":"default-arg","locations":[{"start":{"line":28,"column":40},"end":{"line":28,"column":42}}],"line":28},"4":{"loc":{"start":{"line":28,"column":44},"end":{"line":28,"column":55}},"type":"default-arg","locations":[{"start":{"line":28,"column":51},"end":{"line":28,"column":55}}],"line":28},"5":{"loc":{"start":{"line":42,"column":20},"end":{"line":42,"column":36}},"type":"default-arg","locations":[{"start":{"line":42,"column":30},"end":{"line":42,"column":36}}],"line":42},"6":{"loc":{"start":{"line":51,"column":22},"end":{"line":51,"column":37}},"type":"default-arg","locations":[{"start":{"line":51,"column":32},"end":{"line":51,"column":37}}],"line":51},"7":{"loc":{"start":{"line":60,"column":18},"end":{"line":60,"column":35}},"type":"default-arg","locations":[{"start":{"line":60,"column":28},"end":{"line":60,"column":35}}],"line":60},"8":{"loc":{"start":{"line":69,"column":21},"end":{"line":69,"column":40}},"type":"default-arg","locations":[{"start":{"line":69,"column":31},"end":{"line":69,"column":40}}],"line":69}},"s":{"0":0,"1":0,"2":0,"3":0,"4":0,"5":0,"6":0},"f":{"0":0,"1":0,"2":0,"3":0,"4":0,"5":0},"b":{"0":[0],"1":[0],"2":[0],"3":[0],"4":[0],"5":[0],"6":[0],"7":[0],"8":[0]}}
,"/Users/sansi/dev/trae_projects/what-to-eat/server/functions/utils/db.js": {"path":"/Users/sansi/dev/trae_projects/what-to-eat/server/functions/utils/db.js","statementMap":{"0":{"start":{"line":6,"column":14},"end":{"line":6,"column":39}},"1":{"start":{"line":10,"column":17},"end":{"line":24,"column":1}},"2":{"start":{"line":27,"column":13},"end":{"line":27,"column":39}},"3":{"start":{"line":36,"column":2},"end":{"line":43,"column":3}},"4":{"start":{"line":38,"column":22},"end":{"line":38,"column":51}},"5":{"start":{"line":39,"column":4},"end":{"line":39,"column":19}},"6":{"start":{"line":41,"column":4},"end":{"line":41,"column":50}},"7":{"start":{"line":42,"column":4},"end":{"line":42,"column":16}},"8":{"start":{"line":52,"column":21},"end":{"line":52,"column":47}},"9":{"start":{"line":53,"column":2},"end":{"line":64,"column":3}},"10":{"start":{"line":54,"column":4},"end":{"line":54,"column":40}},"11":{"start":{"line":55,"column":19},"end":{"line":55,"column":45}},"12":{"start":{"line":56,"column":4},"end":{"line":56,"column":30}},"13":{"start":{"line":57,"column":4},"end":{"line":57,"column":18}},"14":{"start":{"line":59,"column":4},"end":{"line":59,"column":32}},"15":{"start":{"line":60,"column":4},"end":{"line":60,"column":47}},"16":{"start":{"line":61,"column":4},"end":{"line":61,"column":16}},"17":{"start":{"line":63,"column":4},"end":{"line":63,"column":25}},"18":{"start":{"line":75,"column":2},"end":{"line":78,"column":3}},"19":{"start":{"line":76,"column":4},"end":{"line":76,"column":65}},"20":{"start":{"line":77,"column":4},"end":{"line":77,"column":13}},"21":{"start":{"line":81,"column":2},"end":{"line":83,"column":3}},"22":{"start":{"line":82,"column":4},"end":{"line":82,"column":26}},"23":{"start":{"line":86,"column":2},"end":{"line":88,"column":3}},"24":{"start":{"line":87,"column":4},"end":{"line":87,"column":31}},"25":{"start":{"line":91,"column":2},"end":{"line":91,"column":70}},"26":{"start":{"line":92,"column":2},"end":{"line":92,"column":11}},"27":{"start":{"line":95,"column":0},"end":{"line":100,"column":2}}},"fnMap":{"0":{"name":"query","decl":{"start":{"line":35,"column":15},"end":{"line":35,"column":20}},"loc":{"start":{"line":35,"column":39},"end":{"line":44,"column":1}},"line":35},"1":{"name":"transaction","decl":{"start":{"line":51,"column":15},"end":{"line":51,"column":26}},"loc":{"start":{"line":51,"column":37},"end":{"line":65,"column":1}},"line":51},"2":{"name":"getUserId","decl":{"start":{"line":72,"column":9},"end":{"line":72,"column":18}},"loc":{"start":{"line":72,"column":28},"end":{"line":93,"column":1}},"line":72}},"branchMap":{"0":{"loc":{"start":{"line":11,"column":8},"end":{"line":11,"column":80}},"type":"binary-expr","locations":[{"start":{"line":11,"column":8},"end":{"line":11,"column":27}},{"start":{"line":11,"column":31},"end":{"line":11,"column":80}}],"line":11},"1":{"loc":{"start":{"line":12,"column":17},"end":{"line":12,"column":47}},"type":"binary-expr","locations":[{"start":{"line":12,"column":17},"end":{"line":12,"column":36}},{"start":{"line":12,"column":40},"end":{"line":12,"column":47}}],"line":12},"2":{"loc":{"start":{"line":13,"column":8},"end":{"line":13,"column":44}},"type":"binary-expr","locations":[{"start":{"line":13,"column":8},"end":{"line":13,"column":27}},{"start":{"line":13,"column":31},"end":{"line":13,"column":44}}],"line":13},"3":{"loc":{"start":{"line":14,"column":12},"end":{"line":14,"column":52}},"type":"binary-expr","locations":[{"start":{"line":14,"column":12},"end":{"line":14,"column":35}},{"start":{"line":14,"column":39},"end":{"line":14,"column":52}}],"line":14},"4":{"loc":{"start":{"line":15,"column":12},"end":{"line":15,"column":57}},"type":"binary-expr","locations":[{"start":{"line":15,"column":12},"end":{"line":15,"column":31}},{"start":{"line":15,"column":35},"end":{"line":15,"column":57}}],"line":15},"5":{"loc":{"start":{"line":35,"column":26},"end":{"line":35,"column":37}},"type":"default-arg","locations":[{"start":{"line":35,"column":35},"end":{"line":35,"column":37}}],"line":35},"6":{"loc":{"start":{"line":75,"column":2},"end":{"line":78,"column":3}},"type":"if","locations":[{"start":{"line":75,"column":2},"end":{"line":78,"column":3}},{"start":{},"end":{}}],"line":75},"7":{"loc":{"start":{"line":81,"column":2},"end":{"line":83,"column":3}},"type":"if","locations":[{"start":{"line":81,"column":2},"end":{"line":83,"column":3}},{"start":{},"end":{}}],"line":81},"8":{"loc":{"start":{"line":86,"column":2},"end":{"line":88,"column":3}},"type":"if","locations":[{"start":{"line":86,"column":2},"end":{"line":88,"column":3}},{"start":{},"end":{}}],"line":86},"9":{"loc":{"start":{"line":86,"column":6},"end":{"line":86,"column":41}},"type":"binary-expr","locations":[{"start":{"line":86,"column":6},"end":{"line":86,"column":18}},{"start":{"line":86,"column":22},"end":{"line":86,"column":41}}],"line":86}},"s":{"0":0,"1":0,"2":0,"3":0,"4":0,"5":0,"6":0,"7":0,"8":0,"9":0,"10":0,"11":0,"12":0,"13":0,"14":0,"15":0,"16":0,"17":0,"18":0,"19":0,"20":0,"21":0,"22":0,"23":0,"24":0,"25":0,"26":0,"27":0},"f":{"0":0,"1":0,"2":0},"b":{"0":[0,0],"1":[0,0],"2":[0,0],"3":[0,0],"4":[0,0],"5":[0],"6":[0,0],"7":[0,0],"8":[0,0],"9":[0,0]}}
,"/Users/sansi/dev/trae_projects/what-to-eat/server/functions/utils/response.js": {"path":"/Users/sansi/dev/trae_projects/what-to-eat/server/functions/utils/response.js","statementMap":{"0":{"start":{"line":13,"column":2},"end":{"line":18,"column":4}},"1":{"start":{"line":29,"column":2},"end":{"line":34,"column":4}},"2":{"start":{"line":43,"column":2},"end":{"line":43,"column":29}},"3":{"start":{"line":52,"column":2},"end":{"line":52,"column":29}},"4":{"start":{"line":61,"column":2},"end":{"line":61,"column":29}},"5":{"start":{"line":70,"column":2},"end":{"line":70,"column":29}},"6":{"start":{"line":73,"column":0},"end":{"line":80,"column":2}}},"fnMap":{"0":{"name":"success","decl":{"start":{"line":12,"column":9},"end":{"line":12,"column":16}},"loc":{"start":{"line":12,"column":48},"end":{"line":19,"column":1}},"line":12},"1":{"name":"error","decl":{"start":{"line":28,"column":9},"end":{"line":28,"column":14}},"loc":{"start":{"line":28,"column":57},"end":{"line":35,"column":1}},"line":28},"2":{"name":"paramError","decl":{"start":{"line":42,"column":9},"end":{"line":42,"column":19}},"loc":{"start":{"line":42,"column":38},"end":{"line":44,"column":1}},"line":42},"3":{"name":"unauthorized","decl":{"start":{"line":51,"column":9},"end":{"line":51,"column":21}},"loc":{"start":{"line":51,"column":39},"end":{"line":53,"column":1}},"line":51},"4":{"name":"notFound","decl":{"start":{"line":60,"column":9},"end":{"line":60,"column":17}},"loc":{"start":{"line":60,"column":37},"end":{"line":62,"column":1}},"line":60},"5":{"name":"serverError","decl":{"start":{"line":69,"column":9},"end":{"line":69,"column":20}},"loc":{"start":{"line":69,"column":42},"end":{"line":71,"column":1}},"line":69}},"branchMap":{"0":{"loc":{"start":{"line":12,"column":17},"end":{"line":12,"column":28}},"type":"default-arg","locations":[{"start":{"line":12,"column":24},"end":{"line":12,"column":28}}],"line":12},"1":{"loc":{"start":{"line":12,"column":30},"end":{"line":12,"column":46}},"type":"default-arg","locations":[{"start":{"line":12,"column":40},"end":{"line":12,"column":46}}],"line":12},"2":{"loc":{"start":{"line":28,"column":15},"end":{"line":28,"column":31}},"type":"default-arg","locations":[{"start":{"line":28,"column":25},"end":{"line":28,"column":31}}],"line":28},"3":{"loc":{"start":{"line":28,"column":33},"end":{"line":28,"column":42}},"type":"default-arg","locations":[{"start":{"line":28,"column":40},"end":{"line":28,"column":42}}],"line":28},"4":{"loc":{"start":{"line":28,"column":44},"end":{"line":28,"column":55}},"type":"default-arg","locations":[{"start":{"line":28,"column":51},"end":{"line":28,"column":55}}],"line":28},"5":{"loc":{"start":{"line":42,"column":20},"end":{"line":42,"column":36}},"type":"default-arg","locations":[{"start":{"line":42,"column":30},"end":{"line":42,"column":36}}],"line":42},"6":{"loc":{"start":{"line":51,"column":22},"end":{"line":51,"column":37}},"type":"default-arg","locations":[{"start":{"line":51,"column":32},"end":{"line":51,"column":37}}],"line":51},"7":{"loc":{"start":{"line":60,"column":18},"end":{"line":60,"column":35}},"type":"default-arg","locations":[{"start":{"line":60,"column":28},"end":{"line":60,"column":35}}],"line":60},"8":{"loc":{"start":{"line":69,"column":21},"end":{"line":69,"column":40}},"type":"default-arg","locations":[{"start":{"line":69,"column":31},"end":{"line":69,"column":40}}],"line":69}},"s":{"0":54,"1":23,"2":7,"3":0,"4":8,"5":0,"6":4},"f":{"0":54,"1":23,"2":7,"3":0,"4":8,"5":0},"b":{"0":[0],"1":[12],"2":[0],"3":[8],"4":[23],"5":[0],"6":[0],"7":[0],"8":[0]},"_coverageSchema":"1a1c01bbd47fc00a2c39e90264f33305004495a9","hash":"752e46e58f7762f1b7ddf9bc2a0f0d48342c0ebe"}
}
