TN:
SF:functions/dish/index.js
FN:22,(anonymous_0)
FN:23,(anonymous_1)
FN:24,(anonymous_2)
FN:25,(anonymous_3)
FN:33,(anonymous_4)
FN:77,createDish
FN:141,updateDish
FN:206,deleteDish
FN:240,listDishes
FN:283,(anonymous_9)
FN:312,getDish
FNF:11
FNH:0
FNDA:0,(anonymous_0)
FNDA:0,(anonymous_1)
FNDA:0,(anonymous_2)
FNDA:0,(anonymous_3)
FNDA:0,(anonymous_4)
FNDA:0,createDish
FNDA:0,updateDish
FNDA:0,deleteDish
FNDA:0,listDishes
FNDA:0,(anonymous_9)
FNDA:0,getDish
DA:8,0
DA:10,0
DA:11,0
DA:12,0
DA:13,0
DA:15,0
DA:16,0
DA:19,0
DA:22,0
DA:23,0
DA:24,0
DA:25,0
DA:33,0
DA:35,0
DA:36,0
DA:44,0
DA:46,0
DA:47,0
DA:49,0
DA:50,0
DA:52,0
DA:54,0
DA:56,0
DA:58,0
DA:60,0
DA:62,0
DA:65,0
DA:66,0
DA:67,0
DA:78,0
DA:80,0
DA:81,0
DA:84,0
DA:85,0
DA:86,0
DA:89,0
DA:90,0
DA:91,0
DA:95,0
DA:97,0
DA:101,0
DA:102,0
DA:104,0
DA:107,0
DA:109,0
DA:112,0
DA:117,0
DA:118,0
DA:122,0
DA:127,0
DA:132,0
DA:142,0
DA:144,0
DA:145,0
DA:148,0
DA:149,0
DA:152,0
DA:153,0
DA:154,0
DA:157,0
DA:162,0
DA:163,0
DA:167,0
DA:172,0
DA:173,0
DA:177,0
DA:182,0
DA:183,0
DA:187,0
DA:192,0
DA:197,0
DA:207,0
DA:209,0
DA:210,0
DA:213,0
DA:216,0
DA:221,0
DA:222,0
DA:226,0
DA:231,0
DA:241,0
DA:242,0
DA:245,0
DA:246,0
DA:247,0
DA:251,0
DA:253,0
DA:257,0
DA:258,0
DA:260,0
DA:263,0
DA:265,0
DA:267,0
DA:268,0
DA:270,0
DA:271,0
DA:272,0
DA:275,0
DA:278,0
DA:279,0
DA:280,0
DA:282,0
DA:283,0
DA:285,0
DA:288,0
DA:289,0
DA:291,0
DA:292,0
DA:293,0
DA:296,0
DA:298,0
DA:313,0
DA:315,0
DA:316,0
DA:319,0
DA:321,0
DA:326,0
DA:327,0
DA:330,0
LF:119
LH:0
BRDA:19,0,0,0
BRDA:19,0,1,0
BRDA:22,1,0,0
BRDA:22,1,1,0
BRDA:23,2,0,0
BRDA:23,2,1,0
BRDA:23,3,0,0
BRDA:23,3,1,0
BRDA:24,4,0,0
BRDA:24,4,1,0
BRDA:25,5,0,0
BRDA:25,5,1,0
BRDA:35,6,0,0
BRDA:35,6,1,0
BRDA:50,7,0,0
BRDA:50,7,1,0
BRDA:50,7,2,0
BRDA:50,7,3,0
BRDA:50,7,4,0
BRDA:50,7,5,0
BRDA:67,8,0,0
BRDA:67,8,1,0
BRDA:78,9,0,0
BRDA:78,9,1,0
BRDA:80,10,0,0
BRDA:80,10,1,0
BRDA:80,11,0,0
BRDA:80,11,1,0
BRDA:86,12,0,0
BRDA:86,12,1,0
BRDA:90,13,0,0
BRDA:90,13,1,0
BRDA:95,14,0,0
BRDA:95,14,1,0
BRDA:117,15,0,0
BRDA:117,15,1,0
BRDA:142,16,0,0
BRDA:142,16,1,0
BRDA:144,17,0,0
BRDA:144,17,1,0
BRDA:148,18,0,0
BRDA:148,18,1,0
BRDA:148,19,0,0
BRDA:148,19,1,0
BRDA:154,20,0,0
BRDA:154,20,1,0
BRDA:162,21,0,0
BRDA:162,21,1,0
BRDA:172,22,0,0
BRDA:172,22,1,0
BRDA:182,23,0,0
BRDA:182,23,1,0
BRDA:207,24,0,0
BRDA:207,24,1,0
BRDA:209,25,0,0
BRDA:209,25,1,0
BRDA:221,26,0,0
BRDA:221,26,1,0
BRDA:241,27,0,0
BRDA:241,28,0,0
BRDA:241,29,0,0
BRDA:241,29,1,0
BRDA:246,30,0,0
BRDA:246,30,1,0
BRDA:251,31,0,0
BRDA:251,31,1,0
BRDA:270,32,0,0
BRDA:270,32,1,0
BRDA:270,33,0,0
BRDA:270,33,1,0
BRDA:291,34,0,0
BRDA:291,34,1,0
BRDA:291,35,0,0
BRDA:291,35,1,0
BRDA:313,36,0,0
BRDA:313,36,1,0
BRDA:315,37,0,0
BRDA:315,37,1,0
BRDA:326,38,0,0
BRDA:326,38,1,0
BRF:80
BRH:0
end_of_record
TN:
SF:functions/dish/utils/db.js
FN:35,query
FN:51,transaction
FN:72,getUserId
FNF:3
FNH:0
FNDA:0,query
FNDA:0,transaction
FNDA:0,getUserId
DA:6,0
DA:10,0
DA:27,0
DA:36,0
DA:38,0
DA:39,0
DA:41,0
DA:42,0
DA:52,0
DA:53,0
DA:54,0
DA:55,0
DA:56,0
DA:57,0
DA:59,0
DA:60,0
DA:61,0
DA:63,0
DA:75,0
DA:76,0
DA:77,0
DA:81,0
DA:82,0
DA:86,0
DA:87,0
DA:91,0
DA:92,0
DA:93,0
DA:94,0
DA:99,0
DA:100,0
DA:103,0
LF:32
LH:0
BRDA:11,0,0,0
BRDA:11,0,1,0
BRDA:12,1,0,0
BRDA:12,1,1,0
BRDA:13,2,0,0
BRDA:13,2,1,0
BRDA:14,3,0,0
BRDA:14,3,1,0
BRDA:15,4,0,0
BRDA:15,4,1,0
BRDA:35,5,0,0
BRDA:75,6,0,0
BRDA:75,6,1,0
BRDA:81,7,0,0
BRDA:81,7,1,0
BRDA:82,8,0,0
BRDA:82,8,1,0
BRDA:86,9,0,0
BRDA:86,9,1,0
BRDA:86,10,0,0
BRDA:86,10,1,0
BRDA:87,11,0,0
BRDA:87,11,1,0
BRDA:91,12,0,0
BRDA:91,12,1,0
BRDA:92,13,0,0
BRDA:92,13,1,0
BRDA:93,14,0,0
BRDA:93,14,1,0
BRDA:94,15,0,0
BRDA:94,15,1,0
BRF:31
BRH:0
end_of_record
TN:
SF:functions/dish/utils/response.js
FN:12,success
FN:28,error
FN:42,paramError
FN:51,unauthorized
FN:60,notFound
FN:69,serverError
FNF:6
FNH:0
FNDA:0,success
FNDA:0,error
FNDA:0,paramError
FNDA:0,unauthorized
FNDA:0,notFound
FNDA:0,serverError
DA:13,0
DA:29,0
DA:43,0
DA:52,0
DA:61,0
DA:70,0
DA:73,0
LF:7
LH:0
BRDA:12,0,0,0
BRDA:12,1,0,0
BRDA:28,2,0,0
BRDA:28,3,0,0
BRDA:28,4,0,0
BRDA:42,5,0,0
BRDA:51,6,0,0
BRDA:60,7,0,0
BRDA:69,8,0,0
BRF:9
BRH:0
end_of_record
TN:
SF:functions/kitchen/index.js
FN:22,(anonymous_0)
FN:23,(anonymous_1)
FN:24,(anonymous_2)
FN:25,(anonymous_3)
FN:30,(anonymous_4)
FN:71,createKitchen
FN:115,updateKitchen
FN:166,deleteKitchen
FN:202,listKitchens
FN:218,getKitchen
FN:242,setDefaultKitchen
FNF:11
FNH:10
FNDA:17,(anonymous_0)
FNDA:2,(anonymous_1)
FNDA:1,(anonymous_2)
FNDA:1,(anonymous_3)
FNDA:21,(anonymous_4)
FNDA:13,createKitchen
FNDA:2,updateKitchen
FNDA:2,deleteKitchen
FNDA:1,listKitchens
FNDA:0,getKitchen
FNDA:3,setDefaultKitchen
DA:8,1
DA:10,1
DA:11,1
DA:12,1
DA:13,1
DA:15,0
DA:16,0
DA:19,1
DA:22,17
DA:23,2
DA:24,1
DA:25,1
DA:30,1
DA:32,21
DA:33,0
DA:41,21
DA:43,21
DA:45,21
DA:46,21
DA:48,13
DA:50,2
DA:52,2
DA:54,1
DA:56,0
DA:58,3
DA:60,0
DA:63,0
DA:64,0
DA:72,13
DA:74,13
DA:75,1
DA:78,12
DA:79,12
DA:82,12
DA:87,12
DA:88,1
DA:92,11
DA:96,11
DA:99,11
DA:104,11
DA:109,11
DA:116,2
DA:118,2
DA:119,0
DA:122,2
DA:123,0
DA:126,2
DA:127,2
DA:130,2
DA:135,2
DA:136,1
DA:140,1
DA:145,1
DA:146,0
DA:150,1
DA:155,1
DA:160,1
DA:167,2
DA:169,2
DA:170,0
DA:173,2
DA:176,2
DA:181,2
DA:182,0
DA:186,2
DA:187,1
DA:191,1
DA:196,1
DA:203,1
DA:205,1
DA:210,1
DA:219,0
DA:221,0
DA:222,0
DA:225,0
DA:227,0
DA:232,0
DA:233,0
DA:236,0
DA:243,3
DA:245,3
DA:246,0
DA:249,3
DA:252,3
DA:257,3
DA:258,0
DA:262,3
DA:268,3
DA:273,3
DA:278,3
LF:90
LH:68
BRDA:19,0,0,1
BRDA:19,0,1,0
BRDA:22,1,0,17
BRDA:22,1,1,0
BRDA:23,2,0,2
BRDA:23,2,1,0
BRDA:23,3,0,0
BRDA:23,3,1,0
BRDA:24,4,0,1
BRDA:24,4,1,0
BRDA:25,5,0,1
BRDA:25,5,1,0
BRDA:32,6,0,0
BRDA:32,6,1,21
BRDA:46,7,0,13
BRDA:46,7,1,2
BRDA:46,7,2,2
BRDA:46,7,3,1
BRDA:46,7,4,0
BRDA:46,7,5,3
BRDA:46,7,6,0
BRDA:64,8,0,0
BRDA:64,8,1,0
BRDA:72,9,0,13
BRDA:72,9,1,0
BRDA:74,10,0,1
BRDA:74,10,1,12
BRDA:74,11,0,13
BRDA:74,11,1,12
BRDA:87,12,0,1
BRDA:87,12,1,11
BRDA:96,13,0,7
BRDA:96,13,1,4
BRDA:116,14,0,2
BRDA:116,14,1,0
BRDA:118,15,0,0
BRDA:118,15,1,2
BRDA:122,16,0,0
BRDA:122,16,1,2
BRDA:122,17,0,2
BRDA:122,17,1,2
BRDA:135,18,0,1
BRDA:135,18,1,1
BRDA:145,19,0,0
BRDA:145,19,1,1
BRDA:167,20,0,2
BRDA:167,20,1,0
BRDA:169,21,0,0
BRDA:169,21,1,2
BRDA:181,22,0,0
BRDA:181,22,1,2
BRDA:186,23,0,1
BRDA:186,23,1,1
BRDA:219,24,0,0
BRDA:219,24,1,0
BRDA:221,25,0,0
BRDA:221,25,1,0
BRDA:232,26,0,0
BRDA:232,26,1,0
BRDA:243,27,0,3
BRDA:243,27,1,0
BRDA:245,28,0,0
BRDA:245,28,1,3
BRDA:257,29,0,0
BRDA:257,29,1,3
BRF:65
BRH:36
end_of_record
TN:
SF:functions/kitchen/utils/db.js
FN:40,query
FN:62,getUserId
FNF:2
FNH:0
FNDA:0,query
FNDA:0,getUserId
DA:6,0
DA:9,0
DA:26,0
DA:27,0
DA:28,0
DA:30,0
DA:31,0
DA:41,0
DA:42,0
DA:44,0
DA:46,0
DA:47,0
DA:48,0
DA:50,0
DA:51,0
DA:52,0
DA:53,0
DA:64,0
DA:65,0
DA:66,0
DA:67,0
DA:72,0
DA:73,0
DA:77,0
DA:80,0
LF:25
LH:0
BRDA:10,0,0,0
BRDA:10,0,1,0
BRDA:11,1,0,0
BRDA:11,1,1,0
BRDA:12,2,0,0
BRDA:12,2,1,0
BRDA:13,3,0,0
BRDA:13,3,1,0
BRDA:14,4,0,0
BRDA:14,4,1,0
BRDA:40,5,0,0
BRDA:47,6,0,0
BRDA:47,6,1,0
BRDA:64,7,0,0
BRDA:64,7,1,0
BRDA:64,8,0,0
BRDA:64,8,1,0
BRDA:65,9,0,0
BRDA:65,9,1,0
BRDA:66,10,0,0
BRDA:66,10,1,0
BRDA:67,11,0,0
BRDA:67,11,1,0
BRDA:72,12,0,0
BRDA:72,12,1,0
BRDA:73,13,0,0
BRDA:73,13,1,0
BRF:27
BRH:0
end_of_record
TN:
SF:functions/kitchen/utils/response.js
FN:12,success
FN:27,error
FN:41,paramError
FN:50,notFound
FNF:4
FNH:0
FNDA:0,success
FNDA:0,error
FNDA:0,paramError
FNDA:0,notFound
DA:13,0
DA:28,0
DA:42,0
DA:51,0
DA:54,0
LF:5
LH:0
BRDA:12,0,0,0
BRDA:12,1,0,0
BRDA:27,2,0,0
BRDA:27,3,0,0
BRDA:41,4,0,0
BRDA:50,5,0,0
BRF:6
BRH:0
end_of_record
TN:
SF:functions/meal/index.js
FN:15,(anonymous_0)
FN:53,createMeal
FN:80,(anonymous_2)
FN:90,(anonymous_3)
FN:137,updateMeal
FN:169,(anonymous_5)
FN:177,(anonymous_6)
FN:230,deleteMeal
FN:249,(anonymous_8)
FN:272,listMeals
FN:326,(anonymous_10)
FN:347,getMeal
FN:387,(anonymous_12)
FN:400,(anonymous_13)
FN:415,closeMeal
FN:452,reopenMeal
FN:489,parseDishes
FN:495,(anonymous_17)
FN:507,generateShareLink
FN:548,getByShareToken
FN:598,(anonymous_20)
FN:605,(anonymous_21)
FNF:22
FNH:0
FNDA:0,(anonymous_0)
FNDA:0,createMeal
FNDA:0,(anonymous_2)
FNDA:0,(anonymous_3)
FNDA:0,updateMeal
FNDA:0,(anonymous_5)
FNDA:0,(anonymous_6)
FNDA:0,deleteMeal
FNDA:0,(anonymous_8)
FNDA:0,listMeals
FNDA:0,(anonymous_10)
FNDA:0,getMeal
FNDA:0,(anonymous_12)
FNDA:0,(anonymous_13)
FNDA:0,closeMeal
FNDA:0,reopenMeal
FNDA:0,parseDishes
FNDA:0,(anonymous_17)
FNDA:0,generateShareLink
FNDA:0,getByShareToken
FNDA:0,(anonymous_20)
FNDA:0,(anonymous_21)
DA:6,0
DA:7,0
DA:15,0
DA:16,0
DA:18,0
DA:19,0
DA:21,0
DA:23,0
DA:25,0
DA:27,0
DA:29,0
DA:31,0
DA:33,0
DA:35,0
DA:37,0
DA:39,0
DA:42,0
DA:43,0
DA:54,0
DA:56,0
DA:57,0
DA:60,0
DA:61,0
DA:64,0
DA:65,0
DA:68,0
DA:69,0
DA:70,0
DA:74,0
DA:75,0
DA:77,0
DA:80,0
DA:82,0
DA:87,0
DA:90,0
DA:91,0
DA:96,0
DA:97,0
DA:101,0
DA:102,0
DA:109,0
DA:121,0
DA:138,0
DA:140,0
DA:141,0
DA:144,0
DA:145,0
DA:148,0
DA:149,0
DA:152,0
DA:153,0
DA:156,0
DA:161,0
DA:162,0
DA:165,0
DA:166,0
DA:169,0
DA:171,0
DA:177,0
DA:178,0
DA:183,0
DA:184,0
DA:188,0
DA:194,0
DA:195,0
DA:202,0
DA:214,0
DA:231,0
DA:233,0
DA:234,0
DA:237,0
DA:240,0
DA:245,0
DA:246,0
DA:249,0
DA:251,0
DA:257,0
DA:262,0
DA:273,0
DA:274,0
DA:277,0
DA:278,0
DA:279,0
DA:283,0
DA:284,0
DA:286,0
DA:289,0
DA:298,0
DA:300,0
DA:301,0
DA:302,0
DA:305,0
DA:308,0
DA:309,0
DA:310,0
DA:312,0
DA:315,0
DA:316,0
DA:318,0
DA:319,0
DA:320,0
DA:323,0
DA:325,0
DA:326,0
DA:348,0
DA:350,0
DA:351,0
DA:354,0
DA:357,0
DA:362,0
DA:363,0
DA:367,0
DA:377,0
DA:386,0
DA:387,0
DA:388,0
DA:389,0
DA:391,0
DA:394,0
DA:400,0
DA:416,0
DA:418,0
DA:419,0
DA:422,0
DA:425,0
DA:430,0
DA:431,0
DA:434,0
DA:435,0
DA:438,0
DA:443,0
DA:453,0
DA:455,0
DA:456,0
DA:459,0
DA:462,0
DA:467,0
DA:468,0
DA:471,0
DA:472,0
DA:475,0
DA:480,0
DA:490,0
DA:492,0
DA:493,0
DA:495,0
DA:508,0
DA:510,0
DA:511,0
DA:514,0
DA:517,0
DA:522,0
DA:523,0
DA:527,0
DA:530,0
DA:535,0
DA:549,0
DA:551,0
DA:552,0
DA:556,0
DA:561,0
DA:562,0
DA:566,0
DA:574,0
DA:575,0
DA:579,0
DA:588,0
DA:597,0
DA:598,0
DA:599,0
DA:600,0
DA:602,0
DA:605,0
DA:611,0
LF:174
LH:0
BRDA:19,0,0,0
BRDA:19,0,1,0
BRDA:19,0,2,0
BRDA:19,0,3,0
BRDA:19,0,4,0
BRDA:19,0,5,0
BRDA:19,0,6,0
BRDA:19,0,7,0
BRDA:19,0,8,0
BRDA:19,0,9,0
BRDA:43,1,0,0
BRDA:43,1,1,0
BRDA:54,2,0,0
BRDA:54,2,1,0
BRDA:56,3,0,0
BRDA:56,3,1,0
BRDA:56,4,0,0
BRDA:56,4,1,0
BRDA:60,5,0,0
BRDA:60,5,1,0
BRDA:60,6,0,0
BRDA:60,6,1,0
BRDA:60,6,2,0
BRDA:69,7,0,0
BRDA:69,7,1,0
BRDA:74,8,0,0
BRDA:74,8,1,0
BRDA:96,9,0,0
BRDA:96,9,1,0
BRDA:138,10,0,0
BRDA:138,10,1,0
BRDA:140,11,0,0
BRDA:140,11,1,0
BRDA:144,12,0,0
BRDA:144,12,1,0
BRDA:144,13,0,0
BRDA:144,13,1,0
BRDA:148,14,0,0
BRDA:148,14,1,0
BRDA:148,15,0,0
BRDA:148,15,1,0
BRDA:148,15,2,0
BRDA:161,16,0,0
BRDA:161,16,1,0
BRDA:165,17,0,0
BRDA:165,17,1,0
BRDA:183,18,0,0
BRDA:183,18,1,0
BRDA:231,19,0,0
BRDA:231,19,1,0
BRDA:233,20,0,0
BRDA:233,20,1,0
BRDA:245,21,0,0
BRDA:245,21,1,0
BRDA:273,22,0,0
BRDA:273,23,0,0
BRDA:273,24,0,0
BRDA:273,24,1,0
BRDA:278,25,0,0
BRDA:278,25,1,0
BRDA:283,26,0,0
BRDA:283,26,1,0
BRDA:300,27,0,0
BRDA:300,27,1,0
BRDA:300,28,0,0
BRDA:300,28,1,0
BRDA:318,29,0,0
BRDA:318,29,1,0
BRDA:318,30,0,0
BRDA:318,30,1,0
BRDA:348,31,0,0
BRDA:348,31,1,0
BRDA:350,32,0,0
BRDA:350,32,1,0
BRDA:362,33,0,0
BRDA:362,33,1,0
BRDA:388,34,0,0
BRDA:388,34,1,0
BRDA:404,35,0,0
BRDA:404,35,1,0
BRDA:416,36,0,0
BRDA:416,36,1,0
BRDA:418,37,0,0
BRDA:418,37,1,0
BRDA:430,38,0,0
BRDA:430,38,1,0
BRDA:434,39,0,0
BRDA:434,39,1,0
BRDA:453,40,0,0
BRDA:453,40,1,0
BRDA:455,41,0,0
BRDA:455,41,1,0
BRDA:467,42,0,0
BRDA:467,42,1,0
BRDA:471,43,0,0
BRDA:471,43,1,0
BRDA:490,44,0,0
BRDA:490,44,1,0
BRDA:493,45,0,0
BRDA:493,45,1,0
BRDA:497,46,0,0
BRDA:497,46,1,0
BRDA:508,47,0,0
BRDA:508,47,1,0
BRDA:510,48,0,0
BRDA:510,48,1,0
BRDA:522,49,0,0
BRDA:522,49,1,0
BRDA:549,50,0,0
BRDA:549,50,1,0
BRDA:551,51,0,0
BRDA:551,51,1,0
BRDA:551,52,0,0
BRDA:551,52,1,0
BRDA:561,53,0,0
BRDA:561,53,1,0
BRDA:574,54,0,0
BRDA:574,54,1,0
BRDA:599,55,0,0
BRDA:599,55,1,0
BRDA:607,56,0,0
BRDA:607,56,1,0
BRDA:608,57,0,0
BRDA:608,57,1,0
BRF:124
BRH:0
end_of_record
TN:
SF:functions/meal/utils/db.js
FN:35,query
FN:51,transaction
FN:72,getUserId
FNF:3
FNH:0
FNDA:0,query
FNDA:0,transaction
FNDA:0,getUserId
DA:6,0
DA:10,0
DA:27,0
DA:36,0
DA:38,0
DA:39,0
DA:41,0
DA:42,0
DA:52,0
DA:53,0
DA:54,0
DA:55,0
DA:56,0
DA:57,0
DA:59,0
DA:60,0
DA:61,0
DA:63,0
DA:75,0
DA:76,0
DA:77,0
DA:81,0
DA:82,0
DA:86,0
DA:87,0
DA:91,0
DA:92,0
DA:95,0
LF:28
LH:0
BRDA:11,0,0,0
BRDA:11,0,1,0
BRDA:12,1,0,0
BRDA:12,1,1,0
BRDA:13,2,0,0
BRDA:13,2,1,0
BRDA:14,3,0,0
BRDA:14,3,1,0
BRDA:15,4,0,0
BRDA:15,4,1,0
BRDA:35,5,0,0
BRDA:75,6,0,0
BRDA:75,6,1,0
BRDA:81,7,0,0
BRDA:81,7,1,0
BRDA:86,8,0,0
BRDA:86,8,1,0
BRDA:86,9,0,0
BRDA:86,9,1,0
BRF:19
BRH:0
end_of_record
TN:
SF:functions/meal/utils/response.js
FN:12,success
FN:28,error
FN:42,paramError
FN:51,unauthorized
FN:60,notFound
FN:69,serverError
FNF:6
FNH:0
FNDA:0,success
FNDA:0,error
FNDA:0,paramError
FNDA:0,unauthorized
FNDA:0,notFound
FNDA:0,serverError
DA:13,0
DA:29,0
DA:43,0
DA:52,0
DA:61,0
DA:70,0
DA:73,0
LF:7
LH:0
BRDA:12,0,0,0
BRDA:12,1,0,0
BRDA:28,2,0,0
BRDA:28,3,0,0
BRDA:28,4,0,0
BRDA:42,5,0,0
BRDA:51,6,0,0
BRDA:60,7,0,0
BRDA:69,8,0,0
BRF:9
BRH:0
end_of_record
TN:
SF:functions/order/index.js
FN:15,(anonymous_0)
FN:47,createOrder
FN:60,(anonymous_2)
FN:76,(anonymous_3)
FN:108,(anonymous_4)
FN:114,(anonymous_5)
FN:130,cancelOrder
FN:172,listOrdersByMeal
FN:220,(anonymous_8)
FN:225,(anonymous_9)
FN:240,listOrdersByUser
FN:273,(anonymous_11)
FN:295,getMyOrder
FN:329,(anonymous_13)
FN:343,createAnonymousOrder
FN:358,(anonymous_15)
FN:380,(anonymous_16)
FNF:17
FNH:0
FNDA:0,(anonymous_0)
FNDA:0,createOrder
FNDA:0,(anonymous_2)
FNDA:0,(anonymous_3)
FNDA:0,(anonymous_4)
FNDA:0,(anonymous_5)
FNDA:0,cancelOrder
FNDA:0,listOrdersByMeal
FNDA:0,(anonymous_8)
FNDA:0,(anonymous_9)
FNDA:0,listOrdersByUser
FNDA:0,(anonymous_11)
FNDA:0,getMyOrder
FNDA:0,(anonymous_13)
FNDA:0,createAnonymousOrder
FNDA:0,(anonymous_15)
FNDA:0,(anonymous_16)
DA:6,0
DA:7,0
DA:15,0
DA:16,0
DA:18,0
DA:19,0
DA:21,0
DA:23,0
DA:25,0
DA:27,0
DA:29,0
DA:31,0
DA:33,0
DA:36,0
DA:37,0
DA:48,0
DA:50,0
DA:51,0
DA:54,0
DA:55,0
DA:58,0
DA:60,0
DA:62,0
DA:67,0
DA:68,0
DA:71,0
DA:72,0
DA:76,0
DA:77,0
DA:83,0
DA:84,0
DA:88,0
DA:94,0
DA:95,0
DA:96,0
DA:100,0
DA:104,0
DA:108,0
DA:112,0
DA:114,0
DA:131,0
DA:133,0
DA:134,0
DA:137,0
DA:140,0
DA:145,0
DA:146,0
DA:149,0
DA:150,0
DA:154,0
DA:159,0
DA:160,0
DA:163,0
DA:173,0
DA:175,0
DA:176,0
DA:179,0
DA:182,0
DA:187,0
DA:188,0
DA:192,0
DA:209,0
DA:217,0
DA:220,0
DA:225,0
DA:241,0
DA:242,0
DA:244,0
DA:247,0
DA:267,0
DA:272,0
DA:273,0
DA:296,0
DA:298,0
DA:299,0
DA:302,0
DA:305,0
DA:318,0
DA:319,0
DA:326,0
DA:329,0
DA:344,0
DA:346,0
DA:347,0
DA:350,0
DA:351,0
DA:354,0
DA:355,0
DA:358,0
DA:360,0
DA:365,0
DA:366,0
DA:370,0
DA:375,0
DA:376,0
DA:380,0
DA:381,0
DA:387,0
DA:388,0
DA:392,0
DA:393,0
DA:399,0
DA:400,0
DA:404,0
DA:406,0
DA:410,0
DA:416,0
DA:417,0
DA:418,0
DA:422,0
DA:425,0
LF:111
LH:0
BRDA:19,0,0,0
BRDA:19,0,1,0
BRDA:19,0,2,0
BRDA:19,0,3,0
BRDA:19,0,4,0
BRDA:19,0,5,0
BRDA:19,0,6,0
BRDA:37,1,0,0
BRDA:37,1,1,0
BRDA:48,2,0,0
BRDA:48,2,1,0
BRDA:50,3,0,0
BRDA:50,3,1,0
BRDA:54,4,0,0
BRDA:54,4,1,0
BRDA:54,5,0,0
BRDA:54,5,1,0
BRDA:54,5,2,0
BRDA:67,6,0,0
BRDA:67,6,1,0
BRDA:71,7,0,0
BRDA:71,7,1,0
BRDA:83,8,0,0
BRDA:83,8,1,0
BRDA:131,9,0,0
BRDA:131,9,1,0
BRDA:133,10,0,0
BRDA:133,10,1,0
BRDA:145,11,0,0
BRDA:145,11,1,0
BRDA:149,12,0,0
BRDA:149,12,1,0
BRDA:159,13,0,0
BRDA:159,13,1,0
BRDA:173,14,0,0
BRDA:173,14,1,0
BRDA:175,15,0,0
BRDA:175,15,1,0
BRDA:187,16,0,0
BRDA:187,16,1,0
BRDA:229,17,0,0
BRDA:229,17,1,0
BRDA:241,18,0,0
BRDA:241,19,0,0
BRDA:241,20,0,0
BRDA:241,20,1,0
BRDA:296,21,0,0
BRDA:296,21,1,0
BRDA:298,22,0,0
BRDA:298,22,1,0
BRDA:318,23,0,0
BRDA:318,23,1,0
BRDA:344,24,0,0
BRDA:344,24,1,0
BRDA:346,25,0,0
BRDA:346,25,1,0
BRDA:346,26,0,0
BRDA:346,26,1,0
BRDA:346,26,2,0
BRDA:346,26,3,0
BRDA:350,27,0,0
BRDA:350,27,1,0
BRDA:354,28,0,0
BRDA:354,28,1,0
BRDA:354,29,0,0
BRDA:354,29,1,0
BRDA:365,30,0,0
BRDA:365,30,1,0
BRDA:375,31,0,0
BRDA:375,31,1,0
BRDA:387,32,0,0
BRDA:387,32,1,0
BRDA:399,33,0,0
BRDA:399,33,1,0
BRF:74
BRH:0
end_of_record
TN:
SF:functions/order/utils/db.js
FN:35,query
FN:51,transaction
FN:72,getUserId
FNF:3
FNH:0
FNDA:0,query
FNDA:0,transaction
FNDA:0,getUserId
DA:6,0
DA:10,0
DA:27,0
DA:36,0
DA:38,0
DA:39,0
DA:41,0
DA:42,0
DA:52,0
DA:53,0
DA:54,0
DA:55,0
DA:56,0
DA:57,0
DA:59,0
DA:60,0
DA:61,0
DA:63,0
DA:75,0
DA:76,0
DA:77,0
DA:81,0
DA:82,0
DA:86,0
DA:87,0
DA:91,0
DA:92,0
DA:95,0
LF:28
LH:0
BRDA:11,0,0,0
BRDA:11,0,1,0
BRDA:12,1,0,0
BRDA:12,1,1,0
BRDA:13,2,0,0
BRDA:13,2,1,0
BRDA:14,3,0,0
BRDA:14,3,1,0
BRDA:15,4,0,0
BRDA:15,4,1,0
BRDA:35,5,0,0
BRDA:75,6,0,0
BRDA:75,6,1,0
BRDA:81,7,0,0
BRDA:81,7,1,0
BRDA:86,8,0,0
BRDA:86,8,1,0
BRDA:86,9,0,0
BRDA:86,9,1,0
BRF:19
BRH:0
end_of_record
TN:
SF:functions/order/utils/response.js
FN:12,success
FN:28,error
FN:42,paramError
FN:51,unauthorized
FN:60,notFound
FN:69,serverError
FNF:6
FNH:0
FNDA:0,success
FNDA:0,error
FNDA:0,paramError
FNDA:0,unauthorized
FNDA:0,notFound
FNDA:0,serverError
DA:13,0
DA:29,0
DA:43,0
DA:52,0
DA:61,0
DA:70,0
DA:73,0
LF:7
LH:0
BRDA:12,0,0,0
BRDA:12,1,0,0
BRDA:28,2,0,0
BRDA:28,3,0,0
BRDA:28,4,0,0
BRDA:42,5,0,0
BRDA:51,6,0,0
BRDA:60,7,0,0
BRDA:69,8,0,0
BRF:9
BRH:0
end_of_record
TN:
SF:functions/user/index.js
FN:15,(anonymous_0)
FN:41,login
FN:128,updateUser
FN:186,getUser
FNF:4
FNH:0
FNDA:0,(anonymous_0)
FNDA:0,login
FNDA:0,updateUser
FNDA:0,getUser
DA:6,0
DA:7,0
DA:15,0
DA:16,0
DA:18,0
DA:19,0
DA:21,0
DA:23,0
DA:25,0
DA:27,0
DA:30,0
DA:31,0
DA:42,0
DA:44,0
DA:45,0
DA:50,0
DA:53,0
DA:58,0
DA:60,0
DA:61,0
DA:63,0
DA:68,0
DA:74,0
DA:80,0
DA:81,0
DA:82,0
DA:84,0
DA:85,0
DA:86,0
DA:89,0
DA:90,0
DA:91,0
DA:94,0
DA:95,0
DA:96,0
DA:102,0
DA:110,0
DA:111,0
DA:114,0
DA:129,0
DA:130,0
DA:133,0
DA:138,0
DA:139,0
DA:142,0
DA:143,0
DA:145,0
DA:146,0
DA:147,0
DA:150,0
DA:151,0
DA:152,0
DA:155,0
DA:156,0
DA:159,0
DA:161,0
DA:167,0
DA:172,0
DA:187,0
DA:189,0
DA:194,0
DA:195,0
DA:198,0
LF:63
LH:0
BRDA:19,0,0,0
BRDA:19,0,1,0
BRDA:19,0,2,0
BRDA:19,0,3,0
BRDA:31,1,0,0
BRDA:31,1,1,0
BRDA:42,2,0,0
BRDA:42,2,1,0
BRDA:44,3,0,0
BRDA:44,3,1,0
BRDA:58,4,0,0
BRDA:58,4,1,0
BRDA:60,5,0,0
BRDA:60,5,1,0
BRDA:61,6,0,0
BRDA:61,6,1,0
BRDA:80,7,0,0
BRDA:80,7,1,0
BRDA:84,8,0,0
BRDA:84,8,1,0
BRDA:89,9,0,0
BRDA:89,9,1,0
BRDA:94,10,0,0
BRDA:94,10,1,0
BRDA:110,11,0,0
BRDA:110,11,1,0
BRDA:129,12,0,0
BRDA:129,12,1,0
BRDA:138,13,0,0
BRDA:138,13,1,0
BRDA:145,14,0,0
BRDA:145,14,1,0
BRDA:150,15,0,0
BRDA:150,15,1,0
BRDA:155,16,0,0
BRDA:155,16,1,0
BRDA:194,17,0,0
BRDA:194,17,1,0
BRF:38
BRH:0
end_of_record
TN:
SF:functions/user/utils/db.js
FN:35,query
FN:51,transaction
FN:72,getUserId
FNF:3
FNH:0
FNDA:0,query
FNDA:0,transaction
FNDA:0,getUserId
DA:6,0
DA:10,0
DA:27,0
DA:36,0
DA:38,0
DA:39,0
DA:41,0
DA:42,0
DA:52,0
DA:53,0
DA:54,0
DA:55,0
DA:56,0
DA:57,0
DA:59,0
DA:60,0
DA:61,0
DA:63,0
DA:75,0
DA:76,0
DA:77,0
DA:81,0
DA:82,0
DA:86,0
DA:87,0
DA:91,0
DA:92,0
DA:95,0
LF:28
LH:0
BRDA:11,0,0,0
BRDA:11,0,1,0
BRDA:12,1,0,0
BRDA:12,1,1,0
BRDA:13,2,0,0
BRDA:13,2,1,0
BRDA:14,3,0,0
BRDA:14,3,1,0
BRDA:15,4,0,0
BRDA:15,4,1,0
BRDA:35,5,0,0
BRDA:75,6,0,0
BRDA:75,6,1,0
BRDA:81,7,0,0
BRDA:81,7,1,0
BRDA:86,8,0,0
BRDA:86,8,1,0
BRDA:86,9,0,0
BRDA:86,9,1,0
BRF:19
BRH:0
end_of_record
TN:
SF:functions/user/utils/response.js
FN:12,success
FN:28,error
FN:42,paramError
FN:51,unauthorized
FN:60,notFound
FN:69,serverError
FNF:6
FNH:0
FNDA:0,success
FNDA:0,error
FNDA:0,paramError
FNDA:0,unauthorized
FNDA:0,notFound
FNDA:0,serverError
DA:13,0
DA:29,0
DA:43,0
DA:52,0
DA:61,0
DA:70,0
DA:73,0
LF:7
LH:0
BRDA:12,0,0,0
BRDA:12,1,0,0
BRDA:28,2,0,0
BRDA:28,3,0,0
BRDA:28,4,0,0
BRDA:42,5,0,0
BRDA:51,6,0,0
BRDA:60,7,0,0
BRDA:69,8,0,0
BRF:9
BRH:0
end_of_record
TN:
SF:functions/utils/db.js
FN:35,query
FN:51,transaction
FN:72,getUserId
FNF:3
FNH:0
FNDA:0,query
FNDA:0,transaction
FNDA:0,getUserId
DA:6,0
DA:10,0
DA:27,0
DA:36,0
DA:38,0
DA:39,0
DA:41,0
DA:42,0
DA:52,0
DA:53,0
DA:54,0
DA:55,0
DA:56,0
DA:57,0
DA:59,0
DA:60,0
DA:61,0
DA:63,0
DA:75,0
DA:76,0
DA:77,0
DA:81,0
DA:82,0
DA:86,0
DA:87,0
DA:91,0
DA:92,0
DA:95,0
LF:28
LH:0
BRDA:11,0,0,0
BRDA:11,0,1,0
BRDA:12,1,0,0
BRDA:12,1,1,0
BRDA:13,2,0,0
BRDA:13,2,1,0
BRDA:14,3,0,0
BRDA:14,3,1,0
BRDA:15,4,0,0
BRDA:15,4,1,0
BRDA:35,5,0,0
BRDA:75,6,0,0
BRDA:75,6,1,0
BRDA:81,7,0,0
BRDA:81,7,1,0
BRDA:86,8,0,0
BRDA:86,8,1,0
BRDA:86,9,0,0
BRDA:86,9,1,0
BRF:19
BRH:0
end_of_record
TN:
SF:functions/utils/response.js
FN:12,success
FN:28,error
FN:42,paramError
FN:51,unauthorized
FN:60,notFound
FN:69,serverError
FNF:6
FNH:4
FNDA:57,success
FNDA:30,error
FNDA:10,paramError
FNDA:0,unauthorized
FNDA:11,notFound
FNDA:0,serverError
DA:13,57
DA:29,30
DA:43,10
DA:52,0
DA:61,11
DA:70,0
DA:73,5
LF:7
LH:5
BRDA:12,0,0,0
BRDA:12,1,0,13
BRDA:28,2,0,0
BRDA:28,3,0,9
BRDA:28,4,0,30
BRDA:42,5,0,0
BRDA:51,6,0,0
BRDA:60,7,0,0
BRDA:69,8,0,0
BRF:9
BRH:3
end_of_record
