TN:
SF:functions/dish/index.js
FN:21,(anonymous_0)
FN:22,(anonymous_1)
FN:23,(anonymous_2)
FN:24,(anonymous_3)
FN:29,checkKitchenMembership
FN:44,(anonymous_5)
FN:78,createDish
FN:137,updateDish
FN:179,deleteDish
FN:199,listDishes
FN:249,getDish
FNF:11
FNH:0
FNDA:0,(anonymous_0)
FNDA:0,(anonymous_1)
FNDA:0,(anonymous_2)
FNDA:0,(anonymous_3)
FNDA:0,checkKitchenMembership
FNDA:0,(anonymous_5)
FNDA:0,createDish
FNDA:0,updateDish
FNDA:0,deleteDish
FNDA:0,listDishes
FNDA:0,getDish
DA:8,0
DA:10,0
DA:11,0
DA:12,0
DA:13,0
DA:15,0
DA:16,0
DA:19,0
DA:21,0
DA:22,0
DA:23,0
DA:24,0
DA:30,0
DA:34,0
DA:37,0
DA:41,0
DA:44,0
DA:45,0
DA:46,0
DA:54,0
DA:55,0
DA:57,0
DA:58,0
DA:60,0
DA:62,0
DA:64,0
DA:66,0
DA:68,0
DA:70,0
DA:73,0
DA:74,0
DA:79,0
DA:81,0
DA:82,0
DA:85,0
DA:86,0
DA:87,0
DA:88,0
DA:90,0
DA:91,0
DA:92,0
DA:96,0
DA:97,0
DA:101,0
DA:103,0
DA:106,0
DA:110,0
DA:111,0
DA:112,0
DA:115,0
DA:120,0
DA:121,0
DA:124,0
DA:129,0
DA:134,0
DA:138,0
DA:140,0
DA:141,0
DA:143,0
DA:144,0
DA:145,0
DA:146,0
DA:148,0
DA:152,0
DA:154,0
DA:155,0
DA:157,0
DA:162,0
DA:163,0
DA:166,0
DA:171,0
DA:176,0
DA:180,0
DA:181,0
DA:183,0
DA:185,0
DA:189,0
DA:191,0
DA:192,0
DA:194,0
DA:196,0
DA:200,0
DA:201,0
DA:203,0
DA:204,0
DA:205,0
DA:209,0
DA:210,0
DA:212,0
DA:216,0
DA:217,0
DA:219,0
DA:220,0
DA:221,0
DA:224,0
DA:225,0
DA:226,0
DA:227,0
DA:229,0
DA:231,0
DA:232,0
DA:234,0
DA:235,0
DA:236,0
DA:239,0
DA:241,0
DA:250,0
DA:251,0
DA:253,0
DA:258,0
DA:260,0
LF:111
LH:0
BRDA:19,0,0,0
BRDA:19,0,1,0
BRDA:21,1,0,0
BRDA:21,1,1,0
BRDA:22,2,0,0
BRDA:22,2,1,0
BRDA:22,3,0,0
BRDA:22,3,1,0
BRDA:23,4,0,0
BRDA:23,4,1,0
BRDA:24,5,0,0
BRDA:24,5,1,0
BRDA:34,6,0,0
BRDA:34,6,1,0
BRDA:41,7,0,0
BRDA:41,7,1,0
BRDA:45,8,0,0
BRDA:45,8,1,0
BRDA:58,9,0,0
BRDA:58,9,1,0
BRDA:58,9,2,0
BRDA:58,9,3,0
BRDA:58,9,4,0
BRDA:58,9,5,0
BRDA:74,10,0,0
BRDA:74,10,1,0
BRDA:79,11,0,0
BRDA:79,11,1,0
BRDA:81,12,0,0
BRDA:81,12,1,0
BRDA:81,13,0,0
BRDA:81,13,1,0
BRDA:87,14,0,0
BRDA:87,14,1,0
BRDA:88,15,0,0
BRDA:88,15,1,0
BRDA:91,16,0,0
BRDA:91,16,1,0
BRDA:96,17,0,0
BRDA:96,17,1,0
BRDA:111,18,0,0
BRDA:111,18,1,0
BRDA:120,19,0,0
BRDA:120,19,1,0
BRDA:138,20,0,0
BRDA:138,20,1,0
BRDA:140,21,0,0
BRDA:140,21,1,0
BRDA:141,22,0,0
BRDA:141,22,1,0
BRDA:141,23,0,0
BRDA:141,23,1,0
BRDA:145,24,0,0
BRDA:145,24,1,0
BRDA:146,25,0,0
BRDA:146,25,1,0
BRDA:152,26,0,0
BRDA:152,26,1,0
BRDA:155,27,0,0
BRDA:155,27,1,0
BRDA:162,28,0,0
BRDA:162,28,1,0
BRDA:180,29,0,0
BRDA:180,29,1,0
BRDA:181,30,0,0
BRDA:181,30,1,0
BRDA:189,31,0,0
BRDA:189,31,1,0
BRDA:192,32,0,0
BRDA:192,32,1,0
BRDA:200,33,0,0
BRDA:200,34,0,0
BRDA:200,35,0,0
BRDA:200,35,1,0
BRDA:204,36,0,0
BRDA:204,36,1,0
BRDA:209,37,0,0
BRDA:209,37,1,0
BRDA:219,38,0,0
BRDA:219,38,1,0
BRDA:219,39,0,0
BRDA:219,39,1,0
BRDA:234,40,0,0
BRDA:234,40,1,0
BRDA:234,41,0,0
BRDA:234,41,1,0
BRDA:250,42,0,0
BRDA:250,42,1,0
BRDA:251,43,0,0
BRDA:251,43,1,0
BRDA:258,44,0,0
BRDA:258,44,1,0
BRF:92
BRH:0
end_of_record
TN:
SF:functions/dish/utils/db.js
FN:36,query
FN:61,transaction
FN:83,getUserId
FNF:3
FNH:0
FNDA:0,query
FNDA:0,transaction
FNDA:0,getUserId
DA:6,0
DA:10,0
DA:26,0
DA:28,0
DA:37,0
DA:38,0
DA:39,0
DA:40,0
DA:42,0
DA:46,0
DA:47,0
DA:48,0
DA:50,0
DA:51,0
DA:62,0
DA:63,0
DA:64,0
DA:65,0
DA:66,0
DA:67,0
DA:69,0
DA:70,0
DA:71,0
DA:73,0
DA:86,0
DA:87,0
DA:88,0
DA:92,0
DA:93,0
DA:98,0
DA:99,0
DA:100,0
DA:103,0
DA:107,0
DA:108,0
DA:109,0
DA:113,0
DA:114,0
DA:115,0
DA:116,0
DA:118,0
DA:122,0
DA:123,0
DA:127,0
DA:128,0
DA:132,0
DA:133,0
DA:136,0
LF:48
LH:0
BRDA:11,0,0,0
BRDA:11,0,1,0
BRDA:12,1,0,0
BRDA:12,1,1,0
BRDA:13,2,0,0
BRDA:13,2,1,0
BRDA:14,3,0,0
BRDA:14,3,1,0
BRDA:15,4,0,0
BRDA:15,4,1,0
BRDA:36,5,0,0
BRDA:42,6,0,0
BRDA:42,6,1,0
BRDA:42,6,2,0
BRDA:42,6,3,0
BRDA:46,7,0,0
BRDA:46,7,1,0
BRDA:47,8,0,0
BRDA:47,8,1,0
BRDA:86,9,0,0
BRDA:86,9,1,0
BRDA:92,10,0,0
BRDA:92,10,1,0
BRDA:92,11,0,0
BRDA:92,11,1,0
BRDA:98,12,0,0
BRDA:98,12,1,0
BRDA:107,13,0,0
BRDA:107,13,1,0
BRDA:113,14,0,0
BRDA:113,14,1,0
BRDA:114,15,0,0
BRDA:114,15,1,0
BRDA:115,16,0,0
BRDA:115,16,1,0
BRDA:127,17,0,0
BRDA:127,17,1,0
BRF:37
BRH:0
end_of_record
TN:
SF:functions/dish/utils/response.js
FN:12,success
FN:28,error
FN:42,paramError
FN:51,unauthorized
FN:60,notFound
FN:69,serverError
FNF:6
FNH:0
FNDA:0,success
FNDA:0,error
FNDA:0,paramError
FNDA:0,unauthorized
FNDA:0,notFound
FNDA:0,serverError
DA:13,0
DA:29,0
DA:43,0
DA:52,0
DA:61,0
DA:70,0
DA:73,0
LF:7
LH:0
BRDA:12,0,0,0
BRDA:12,1,0,0
BRDA:28,2,0,0
BRDA:28,3,0,0
BRDA:28,4,0,0
BRDA:42,5,0,0
BRDA:51,6,0,0
BRDA:60,7,0,0
BRDA:69,8,0,0
BRF:9
BRH:0
end_of_record
TN:
SF:functions/kitchen/index.js
FN:21,(anonymous_0)
FN:22,(anonymous_1)
FN:23,(anonymous_2)
FN:24,(anonymous_3)
FN:26,(anonymous_4)
FN:81,ensureOwnerMember
FN:98,createKitchen
FN:148,updateKitchen
FN:188,deleteKitchen
FN:210,listKitchens
FN:224,getKitchen
FN:255,setDefaultKitchen
FN:282,getOrCreateDefaultKitchen
FN:333,listAccessibleKitchens
FN:349,(anonymous_14)
FN:349,(anonymous_15)
FN:368,(anonymous_16)
FN:377,(anonymous_17)
FN:392,listMembers
FN:421,(anonymous_19)
FN:435,removeMember
FN:463,leaveKitchen
FN:484,generateInvite
FN:534,getInviteInfo
FN:582,acceptInvite
FNF:25
FNH:0
FNDA:0,(anonymous_0)
FNDA:0,(anonymous_1)
FNDA:0,(anonymous_2)
FNDA:0,(anonymous_3)
FNDA:0,(anonymous_4)
FNDA:0,ensureOwnerMember
FNDA:0,createKitchen
FNDA:0,updateKitchen
FNDA:0,deleteKitchen
FNDA:0,listKitchens
FNDA:0,getKitchen
FNDA:0,setDefaultKitchen
FNDA:0,getOrCreateDefaultKitchen
FNDA:0,listAccessibleKitchens
FNDA:0,(anonymous_14)
FNDA:0,(anonymous_15)
FNDA:0,(anonymous_16)
FNDA:0,(anonymous_17)
FNDA:0,listMembers
FNDA:0,(anonymous_19)
FNDA:0,removeMember
FNDA:0,leaveKitchen
FNDA:0,generateInvite
FNDA:0,getInviteInfo
FNDA:0,acceptInvite
DA:8,0
DA:10,0
DA:11,0
DA:12,0
DA:13,0
DA:15,0
DA:16,0
DA:19,0
DA:21,0
DA:22,0
DA:23,0
DA:24,0
DA:26,0
DA:27,0
DA:28,0
DA:36,0
DA:37,0
DA:39,0
DA:40,0
DA:42,0
DA:44,0
DA:46,0
DA:48,0
DA:50,0
DA:52,0
DA:54,0
DA:56,0
DA:58,0
DA:60,0
DA:62,0
DA:64,0
DA:66,0
DA:68,0
DA:70,0
DA:73,0
DA:74,0
DA:82,0
DA:86,0
DA:87,0
DA:99,0
DA:101,0
DA:102,0
DA:105,0
DA:106,0
DA:108,0
DA:113,0
DA:114,0
DA:117,0
DA:121,0
DA:123,0
DA:128,0
DA:131,0
DA:137,0
DA:142,0
DA:149,0
DA:151,0
DA:152,0
DA:154,0
DA:155,0
DA:157,0
DA:162,0
DA:163,0
DA:166,0
DA:171,0
DA:172,0
DA:175,0
DA:177,0
DA:182,0
DA:189,0
DA:190,0
DA:192,0
DA:194,0
DA:199,0
DA:200,0
DA:202,0
DA:204,0
DA:211,0
DA:213,0
DA:218,0
DA:225,0
DA:226,0
DA:228,0
DA:231,0
DA:237,0
DA:238,0
DA:247,0
DA:249,0
DA:256,0
DA:257,0
DA:259,0
DA:261,0
DA:266,0
DA:268,0
DA:269,0
DA:271,0
DA:276,0
DA:283,0
DA:285,0
DA:290,0
DA:291,0
DA:292,0
DA:295,0
DA:300,0
DA:301,0
DA:302,0
DA:303,0
DA:306,0
DA:311,0
DA:312,0
DA:318,0
DA:323,0
DA:334,0
DA:336,0
DA:349,0
DA:350,0
DA:359,0
DA:360,0
DA:361,0
DA:363,0
DA:368,0
DA:369,0
DA:370,0
DA:371,0
DA:372,0
DA:373,0
DA:376,0
DA:377,0
DA:393,0
DA:394,0
DA:396,0
DA:398,0
DA:402,0
DA:406,0
DA:407,0
DA:410,0
DA:420,0
DA:421,0
DA:436,0
DA:437,0
DA:439,0
DA:441,0
DA:445,0
DA:448,0
DA:452,0
DA:453,0
DA:455,0
DA:457,0
DA:464,0
DA:465,0
DA:467,0
DA:469,0
DA:473,0
DA:474,0
DA:476,0
DA:478,0
DA:485,0
DA:486,0
DA:488,0
DA:490,0
DA:494,0
DA:497,0
DA:502,0
DA:503,0
DA:511,0
DA:516,0
DA:518,0
DA:524,0
DA:535,0
DA:536,0
DA:538,0
DA:540,0
DA:551,0
DA:554,0
DA:555,0
DA:559,0
DA:564,0
DA:569,0
DA:583,0
DA:584,0
DA:586,0
DA:588,0
DA:597,0
DA:598,0
DA:600,0
DA:603,0
DA:608,0
DA:609,0
DA:610,0
DA:613,0
DA:618,0
DA:625,0
LF:191
LH:0
BRDA:19,0,0,0
BRDA:19,0,1,0
BRDA:21,1,0,0
BRDA:21,1,1,0
BRDA:22,2,0,0
BRDA:22,2,1,0
BRDA:22,3,0,0
BRDA:22,3,1,0
BRDA:23,4,0,0
BRDA:23,4,1,0
BRDA:24,5,0,0
BRDA:24,5,1,0
BRDA:27,6,0,0
BRDA:27,6,1,0
BRDA:40,7,0,0
BRDA:40,7,1,0
BRDA:40,7,2,0
BRDA:40,7,3,0
BRDA:40,7,4,0
BRDA:40,7,5,0
BRDA:40,7,6,0
BRDA:40,7,7,0
BRDA:40,7,8,0
BRDA:40,7,9,0
BRDA:40,7,10,0
BRDA:40,7,11,0
BRDA:40,7,12,0
BRDA:40,7,13,0
BRDA:40,7,14,0
BRDA:74,8,0,0
BRDA:74,8,1,0
BRDA:86,9,0,0
BRDA:86,9,1,0
BRDA:99,10,0,0
BRDA:99,10,1,0
BRDA:101,11,0,0
BRDA:101,11,1,0
BRDA:101,12,0,0
BRDA:101,12,1,0
BRDA:113,13,0,0
BRDA:113,13,1,0
BRDA:121,14,0,0
BRDA:121,14,1,0
BRDA:149,15,0,0
BRDA:149,15,1,0
BRDA:151,16,0,0
BRDA:151,16,1,0
BRDA:152,17,0,0
BRDA:152,17,1,0
BRDA:152,18,0,0
BRDA:152,18,1,0
BRDA:162,19,0,0
BRDA:162,19,1,0
BRDA:171,20,0,0
BRDA:171,20,1,0
BRDA:189,21,0,0
BRDA:189,21,1,0
BRDA:190,22,0,0
BRDA:190,22,1,0
BRDA:199,23,0,0
BRDA:199,23,1,0
BRDA:200,24,0,0
BRDA:200,24,1,0
BRDA:225,25,0,0
BRDA:225,25,1,0
BRDA:226,26,0,0
BRDA:226,26,1,0
BRDA:237,27,0,0
BRDA:237,27,1,0
BRDA:247,28,0,0
BRDA:247,28,1,0
BRDA:256,29,0,0
BRDA:256,29,1,0
BRDA:257,30,0,0
BRDA:257,30,1,0
BRDA:266,31,0,0
BRDA:266,31,1,0
BRDA:290,32,0,0
BRDA:290,32,1,0
BRDA:300,33,0,0
BRDA:300,33,1,0
BRDA:360,34,0,0
BRDA:360,34,1,0
BRDA:369,35,0,0
BRDA:369,35,1,0
BRDA:369,36,0,0
BRDA:369,36,1,0
BRDA:370,37,0,0
BRDA:370,37,1,0
BRDA:370,38,0,0
BRDA:370,38,1,0
BRDA:371,39,0,0
BRDA:371,39,1,0
BRDA:371,40,0,0
BRDA:371,40,1,0
BRDA:372,41,0,0
BRDA:372,41,1,0
BRDA:372,42,0,0
BRDA:372,42,1,0
BRDA:393,43,0,0
BRDA:393,43,1,0
BRDA:394,44,0,0
BRDA:394,44,1,0
BRDA:406,45,0,0
BRDA:406,45,1,0
BRDA:406,46,0,0
BRDA:406,46,1,0
BRDA:436,47,0,0
BRDA:436,47,1,0
BRDA:437,48,0,0
BRDA:437,48,1,0
BRDA:437,49,0,0
BRDA:437,49,1,0
BRDA:445,50,0,0
BRDA:445,50,1,0
BRDA:452,51,0,0
BRDA:452,51,1,0
BRDA:453,52,0,0
BRDA:453,52,1,0
BRDA:464,53,0,0
BRDA:464,53,1,0
BRDA:465,54,0,0
BRDA:465,54,1,0
BRDA:473,55,0,0
BRDA:473,55,1,0
BRDA:474,56,0,0
BRDA:474,56,1,0
BRDA:485,57,0,0
BRDA:485,57,1,0
BRDA:486,58,0,0
BRDA:486,58,1,0
BRDA:494,59,0,0
BRDA:494,59,1,0
BRDA:502,60,0,0
BRDA:502,60,1,0
BRDA:535,61,0,0
BRDA:535,61,1,0
BRDA:536,62,0,0
BRDA:536,62,1,0
BRDA:551,63,0,0
BRDA:551,63,1,0
BRDA:554,64,0,0
BRDA:554,64,1,0
BRDA:575,65,0,0
BRDA:575,65,1,0
BRDA:583,66,0,0
BRDA:583,66,1,0
BRDA:584,67,0,0
BRDA:584,67,1,0
BRDA:597,68,0,0
BRDA:597,68,1,0
BRDA:598,69,0,0
BRDA:598,69,1,0
BRDA:608,70,0,0
BRDA:608,70,1,0
BRDA:609,71,0,0
BRDA:609,71,1,0
BRF:157
BRH:0
end_of_record
TN:
SF:functions/kitchen/utils/db.js
FN:36,query
FN:61,transaction
FN:83,getUserId
FNF:3
FNH:0
FNDA:0,query
FNDA:0,transaction
FNDA:0,getUserId
DA:6,0
DA:10,0
DA:26,0
DA:28,0
DA:37,0
DA:38,0
DA:39,0
DA:40,0
DA:42,0
DA:46,0
DA:47,0
DA:48,0
DA:50,0
DA:51,0
DA:62,0
DA:63,0
DA:64,0
DA:65,0
DA:66,0
DA:67,0
DA:69,0
DA:70,0
DA:71,0
DA:73,0
DA:86,0
DA:87,0
DA:88,0
DA:92,0
DA:93,0
DA:98,0
DA:99,0
DA:100,0
DA:103,0
DA:107,0
DA:108,0
DA:109,0
DA:113,0
DA:114,0
DA:115,0
DA:116,0
DA:118,0
DA:122,0
DA:123,0
DA:127,0
DA:128,0
DA:132,0
DA:133,0
DA:136,0
LF:48
LH:0
BRDA:11,0,0,0
BRDA:11,0,1,0
BRDA:12,1,0,0
BRDA:12,1,1,0
BRDA:13,2,0,0
BRDA:13,2,1,0
BRDA:14,3,0,0
BRDA:14,3,1,0
BRDA:15,4,0,0
BRDA:15,4,1,0
BRDA:36,5,0,0
BRDA:42,6,0,0
BRDA:42,6,1,0
BRDA:42,6,2,0
BRDA:42,6,3,0
BRDA:46,7,0,0
BRDA:46,7,1,0
BRDA:47,8,0,0
BRDA:47,8,1,0
BRDA:86,9,0,0
BRDA:86,9,1,0
BRDA:92,10,0,0
BRDA:92,10,1,0
BRDA:92,11,0,0
BRDA:92,11,1,0
BRDA:98,12,0,0
BRDA:98,12,1,0
BRDA:107,13,0,0
BRDA:107,13,1,0
BRDA:113,14,0,0
BRDA:113,14,1,0
BRDA:114,15,0,0
BRDA:114,15,1,0
BRDA:115,16,0,0
BRDA:115,16,1,0
BRDA:127,17,0,0
BRDA:127,17,1,0
BRF:37
BRH:0
end_of_record
TN:
SF:functions/kitchen/utils/response.js
FN:12,success
FN:27,error
FN:41,paramError
FN:50,notFound
FNF:4
FNH:0
FNDA:0,success
FNDA:0,error
FNDA:0,paramError
FNDA:0,notFound
DA:13,0
DA:28,0
DA:42,0
DA:51,0
DA:54,0
LF:5
LH:0
BRDA:12,0,0,0
BRDA:12,1,0,0
BRDA:27,2,0,0
BRDA:27,3,0,0
BRDA:41,4,0,0
BRDA:50,5,0,0
BRF:6
BRH:0
end_of_record
TN:
SF:functions/login/index.js
FN:8,(anonymous_0)
FNF:1
FNH:0
FNDA:0,(anonymous_0)
DA:6,0
DA:8,0
DA:10,0
DA:11,0
DA:13,0
DA:14,0
DA:17,0
DA:18,0
DA:19,0
DA:26,0
DA:27,0
DA:28,0
DA:35,0
DA:36,0
DA:37,0
DA:38,0
DA:39,0
LF:17
LH:0
BRDA:13,0,0,0
BRDA:13,0,1,0
BRDA:14,1,0,0
BRDA:14,1,1,0
BRDA:17,2,0,0
BRDA:17,2,1,0
BRDA:17,3,0,0
BRDA:17,3,1,0
BRDA:26,4,0,0
BRDA:26,4,1,0
BRF:10
BRH:0
end_of_record
TN:
SF:functions/meal/index.js
FN:10,pad2
FN:15,todayYmdBeijing
FN:28,parseScheduleFromClient
FN:59,formatScheduledForApi
FN:76,checkKitchenMembership
FN:96,(anonymous_5)
FN:133,getOrCreateDefaultKitchen
FN:174,createMeal
FN:206,(anonymous_8)
FN:222,(anonymous_9)
FN:272,updateMeal
FN:320,(anonymous_11)
FN:333,(anonymous_12)
FN:389,deleteMeal
FN:410,(anonymous_14)
FN:432,listMeals
FN:523,(anonymous_16)
FN:553,getMeal
FN:598,(anonymous_18)
FN:634,(anonymous_19)
FN:651,closeMeal
FN:680,reopenMeal
FN:709,parseDishes
FN:715,(anonymous_23)
FN:727,generateShareLink
FN:781,getByShareToken
FN:834,(anonymous_26)
FN:847,(anonymous_27)
FNF:28
FNH:0
FNDA:0,pad2
FNDA:0,todayYmdBeijing
FNDA:0,parseScheduleFromClient
FNDA:0,formatScheduledForApi
FNDA:0,checkKitchenMembership
FNDA:0,(anonymous_5)
FNDA:0,getOrCreateDefaultKitchen
FNDA:0,createMeal
FNDA:0,(anonymous_8)
FNDA:0,(anonymous_9)
FNDA:0,updateMeal
FNDA:0,(anonymous_11)
FNDA:0,(anonymous_12)
FNDA:0,deleteMeal
FNDA:0,(anonymous_14)
FNDA:0,listMeals
FNDA:0,(anonymous_16)
FNDA:0,getMeal
FNDA:0,(anonymous_18)
FNDA:0,(anonymous_19)
FNDA:0,closeMeal
FNDA:0,reopenMeal
FNDA:0,parseDishes
FNDA:0,(anonymous_23)
FNDA:0,generateShareLink
FNDA:0,getByShareToken
FNDA:0,(anonymous_26)
FNDA:0,(anonymous_27)
DA:6,0
DA:7,0
DA:8,0
DA:11,0
DA:16,0
DA:17,0
DA:18,0
DA:19,0
DA:20,0
DA:21,0
DA:29,0
DA:30,0
DA:31,0
DA:33,0
DA:34,0
DA:36,0
DA:37,0
DA:38,0
DA:39,0
DA:40,0
DA:41,0
DA:43,0
DA:44,0
DA:46,0
DA:52,0
DA:60,0
DA:61,0
DA:63,0
DA:64,0
DA:65,0
DA:66,0
DA:68,0
DA:70,0
DA:77,0
DA:81,0
DA:83,0
DA:87,0
DA:96,0
DA:97,0
DA:99,0
DA:100,0
DA:102,0
DA:104,0
DA:106,0
DA:108,0
DA:110,0
DA:112,0
DA:114,0
DA:116,0
DA:118,0
DA:120,0
DA:123,0
DA:124,0
DA:135,0
DA:140,0
DA:141,0
DA:145,0
DA:150,0
DA:152,0
DA:156,0
DA:160,0
DA:165,0
DA:175,0
DA:177,0
DA:178,0
DA:181,0
DA:182,0
DA:185,0
DA:186,0
DA:187,0
DA:190,0
DA:191,0
DA:194,0
DA:195,0
DA:196,0
DA:199,0
DA:200,0
DA:201,0
DA:203,0
DA:206,0
DA:208,0
DA:219,0
DA:222,0
DA:223,0
DA:228,0
DA:229,0
DA:233,0
DA:234,0
DA:241,0
DA:252,0
DA:254,0
DA:273,0
DA:275,0
DA:276,0
DA:279,0
DA:280,0
DA:283,0
DA:284,0
DA:287,0
DA:288,0
DA:291,0
DA:296,0
DA:297,0
DA:300,0
DA:301,0
DA:303,0
DA:304,0
DA:308,0
DA:312,0
DA:313,0
DA:314,0
DA:315,0
DA:316,0
DA:320,0
DA:321,0
DA:322,0
DA:327,0
DA:333,0
DA:334,0
DA:339,0
DA:340,0
DA:344,0
DA:350,0
DA:351,0
DA:358,0
DA:369,0
DA:371,0
DA:390,0
DA:392,0
DA:393,0
DA:396,0
DA:398,0
DA:403,0
DA:404,0
DA:407,0
DA:408,0
DA:410,0
DA:411,0
DA:417,0
DA:422,0
DA:442,0
DA:443,0
DA:446,0
DA:447,0
DA:448,0
DA:451,0
DA:452,0
DA:453,0
DA:459,0
DA:473,0
DA:475,0
DA:476,0
DA:477,0
DA:480,0
DA:481,0
DA:482,0
DA:484,0
DA:485,0
DA:486,0
DA:489,0
DA:492,0
DA:493,0
DA:494,0
DA:496,0
DA:499,0
DA:504,0
DA:506,0
DA:507,0
DA:508,0
DA:511,0
DA:512,0
DA:513,0
DA:515,0
DA:516,0
DA:517,0
DA:520,0
DA:522,0
DA:524,0
DA:525,0
DA:554,0
DA:556,0
DA:557,0
DA:560,0
DA:563,0
DA:573,0
DA:574,0
DA:578,0
DA:588,0
DA:597,0
DA:598,0
DA:599,0
DA:600,0
DA:602,0
DA:606,0
DA:610,0
DA:617,0
DA:618,0
DA:620,0
DA:622,0
DA:634,0
DA:652,0
DA:654,0
DA:655,0
DA:658,0
DA:660,0
DA:665,0
DA:667,0
DA:668,0
DA:670,0
DA:672,0
DA:674,0
DA:681,0
DA:682,0
DA:684,0
DA:686,0
DA:691,0
DA:693,0
DA:694,0
DA:696,0
DA:698,0
DA:700,0
DA:710,0
DA:712,0
DA:713,0
DA:715,0
DA:728,0
DA:730,0
DA:731,0
DA:734,0
DA:737,0
DA:742,0
DA:743,0
DA:746,0
DA:747,0
DA:748,0
DA:752,0
DA:758,0
DA:759,0
DA:761,0
DA:762,0
DA:768,0
DA:782,0
DA:784,0
DA:785,0
DA:789,0
DA:794,0
DA:795,0
DA:799,0
DA:807,0
DA:808,0
DA:812,0
DA:821,0
DA:829,0
DA:830,0
DA:833,0
DA:834,0
DA:835,0
DA:836,0
DA:839,0
DA:840,0
DA:841,0
DA:845,0
DA:847,0
DA:856,0
LF:264
LH:0
BRDA:29,0,0,0
BRDA:29,0,1,0
BRDA:29,1,0,0
BRDA:29,1,1,0
BRDA:30,2,0,0
BRDA:30,2,1,0
BRDA:33,3,0,0
BRDA:33,3,1,0
BRDA:36,4,0,0
BRDA:36,4,1,0
BRDA:37,5,0,0
BRDA:37,5,1,0
BRDA:40,6,0,0
BRDA:40,6,1,0
BRDA:40,7,0,0
BRDA:40,7,1,0
BRDA:40,7,2,0
BRDA:43,8,0,0
BRDA:43,8,1,0
BRDA:43,9,0,0
BRDA:43,9,1,0
BRDA:43,9,2,0
BRDA:43,9,3,0
BRDA:60,10,0,0
BRDA:60,10,1,0
BRDA:65,11,0,0
BRDA:65,11,1,0
BRDA:81,12,0,0
BRDA:81,12,1,0
BRDA:87,13,0,0
BRDA:87,13,1,0
BRDA:100,14,0,0
BRDA:100,14,1,0
BRDA:100,14,2,0
BRDA:100,14,3,0
BRDA:100,14,4,0
BRDA:100,14,5,0
BRDA:100,14,6,0
BRDA:100,14,7,0
BRDA:100,14,8,0
BRDA:100,14,9,0
BRDA:124,15,0,0
BRDA:124,15,1,0
BRDA:140,16,0,0
BRDA:140,16,1,0
BRDA:150,17,0,0
BRDA:150,17,1,0
BRDA:175,18,0,0
BRDA:175,18,1,0
BRDA:177,19,0,0
BRDA:177,19,1,0
BRDA:177,20,0,0
BRDA:177,20,1,0
BRDA:181,21,0,0
BRDA:181,21,1,0
BRDA:181,22,0,0
BRDA:181,22,1,0
BRDA:181,22,2,0
BRDA:186,23,0,0
BRDA:186,23,1,0
BRDA:195,24,0,0
BRDA:195,24,1,0
BRDA:200,25,0,0
BRDA:200,25,1,0
BRDA:228,26,0,0
BRDA:228,26,1,0
BRDA:273,27,0,0
BRDA:273,27,1,0
BRDA:275,28,0,0
BRDA:275,28,1,0
BRDA:279,29,0,0
BRDA:279,29,1,0
BRDA:279,30,0,0
BRDA:279,30,1,0
BRDA:283,31,0,0
BRDA:283,31,1,0
BRDA:283,32,0,0
BRDA:283,32,1,0
BRDA:283,32,2,0
BRDA:296,33,0,0
BRDA:296,33,1,0
BRDA:301,34,0,0
BRDA:301,34,1,0
BRDA:303,35,0,0
BRDA:303,35,1,0
BRDA:308,36,0,0
BRDA:308,36,1,0
BRDA:308,36,2,0
BRDA:313,37,0,0
BRDA:313,37,1,0
BRDA:315,38,0,0
BRDA:315,38,1,0
BRDA:321,39,0,0
BRDA:321,39,1,0
BRDA:339,40,0,0
BRDA:339,40,1,0
BRDA:390,41,0,0
BRDA:390,41,1,0
BRDA:392,42,0,0
BRDA:392,42,1,0
BRDA:403,43,0,0
BRDA:403,43,1,0
BRDA:408,44,0,0
BRDA:408,44,1,0
BRDA:436,45,0,0
BRDA:437,46,0,0
BRDA:442,47,0,0
BRDA:442,47,1,0
BRDA:447,48,0,0
BRDA:447,48,1,0
BRDA:452,49,0,0
BRDA:452,49,1,0
BRDA:475,50,0,0
BRDA:475,50,1,0
BRDA:475,51,0,0
BRDA:475,51,1,0
BRDA:480,52,0,0
BRDA:480,52,1,0
BRDA:484,53,0,0
BRDA:484,53,1,0
BRDA:506,54,0,0
BRDA:506,54,1,0
BRDA:506,55,0,0
BRDA:506,55,1,0
BRDA:511,56,0,0
BRDA:511,56,1,0
BRDA:515,57,0,0
BRDA:515,57,1,0
BRDA:537,58,0,0
BRDA:537,58,1,0
BRDA:554,59,0,0
BRDA:554,59,1,0
BRDA:556,60,0,0
BRDA:556,60,1,0
BRDA:573,61,0,0
BRDA:573,61,1,0
BRDA:599,62,0,0
BRDA:599,62,1,0
BRDA:606,63,0,0
BRDA:606,63,1,0
BRDA:639,64,0,0
BRDA:639,64,1,0
BRDA:640,65,0,0
BRDA:640,65,1,0
BRDA:652,66,0,0
BRDA:652,66,1,0
BRDA:654,67,0,0
BRDA:654,67,1,0
BRDA:665,68,0,0
BRDA:665,68,1,0
BRDA:668,69,0,0
BRDA:668,69,1,0
BRDA:670,70,0,0
BRDA:670,70,1,0
BRDA:681,71,0,0
BRDA:681,71,1,0
BRDA:682,72,0,0
BRDA:682,72,1,0
BRDA:691,73,0,0
BRDA:691,73,1,0
BRDA:694,74,0,0
BRDA:694,74,1,0
BRDA:696,75,0,0
BRDA:696,75,1,0
BRDA:710,76,0,0
BRDA:710,76,1,0
BRDA:713,77,0,0
BRDA:713,77,1,0
BRDA:717,78,0,0
BRDA:717,78,1,0
BRDA:728,79,0,0
BRDA:728,79,1,0
BRDA:730,80,0,0
BRDA:730,80,1,0
BRDA:742,81,0,0
BRDA:742,81,1,0
BRDA:747,82,0,0
BRDA:747,82,1,0
BRDA:758,83,0,0
BRDA:758,83,1,0
BRDA:782,84,0,0
BRDA:782,84,1,0
BRDA:784,85,0,0
BRDA:784,85,1,0
BRDA:784,86,0,0
BRDA:784,86,1,0
BRDA:794,87,0,0
BRDA:794,87,1,0
BRDA:807,88,0,0
BRDA:807,88,1,0
BRDA:830,89,0,0
BRDA:830,89,1,0
BRDA:835,90,0,0
BRDA:835,90,1,0
BRDA:839,91,0,0
BRDA:839,91,1,0
BRDA:840,92,0,0
BRDA:840,92,1,0
BRDA:852,93,0,0
BRDA:852,93,1,0
BRDA:853,94,0,0
BRDA:853,94,1,0
BRF:202
BRH:0
end_of_record
TN:
SF:functions/meal/utils/db.js
FN:36,query
FN:61,transaction
FN:83,getUserId
FNF:3
FNH:0
FNDA:0,query
FNDA:0,transaction
FNDA:0,getUserId
DA:6,0
DA:10,0
DA:26,0
DA:28,0
DA:37,0
DA:38,0
DA:39,0
DA:40,0
DA:42,0
DA:46,0
DA:47,0
DA:48,0
DA:50,0
DA:51,0
DA:62,0
DA:63,0
DA:64,0
DA:65,0
DA:66,0
DA:67,0
DA:69,0
DA:70,0
DA:71,0
DA:73,0
DA:86,0
DA:87,0
DA:88,0
DA:92,0
DA:93,0
DA:98,0
DA:99,0
DA:100,0
DA:103,0
DA:107,0
DA:108,0
DA:109,0
DA:113,0
DA:114,0
DA:115,0
DA:116,0
DA:118,0
DA:122,0
DA:123,0
DA:127,0
DA:128,0
DA:132,0
DA:133,0
DA:136,0
LF:48
LH:0
BRDA:11,0,0,0
BRDA:11,0,1,0
BRDA:12,1,0,0
BRDA:12,1,1,0
BRDA:13,2,0,0
BRDA:13,2,1,0
BRDA:14,3,0,0
BRDA:14,3,1,0
BRDA:15,4,0,0
BRDA:15,4,1,0
BRDA:36,5,0,0
BRDA:42,6,0,0
BRDA:42,6,1,0
BRDA:42,6,2,0
BRDA:42,6,3,0
BRDA:46,7,0,0
BRDA:46,7,1,0
BRDA:47,8,0,0
BRDA:47,8,1,0
BRDA:86,9,0,0
BRDA:86,9,1,0
BRDA:92,10,0,0
BRDA:92,10,1,0
BRDA:92,11,0,0
BRDA:92,11,1,0
BRDA:98,12,0,0
BRDA:98,12,1,0
BRDA:107,13,0,0
BRDA:107,13,1,0
BRDA:113,14,0,0
BRDA:113,14,1,0
BRDA:114,15,0,0
BRDA:114,15,1,0
BRDA:115,16,0,0
BRDA:115,16,1,0
BRDA:127,17,0,0
BRDA:127,17,1,0
BRF:37
BRH:0
end_of_record
TN:
SF:functions/meal/utils/response.js
FN:12,success
FN:28,error
FN:42,paramError
FN:51,unauthorized
FN:60,notFound
FN:69,serverError
FNF:6
FNH:0
FNDA:0,success
FNDA:0,error
FNDA:0,paramError
FNDA:0,unauthorized
FNDA:0,notFound
FNDA:0,serverError
DA:13,0
DA:29,0
DA:43,0
DA:52,0
DA:61,0
DA:70,0
DA:73,0
LF:7
LH:0
BRDA:12,0,0,0
BRDA:12,1,0,0
BRDA:28,2,0,0
BRDA:28,3,0,0
BRDA:28,4,0,0
BRDA:42,5,0,0
BRDA:51,6,0,0
BRDA:60,7,0,0
BRDA:69,8,0,0
BRF:9
BRH:0
end_of_record
TN:
SF:functions/meal/utils/tag-registry.js
FN:33,(anonymous_0)
FN:35,(anonymous_1)
FN:36,(anonymous_2)
FN:41,isValidTag
FN:45,getTagLabel
FN:50,getCategoryMeta
FN:60,normalizeTagItem
FN:68,parseTagsColumn
FN:88,serializeTagsForDb
FN:96,expandOrderRowsToTagRows
FN:122,mergeTagsIntoList
FN:129,(anonymous_11)
FN:131,(anonymous_12)
FN:138,removeTagFromList
FN:140,(anonymous_14)
FN:144,buildDishTagDisplaysByDishId
FN:147,(anonymous_16)
FN:159,(anonymous_17)
FN:164,(anonymous_18)
FN:177,(anonymous_19)
FN:179,(anonymous_20)
FN:183,(anonymous_21)
FN:206,(anonymous_22)
FNF:23
FNH:0
FNDA:0,(anonymous_0)
FNDA:0,(anonymous_1)
FNDA:0,(anonymous_2)
FNDA:0,isValidTag
FNDA:0,getTagLabel
FNDA:0,getCategoryMeta
FNDA:0,normalizeTagItem
FNDA:0,parseTagsColumn
FNDA:0,serializeTagsForDb
FNDA:0,expandOrderRowsToTagRows
FNDA:0,mergeTagsIntoList
FNDA:0,(anonymous_11)
FNDA:0,(anonymous_12)
FNDA:0,removeTagFromList
FNDA:0,(anonymous_14)
FNDA:0,buildDishTagDisplaysByDishId
FNDA:0,(anonymous_16)
FNDA:0,(anonymous_17)
FNDA:0,(anonymous_18)
FNDA:0,(anonymous_19)
FNDA:0,(anonymous_20)
FNDA:0,(anonymous_21)
FNDA:0,(anonymous_22)
DA:8,0
DA:33,0
DA:34,0
DA:35,0
DA:36,0
DA:37,0
DA:42,0
DA:46,0
DA:47,0
DA:51,0
DA:61,0
DA:62,0
DA:63,0
DA:64,0
DA:65,0
DA:69,0
DA:70,0
DA:71,0
DA:73,0
DA:74,0
DA:75,0
DA:76,0
DA:77,0
DA:79,0
DA:82,0
DA:83,0
DA:85,0
DA:89,0
DA:90,0
DA:97,0
DA:98,0
DA:99,0
DA:100,0
DA:101,0
DA:102,0
DA:103,0
DA:104,0
DA:105,0
DA:114,0
DA:123,0
DA:124,0
DA:125,0
DA:126,0
DA:127,0
DA:128,0
DA:129,0
DA:130,0
DA:131,0
DA:132,0
DA:135,0
DA:139,0
DA:140,0
DA:145,0
DA:147,0
DA:148,0
DA:149,0
DA:150,0
DA:151,0
DA:152,0
DA:153,0
DA:154,0
DA:157,0
DA:158,0
DA:159,0
DA:160,0
DA:161,0
DA:162,0
DA:163,0
DA:164,0
DA:165,0
DA:166,0
DA:176,0
DA:177,0
DA:178,0
DA:179,0
DA:180,0
DA:181,0
DA:182,0
DA:183,0
DA:184,0
DA:185,0
DA:186,0
DA:189,0
DA:190,0
DA:198,0
DA:206,0
DA:207,0
DA:208,0
DA:212,0
DA:215,0
LF:90
LH:0
BRDA:47,0,0,0
BRDA:47,0,1,0
BRDA:51,1,0,0
BRDA:51,1,1,0
BRDA:61,2,0,0
BRDA:61,2,1,0
BRDA:61,3,0,0
BRDA:61,3,1,0
BRDA:62,4,0,0
BRDA:62,4,1,0
BRDA:63,5,0,0
BRDA:63,5,1,0
BRDA:64,6,0,0
BRDA:64,6,1,0
BRDA:64,7,0,0
BRDA:64,7,1,0
BRDA:69,8,0,0
BRDA:69,8,1,0
BRDA:69,9,0,0
BRDA:69,9,1,0
BRDA:70,10,0,0
BRDA:70,10,1,0
BRDA:70,11,0,0
BRDA:70,11,1,0
BRDA:73,12,0,0
BRDA:73,12,1,0
BRDA:76,13,0,0
BRDA:76,13,1,0
BRDA:82,14,0,0
BRDA:82,14,1,0
BRDA:89,15,0,0
BRDA:89,15,1,0
BRDA:98,16,0,0
BRDA:98,16,1,0
BRDA:99,17,0,0
BRDA:99,17,1,0
BRDA:100,18,0,0
BRDA:100,18,1,0
BRDA:101,19,0,0
BRDA:101,19,1,0
BRDA:103,20,0,0
BRDA:103,20,1,0
BRDA:123,21,0,0
BRDA:123,21,1,0
BRDA:124,22,0,0
BRDA:124,22,1,0
BRDA:125,23,0,0
BRDA:125,23,1,0
BRDA:126,24,0,0
BRDA:126,24,1,0
BRDA:127,25,0,0
BRDA:127,25,1,0
BRDA:127,26,0,0
BRDA:127,26,1,0
BRDA:128,27,0,0
BRDA:128,27,1,0
BRDA:131,28,0,0
BRDA:131,28,1,0
BRDA:131,29,0,0
BRDA:131,29,1,0
BRDA:139,30,0,0
BRDA:139,30,1,0
BRDA:140,31,0,0
BRDA:140,31,1,0
BRDA:149,32,0,0
BRDA:149,32,1,0
BRDA:151,33,0,0
BRDA:151,33,1,0
BRDA:153,34,0,0
BRDA:153,34,1,0
BRDA:154,35,0,0
BRDA:154,35,1,0
BRDA:158,36,0,0
BRDA:158,36,1,0
BRDA:160,37,0,0
BRDA:160,37,1,0
BRDA:162,38,0,0
BRDA:162,38,1,0
BRDA:164,39,0,0
BRDA:164,39,1,0
BRDA:165,40,0,0
BRDA:165,40,1,0
BRDA:170,41,0,0
BRDA:170,41,1,0
BRDA:181,42,0,0
BRDA:181,42,1,0
BRDA:185,43,0,0
BRDA:185,43,1,0
BRDA:185,44,0,0
BRDA:185,44,1,0
BRDA:189,45,0,0
BRDA:189,45,1,0
BRDA:201,46,0,0
BRDA:201,46,1,0
BRDA:207,47,0,0
BRDA:207,47,1,0
BRF:96
BRH:0
end_of_record
TN:
SF:functions/menu/index.js
FN:12,checkKitchenMembership
FN:26,(anonymous_1)
FN:50,listMenus
FN:85,(anonymous_3)
FN:95,createMenu
FN:115,(anonymous_5)
FN:143,updateMenu
FN:170,(anonymous_7)
FN:193,deleteMenu
FN:214,getMenu
FNF:10
FNH:0
FNDA:0,checkKitchenMembership
FNDA:0,(anonymous_1)
FNDA:0,listMenus
FNDA:0,(anonymous_3)
FNDA:0,createMenu
FNDA:0,(anonymous_5)
FNDA:0,updateMenu
FNDA:0,(anonymous_7)
FNDA:0,deleteMenu
FNDA:0,getMenu
DA:6,0
DA:7,0
DA:13,0
DA:17,0
DA:19,0
DA:23,0
DA:26,0
DA:27,0
DA:29,0
DA:30,0
DA:32,0
DA:34,0
DA:36,0
DA:38,0
DA:40,0
DA:42,0
DA:45,0
DA:46,0
DA:51,0
DA:52,0
DA:54,0
DA:55,0
DA:59,0
DA:60,0
DA:61,0
DA:64,0
DA:72,0
DA:73,0
DA:81,0
DA:84,0
DA:85,0
DA:96,0
DA:98,0
DA:99,0
DA:100,0
DA:102,0
DA:104,0
DA:105,0
DA:107,0
DA:111,0
DA:112,0
DA:115,0
DA:116,0
DA:121,0
DA:123,0
DA:124,0
DA:130,0
DA:135,0
DA:144,0
DA:146,0
DA:147,0
DA:148,0
DA:150,0
DA:153,0
DA:157,0
DA:159,0
DA:160,0
DA:162,0
DA:166,0
DA:167,0
DA:170,0
DA:171,0
DA:176,0
DA:181,0
DA:182,0
DA:189,0
DA:194,0
DA:195,0
DA:197,0
DA:199,0
DA:203,0
DA:205,0
DA:206,0
DA:208,0
DA:209,0
DA:211,0
DA:215,0
DA:216,0
DA:218,0
DA:220,0
DA:225,0
DA:226,0
DA:228,0
DA:229,0
DA:231,0
DA:240,0
LF:86
LH:0
BRDA:17,0,0,0
BRDA:17,0,1,0
BRDA:23,1,0,0
BRDA:23,1,1,0
BRDA:30,2,0,0
BRDA:30,2,1,0
BRDA:30,2,2,0
BRDA:30,2,3,0
BRDA:30,2,4,0
BRDA:30,2,5,0
BRDA:46,3,0,0
BRDA:46,3,1,0
BRDA:51,4,0,0
BRDA:51,4,1,0
BRDA:54,5,0,0
BRDA:54,5,1,0
BRDA:60,6,0,0
BRDA:60,6,1,0
BRDA:96,7,0,0
BRDA:96,7,1,0
BRDA:98,8,0,0
BRDA:98,8,1,0
BRDA:99,9,0,0
BRDA:99,9,1,0
BRDA:99,10,0,0
BRDA:99,10,1,0
BRDA:100,11,0,0
BRDA:100,11,1,0
BRDA:100,12,0,0
BRDA:100,12,1,0
BRDA:100,12,2,0
BRDA:105,13,0,0
BRDA:105,13,1,0
BRDA:111,14,0,0
BRDA:111,14,1,0
BRDA:144,15,0,0
BRDA:144,15,1,0
BRDA:146,16,0,0
BRDA:146,16,1,0
BRDA:147,17,0,0
BRDA:147,17,1,0
BRDA:147,18,0,0
BRDA:147,18,1,0
BRDA:148,19,0,0
BRDA:148,19,1,0
BRDA:148,20,0,0
BRDA:148,20,1,0
BRDA:148,20,2,0
BRDA:157,21,0,0
BRDA:157,21,1,0
BRDA:160,22,0,0
BRDA:160,22,1,0
BRDA:166,23,0,0
BRDA:166,23,1,0
BRDA:194,24,0,0
BRDA:194,24,1,0
BRDA:195,25,0,0
BRDA:195,25,1,0
BRDA:203,26,0,0
BRDA:203,26,1,0
BRDA:206,27,0,0
BRDA:206,27,1,0
BRDA:215,28,0,0
BRDA:215,28,1,0
BRDA:216,29,0,0
BRDA:216,29,1,0
BRDA:225,30,0,0
BRDA:225,30,1,0
BRDA:229,31,0,0
BRDA:229,31,1,0
BRF:70
BRH:0
end_of_record
TN:
SF:functions/menu/utils/db.js
FN:36,query
FN:61,transaction
FN:83,getUserId
FNF:3
FNH:0
FNDA:0,query
FNDA:0,transaction
FNDA:0,getUserId
DA:6,0
DA:10,0
DA:26,0
DA:28,0
DA:37,0
DA:38,0
DA:39,0
DA:40,0
DA:42,0
DA:46,0
DA:47,0
DA:48,0
DA:50,0
DA:51,0
DA:62,0
DA:63,0
DA:64,0
DA:65,0
DA:66,0
DA:67,0
DA:69,0
DA:70,0
DA:71,0
DA:73,0
DA:86,0
DA:87,0
DA:88,0
DA:92,0
DA:93,0
DA:98,0
DA:99,0
DA:100,0
DA:103,0
DA:107,0
DA:108,0
DA:109,0
DA:113,0
DA:114,0
DA:115,0
DA:116,0
DA:118,0
DA:122,0
DA:123,0
DA:127,0
DA:128,0
DA:132,0
DA:133,0
DA:136,0
LF:48
LH:0
BRDA:11,0,0,0
BRDA:11,0,1,0
BRDA:12,1,0,0
BRDA:12,1,1,0
BRDA:13,2,0,0
BRDA:13,2,1,0
BRDA:14,3,0,0
BRDA:14,3,1,0
BRDA:15,4,0,0
BRDA:15,4,1,0
BRDA:36,5,0,0
BRDA:42,6,0,0
BRDA:42,6,1,0
BRDA:42,6,2,0
BRDA:42,6,3,0
BRDA:46,7,0,0
BRDA:46,7,1,0
BRDA:47,8,0,0
BRDA:47,8,1,0
BRDA:86,9,0,0
BRDA:86,9,1,0
BRDA:92,10,0,0
BRDA:92,10,1,0
BRDA:92,11,0,0
BRDA:92,11,1,0
BRDA:98,12,0,0
BRDA:98,12,1,0
BRDA:107,13,0,0
BRDA:107,13,1,0
BRDA:113,14,0,0
BRDA:113,14,1,0
BRDA:114,15,0,0
BRDA:114,15,1,0
BRDA:115,16,0,0
BRDA:115,16,1,0
BRDA:127,17,0,0
BRDA:127,17,1,0
BRF:37
BRH:0
end_of_record
TN:
SF:functions/menu/utils/response.js
FN:12,success
FN:28,error
FN:42,paramError
FN:51,unauthorized
FN:60,notFound
FN:69,serverError
FNF:6
FNH:0
FNDA:0,success
FNDA:0,error
FNDA:0,paramError
FNDA:0,unauthorized
FNDA:0,notFound
FNDA:0,serverError
DA:13,0
DA:29,0
DA:43,0
DA:52,0
DA:61,0
DA:70,0
DA:73,0
LF:7
LH:0
BRDA:12,0,0,0
BRDA:12,1,0,0
BRDA:28,2,0,0
BRDA:28,3,0,0
BRDA:28,4,0,0
BRDA:42,5,0,0
BRDA:51,6,0,0
BRDA:60,7,0,0
BRDA:69,8,0,0
BRF:9
BRH:0
end_of_record
TN:
SF:functions/order/index.js
FN:19,normalizeTagsPayloadList
FN:42,(anonymous_1)
FN:80,createOrder
FN:93,(anonymous_3)
FN:109,(anonymous_4)
FN:125,(anonymous_5)
FN:164,(anonymous_6)
FN:170,(anonymous_7)
FN:186,cancelOrder
FN:228,listOrdersByMeal
FN:273,(anonymous_10)
FN:278,(anonymous_11)
FN:293,listOrdersByUser
FN:326,(anonymous_13)
FN:348,getMyOrder
FN:382,(anonymous_15)
FN:396,createAnonymousOrder
FN:411,(anonymous_17)
FN:433,(anonymous_18)
FN:467,(anonymous_19)
FN:497,assertMealOpenWithDishTx
FN:511,addDishTags
FN:529,(anonymous_22)
FN:553,removeDishTag
FN:562,(anonymous_24)
FN:583,listMealDishTags
FN:601,(anonymous_26)
FNF:27
FNH:0
FNDA:0,normalizeTagsPayloadList
FNDA:0,(anonymous_1)
FNDA:0,createOrder
FNDA:0,(anonymous_3)
FNDA:0,(anonymous_4)
FNDA:0,(anonymous_5)
FNDA:0,(anonymous_6)
FNDA:0,(anonymous_7)
FNDA:0,cancelOrder
FNDA:0,listOrdersByMeal
FNDA:0,(anonymous_10)
FNDA:0,(anonymous_11)
FNDA:0,listOrdersByUser
FNDA:0,(anonymous_13)
FNDA:0,getMyOrder
FNDA:0,(anonymous_15)
FNDA:0,createAnonymousOrder
FNDA:0,(anonymous_17)
FNDA:0,(anonymous_18)
FNDA:0,(anonymous_19)
FNDA:0,assertMealOpenWithDishTx
FNDA:0,addDishTags
FNDA:0,(anonymous_22)
FNDA:0,removeDishTag
FNDA:0,(anonymous_24)
FNDA:0,listMealDishTags
FNDA:0,(anonymous_26)
DA:6,0
DA:7,0
DA:16,0
DA:20,0
DA:21,0
DA:22,0
DA:24,0
DA:25,0
DA:26,0
DA:27,0
DA:28,0
DA:29,0
DA:31,0
DA:33,0
DA:42,0
DA:43,0
DA:45,0
DA:46,0
DA:48,0
DA:50,0
DA:52,0
DA:54,0
DA:56,0
DA:58,0
DA:60,0
DA:62,0
DA:64,0
DA:66,0
DA:69,0
DA:70,0
DA:81,0
DA:83,0
DA:84,0
DA:87,0
DA:88,0
DA:91,0
DA:93,0
DA:95,0
DA:100,0
DA:101,0
DA:104,0
DA:105,0
DA:109,0
DA:110,0
DA:116,0
DA:117,0
DA:120,0
DA:124,0
DA:125,0
DA:126,0
DA:130,0
DA:136,0
DA:142,0
DA:143,0
DA:144,0
DA:145,0
DA:146,0
DA:147,0
DA:149,0
DA:151,0
DA:152,0
DA:156,0
DA:160,0
DA:164,0
DA:168,0
DA:170,0
DA:187,0
DA:189,0
DA:190,0
DA:193,0
DA:196,0
DA:201,0
DA:202,0
DA:205,0
DA:206,0
DA:210,0
DA:215,0
DA:216,0
DA:219,0
DA:229,0
DA:231,0
DA:232,0
DA:235,0
DA:238,0
DA:240,0
DA:241,0
DA:245,0
DA:262,0
DA:270,0
DA:273,0
DA:278,0
DA:294,0
DA:295,0
DA:297,0
DA:300,0
DA:320,0
DA:325,0
DA:326,0
DA:349,0
DA:351,0
DA:352,0
DA:355,0
DA:358,0
DA:371,0
DA:372,0
DA:379,0
DA:382,0
DA:397,0
DA:399,0
DA:400,0
DA:403,0
DA:404,0
DA:407,0
DA:408,0
DA:411,0
DA:413,0
DA:418,0
DA:419,0
DA:423,0
DA:428,0
DA:429,0
DA:433,0
DA:434,0
DA:440,0
DA:441,0
DA:445,0
DA:446,0
DA:452,0
DA:453,0
DA:457,0
DA:459,0
DA:462,0
DA:466,0
DA:467,0
DA:468,0
DA:472,0
DA:478,0
DA:479,0
DA:480,0
DA:481,0
DA:482,0
DA:486,0
DA:489,0
DA:498,0
DA:499,0
DA:500,0
DA:501,0
DA:505,0
DA:512,0
DA:513,0
DA:514,0
DA:516,0
DA:517,0
DA:518,0
DA:519,0
DA:520,0
DA:521,0
DA:523,0
DA:526,0
DA:528,0
DA:529,0
DA:530,0
DA:532,0
DA:536,0
DA:537,0
DA:540,0
DA:541,0
DA:542,0
DA:543,0
DA:545,0
DA:548,0
DA:549,0
DA:554,0
DA:555,0
DA:556,0
DA:557,0
DA:559,0
DA:561,0
DA:562,0
DA:563,0
DA:564,0
DA:568,0
DA:569,0
DA:571,0
DA:572,0
DA:573,0
DA:574,0
DA:575,0
DA:578,0
DA:579,0
DA:584,0
DA:585,0
DA:587,0
DA:588,0
DA:589,0
DA:591,0
DA:598,0
DA:599,0
DA:600,0
DA:601,0
DA:602,0
DA:605,0
LF:202
LH:0
BRDA:20,0,0,0
BRDA:20,0,1,0
BRDA:21,1,0,0
BRDA:21,1,1,0
BRDA:26,2,0,0
BRDA:26,2,1,0
BRDA:27,3,0,0
BRDA:27,3,1,0
BRDA:28,4,0,0
BRDA:28,4,1,0
BRDA:28,5,0,0
BRDA:28,5,1,0
BRDA:28,5,2,0
BRDA:46,6,0,0
BRDA:46,6,1,0
BRDA:46,6,2,0
BRDA:46,6,3,0
BRDA:46,6,4,0
BRDA:46,6,5,0
BRDA:46,6,6,0
BRDA:46,6,7,0
BRDA:46,6,8,0
BRDA:46,6,9,0
BRDA:70,7,0,0
BRDA:70,7,1,0
BRDA:81,8,0,0
BRDA:81,8,1,0
BRDA:83,9,0,0
BRDA:83,9,1,0
BRDA:87,10,0,0
BRDA:87,10,1,0
BRDA:87,11,0,0
BRDA:87,11,1,0
BRDA:87,11,2,0
BRDA:100,12,0,0
BRDA:100,12,1,0
BRDA:104,13,0,0
BRDA:104,13,1,0
BRDA:116,14,0,0
BRDA:116,14,1,0
BRDA:130,15,0,0
BRDA:130,15,1,0
BRDA:130,15,2,0
BRDA:130,15,3,0
BRDA:145,16,0,0
BRDA:145,16,1,0
BRDA:146,17,0,0
BRDA:146,17,1,0
BRDA:147,18,0,0
BRDA:147,18,1,0
BRDA:151,19,0,0
BRDA:151,19,1,0
BRDA:187,20,0,0
BRDA:187,20,1,0
BRDA:189,21,0,0
BRDA:189,21,1,0
BRDA:201,22,0,0
BRDA:201,22,1,0
BRDA:205,23,0,0
BRDA:205,23,1,0
BRDA:215,24,0,0
BRDA:215,24,1,0
BRDA:229,25,0,0
BRDA:229,25,1,0
BRDA:231,26,0,0
BRDA:231,26,1,0
BRDA:240,27,0,0
BRDA:240,27,1,0
BRDA:282,28,0,0
BRDA:282,28,1,0
BRDA:294,29,0,0
BRDA:294,30,0,0
BRDA:294,31,0,0
BRDA:294,31,1,0
BRDA:349,32,0,0
BRDA:349,32,1,0
BRDA:351,33,0,0
BRDA:351,33,1,0
BRDA:371,34,0,0
BRDA:371,34,1,0
BRDA:397,35,0,0
BRDA:397,35,1,0
BRDA:399,36,0,0
BRDA:399,36,1,0
BRDA:399,37,0,0
BRDA:399,37,1,0
BRDA:399,37,2,0
BRDA:399,37,3,0
BRDA:403,38,0,0
BRDA:403,38,1,0
BRDA:407,39,0,0
BRDA:407,39,1,0
BRDA:407,40,0,0
BRDA:407,40,1,0
BRDA:418,41,0,0
BRDA:418,41,1,0
BRDA:428,42,0,0
BRDA:428,42,1,0
BRDA:440,43,0,0
BRDA:440,43,1,0
BRDA:452,44,0,0
BRDA:452,44,1,0
BRDA:481,45,0,0
BRDA:481,45,1,0
BRDA:499,46,0,0
BRDA:499,46,1,0
BRDA:500,47,0,0
BRDA:500,47,1,0
BRDA:505,48,0,0
BRDA:505,48,1,0
BRDA:512,49,0,0
BRDA:512,49,1,0
BRDA:513,50,0,0
BRDA:513,50,1,0
BRDA:513,51,0,0
BRDA:513,51,1,0
BRDA:514,52,0,0
BRDA:514,52,1,0
BRDA:514,53,0,0
BRDA:514,53,1,0
BRDA:514,53,2,0
BRDA:518,54,0,0
BRDA:518,54,1,0
BRDA:519,55,0,0
BRDA:519,55,1,0
BRDA:520,56,0,0
BRDA:520,56,1,0
BRDA:520,57,0,0
BRDA:520,57,1,0
BRDA:520,57,2,0
BRDA:536,58,0,0
BRDA:536,58,1,0
BRDA:542,59,0,0
BRDA:542,59,1,0
BRDA:549,60,0,0
BRDA:549,60,1,0
BRDA:554,61,0,0
BRDA:554,61,1,0
BRDA:555,62,0,0
BRDA:555,62,1,0
BRDA:556,63,0,0
BRDA:556,63,1,0
BRDA:556,64,0,0
BRDA:556,64,1,0
BRDA:556,64,2,0
BRDA:556,64,3,0
BRDA:557,65,0,0
BRDA:557,65,1,0
BRDA:568,66,0,0
BRDA:568,66,1,0
BRDA:573,67,0,0
BRDA:573,67,1,0
BRDA:579,68,0,0
BRDA:579,68,1,0
BRDA:584,69,0,0
BRDA:584,69,1,0
BRDA:585,70,0,0
BRDA:585,70,1,0
BRDA:589,71,0,0
BRDA:589,71,1,0
BRF:160
BRH:0
end_of_record
TN:
SF:functions/order/utils/db.js
FN:36,query
FN:61,transaction
FN:83,getUserId
FNF:3
FNH:0
FNDA:0,query
FNDA:0,transaction
FNDA:0,getUserId
DA:6,0
DA:10,0
DA:26,0
DA:28,0
DA:37,0
DA:38,0
DA:39,0
DA:40,0
DA:42,0
DA:46,0
DA:47,0
DA:48,0
DA:50,0
DA:51,0
DA:62,0
DA:63,0
DA:64,0
DA:65,0
DA:66,0
DA:67,0
DA:69,0
DA:70,0
DA:71,0
DA:73,0
DA:86,0
DA:87,0
DA:88,0
DA:92,0
DA:93,0
DA:98,0
DA:99,0
DA:100,0
DA:103,0
DA:107,0
DA:108,0
DA:109,0
DA:113,0
DA:114,0
DA:115,0
DA:116,0
DA:118,0
DA:122,0
DA:123,0
DA:127,0
DA:128,0
DA:132,0
DA:133,0
DA:136,0
LF:48
LH:0
BRDA:11,0,0,0
BRDA:11,0,1,0
BRDA:12,1,0,0
BRDA:12,1,1,0
BRDA:13,2,0,0
BRDA:13,2,1,0
BRDA:14,3,0,0
BRDA:14,3,1,0
BRDA:15,4,0,0
BRDA:15,4,1,0
BRDA:36,5,0,0
BRDA:42,6,0,0
BRDA:42,6,1,0
BRDA:42,6,2,0
BRDA:42,6,3,0
BRDA:46,7,0,0
BRDA:46,7,1,0
BRDA:47,8,0,0
BRDA:47,8,1,0
BRDA:86,9,0,0
BRDA:86,9,1,0
BRDA:92,10,0,0
BRDA:92,10,1,0
BRDA:92,11,0,0
BRDA:92,11,1,0
BRDA:98,12,0,0
BRDA:98,12,1,0
BRDA:107,13,0,0
BRDA:107,13,1,0
BRDA:113,14,0,0
BRDA:113,14,1,0
BRDA:114,15,0,0
BRDA:114,15,1,0
BRDA:115,16,0,0
BRDA:115,16,1,0
BRDA:127,17,0,0
BRDA:127,17,1,0
BRF:37
BRH:0
end_of_record
TN:
SF:functions/order/utils/response.js
FN:12,success
FN:28,error
FN:42,paramError
FN:51,unauthorized
FN:60,notFound
FN:69,serverError
FNF:6
FNH:0
FNDA:0,success
FNDA:0,error
FNDA:0,paramError
FNDA:0,unauthorized
FNDA:0,notFound
FNDA:0,serverError
DA:13,0
DA:29,0
DA:43,0
DA:52,0
DA:61,0
DA:70,0
DA:73,0
LF:7
LH:0
BRDA:12,0,0,0
BRDA:12,1,0,0
BRDA:28,2,0,0
BRDA:28,3,0,0
BRDA:28,4,0,0
BRDA:42,5,0,0
BRDA:51,6,0,0
BRDA:60,7,0,0
BRDA:69,8,0,0
BRF:9
BRH:0
end_of_record
TN:
SF:functions/order/utils/tag-registry.js
FN:33,(anonymous_0)
FN:35,(anonymous_1)
FN:36,(anonymous_2)
FN:41,isValidTag
FN:45,getTagLabel
FN:50,getCategoryMeta
FN:60,normalizeTagItem
FN:68,parseTagsColumn
FN:88,serializeTagsForDb
FN:96,expandOrderRowsToTagRows
FN:122,mergeTagsIntoList
FN:129,(anonymous_11)
FN:131,(anonymous_12)
FN:138,removeTagFromList
FN:140,(anonymous_14)
FN:144,buildDishTagDisplaysByDishId
FN:147,(anonymous_16)
FN:159,(anonymous_17)
FN:164,(anonymous_18)
FN:177,(anonymous_19)
FN:179,(anonymous_20)
FN:183,(anonymous_21)
FN:206,(anonymous_22)
FNF:23
FNH:0
FNDA:0,(anonymous_0)
FNDA:0,(anonymous_1)
FNDA:0,(anonymous_2)
FNDA:0,isValidTag
FNDA:0,getTagLabel
FNDA:0,getCategoryMeta
FNDA:0,normalizeTagItem
FNDA:0,parseTagsColumn
FNDA:0,serializeTagsForDb
FNDA:0,expandOrderRowsToTagRows
FNDA:0,mergeTagsIntoList
FNDA:0,(anonymous_11)
FNDA:0,(anonymous_12)
FNDA:0,removeTagFromList
FNDA:0,(anonymous_14)
FNDA:0,buildDishTagDisplaysByDishId
FNDA:0,(anonymous_16)
FNDA:0,(anonymous_17)
FNDA:0,(anonymous_18)
FNDA:0,(anonymous_19)
FNDA:0,(anonymous_20)
FNDA:0,(anonymous_21)
FNDA:0,(anonymous_22)
DA:8,0
DA:33,0
DA:34,0
DA:35,0
DA:36,0
DA:37,0
DA:42,0
DA:46,0
DA:47,0
DA:51,0
DA:61,0
DA:62,0
DA:63,0
DA:64,0
DA:65,0
DA:69,0
DA:70,0
DA:71,0
DA:73,0
DA:74,0
DA:75,0
DA:76,0
DA:77,0
DA:79,0
DA:82,0
DA:83,0
DA:85,0
DA:89,0
DA:90,0
DA:97,0
DA:98,0
DA:99,0
DA:100,0
DA:101,0
DA:102,0
DA:103,0
DA:104,0
DA:105,0
DA:114,0
DA:123,0
DA:124,0
DA:125,0
DA:126,0
DA:127,0
DA:128,0
DA:129,0
DA:130,0
DA:131,0
DA:132,0
DA:135,0
DA:139,0
DA:140,0
DA:145,0
DA:147,0
DA:148,0
DA:149,0
DA:150,0
DA:151,0
DA:152,0
DA:153,0
DA:154,0
DA:157,0
DA:158,0
DA:159,0
DA:160,0
DA:161,0
DA:162,0
DA:163,0
DA:164,0
DA:165,0
DA:166,0
DA:176,0
DA:177,0
DA:178,0
DA:179,0
DA:180,0
DA:181,0
DA:182,0
DA:183,0
DA:184,0
DA:185,0
DA:186,0
DA:189,0
DA:190,0
DA:198,0
DA:206,0
DA:207,0
DA:208,0
DA:212,0
DA:215,0
LF:90
LH:0
BRDA:47,0,0,0
BRDA:47,0,1,0
BRDA:51,1,0,0
BRDA:51,1,1,0
BRDA:61,2,0,0
BRDA:61,2,1,0
BRDA:61,3,0,0
BRDA:61,3,1,0
BRDA:62,4,0,0
BRDA:62,4,1,0
BRDA:63,5,0,0
BRDA:63,5,1,0
BRDA:64,6,0,0
BRDA:64,6,1,0
BRDA:64,7,0,0
BRDA:64,7,1,0
BRDA:69,8,0,0
BRDA:69,8,1,0
BRDA:69,9,0,0
BRDA:69,9,1,0
BRDA:70,10,0,0
BRDA:70,10,1,0
BRDA:70,11,0,0
BRDA:70,11,1,0
BRDA:73,12,0,0
BRDA:73,12,1,0
BRDA:76,13,0,0
BRDA:76,13,1,0
BRDA:82,14,0,0
BRDA:82,14,1,0
BRDA:89,15,0,0
BRDA:89,15,1,0
BRDA:98,16,0,0
BRDA:98,16,1,0
BRDA:99,17,0,0
BRDA:99,17,1,0
BRDA:100,18,0,0
BRDA:100,18,1,0
BRDA:101,19,0,0
BRDA:101,19,1,0
BRDA:103,20,0,0
BRDA:103,20,1,0
BRDA:123,21,0,0
BRDA:123,21,1,0
BRDA:124,22,0,0
BRDA:124,22,1,0
BRDA:125,23,0,0
BRDA:125,23,1,0
BRDA:126,24,0,0
BRDA:126,24,1,0
BRDA:127,25,0,0
BRDA:127,25,1,0
BRDA:127,26,0,0
BRDA:127,26,1,0
BRDA:128,27,0,0
BRDA:128,27,1,0
BRDA:131,28,0,0
BRDA:131,28,1,0
BRDA:131,29,0,0
BRDA:131,29,1,0
BRDA:139,30,0,0
BRDA:139,30,1,0
BRDA:140,31,0,0
BRDA:140,31,1,0
BRDA:149,32,0,0
BRDA:149,32,1,0
BRDA:151,33,0,0
BRDA:151,33,1,0
BRDA:153,34,0,0
BRDA:153,34,1,0
BRDA:154,35,0,0
BRDA:154,35,1,0
BRDA:158,36,0,0
BRDA:158,36,1,0
BRDA:160,37,0,0
BRDA:160,37,1,0
BRDA:162,38,0,0
BRDA:162,38,1,0
BRDA:164,39,0,0
BRDA:164,39,1,0
BRDA:165,40,0,0
BRDA:165,40,1,0
BRDA:170,41,0,0
BRDA:170,41,1,0
BRDA:181,42,0,0
BRDA:181,42,1,0
BRDA:185,43,0,0
BRDA:185,43,1,0
BRDA:185,44,0,0
BRDA:185,44,1,0
BRDA:189,45,0,0
BRDA:189,45,1,0
BRDA:201,46,0,0
BRDA:201,46,1,0
BRDA:207,47,0,0
BRDA:207,47,1,0
BRF:96
BRH:0
end_of_record
TN:
SF:functions/user/index.js
FN:15,(anonymous_0)
FN:41,login
FN:136,updateUser
FN:194,getUser
FNF:4
FNH:0
FNDA:0,(anonymous_0)
FNDA:0,login
FNDA:0,updateUser
FNDA:0,getUser
DA:6,0
DA:7,0
DA:15,0
DA:16,0
DA:18,0
DA:19,0
DA:21,0
DA:23,0
DA:25,0
DA:27,0
DA:30,0
DA:31,0
DA:42,0
DA:44,0
DA:47,0
DA:48,0
DA:51,0
DA:54,0
DA:55,0
DA:58,0
DA:61,0
DA:66,0
DA:68,0
DA:69,0
DA:71,0
DA:76,0
DA:82,0
DA:88,0
DA:89,0
DA:90,0
DA:92,0
DA:93,0
DA:94,0
DA:97,0
DA:98,0
DA:99,0
DA:102,0
DA:103,0
DA:104,0
DA:110,0
DA:118,0
DA:119,0
DA:122,0
DA:137,0
DA:138,0
DA:141,0
DA:146,0
DA:147,0
DA:150,0
DA:151,0
DA:153,0
DA:154,0
DA:155,0
DA:158,0
DA:159,0
DA:160,0
DA:163,0
DA:164,0
DA:167,0
DA:169,0
DA:175,0
DA:180,0
DA:195,0
DA:197,0
DA:202,0
DA:203,0
DA:206,0
LF:67
LH:0
BRDA:19,0,0,0
BRDA:19,0,1,0
BRDA:19,0,2,0
BRDA:19,0,3,0
BRDA:31,1,0,0
BRDA:31,1,1,0
BRDA:42,2,0,0
BRDA:42,2,1,0
BRDA:44,3,0,0
BRDA:44,3,1,0
BRDA:44,4,0,0
BRDA:44,4,1,0
BRDA:48,5,0,0
BRDA:48,5,1,0
BRDA:48,6,0,0
BRDA:48,6,1,0
BRDA:54,7,0,0
BRDA:54,7,1,0
BRDA:66,8,0,0
BRDA:66,8,1,0
BRDA:68,9,0,0
BRDA:68,9,1,0
BRDA:69,10,0,0
BRDA:69,10,1,0
BRDA:88,11,0,0
BRDA:88,11,1,0
BRDA:92,12,0,0
BRDA:92,12,1,0
BRDA:97,13,0,0
BRDA:97,13,1,0
BRDA:102,14,0,0
BRDA:102,14,1,0
BRDA:118,15,0,0
BRDA:118,15,1,0
BRDA:137,16,0,0
BRDA:137,16,1,0
BRDA:146,17,0,0
BRDA:146,17,1,0
BRDA:153,18,0,0
BRDA:153,18,1,0
BRDA:158,19,0,0
BRDA:158,19,1,0
BRDA:163,20,0,0
BRDA:163,20,1,0
BRDA:202,21,0,0
BRDA:202,21,1,0
BRF:46
BRH:0
end_of_record
TN:
SF:functions/user/utils/db.js
FN:36,query
FN:61,transaction
FN:83,getUserId
FNF:3
FNH:0
FNDA:0,query
FNDA:0,transaction
FNDA:0,getUserId
DA:6,0
DA:10,0
DA:26,0
DA:28,0
DA:37,0
DA:38,0
DA:39,0
DA:40,0
DA:42,0
DA:46,0
DA:47,0
DA:48,0
DA:50,0
DA:51,0
DA:62,0
DA:63,0
DA:64,0
DA:65,0
DA:66,0
DA:67,0
DA:69,0
DA:70,0
DA:71,0
DA:73,0
DA:86,0
DA:87,0
DA:88,0
DA:92,0
DA:93,0
DA:98,0
DA:99,0
DA:100,0
DA:103,0
DA:107,0
DA:108,0
DA:109,0
DA:113,0
DA:114,0
DA:115,0
DA:116,0
DA:118,0
DA:122,0
DA:123,0
DA:127,0
DA:128,0
DA:132,0
DA:133,0
DA:136,0
LF:48
LH:0
BRDA:11,0,0,0
BRDA:11,0,1,0
BRDA:12,1,0,0
BRDA:12,1,1,0
BRDA:13,2,0,0
BRDA:13,2,1,0
BRDA:14,3,0,0
BRDA:14,3,1,0
BRDA:15,4,0,0
BRDA:15,4,1,0
BRDA:36,5,0,0
BRDA:42,6,0,0
BRDA:42,6,1,0
BRDA:42,6,2,0
BRDA:42,6,3,0
BRDA:46,7,0,0
BRDA:46,7,1,0
BRDA:47,8,0,0
BRDA:47,8,1,0
BRDA:86,9,0,0
BRDA:86,9,1,0
BRDA:92,10,0,0
BRDA:92,10,1,0
BRDA:92,11,0,0
BRDA:92,11,1,0
BRDA:98,12,0,0
BRDA:98,12,1,0
BRDA:107,13,0,0
BRDA:107,13,1,0
BRDA:113,14,0,0
BRDA:113,14,1,0
BRDA:114,15,0,0
BRDA:114,15,1,0
BRDA:115,16,0,0
BRDA:115,16,1,0
BRDA:127,17,0,0
BRDA:127,17,1,0
BRF:37
BRH:0
end_of_record
TN:
SF:functions/user/utils/response.js
FN:12,success
FN:28,error
FN:42,paramError
FN:51,unauthorized
FN:60,notFound
FN:69,serverError
FNF:6
FNH:0
FNDA:0,success
FNDA:0,error
FNDA:0,paramError
FNDA:0,unauthorized
FNDA:0,notFound
FNDA:0,serverError
DA:13,0
DA:29,0
DA:43,0
DA:52,0
DA:61,0
DA:70,0
DA:73,0
LF:7
LH:0
BRDA:12,0,0,0
BRDA:12,1,0,0
BRDA:28,2,0,0
BRDA:28,3,0,0
BRDA:28,4,0,0
BRDA:42,5,0,0
BRDA:51,6,0,0
BRDA:60,7,0,0
BRDA:69,8,0,0
BRF:9
BRH:0
end_of_record
TN:
SF:functions/utils/db.js
FN:35,query
FN:51,transaction
FN:72,getUserId
FNF:3
FNH:0
FNDA:0,query
FNDA:0,transaction
FNDA:0,getUserId
DA:6,0
DA:10,0
DA:27,0
DA:36,0
DA:38,0
DA:39,0
DA:41,0
DA:42,0
DA:52,0
DA:53,0
DA:54,0
DA:55,0
DA:56,0
DA:57,0
DA:59,0
DA:60,0
DA:61,0
DA:63,0
DA:75,0
DA:76,0
DA:77,0
DA:81,0
DA:82,0
DA:86,0
DA:87,0
DA:91,0
DA:92,0
DA:95,0
LF:28
LH:0
BRDA:11,0,0,0
BRDA:11,0,1,0
BRDA:12,1,0,0
BRDA:12,1,1,0
BRDA:13,2,0,0
BRDA:13,2,1,0
BRDA:14,3,0,0
BRDA:14,3,1,0
BRDA:15,4,0,0
BRDA:15,4,1,0
BRDA:35,5,0,0
BRDA:75,6,0,0
BRDA:75,6,1,0
BRDA:81,7,0,0
BRDA:81,7,1,0
BRDA:86,8,0,0
BRDA:86,8,1,0
BRDA:86,9,0,0
BRDA:86,9,1,0
BRF:19
BRH:0
end_of_record
TN:
SF:functions/utils/response.js
FN:12,success
FN:28,error
FN:42,paramError
FN:51,unauthorized
FN:60,notFound
FN:69,serverError
FNF:6
FNH:3
FNDA:13,success
FNDA:5,error
FNDA:1,paramError
FNDA:0,unauthorized
FNDA:0,notFound
FNDA:0,serverError
DA:13,13
DA:29,5
DA:43,1
DA:52,0
DA:61,0
DA:70,0
DA:73,1
LF:7
LH:4
BRDA:12,0,0,0
BRDA:12,1,0,4
BRDA:28,2,0,0
BRDA:28,3,0,4
BRDA:28,4,0,5
BRDA:42,5,0,0
BRDA:51,6,0,0
BRDA:60,7,0,0
BRDA:69,8,0,0
BRF:9
BRH:3
end_of_record
