{"/Users/sansi/projects/what-to-eat/pages/dish-list/dish-list.js": {"path":"/Users/sansi/projects/what-to-eat/pages/dish-list/dish-list.js","statementMap":{"0":{"start":{"line":2,"column":16},"end":{"line":2,"column":51}},"1":{"start":{"line":3,"column":35},"end":{"line":3,"column":73}},"2":{"start":{"line":4,"column":28},"end":{"line":4,"column":64}},"3":{"start":{"line":6,"column":0},"end":{"line":345,"column":2}},"4":{"start":{"line":26,"column":4},"end":{"line":26,"column":21}},"5":{"start":{"line":30,"column":4},"end":{"line":30,"column":21}},"6":{"start":{"line":35,"column":4},"end":{"line":37,"column":6}},"7":{"start":{"line":36,"column":6},"end":{"line":36,"column":23}},"8":{"start":{"line":42,"column":4},"end":{"line":52,"column":6}},"9":{"start":{"line":53,"column":4},"end":{"line":53,"column":32}},"10":{"start":{"line":57,"column":27},"end":{"line":57,"column":61}},"11":{"start":{"line":58,"column":4},"end":{"line":65,"column":5}},"12":{"start":{"line":59,"column":6},"end":{"line":63,"column":8}},"13":{"start":{"line":64,"column":6},"end":{"line":64,"column":12}},"14":{"start":{"line":66,"column":4},"end":{"line":85,"column":5}},"15":{"start":{"line":67,"column":18},"end":{"line":67,"column":56}},"16":{"start":{"line":68,"column":19},"end":{"line":68,"column":52}},"17":{"start":{"line":69,"column":6},"end":{"line":77,"column":8}},"18":{"start":{"line":70,"column":41},"end":{"line":74,"column":9}},"19":{"start":{"line":79,"column":6},"end":{"line":79,"column":33}},"20":{"start":{"line":80,"column":6},"end":{"line":84,"column":8}},"21":{"start":{"line":89,"column":4},"end":{"line":89,"column":56}},"22":{"start":{"line":89,"column":50},"end":{"line":89,"column":56}},"23":{"start":{"line":90,"column":4},"end":{"line":92,"column":6}},"24":{"start":{"line":98,"column":15},"end":{"line":98,"column":49}},"25":{"start":{"line":99,"column":4},"end":{"line":99,"column":19}},"26":{"start":{"line":99,"column":13},"end":{"line":99,"column":19}},"27":{"start":{"line":100,"column":27},"end":{"line":102,"column":5}},"28":{"start":{"line":101,"column":6},"end":{"line":101,"column":53}},"29":{"start":{"line":103,"column":4},"end":{"line":106,"column":6}},"30":{"start":{"line":105,"column":54},"end":{"line":105,"column":63}},"31":{"start":{"line":110,"column":15},"end":{"line":110,"column":49}},"32":{"start":{"line":111,"column":4},"end":{"line":111,"column":19}},"33":{"start":{"line":111,"column":13},"end":{"line":111,"column":19}},"34":{"start":{"line":112,"column":27},"end":{"line":114,"column":5}},"35":{"start":{"line":113,"column":6},"end":{"line":113,"column":48}},"36":{"start":{"line":115,"column":4},"end":{"line":118,"column":6}},"37":{"start":{"line":117,"column":54},"end":{"line":117,"column":63}},"38":{"start":{"line":123,"column":19},"end":{"line":123,"column":45}},"39":{"start":{"line":124,"column":17},"end":{"line":124,"column":60}},"40":{"start":{"line":124,"column":44},"end":{"line":124,"column":59}},"41":{"start":{"line":125,"column":4},"end":{"line":128,"column":5}},"42":{"start":{"line":126,"column":6},"end":{"line":126,"column":52}},"43":{"start":{"line":127,"column":6},"end":{"line":127,"column":12}},"44":{"start":{"line":130,"column":4},"end":{"line":140,"column":6}},"45":{"start":{"line":145,"column":4},"end":{"line":155,"column":6}},"46":{"start":{"line":160,"column":4},"end":{"line":160,"column":51}},"47":{"start":{"line":165,"column":4},"end":{"line":165,"column":58}},"48":{"start":{"line":170,"column":4},"end":{"line":197,"column":6}},"49":{"start":{"line":176,"column":21},"end":{"line":176,"column":54}},"50":{"start":{"line":177,"column":8},"end":{"line":177,"column":47}},"51":{"start":{"line":177,"column":41},"end":{"line":177,"column":47}},"52":{"start":{"line":180,"column":8},"end":{"line":183,"column":9}},"53":{"start":{"line":181,"column":10},"end":{"line":181,"column":60}},"54":{"start":{"line":182,"column":10},"end":{"line":182,"column":16}},"55":{"start":{"line":185,"column":8},"end":{"line":195,"column":9}},"56":{"start":{"line":186,"column":10},"end":{"line":186,"column":50}},"57":{"start":{"line":187,"column":31},"end":{"line":187,"column":71}},"58":{"start":{"line":188,"column":10},"end":{"line":188,"column":61}},"59":{"start":{"line":189,"column":10},"end":{"line":189,"column":58}},"60":{"start":{"line":191,"column":10},"end":{"line":191,"column":41}},"61":{"start":{"line":192,"column":10},"end":{"line":192,"column":55}},"62":{"start":{"line":194,"column":10},"end":{"line":194,"column":51}},"63":{"start":{"line":201,"column":4},"end":{"line":201,"column":38}},"64":{"start":{"line":206,"column":93},"end":{"line":206,"column":102}},"65":{"start":{"line":207,"column":24},"end":{"line":207,"column":52}},"66":{"start":{"line":208,"column":31},"end":{"line":208,"column":66}},"67":{"start":{"line":210,"column":4},"end":{"line":213,"column":5}},"68":{"start":{"line":211,"column":6},"end":{"line":211,"column":54}},"69":{"start":{"line":212,"column":6},"end":{"line":212,"column":12}},"70":{"start":{"line":215,"column":4},"end":{"line":218,"column":5}},"71":{"start":{"line":216,"column":6},"end":{"line":216,"column":56}},"72":{"start":{"line":217,"column":6},"end":{"line":217,"column":12}},"73":{"start":{"line":220,"column":4},"end":{"line":223,"column":5}},"74":{"start":{"line":221,"column":6},"end":{"line":221,"column":54}},"75":{"start":{"line":222,"column":6},"end":{"line":222,"column":12}},"76":{"start":{"line":225,"column":22},"end":{"line":227,"column":5}},"77":{"start":{"line":226,"column":6},"end":{"line":226,"column":54}},"78":{"start":{"line":228,"column":4},"end":{"line":231,"column":5}},"79":{"start":{"line":229,"column":6},"end":{"line":229,"column":55}},"80":{"start":{"line":230,"column":6},"end":{"line":230,"column":12}},"81":{"start":{"line":233,"column":4},"end":{"line":286,"column":5}},"82":{"start":{"line":234,"column":6},"end":{"line":279,"column":7}},"83":{"start":{"line":235,"column":8},"end":{"line":235,"column":91}},"84":{"start":{"line":236,"column":8},"end":{"line":236,"column":56}},"85":{"start":{"line":238,"column":31},"end":{"line":238,"column":65}},"86":{"start":{"line":239,"column":26},"end":{"line":239,"column":96}},"87":{"start":{"line":240,"column":29},"end":{"line":245,"column":9}},"88":{"start":{"line":246,"column":26},"end":{"line":246,"column":67}},"89":{"start":{"line":247,"column":29},"end":{"line":247,"column":73}},"90":{"start":{"line":248,"column":30},"end":{"line":248,"column":87}},"91":{"start":{"line":248,"column":77},"end":{"line":248,"column":86}},"92":{"start":{"line":249,"column":8},"end":{"line":277,"column":9}},"93":{"start":{"line":250,"column":10},"end":{"line":250,"column":56}},"94":{"start":{"line":251,"column":10},"end":{"line":275,"column":11}},"95":{"start":{"line":252,"column":12},"end":{"line":263,"column":13}},"96":{"start":{"line":253,"column":24},"end":{"line":253,"column":48}},"97":{"start":{"line":254,"column":27},"end":{"line":254,"column":33}},"98":{"start":{"line":255,"column":14},"end":{"line":255,"column":33}},"99":{"start":{"line":255,"column":25},"end":{"line":255,"column":33}},"100":{"start":{"line":256,"column":26},"end":{"line":256,"column":70}},"101":{"start":{"line":256,"column":57},"end":{"line":256,"column":69}},"102":{"start":{"line":257,"column":14},"end":{"line":257,"column":54}},"103":{"start":{"line":257,"column":46},"end":{"line":257,"column":54}},"104":{"start":{"line":258,"column":14},"end":{"line":262,"column":16}},"105":{"start":{"line":265,"column":12},"end":{"line":265,"column":44}},"106":{"start":{"line":266,"column":12},"end":{"line":266,"column":28}},"107":{"start":{"line":267,"column":12},"end":{"line":271,"column":14}},"108":{"start":{"line":272,"column":12},"end":{"line":272,"column":33}},"109":{"start":{"line":273,"column":12},"end":{"line":273,"column":29}},"110":{"start":{"line":274,"column":12},"end":{"line":274,"column":18}},"111":{"start":{"line":276,"column":10},"end":{"line":276,"column":26}},"112":{"start":{"line":278,"column":8},"end":{"line":278,"column":56}},"113":{"start":{"line":280,"column":6},"end":{"line":280,"column":27}},"114":{"start":{"line":281,"column":6},"end":{"line":281,"column":23}},"115":{"start":{"line":283,"column":6},"end":{"line":283,"column":35}},"116":{"start":{"line":284,"column":6},"end":{"line":284,"column":22}},"117":{"start":{"line":285,"column":6},"end":{"line":285,"column":51}},"118":{"start":{"line":290,"column":45},"end":{"line":290,"column":54}},"119":{"start":{"line":291,"column":4},"end":{"line":291,"column":30}},"120":{"start":{"line":291,"column":24},"end":{"line":291,"column":30}},"121":{"start":{"line":293,"column":4},"end":{"line":309,"column":6}},"122":{"start":{"line":297,"column":8},"end":{"line":307,"column":9}},"123":{"start":{"line":298,"column":10},"end":{"line":306,"column":11}},"124":{"start":{"line":299,"column":12},"end":{"line":299,"column":48}},"125":{"start":{"line":300,"column":12},"end":{"line":300,"column":60}},"126":{"start":{"line":301,"column":12},"end":{"line":301,"column":33}},"127":{"start":{"line":302,"column":12},"end":{"line":302,"column":29}},"128":{"start":{"line":304,"column":12},"end":{"line":304,"column":41}},"129":{"start":{"line":305,"column":12},"end":{"line":305,"column":57}},"130":{"start":{"line":313,"column":4},"end":{"line":313,"column":55}},"131":{"start":{"line":318,"column":29},"end":{"line":318,"column":55}},"132":{"start":{"line":319,"column":21},"end":{"line":319,"column":58}},"133":{"start":{"line":320,"column":4},"end":{"line":325,"column":5}},"134":{"start":{"line":329,"column":4},"end":{"line":329,"column":39}},"135":{"start":{"line":330,"column":4},"end":{"line":343,"column":5}},"136":{"start":{"line":331,"column":26},"end":{"line":331,"column":35}},"137":{"start":{"line":332,"column":29},"end":{"line":332,"column":63}},"138":{"start":{"line":333,"column":24},"end":{"line":333,"column":65}},"139":{"start":{"line":334,"column":21},"end":{"line":334,"column":60}},"140":{"start":{"line":335,"column":22},"end":{"line":335,"column":44}},"141":{"start":{"line":336,"column":6},"end":{"line":336,"column":162}},"142":{"start":{"line":336,"column":86},"end":{"line":336,"column":158}},"143":{"start":{"line":337,"column":21},"end":{"line":337,"column":60}},"144":{"start":{"line":337,"column":38},"end":{"line":337,"column":59}},"145":{"start":{"line":338,"column":6},"end":{"line":338,"column":50}},"146":{"start":{"line":340,"column":6},"end":{"line":340,"column":35}},"147":{"start":{"line":341,"column":6},"end":{"line":341,"column":42}},"148":{"start":{"line":342,"column":6},"end":{"line":342,"column":51}}},"fnMap":{"0":{"name":"(anonymous_0)","decl":{"start":{"line":25,"column":2},"end":{"line":25,"column":3}},"loc":{"start":{"line":25,"column":11},"end":{"line":27,"column":3}},"line":25},"1":{"name":"(anonymous_1)","decl":{"start":{"line":29,"column":2},"end":{"line":29,"column":3}},"loc":{"start":{"line":29,"column":11},"end":{"line":31,"column":3}},"line":29},"2":{"name":"(anonymous_2)","decl":{"start":{"line":34,"column":2},"end":{"line":34,"column":3}},"loc":{"start":{"line":34,"column":14},"end":{"line":38,"column":3}},"line":34},"3":{"name":"(anonymous_3)","decl":{"start":{"line":35,"column":46},"end":{"line":35,"column":47}},"loc":{"start":{"line":35,"column":52},"end":{"line":37,"column":5}},"line":35},"4":{"name":"(anonymous_4)","decl":{"start":{"line":41,"column":2},"end":{"line":41,"column":3}},"loc":{"start":{"line":41,"column":18},"end":{"line":54,"column":3}},"line":41},"5":{"name":"(anonymous_5)","decl":{"start":{"line":56,"column":2},"end":{"line":56,"column":3}},"loc":{"start":{"line":56,"column":32},"end":{"line":86,"column":3}},"line":56},"6":{"name":"(anonymous_6)","decl":{"start":{"line":70,"column":33},"end":{"line":70,"column":34}},"loc":{"start":{"line":70,"column":41},"end":{"line":74,"column":9}},"line":70},"7":{"name":"(anonymous_7)","decl":{"start":{"line":88,"column":2},"end":{"line":88,"column":3}},"loc":{"start":{"line":88,"column":30},"end":{"line":93,"column":3}},"line":88},"8":{"name":"(anonymous_8)","decl":{"start":{"line":95,"column":2},"end":{"line":95,"column":3}},"loc":{"start":{"line":95,"column":22},"end":{"line":95,"column":24}},"line":95},"9":{"name":"(anonymous_9)","decl":{"start":{"line":97,"column":2},"end":{"line":97,"column":3}},"loc":{"start":{"line":97,"column":25},"end":{"line":107,"column":3}},"line":97},"10":{"name":"(anonymous_10)","decl":{"start":{"line":100,"column":64},"end":{"line":100,"column":65}},"loc":{"start":{"line":101,"column":6},"end":{"line":101,"column":53}},"line":101},"11":{"name":"(anonymous_11)","decl":{"start":{"line":105,"column":47},"end":{"line":105,"column":48}},"loc":{"start":{"line":105,"column":54},"end":{"line":105,"column":63}},"line":105},"12":{"name":"(anonymous_12)","decl":{"start":{"line":109,"column":2},"end":{"line":109,"column":3}},"loc":{"start":{"line":109,"column":26},"end":{"line":119,"column":3}},"line":109},"13":{"name":"(anonymous_13)","decl":{"start":{"line":112,"column":64},"end":{"line":112,"column":65}},"loc":{"start":{"line":113,"column":6},"end":{"line":113,"column":48}},"line":113},"14":{"name":"(anonymous_14)","decl":{"start":{"line":117,"column":47},"end":{"line":117,"column":48}},"loc":{"start":{"line":117,"column":54},"end":{"line":117,"column":63}},"line":117},"15":{"name":"(anonymous_15)","decl":{"start":{"line":122,"column":2},"end":{"line":122,"column":3}},"loc":{"start":{"line":122,"column":20},"end":{"line":141,"column":3}},"line":122},"16":{"name":"(anonymous_16)","decl":{"start":{"line":124,"column":39},"end":{"line":124,"column":40}},"loc":{"start":{"line":124,"column":44},"end":{"line":124,"column":59}},"line":124},"17":{"name":"(anonymous_17)","decl":{"start":{"line":144,"column":2},"end":{"line":144,"column":3}},"loc":{"start":{"line":144,"column":19},"end":{"line":156,"column":3}},"line":144},"18":{"name":"(anonymous_18)","decl":{"start":{"line":159,"column":2},"end":{"line":159,"column":3}},"loc":{"start":{"line":159,"column":21},"end":{"line":161,"column":3}},"line":159},"19":{"name":"(anonymous_19)","decl":{"start":{"line":164,"column":2},"end":{"line":164,"column":3}},"loc":{"start":{"line":164,"column":21},"end":{"line":166,"column":3}},"line":164},"20":{"name":"(anonymous_20)","decl":{"start":{"line":169,"column":2},"end":{"line":169,"column":3}},"loc":{"start":{"line":169,"column":20},"end":{"line":198,"column":3}},"line":169},"21":{"name":"(anonymous_21)","decl":{"start":{"line":175,"column":15},"end":{"line":175,"column":16}},"loc":{"start":{"line":175,"column":30},"end":{"line":196,"column":7}},"line":175},"22":{"name":"(anonymous_22)","decl":{"start":{"line":200,"column":2},"end":{"line":200,"column":3}},"loc":{"start":{"line":200,"column":20},"end":{"line":202,"column":3}},"line":200},"23":{"name":"(anonymous_23)","decl":{"start":{"line":205,"column":2},"end":{"line":205,"column":3}},"loc":{"start":{"line":205,"column":21},"end":{"line":287,"column":3}},"line":205},"24":{"name":"(anonymous_24)","decl":{"start":{"line":225,"column":44},"end":{"line":225,"column":45}},"loc":{"start":{"line":226,"column":6},"end":{"line":226,"column":54}},"line":226},"25":{"name":"(anonymous_25)","decl":{"start":{"line":248,"column":70},"end":{"line":248,"column":71}},"loc":{"start":{"line":248,"column":77},"end":{"line":248,"column":86}},"line":248},"26":{"name":"(anonymous_26)","decl":{"start":{"line":256,"column":50},"end":{"line":256,"column":51}},"loc":{"start":{"line":256,"column":57},"end":{"line":256,"column":69}},"line":256},"27":{"name":"(anonymous_27)","decl":{"start":{"line":289,"column":2},"end":{"line":289,"column":3}},"loc":{"start":{"line":289,"column":15},"end":{"line":310,"column":3}},"line":289},"28":{"name":"(anonymous_28)","decl":{"start":{"line":296,"column":15},"end":{"line":296,"column":16}},"loc":{"start":{"line":296,"column":30},"end":{"line":308,"column":7}},"line":296},"29":{"name":"(anonymous_29)","decl":{"start":{"line":312,"column":2},"end":{"line":312,"column":3}},"loc":{"start":{"line":312,"column":22},"end":{"line":314,"column":3}},"line":312},"30":{"name":"(anonymous_30)","decl":{"start":{"line":317,"column":2},"end":{"line":317,"column":3}},"loc":{"start":{"line":317,"column":22},"end":{"line":326,"column":3}},"line":317},"31":{"name":"(anonymous_31)","decl":{"start":{"line":328,"column":2},"end":{"line":328,"column":3}},"loc":{"start":{"line":328,"column":21},"end":{"line":344,"column":3}},"line":328},"32":{"name":"(anonymous_32)","decl":{"start":{"line":336,"column":80},"end":{"line":336,"column":81}},"loc":{"start":{"line":336,"column":86},"end":{"line":336,"column":158}},"line":336},"33":{"name":"(anonymous_33)","decl":{"start":{"line":337,"column":33},"end":{"line":337,"column":34}},"loc":{"start":{"line":337,"column":38},"end":{"line":337,"column":59}},"line":337}},"branchMap":{"0":{"loc":{"start":{"line":58,"column":4},"end":{"line":65,"column":5}},"type":"if","locations":[{"start":{"line":58,"column":4},"end":{"line":65,"column":5}},{"start":{},"end":{}}],"line":58},"1":{"loc":{"start":{"line":58,"column":8},"end":{"line":58,"column":52}},"type":"binary-expr","locations":[{"start":{"line":58,"column":8},"end":{"line":58,"column":23}},{"start":{"line":58,"column":27},"end":{"line":58,"column":52}}],"line":58},"2":{"loc":{"start":{"line":68,"column":19},"end":{"line":68,"column":52}},"type":"binary-expr","locations":[{"start":{"line":68,"column":20},"end":{"line":68,"column":28}},{"start":{"line":68,"column":32},"end":{"line":68,"column":45}},{"start":{"line":68,"column":50},"end":{"line":68,"column":52}}],"line":68},"3":{"loc":{"start":{"line":72,"column":16},"end":{"line":72,"column":33}},"type":"binary-expr","locations":[{"start":{"line":72,"column":16},"end":{"line":72,"column":22}},{"start":{"line":72,"column":26},"end":{"line":72,"column":33}}],"line":72},"4":{"loc":{"start":{"line":89,"column":4},"end":{"line":89,"column":56}},"type":"if","locations":[{"start":{"line":89,"column":4},"end":{"line":89,"column":56}},{"start":{},"end":{}}],"line":89},"5":{"loc":{"start":{"line":89,"column":10},"end":{"line":89,"column":40}},"type":"binary-expr","locations":[{"start":{"line":89,"column":10},"end":{"line":89,"column":34}},{"start":{"line":89,"column":38},"end":{"line":89,"column":40}}],"line":89},"6":{"loc":{"start":{"line":99,"column":4},"end":{"line":99,"column":19}},"type":"if","locations":[{"start":{"line":99,"column":4},"end":{"line":99,"column":19}},{"start":{},"end":{}}],"line":99},"7":{"loc":{"start":{"line":100,"column":28},"end":{"line":100,"column":58}},"type":"binary-expr","locations":[{"start":{"line":100,"column":28},"end":{"line":100,"column":52}},{"start":{"line":100,"column":56},"end":{"line":100,"column":58}}],"line":100},"8":{"loc":{"start":{"line":101,"column":6},"end":{"line":101,"column":53}},"type":"cond-expr","locations":[{"start":{"line":101,"column":20},"end":{"line":101,"column":49}},{"start":{"line":101,"column":52},"end":{"line":101,"column":53}}],"line":101},"9":{"loc":{"start":{"line":111,"column":4},"end":{"line":111,"column":19}},"type":"if","locations":[{"start":{"line":111,"column":4},"end":{"line":111,"column":19}},{"start":{},"end":{}}],"line":111},"10":{"loc":{"start":{"line":112,"column":28},"end":{"line":112,"column":58}},"type":"binary-expr","locations":[{"start":{"line":112,"column":28},"end":{"line":112,"column":52}},{"start":{"line":112,"column":56},"end":{"line":112,"column":58}}],"line":112},"11":{"loc":{"start":{"line":113,"column":6},"end":{"line":113,"column":48}},"type":"cond-expr","locations":[{"start":{"line":113,"column":20},"end":{"line":113,"column":44}},{"start":{"line":113,"column":47},"end":{"line":113,"column":48}}],"line":113},"12":{"loc":{"start":{"line":125,"column":4},"end":{"line":128,"column":5}},"type":"if","locations":[{"start":{"line":125,"column":4},"end":{"line":128,"column":5}},{"start":{},"end":{}}],"line":125},"13":{"loc":{"start":{"line":134,"column":21},"end":{"line":134,"column":36}},"type":"binary-expr","locations":[{"start":{"line":134,"column":21},"end":{"line":134,"column":30}},{"start":{"line":134,"column":34},"end":{"line":134,"column":36}}],"line":134},"14":{"loc":{"start":{"line":135,"column":28},"end":{"line":135,"column":50}},"type":"binary-expr","locations":[{"start":{"line":135,"column":28},"end":{"line":135,"column":44}},{"start":{"line":135,"column":48},"end":{"line":135,"column":50}}],"line":135},"15":{"loc":{"start":{"line":136,"column":20},"end":{"line":136,"column":39}},"type":"binary-expr","locations":[{"start":{"line":136,"column":20},"end":{"line":136,"column":33}},{"start":{"line":136,"column":37},"end":{"line":136,"column":39}}],"line":136},"16":{"loc":{"start":{"line":176,"column":21},"end":{"line":176,"column":54}},"type":"binary-expr","locations":[{"start":{"line":176,"column":21},"end":{"line":176,"column":34}},{"start":{"line":176,"column":38},"end":{"line":176,"column":54}}],"line":176},"17":{"loc":{"start":{"line":177,"column":8},"end":{"line":177,"column":47}},"type":"if","locations":[{"start":{"line":177,"column":8},"end":{"line":177,"column":47}},{"start":{},"end":{}}],"line":177},"18":{"loc":{"start":{"line":177,"column":12},"end":{"line":177,"column":39}},"type":"binary-expr","locations":[{"start":{"line":177,"column":12},"end":{"line":177,"column":17}},{"start":{"line":177,"column":21},"end":{"line":177,"column":39}}],"line":177},"19":{"loc":{"start":{"line":180,"column":8},"end":{"line":183,"column":9}},"type":"if","locations":[{"start":{"line":180,"column":8},"end":{"line":183,"column":9}},{"start":{},"end":{}}],"line":180},"20":{"loc":{"start":{"line":180,"column":12},"end":{"line":180,"column":52}},"type":"binary-expr","locations":[{"start":{"line":180,"column":12},"end":{"line":180,"column":21}},{"start":{"line":180,"column":25},"end":{"line":180,"column":52}}],"line":180},"21":{"loc":{"start":{"line":207,"column":25},"end":{"line":207,"column":44}},"type":"binary-expr","locations":[{"start":{"line":207,"column":25},"end":{"line":207,"column":38}},{"start":{"line":207,"column":42},"end":{"line":207,"column":44}}],"line":207},"22":{"loc":{"start":{"line":208,"column":32},"end":{"line":208,"column":58}},"type":"binary-expr","locations":[{"start":{"line":208,"column":32},"end":{"line":208,"column":52}},{"start":{"line":208,"column":56},"end":{"line":208,"column":58}}],"line":208},"23":{"loc":{"start":{"line":210,"column":4},"end":{"line":213,"column":5}},"type":"if","locations":[{"start":{"line":210,"column":4},"end":{"line":213,"column":5}},{"start":{},"end":{}}],"line":210},"24":{"loc":{"start":{"line":215,"column":4},"end":{"line":218,"column":5}},"type":"if","locations":[{"start":{"line":215,"column":4},"end":{"line":218,"column":5}},{"start":{},"end":{}}],"line":215},"25":{"loc":{"start":{"line":220,"column":4},"end":{"line":223,"column":5}},"type":"if","locations":[{"start":{"line":220,"column":4},"end":{"line":223,"column":5}},{"start":{},"end":{}}],"line":220},"26":{"loc":{"start":{"line":226,"column":6},"end":{"line":226,"column":54}},"type":"binary-expr","locations":[{"start":{"line":226,"column":6},"end":{"line":226,"column":28}},{"start":{"line":226,"column":32},"end":{"line":226,"column":54}}],"line":226},"27":{"loc":{"start":{"line":228,"column":4},"end":{"line":231,"column":5}},"type":"if","locations":[{"start":{"line":228,"column":4},"end":{"line":231,"column":5}},{"start":{},"end":{}}],"line":228},"28":{"loc":{"start":{"line":234,"column":6},"end":{"line":279,"column":7}},"type":"if","locations":[{"start":{"line":234,"column":6},"end":{"line":279,"column":7}},{"start":{"line":237,"column":13},"end":{"line":279,"column":7}}],"line":234},"29":{"loc":{"start":{"line":234,"column":10},"end":{"line":234,"column":48}},"type":"binary-expr","locations":[{"start":{"line":234,"column":10},"end":{"line":234,"column":31}},{"start":{"line":234,"column":35},"end":{"line":234,"column":48}}],"line":234},"30":{"loc":{"start":{"line":239,"column":26},"end":{"line":239,"column":96}},"type":"cond-expr","locations":[{"start":{"line":239,"column":72},"end":{"line":239,"column":89}},{"start":{"line":239,"column":92},"end":{"line":239,"column":96}}],"line":239},"31":{"loc":{"start":{"line":239,"column":26},"end":{"line":239,"column":69}},"type":"binary-expr","locations":[{"start":{"line":239,"column":26},"end":{"line":239,"column":40}},{"start":{"line":239,"column":44},"end":{"line":239,"column":69}}],"line":239},"32":{"loc":{"start":{"line":246,"column":26},"end":{"line":246,"column":67}},"type":"binary-expr","locations":[{"start":{"line":246,"column":26},"end":{"line":246,"column":43}},{"start":{"line":246,"column":47},"end":{"line":246,"column":67}}],"line":246},"33":{"loc":{"start":{"line":247,"column":29},"end":{"line":247,"column":73}},"type":"cond-expr","locations":[{"start":{"line":247,"column":49},"end":{"line":247,"column":66}},{"start":{"line":247,"column":69},"end":{"line":247,"column":73}}],"line":247},"34":{"loc":{"start":{"line":248,"column":31},"end":{"line":248,"column":61}},"type":"binary-expr","locations":[{"start":{"line":248,"column":31},"end":{"line":248,"column":55}},{"start":{"line":248,"column":59},"end":{"line":248,"column":61}}],"line":248},"35":{"loc":{"start":{"line":249,"column":8},"end":{"line":277,"column":9}},"type":"if","locations":[{"start":{"line":249,"column":8},"end":{"line":277,"column":9}},{"start":{},"end":{}}],"line":249},"36":{"loc":{"start":{"line":249,"column":12},"end":{"line":249,"column":52}},"type":"binary-expr","locations":[{"start":{"line":249,"column":12},"end":{"line":249,"column":24}},{"start":{"line":249,"column":28},"end":{"line":249,"column":52}}],"line":249},"37":{"loc":{"start":{"line":255,"column":14},"end":{"line":255,"column":33}},"type":"if","locations":[{"start":{"line":255,"column":14},"end":{"line":255,"column":33}},{"start":{},"end":{}}],"line":255},"38":{"loc":{"start":{"line":256,"column":27},"end":{"line":256,"column":44}},"type":"binary-expr","locations":[{"start":{"line":256,"column":27},"end":{"line":256,"column":38}},{"start":{"line":256,"column":42},"end":{"line":256,"column":44}}],"line":256},"39":{"loc":{"start":{"line":257,"column":14},"end":{"line":257,"column":54}},"type":"if","locations":[{"start":{"line":257,"column":14},"end":{"line":257,"column":54}},{"start":{},"end":{}}],"line":257},"40":{"loc":{"start":{"line":291,"column":4},"end":{"line":291,"column":30}},"type":"if","locations":[{"start":{"line":291,"column":4},"end":{"line":291,"column":30}},{"start":{},"end":{}}],"line":291},"41":{"loc":{"start":{"line":297,"column":8},"end":{"line":307,"column":9}},"type":"if","locations":[{"start":{"line":297,"column":8},"end":{"line":307,"column":9}},{"start":{},"end":{}}],"line":297},"42":{"loc":{"start":{"line":319,"column":21},"end":{"line":319,"column":58}},"type":"binary-expr","locations":[{"start":{"line":319,"column":21},"end":{"line":319,"column":34}},{"start":{"line":319,"column":38},"end":{"line":319,"column":52}},{"start":{"line":319,"column":56},"end":{"line":319,"column":58}}],"line":319},"43":{"loc":{"start":{"line":323,"column":20},"end":{"line":323,"column":48}},"type":"binary-expr","locations":[{"start":{"line":323,"column":20},"end":{"line":323,"column":28}},{"start":{"line":323,"column":32},"end":{"line":323,"column":48}}],"line":323},"44":{"loc":{"start":{"line":324,"column":26},"end":{"line":324,"column":52}},"type":"binary-expr","locations":[{"start":{"line":324,"column":26},"end":{"line":324,"column":42}},{"start":{"line":324,"column":46},"end":{"line":324,"column":52}}],"line":324},"45":{"loc":{"start":{"line":333,"column":24},"end":{"line":333,"column":65}},"type":"cond-expr","locations":[{"start":{"line":333,"column":41},"end":{"line":333,"column":58}},{"start":{"line":333,"column":61},"end":{"line":333,"column":65}}],"line":333},"46":{"loc":{"start":{"line":335,"column":22},"end":{"line":335,"column":44}},"type":"binary-expr","locations":[{"start":{"line":335,"column":22},"end":{"line":335,"column":38}},{"start":{"line":335,"column":42},"end":{"line":335,"column":44}}],"line":335}},"s":{"0":0,"1":0,"2":0,"3":0,"4":0,"5":0,"6":0,"7":0,"8":0,"9":0,"10":0,"11":0,"12":0,"13":0,"14":0,"15":0,"16":0,"17":0,"18":0,"19":0,"20":0,"21":0,"22":0,"23":0,"24":0,"25":0,"26":0,"27":0,"28":0,"29":0,"30":0,"31":0,"32":0,"33":0,"34":0,"35":0,"36":0,"37":0,"38":0,"39":0,"40":0,"41":0,"42":0,"43":0,"44":0,"45":0,"46":0,"47":0,"48":0,"49":0,"50":0,"51":0,"52":0,"53":0,"54":0,"55":0,"56":0,"57":0,"58":0,"59":0,"60":0,"61":0,"62":0,"63":0,"64":0,"65":0,"66":0,"67":0,"68":0,"69":0,"70":0,"71":0,"72":0,"73":0,"74":0,"75":0,"76":0,"77":0,"78":0,"79":0,"80":0,"81":0,"82":0,"83":0,"84":0,"85":0,"86":0,"87":0,"88":0,"89":0,"90":0,"91":0,"92":0,"93":0,"94":0,"95":0,"96":0,"97":0,"98":0,"99":0,"100":0,"101":0,"102":0,"103":0,"104":0,"105":0,"106":0,"107":0,"108":0,"109":0,"110":0,"111":0,"112":0,"113":0,"114":0,"115":0,"116":0,"117":0,"118":0,"119":0,"120":0,"121":0,"122":0,"123":0,"124":0,"125":0,"126":0,"127":0,"128":0,"129":0,"130":0,"131":0,"132":0,"133":0,"134":0,"135":0,"136":0,"137":0,"138":0,"139":0,"140":0,"141":0,"142":0,"143":0,"144":0,"145":0,"146":0,"147":0,"148":0},"f":{"0":0,"1":0,"2":0,"3":0,"4":0,"5":0,"6":0,"7":0,"8":0,"9":0,"10":0,"11":0,"12":0,"13":0,"14":0,"15":0,"16":0,"17":0,"18":0,"19":0,"20":0,"21":0,"22":0,"23":0,"24":0,"25":0,"26":0,"27":0,"28":0,"29":0,"30":0,"31":0,"32":0,"33":0},"b":{"0":[0,0],"1":[0,0],"2":[0,0,0],"3":[0,0],"4":[0,0],"5":[0,0],"6":[0,0],"7":[0,0],"8":[0,0],"9":[0,0],"10":[0,0],"11":[0,0],"12":[0,0],"13":[0,0],"14":[0,0],"15":[0,0],"16":[0,0],"17":[0,0],"18":[0,0],"19":[0,0],"20":[0,0],"21":[0,0],"22":[0,0],"23":[0,0],"24":[0,0],"25":[0,0],"26":[0,0],"27":[0,0],"28":[0,0],"29":[0,0],"30":[0,0],"31":[0,0],"32":[0,0],"33":[0,0],"34":[0,0],"35":[0,0],"36":[0,0],"37":[0,0],"38":[0,0],"39":[0,0],"40":[0,0],"41":[0,0],"42":[0,0,0],"43":[0,0],"44":[0,0],"45":[0,0],"46":[0,0]},"inputSourceMap":null}
,"/Users/sansi/projects/what-to-eat/pages/index/index.js": {"path":"/Users/sansi/projects/what-to-eat/pages/index/index.js","statementMap":{"0":{"start":{"line":2,"column":16},"end":{"line":2,"column":51}},"1":{"start":{"line":4,"column":0},"end":{"line":208,"column":2}},"2":{"start":{"line":20,"column":4},"end":{"line":20,"column":31}},"3":{"start":{"line":25,"column":4},"end":{"line":27,"column":5}},"4":{"start":{"line":26,"column":6},"end":{"line":26,"column":23}},"5":{"start":{"line":32,"column":4},"end":{"line":56,"column":5}},"6":{"start":{"line":34,"column":21},"end":{"line":34,"column":45}},"7":{"start":{"line":35,"column":23},"end":{"line":35,"column":45}},"8":{"start":{"line":37,"column":20},"end":{"line":37,"column":24}},"9":{"start":{"line":39,"column":6},"end":{"line":46,"column":7}},"10":{"start":{"line":41,"column":29},"end":{"line":41,"column":61}},"11":{"start":{"line":42,"column":8},"end":{"line":42,"column":35}},"12":{"start":{"line":45,"column":8},"end":{"line":45,"column":64}},"13":{"start":{"line":45,"column":37},"end":{"line":45,"column":48}},"14":{"start":{"line":48,"column":6},"end":{"line":50,"column":8}},"15":{"start":{"line":53,"column":6},"end":{"line":53,"column":23}},"16":{"start":{"line":55,"column":6},"end":{"line":55,"column":35}},"17":{"start":{"line":61,"column":4},"end":{"line":78,"column":5}},"18":{"start":{"line":62,"column":22},"end":{"line":62,"column":46}},"19":{"start":{"line":63,"column":6},"end":{"line":66,"column":7}},"20":{"start":{"line":64,"column":8},"end":{"line":64,"column":33}},"21":{"start":{"line":65,"column":8},"end":{"line":65,"column":14}},"22":{"start":{"line":68,"column":6},"end":{"line":68,"column":48}},"23":{"start":{"line":69,"column":21},"end":{"line":69,"column":52}},"24":{"start":{"line":70,"column":6},"end":{"line":70,"column":36}},"25":{"start":{"line":71,"column":21},"end":{"line":71,"column":43}},"26":{"start":{"line":72,"column":6},"end":{"line":75,"column":8}},"27":{"start":{"line":77,"column":6},"end":{"line":77,"column":35}},"28":{"start":{"line":82,"column":20},"end":{"line":82,"column":34}},"29":{"start":{"line":83,"column":4},"end":{"line":83,"column":44}},"30":{"start":{"line":84,"column":4},"end":{"line":84,"column":30}},"31":{"start":{"line":88,"column":19},"end":{"line":88,"column":35}},"32":{"start":{"line":89,"column":27},"end":{"line":91,"column":5}},"33":{"start":{"line":90,"column":6},"end":{"line":90,"column":61}},"34":{"start":{"line":92,"column":4},"end":{"line":92,"column":36}},"35":{"start":{"line":96,"column":4},"end":{"line":99,"column":6}},"36":{"start":{"line":103,"column":4},"end":{"line":103,"column":42}},"37":{"start":{"line":107,"column":15},"end":{"line":107,"column":41}},"38":{"start":{"line":108,"column":17},"end":{"line":108,"column":56}},"39":{"start":{"line":108,"column":44},"end":{"line":108,"column":55}},"40":{"start":{"line":109,"column":4},"end":{"line":113,"column":6}},"41":{"start":{"line":117,"column":4},"end":{"line":117,"column":43}},"42":{"start":{"line":121,"column":4},"end":{"line":125,"column":5}},"43":{"start":{"line":122,"column":6},"end":{"line":122,"column":51}},"44":{"start":{"line":123,"column":11},"end":{"line":125,"column":5}},"45":{"start":{"line":124,"column":6},"end":{"line":124,"column":55}},"46":{"start":{"line":129,"column":17},"end":{"line":129,"column":45}},"47":{"start":{"line":131,"column":4},"end":{"line":137,"column":5}},"48":{"start":{"line":132,"column":6},"end":{"line":135,"column":8}},"49":{"start":{"line":136,"column":6},"end":{"line":136,"column":12}},"50":{"start":{"line":139,"column":4},"end":{"line":153,"column":5}},"51":{"start":{"line":140,"column":6},"end":{"line":140,"column":33}},"52":{"start":{"line":141,"column":6},"end":{"line":144,"column":8}},"53":{"start":{"line":145,"column":6},"end":{"line":145,"column":26}},"54":{"start":{"line":146,"column":6},"end":{"line":146,"column":23}},"55":{"start":{"line":148,"column":6},"end":{"line":148,"column":35}},"56":{"start":{"line":149,"column":6},"end":{"line":152,"column":8}},"57":{"start":{"line":157,"column":17},"end":{"line":157,"column":49}},"58":{"start":{"line":159,"column":4},"end":{"line":165,"column":5}},"59":{"start":{"line":160,"column":6},"end":{"line":163,"column":8}},"60":{"start":{"line":164,"column":6},"end":{"line":164,"column":12}},"61":{"start":{"line":167,"column":4},"end":{"line":181,"column":5}},"62":{"start":{"line":168,"column":6},"end":{"line":168,"column":58}},"63":{"start":{"line":169,"column":6},"end":{"line":172,"column":8}},"64":{"start":{"line":173,"column":6},"end":{"line":173,"column":27}},"65":{"start":{"line":174,"column":6},"end":{"line":174,"column":23}},"66":{"start":{"line":176,"column":6},"end":{"line":176,"column":35}},"67":{"start":{"line":177,"column":6},"end":{"line":180,"column":8}},"68":{"start":{"line":185,"column":15},"end":{"line":185,"column":41}},"69":{"start":{"line":187,"column":4},"end":{"line":200,"column":5}},"70":{"start":{"line":188,"column":6},"end":{"line":188,"column":31}},"71":{"start":{"line":189,"column":6},"end":{"line":192,"column":8}},"72":{"start":{"line":193,"column":6},"end":{"line":193,"column":23}},"73":{"start":{"line":195,"column":6},"end":{"line":195,"column":35}},"74":{"start":{"line":196,"column":6},"end":{"line":199,"column":8}},"75":{"start":{"line":204,"column":4},"end":{"line":206,"column":6}}},"fnMap":{"0":{"name":"(anonymous_0)","decl":{"start":{"line":18,"column":2},"end":{"line":18,"column":3}},"loc":{"start":{"line":18,"column":11},"end":{"line":21,"column":3}},"line":18},"1":{"name":"(anonymous_1)","decl":{"start":{"line":23,"column":2},"end":{"line":23,"column":3}},"loc":{"start":{"line":23,"column":11},"end":{"line":28,"column":3}},"line":23},"2":{"name":"(anonymous_2)","decl":{"start":{"line":31,"column":2},"end":{"line":31,"column":3}},"loc":{"start":{"line":31,"column":31},"end":{"line":57,"column":3}},"line":31},"3":{"name":"(anonymous_3)","decl":{"start":{"line":45,"column":32},"end":{"line":45,"column":33}},"loc":{"start":{"line":45,"column":37},"end":{"line":45,"column":48}},"line":45},"4":{"name":"(anonymous_4)","decl":{"start":{"line":60,"column":2},"end":{"line":60,"column":3}},"loc":{"start":{"line":60,"column":21},"end":{"line":79,"column":3}},"line":60},"5":{"name":"(anonymous_5)","decl":{"start":{"line":81,"column":2},"end":{"line":81,"column":3}},"loc":{"start":{"line":81,"column":14},"end":{"line":85,"column":3}},"line":81},"6":{"name":"(anonymous_6)","decl":{"start":{"line":87,"column":2},"end":{"line":87,"column":3}},"loc":{"start":{"line":87,"column":24},"end":{"line":93,"column":3}},"line":87},"7":{"name":"(anonymous_7)","decl":{"start":{"line":89,"column":41},"end":{"line":89,"column":42}},"loc":{"start":{"line":90,"column":6},"end":{"line":90,"column":61}},"line":90},"8":{"name":"(anonymous_8)","decl":{"start":{"line":95,"column":2},"end":{"line":95,"column":3}},"loc":{"start":{"line":95,"column":18},"end":{"line":100,"column":3}},"line":95},"9":{"name":"(anonymous_9)","decl":{"start":{"line":102,"column":2},"end":{"line":102,"column":3}},"loc":{"start":{"line":102,"column":18},"end":{"line":104,"column":3}},"line":102},"10":{"name":"(anonymous_10)","decl":{"start":{"line":106,"column":2},"end":{"line":106,"column":3}},"loc":{"start":{"line":106,"column":20},"end":{"line":114,"column":3}},"line":106},"11":{"name":"(anonymous_11)","decl":{"start":{"line":108,"column":39},"end":{"line":108,"column":40}},"loc":{"start":{"line":108,"column":44},"end":{"line":108,"column":55}},"line":108},"12":{"name":"(anonymous_12)","decl":{"start":{"line":116,"column":2},"end":{"line":116,"column":3}},"loc":{"start":{"line":116,"column":19},"end":{"line":118,"column":3}},"line":116},"13":{"name":"(anonymous_13)","decl":{"start":{"line":120,"column":2},"end":{"line":120,"column":3}},"loc":{"start":{"line":120,"column":21},"end":{"line":126,"column":3}},"line":120},"14":{"name":"(anonymous_14)","decl":{"start":{"line":128,"column":2},"end":{"line":128,"column":3}},"loc":{"start":{"line":128,"column":18},"end":{"line":154,"column":3}},"line":128},"15":{"name":"(anonymous_15)","decl":{"start":{"line":156,"column":2},"end":{"line":156,"column":3}},"loc":{"start":{"line":156,"column":21},"end":{"line":182,"column":3}},"line":156},"16":{"name":"(anonymous_16)","decl":{"start":{"line":184,"column":2},"end":{"line":184,"column":3}},"loc":{"start":{"line":184,"column":22},"end":{"line":201,"column":3}},"line":184},"17":{"name":"(anonymous_17)","decl":{"start":{"line":203,"column":2},"end":{"line":203,"column":3}},"loc":{"start":{"line":203,"column":27},"end":{"line":207,"column":3}},"line":203}},"branchMap":{"0":{"loc":{"start":{"line":25,"column":4},"end":{"line":27,"column":5}},"type":"if","locations":[{"start":{"line":25,"column":4},"end":{"line":27,"column":5}},{"start":{},"end":{}}],"line":25},"1":{"loc":{"start":{"line":35,"column":23},"end":{"line":35,"column":45}},"type":"binary-expr","locations":[{"start":{"line":35,"column":23},"end":{"line":35,"column":39}},{"start":{"line":35,"column":43},"end":{"line":35,"column":45}}],"line":35},"2":{"loc":{"start":{"line":39,"column":6},"end":{"line":46,"column":7}},"type":"if","locations":[{"start":{"line":39,"column":6},"end":{"line":46,"column":7}},{"start":{"line":43,"column":13},"end":{"line":46,"column":7}}],"line":39},"3":{"loc":{"start":{"line":45,"column":18},"end":{"line":45,"column":64}},"type":"binary-expr","locations":[{"start":{"line":45,"column":18},"end":{"line":45,"column":49}},{"start":{"line":45,"column":53},"end":{"line":45,"column":64}}],"line":45},"4":{"loc":{"start":{"line":63,"column":6},"end":{"line":66,"column":7}},"type":"if","locations":[{"start":{"line":63,"column":6},"end":{"line":66,"column":7}},{"start":{},"end":{}}],"line":63},"5":{"loc":{"start":{"line":71,"column":21},"end":{"line":71,"column":43}},"type":"binary-expr","locations":[{"start":{"line":71,"column":21},"end":{"line":71,"column":37}},{"start":{"line":71,"column":41},"end":{"line":71,"column":43}}],"line":71},"6":{"loc":{"start":{"line":121,"column":4},"end":{"line":125,"column":5}},"type":"if","locations":[{"start":{"line":121,"column":4},"end":{"line":125,"column":5}},{"start":{"line":123,"column":11},"end":{"line":125,"column":5}}],"line":121},"7":{"loc":{"start":{"line":123,"column":11},"end":{"line":125,"column":5}},"type":"if","locations":[{"start":{"line":123,"column":11},"end":{"line":125,"column":5}},{"start":{},"end":{}}],"line":123},"8":{"loc":{"start":{"line":131,"column":4},"end":{"line":137,"column":5}},"type":"if","locations":[{"start":{"line":131,"column":4},"end":{"line":137,"column":5}},{"start":{},"end":{}}],"line":131},"9":{"loc":{"start":{"line":159,"column":4},"end":{"line":165,"column":5}},"type":"if","locations":[{"start":{"line":159,"column":4},"end":{"line":165,"column":5}},{"start":{},"end":{}}],"line":159}},"s":{"0":0,"1":0,"2":0,"3":0,"4":0,"5":0,"6":0,"7":0,"8":0,"9":0,"10":0,"11":0,"12":0,"13":0,"14":0,"15":0,"16":0,"17":0,"18":0,"19":0,"20":0,"21":0,"22":0,"23":0,"24":0,"25":0,"26":0,"27":0,"28":0,"29":0,"30":0,"31":0,"32":0,"33":0,"34":0,"35":0,"36":0,"37":0,"38":0,"39":0,"40":0,"41":0,"42":0,"43":0,"44":0,"45":0,"46":0,"47":0,"48":0,"49":0,"50":0,"51":0,"52":0,"53":0,"54":0,"55":0,"56":0,"57":0,"58":0,"59":0,"60":0,"61":0,"62":0,"63":0,"64":0,"65":0,"66":0,"67":0,"68":0,"69":0,"70":0,"71":0,"72":0,"73":0,"74":0,"75":0},"f":{"0":0,"1":0,"2":0,"3":0,"4":0,"5":0,"6":0,"7":0,"8":0,"9":0,"10":0,"11":0,"12":0,"13":0,"14":0,"15":0,"16":0,"17":0},"b":{"0":[0,0],"1":[0,0],"2":[0,0],"3":[0,0],"4":[0,0],"5":[0,0],"6":[0,0],"7":[0,0],"8":[0,0],"9":[0,0]},"inputSourceMap":null}
,"/Users/sansi/projects/what-to-eat/pages/initiate-meal/initiate-meal.js": {"path":"/Users/sansi/projects/what-to-eat/pages/initiate-meal/initiate-meal.js","statementMap":{"0":{"start":{"line":2,"column":16},"end":{"line":2,"column":51}},"1":{"start":{"line":3,"column":44},"end":{"line":3,"column":97}},"2":{"start":{"line":4,"column":35},"end":{"line":4,"column":73}},"3":{"start":{"line":12,"column":4},"end":{"line":12,"column":51}},"4":{"start":{"line":16,"column":15},"end":{"line":16,"column":48}},"5":{"start":{"line":17,"column":15},"end":{"line":17,"column":48}},"6":{"start":{"line":18,"column":15},"end":{"line":18,"column":43}},"7":{"start":{"line":19,"column":15},"end":{"line":19,"column":43}},"8":{"start":{"line":20,"column":10},"end":{"line":20,"column":25}},"9":{"start":{"line":21,"column":10},"end":{"line":21,"column":25}},"10":{"start":{"line":22,"column":2},"end":{"line":22,"column":28}},"11":{"start":{"line":22,"column":23},"end":{"line":22,"column":28}},"12":{"start":{"line":23,"column":2},"end":{"line":23,"column":28}},"13":{"start":{"line":23,"column":23},"end":{"line":23,"column":28}},"14":{"start":{"line":24,"column":2},"end":{"line":24,"column":73}},"15":{"start":{"line":32,"column":29},"end":{"line":32,"column":59}},"16":{"start":{"line":33,"column":20},"end":{"line":33,"column":45}},"17":{"start":{"line":34,"column":15},"end":{"line":34,"column":43}},"18":{"start":{"line":35,"column":30},"end":{"line":38,"column":3}},"19":{"start":{"line":39,"column":2},"end":{"line":48,"column":3}},"20":{"start":{"line":51,"column":0},"end":{"line":516,"column":2}},"21":{"start":{"line":66,"column":4},"end":{"line":76,"column":5}},"22":{"start":{"line":67,"column":6},"end":{"line":67,"column":49}},"23":{"start":{"line":68,"column":6},"end":{"line":68,"column":40}},"24":{"start":{"line":69,"column":6},"end":{"line":69,"column":28}},"25":{"start":{"line":70,"column":11},"end":{"line":76,"column":5}},"26":{"start":{"line":72,"column":6},"end":{"line":72,"column":25}},"27":{"start":{"line":74,"column":6},"end":{"line":74,"column":40}},"28":{"start":{"line":75,"column":6},"end":{"line":75,"column":23}},"29":{"start":{"line":81,"column":4},"end":{"line":83,"column":5}},"30":{"start":{"line":82,"column":6},"end":{"line":82,"column":23}},"31":{"start":{"line":87,"column":4},"end":{"line":87,"column":38}},"32":{"start":{"line":95,"column":14},"end":{"line":95,"column":23}},"33":{"start":{"line":96,"column":4},"end":{"line":96,"column":66}},"34":{"start":{"line":96,"column":60},"end":{"line":96,"column":66}},"35":{"start":{"line":97,"column":16},"end":{"line":97,"column":53}},"36":{"start":{"line":98,"column":16},"end":{"line":98,"column":53}},"37":{"start":{"line":99,"column":4},"end":{"line":110,"column":6}},"38":{"start":{"line":100,"column":6},"end":{"line":109,"column":8}},"39":{"start":{"line":115,"column":4},"end":{"line":117,"column":5}},"40":{"start":{"line":116,"column":6},"end":{"line":116,"column":44}},"41":{"start":{"line":122,"column":17},"end":{"line":122,"column":53}},"42":{"start":{"line":123,"column":4},"end":{"line":127,"column":5}},"43":{"start":{"line":124,"column":6},"end":{"line":124,"column":56}},"44":{"start":{"line":125,"column":6},"end":{"line":125,"column":23}},"45":{"start":{"line":126,"column":6},"end":{"line":126,"column":12}},"46":{"start":{"line":128,"column":29},"end":{"line":128,"column":55}},"47":{"start":{"line":129,"column":31},"end":{"line":135,"column":7}},"48":{"start":{"line":129,"column":53},"end":{"line":135,"column":5}},"49":{"start":{"line":136,"column":27},"end":{"line":136,"column":60}},"50":{"start":{"line":136,"column":55},"end":{"line":136,"column":59}},"51":{"start":{"line":137,"column":4},"end":{"line":143,"column":6}},"52":{"start":{"line":144,"column":4},"end":{"line":144,"column":49}},"53":{"start":{"line":145,"column":4},"end":{"line":145,"column":47}},"54":{"start":{"line":150,"column":24},"end":{"line":150,"column":55}},"55":{"start":{"line":151,"column":4},"end":{"line":155,"column":5}},"56":{"start":{"line":152,"column":6},"end":{"line":152,"column":55}},"57":{"start":{"line":153,"column":6},"end":{"line":153,"column":23}},"58":{"start":{"line":154,"column":6},"end":{"line":154,"column":12}},"59":{"start":{"line":157,"column":4},"end":{"line":157,"column":42}},"60":{"start":{"line":159,"column":4},"end":{"line":190,"column":5}},"61":{"start":{"line":160,"column":29},"end":{"line":160,"column":63}},"62":{"start":{"line":162,"column":8},"end":{"line":162,"column":86}},"63":{"start":{"line":163,"column":21},"end":{"line":163,"column":55}},"64":{"start":{"line":164,"column":24},"end":{"line":164,"column":46}},"65":{"start":{"line":167,"column":26},"end":{"line":167,"column":67}},"66":{"start":{"line":167,"column":54},"end":{"line":167,"column":66}},"67":{"start":{"line":168,"column":31},"end":{"line":168,"column":57}},"68":{"start":{"line":169,"column":33},"end":{"line":175,"column":9}},"69":{"start":{"line":169,"column":56},"end":{"line":175,"column":7}},"70":{"start":{"line":177,"column":29},"end":{"line":177,"column":86}},"71":{"start":{"line":177,"column":60},"end":{"line":177,"column":70}},"72":{"start":{"line":177,"column":81},"end":{"line":177,"column":85}},"73":{"start":{"line":179,"column":6},"end":{"line":185,"column":8}},"74":{"start":{"line":186,"column":6},"end":{"line":186,"column":47}},"75":{"start":{"line":188,"column":6},"end":{"line":188,"column":37}},"76":{"start":{"line":189,"column":6},"end":{"line":189,"column":51}},"77":{"start":{"line":194,"column":4},"end":{"line":228,"column":5}},"78":{"start":{"line":195,"column":29},"end":{"line":195,"column":63}},"79":{"start":{"line":197,"column":8},"end":{"line":197,"column":86}},"80":{"start":{"line":198,"column":21},"end":{"line":198,"column":55}},"81":{"start":{"line":199,"column":21},"end":{"line":199,"column":43}},"82":{"start":{"line":200,"column":6},"end":{"line":200,"column":37}},"83":{"start":{"line":203,"column":29},"end":{"line":203,"column":56}},"84":{"start":{"line":203,"column":48},"end":{"line":203,"column":55}},"85":{"start":{"line":204,"column":6},"end":{"line":204,"column":47}},"86":{"start":{"line":207,"column":31},"end":{"line":207,"column":57}},"87":{"start":{"line":208,"column":33},"end":{"line":214,"column":9}},"88":{"start":{"line":208,"column":53},"end":{"line":214,"column":7}},"89":{"start":{"line":216,"column":6},"end":{"line":225,"column":8}},"90":{"start":{"line":222,"column":8},"end":{"line":222,"column":71}},"91":{"start":{"line":223,"column":8},"end":{"line":223,"column":61}},"92":{"start":{"line":224,"column":8},"end":{"line":224,"column":55}},"93":{"start":{"line":227,"column":6},"end":{"line":227,"column":35}},"94":{"start":{"line":232,"column":29},"end":{"line":232,"column":43}},"95":{"start":{"line":233,"column":18},"end":{"line":233,"column":38}},"96":{"start":{"line":234,"column":4},"end":{"line":240,"column":5}},"97":{"start":{"line":235,"column":24},"end":{"line":235,"column":82}},"98":{"start":{"line":236,"column":19},"end":{"line":236,"column":47}},"99":{"start":{"line":237,"column":6},"end":{"line":239,"column":44}},"100":{"start":{"line":241,"column":4},"end":{"line":241,"column":23}},"101":{"start":{"line":249,"column":31},"end":{"line":249,"column":61}},"102":{"start":{"line":250,"column":22},"end":{"line":250,"column":47}},"103":{"start":{"line":251,"column":17},"end":{"line":251,"column":45}},"104":{"start":{"line":252,"column":24},"end":{"line":252,"column":25}},"105":{"start":{"line":253,"column":28},"end":{"line":253,"column":33}},"106":{"start":{"line":254,"column":30},"end":{"line":254,"column":64}},"107":{"start":{"line":257,"column":6},"end":{"line":259,"column":65}},"108":{"start":{"line":261,"column":19},"end":{"line":261,"column":103}},"109":{"start":{"line":262,"column":4},"end":{"line":265,"column":5}},"110":{"start":{"line":263,"column":18},"end":{"line":263,"column":44}},"111":{"start":{"line":264,"column":6},"end":{"line":264,"column":39}},"112":{"start":{"line":264,"column":20},"end":{"line":264,"column":39}},"113":{"start":{"line":267,"column":4},"end":{"line":276,"column":5}},"114":{"start":{"line":268,"column":6},"end":{"line":268,"column":66}},"115":{"start":{"line":269,"column":6},"end":{"line":269,"column":30}},"116":{"start":{"line":271,"column":24},"end":{"line":271,"column":77}},"117":{"start":{"line":272,"column":6},"end":{"line":274,"column":44}},"118":{"start":{"line":275,"column":6},"end":{"line":275,"column":31}},"119":{"start":{"line":278,"column":26},"end":{"line":278,"column":82}},"120":{"start":{"line":279,"column":28},"end":{"line":281,"column":18}},"121":{"start":{"line":283,"column":6},"end":{"line":283,"column":77}},"122":{"start":{"line":285,"column":4},"end":{"line":297,"column":5}},"123":{"start":{"line":296,"column":12},"end":{"line":296,"column":46}},"124":{"start":{"line":301,"column":16},"end":{"line":301,"column":38}},"125":{"start":{"line":302,"column":19},"end":{"line":302,"column":43}},"126":{"start":{"line":303,"column":4},"end":{"line":303,"column":68}},"127":{"start":{"line":303,"column":62},"end":{"line":303,"column":68}},"128":{"start":{"line":304,"column":4},"end":{"line":307,"column":6}},"129":{"start":{"line":311,"column":16},"end":{"line":311,"column":30}},"130":{"start":{"line":312,"column":15},"end":{"line":312,"column":29}},"131":{"start":{"line":313,"column":15},"end":{"line":313,"column":29}},"132":{"start":{"line":314,"column":4},"end":{"line":314,"column":52}},"133":{"start":{"line":314,"column":46},"end":{"line":314,"column":52}},"134":{"start":{"line":315,"column":4},"end":{"line":319,"column":6}},"135":{"start":{"line":323,"column":22},"end":{"line":323,"column":90}},"136":{"start":{"line":324,"column":17},"end":{"line":324,"column":45}},"137":{"start":{"line":325,"column":4},"end":{"line":331,"column":6}},"138":{"start":{"line":340,"column":8},"end":{"line":340,"column":17}},"139":{"start":{"line":341,"column":26},"end":{"line":341,"column":55}},"140":{"start":{"line":342,"column":4},"end":{"line":347,"column":5}},"141":{"start":{"line":351,"column":22},"end":{"line":351,"column":42}},"142":{"start":{"line":352,"column":19},"end":{"line":355,"column":7}},"143":{"start":{"line":352,"column":54},"end":{"line":355,"column":5}},"144":{"start":{"line":358,"column":27},"end":{"line":358,"column":71}},"145":{"start":{"line":358,"column":58},"end":{"line":358,"column":65}},"146":{"start":{"line":360,"column":4},"end":{"line":368,"column":6}},"147":{"start":{"line":365,"column":6},"end":{"line":365,"column":70}},"148":{"start":{"line":366,"column":6},"end":{"line":366,"column":60}},"149":{"start":{"line":367,"column":6},"end":{"line":367,"column":54}},"150":{"start":{"line":372,"column":15},"end":{"line":372,"column":41}},"151":{"start":{"line":374,"column":4},"end":{"line":374,"column":49}},"152":{"start":{"line":376,"column":19},"end":{"line":376,"column":40}},"153":{"start":{"line":377,"column":22},"end":{"line":377,"column":62}},"154":{"start":{"line":377,"column":47},"end":{"line":377,"column":61}},"155":{"start":{"line":379,"column":4},"end":{"line":404,"column":5}},"156":{"start":{"line":381,"column":6},"end":{"line":381,"column":62}},"157":{"start":{"line":383,"column":6},"end":{"line":383,"column":67}},"158":{"start":{"line":386,"column":29},"end":{"line":386,"column":86}},"159":{"start":{"line":386,"column":51},"end":{"line":386,"column":64}},"160":{"start":{"line":386,"column":78},"end":{"line":386,"column":85}},"161":{"start":{"line":389,"column":24},"end":{"line":389,"column":84}},"162":{"start":{"line":391,"column":6},"end":{"line":391,"column":49}},"163":{"start":{"line":392,"column":6},"end":{"line":392,"column":39}},"164":{"start":{"line":393,"column":6},"end":{"line":393,"column":52}},"165":{"start":{"line":395,"column":6},"end":{"line":403,"column":8}},"166":{"start":{"line":400,"column":8},"end":{"line":400,"column":74}},"167":{"start":{"line":401,"column":8},"end":{"line":401,"column":64}},"168":{"start":{"line":402,"column":8},"end":{"line":402,"column":58}},"169":{"start":{"line":409,"column":56},"end":{"line":409,"column":65}},"170":{"start":{"line":411,"column":4},"end":{"line":414,"column":5}},"171":{"start":{"line":412,"column":6},"end":{"line":412,"column":52}},"172":{"start":{"line":413,"column":6},"end":{"line":413,"column":12}},"173":{"start":{"line":416,"column":32},"end":{"line":416,"column":68}},"174":{"start":{"line":416,"column":54},"end":{"line":416,"column":67}},"175":{"start":{"line":417,"column":4},"end":{"line":420,"column":5}},"176":{"start":{"line":418,"column":6},"end":{"line":418,"column":52}},"177":{"start":{"line":419,"column":6},"end":{"line":419,"column":12}},"178":{"start":{"line":422,"column":4},"end":{"line":443,"column":5}},"179":{"start":{"line":424,"column":30},"end":{"line":424,"column":64}},"180":{"start":{"line":424,"column":59},"end":{"line":424,"column":63}},"181":{"start":{"line":425,"column":6},"end":{"line":430,"column":7}},"182":{"start":{"line":433,"column":6},"end":{"line":433,"column":44}},"183":{"start":{"line":435,"column":6},"end":{"line":435,"column":54}},"184":{"start":{"line":438,"column":6},"end":{"line":440,"column":14}},"185":{"start":{"line":439,"column":8},"end":{"line":439,"column":25}},"186":{"start":{"line":442,"column":6},"end":{"line":442,"column":35}},"187":{"start":{"line":447,"column":4},"end":{"line":447,"column":55}},"188":{"start":{"line":451,"column":4},"end":{"line":451,"column":36}},"189":{"start":{"line":452,"column":33},"end":{"line":452,"column":42}},"190":{"start":{"line":455,"column":19},"end":{"line":455,"column":35}},"191":{"start":{"line":457,"column":4},"end":{"line":457,"column":75}},"192":{"start":{"line":459,"column":4},"end":{"line":462,"column":5}},"193":{"start":{"line":460,"column":6},"end":{"line":460,"column":52}},"194":{"start":{"line":461,"column":6},"end":{"line":461,"column":12}},"195":{"start":{"line":465,"column":32},"end":{"line":465,"column":68}},"196":{"start":{"line":465,"column":54},"end":{"line":465,"column":67}},"197":{"start":{"line":466,"column":4},"end":{"line":466,"column":32}},"198":{"start":{"line":467,"column":4},"end":{"line":467,"column":46}},"199":{"start":{"line":468,"column":4},"end":{"line":468,"column":55}},"200":{"start":{"line":470,"column":4},"end":{"line":474,"column":5}},"201":{"start":{"line":471,"column":6},"end":{"line":471,"column":26}},"202":{"start":{"line":472,"column":6},"end":{"line":472,"column":52}},"203":{"start":{"line":473,"column":6},"end":{"line":473,"column":12}},"204":{"start":{"line":477,"column":4},"end":{"line":477,"column":44}},"205":{"start":{"line":479,"column":4},"end":{"line":514,"column":5}},"206":{"start":{"line":481,"column":29},"end":{"line":481,"column":63}},"207":{"start":{"line":483,"column":8},"end":{"line":483,"column":86}},"208":{"start":{"line":484,"column":30},"end":{"line":484,"column":64}},"209":{"start":{"line":484,"column":59},"end":{"line":484,"column":63}},"210":{"start":{"line":485,"column":21},"end":{"line":490,"column":7}},"211":{"start":{"line":491,"column":23},"end":{"line":491,"column":34}},"212":{"start":{"line":493,"column":6},"end":{"line":493,"column":38}},"213":{"start":{"line":496,"column":6},"end":{"line":496,"column":48}},"214":{"start":{"line":498,"column":6},"end":{"line":498,"column":22}},"215":{"start":{"line":500,"column":6},"end":{"line":500,"column":45}},"216":{"start":{"line":503,"column":6},"end":{"line":503,"column":30}},"217":{"start":{"line":504,"column":6},"end":{"line":510,"column":8}},"218":{"start":{"line":507,"column":10},"end":{"line":507,"column":35}},"219":{"start":{"line":508,"column":10},"end":{"line":508,"column":59}},"220":{"start":{"line":512,"column":6},"end":{"line":512,"column":35}},"221":{"start":{"line":513,"column":6},"end":{"line":513,"column":22}}},"fnMap":{"0":{"name":"clampMealTimePickerValue","decl":{"start":{"line":15,"column":9},"end":{"line":15,"column":33}},"loc":{"start":{"line":15,"column":51},"end":{"line":25,"column":1}},"line":15},"1":{"name":"createDefaultMealSchedulePickerData","decl":{"start":{"line":31,"column":9},"end":{"line":31,"column":44}},"loc":{"start":{"line":31,"column":47},"end":{"line":49,"column":1}},"line":31},"2":{"name":"(anonymous_2)","decl":{"start":{"line":64,"column":2},"end":{"line":64,"column":3}},"loc":{"start":{"line":64,"column":18},"end":{"line":77,"column":3}},"line":64},"3":{"name":"(anonymous_3)","decl":{"start":{"line":79,"column":2},"end":{"line":79,"column":3}},"loc":{"start":{"line":79,"column":11},"end":{"line":84,"column":3}},"line":79},"4":{"name":"(anonymous_4)","decl":{"start":{"line":86,"column":2},"end":{"line":86,"column":3}},"loc":{"start":{"line":86,"column":12},"end":{"line":88,"column":3}},"line":86},"5":{"name":"(anonymous_5)","decl":{"start":{"line":94,"column":2},"end":{"line":94,"column":3}},"loc":{"start":{"line":94,"column":32},"end":{"line":111,"column":3}},"line":94},"6":{"name":"(anonymous_6)","decl":{"start":{"line":99,"column":16},"end":{"line":99,"column":17}},"loc":{"start":{"line":99,"column":22},"end":{"line":110,"column":5}},"line":99},"7":{"name":"(anonymous_7)","decl":{"start":{"line":114,"column":2},"end":{"line":114,"column":3}},"loc":{"start":{"line":114,"column":13},"end":{"line":118,"column":3}},"line":114},"8":{"name":"(anonymous_8)","decl":{"start":{"line":121,"column":2},"end":{"line":121,"column":3}},"loc":{"start":{"line":121,"column":17},"end":{"line":146,"column":3}},"line":121},"9":{"name":"(anonymous_9)","decl":{"start":{"line":129,"column":47},"end":{"line":129,"column":48}},"loc":{"start":{"line":129,"column":53},"end":{"line":135,"column":5}},"line":129},"10":{"name":"(anonymous_10)","decl":{"start":{"line":136,"column":50},"end":{"line":136,"column":51}},"loc":{"start":{"line":136,"column":55},"end":{"line":136,"column":59}},"line":136},"11":{"name":"(anonymous_11)","decl":{"start":{"line":149,"column":2},"end":{"line":149,"column":3}},"loc":{"start":{"line":149,"column":26},"end":{"line":191,"column":3}},"line":149},"12":{"name":"(anonymous_12)","decl":{"start":{"line":167,"column":49},"end":{"line":167,"column":50}},"loc":{"start":{"line":167,"column":54},"end":{"line":167,"column":66}},"line":167},"13":{"name":"(anonymous_13)","decl":{"start":{"line":169,"column":47},"end":{"line":169,"column":48}},"loc":{"start":{"line":169,"column":56},"end":{"line":175,"column":7}},"line":169},"14":{"name":"(anonymous_14)","decl":{"start":{"line":177,"column":55},"end":{"line":177,"column":56}},"loc":{"start":{"line":177,"column":60},"end":{"line":177,"column":70}},"line":177},"15":{"name":"(anonymous_15)","decl":{"start":{"line":177,"column":76},"end":{"line":177,"column":77}},"loc":{"start":{"line":177,"column":81},"end":{"line":177,"column":85}},"line":177},"16":{"name":"(anonymous_16)","decl":{"start":{"line":193,"column":2},"end":{"line":193,"column":3}},"loc":{"start":{"line":193,"column":21},"end":{"line":229,"column":3}},"line":193},"17":{"name":"(anonymous_17)","decl":{"start":{"line":203,"column":40},"end":{"line":203,"column":41}},"loc":{"start":{"line":203,"column":48},"end":{"line":203,"column":55}},"line":203},"18":{"name":"(anonymous_18)","decl":{"start":{"line":208,"column":44},"end":{"line":208,"column":45}},"loc":{"start":{"line":208,"column":53},"end":{"line":214,"column":7}},"line":208},"19":{"name":"(anonymous_19)","decl":{"start":{"line":220,"column":9},"end":{"line":220,"column":10}},"loc":{"start":{"line":220,"column":15},"end":{"line":225,"column":7}},"line":220},"20":{"name":"(anonymous_20)","decl":{"start":{"line":231,"column":2},"end":{"line":231,"column":3}},"loc":{"start":{"line":231,"column":21},"end":{"line":242,"column":3}},"line":231},"21":{"name":"(anonymous_21)","decl":{"start":{"line":248,"column":2},"end":{"line":248,"column":3}},"loc":{"start":{"line":248,"column":46},"end":{"line":298,"column":3}},"line":248},"22":{"name":"(anonymous_22)","decl":{"start":{"line":296,"column":6},"end":{"line":296,"column":7}},"loc":{"start":{"line":296,"column":12},"end":{"line":296,"column":46}},"line":296},"23":{"name":"(anonymous_23)","decl":{"start":{"line":300,"column":2},"end":{"line":300,"column":3}},"loc":{"start":{"line":300,"column":22},"end":{"line":308,"column":3}},"line":300},"24":{"name":"(anonymous_24)","decl":{"start":{"line":310,"column":2},"end":{"line":310,"column":3}},"loc":{"start":{"line":310,"column":22},"end":{"line":320,"column":3}},"line":310},"25":{"name":"(anonymous_25)","decl":{"start":{"line":322,"column":2},"end":{"line":322,"column":3}},"loc":{"start":{"line":322,"column":18},"end":{"line":332,"column":3}},"line":322},"26":{"name":"(anonymous_26)","decl":{"start":{"line":334,"column":2},"end":{"line":334,"column":3}},"loc":{"start":{"line":334,"column":25},"end":{"line":348,"column":3}},"line":334},"27":{"name":"(anonymous_27)","decl":{"start":{"line":350,"column":2},"end":{"line":350,"column":3}},"loc":{"start":{"line":350,"column":20},"end":{"line":369,"column":3}},"line":350},"28":{"name":"(anonymous_28)","decl":{"start":{"line":352,"column":45},"end":{"line":352,"column":46}},"loc":{"start":{"line":352,"column":54},"end":{"line":355,"column":5}},"line":352},"29":{"name":"(anonymous_29)","decl":{"start":{"line":358,"column":50},"end":{"line":358,"column":51}},"loc":{"start":{"line":358,"column":58},"end":{"line":358,"column":65}},"line":358},"30":{"name":"(anonymous_30)","decl":{"start":{"line":364,"column":7},"end":{"line":364,"column":8}},"loc":{"start":{"line":364,"column":13},"end":{"line":368,"column":5}},"line":364},"31":{"name":"(anonymous_31)","decl":{"start":{"line":371,"column":2},"end":{"line":371,"column":3}},"loc":{"start":{"line":371,"column":25},"end":{"line":405,"column":3}},"line":371},"32":{"name":"(anonymous_32)","decl":{"start":{"line":377,"column":39},"end":{"line":377,"column":40}},"loc":{"start":{"line":377,"column":47},"end":{"line":377,"column":61}},"line":377},"33":{"name":"(anonymous_33)","decl":{"start":{"line":386,"column":43},"end":{"line":386,"column":44}},"loc":{"start":{"line":386,"column":51},"end":{"line":386,"column":64}},"line":386},"34":{"name":"(anonymous_34)","decl":{"start":{"line":386,"column":70},"end":{"line":386,"column":71}},"loc":{"start":{"line":386,"column":78},"end":{"line":386,"column":85}},"line":386},"35":{"name":"(anonymous_35)","decl":{"start":{"line":399,"column":9},"end":{"line":399,"column":10}},"loc":{"start":{"line":399,"column":15},"end":{"line":403,"column":7}},"line":399},"36":{"name":"(anonymous_36)","decl":{"start":{"line":408,"column":2},"end":{"line":408,"column":3}},"loc":{"start":{"line":408,"column":23},"end":{"line":444,"column":3}},"line":408},"37":{"name":"(anonymous_37)","decl":{"start":{"line":416,"column":46},"end":{"line":416,"column":47}},"loc":{"start":{"line":416,"column":54},"end":{"line":416,"column":67}},"line":416},"38":{"name":"(anonymous_38)","decl":{"start":{"line":424,"column":54},"end":{"line":424,"column":55}},"loc":{"start":{"line":424,"column":59},"end":{"line":424,"column":63}},"line":424},"39":{"name":"(anonymous_39)","decl":{"start":{"line":438,"column":17},"end":{"line":438,"column":18}},"loc":{"start":{"line":438,"column":23},"end":{"line":440,"column":7}},"line":438},"40":{"name":"(anonymous_40)","decl":{"start":{"line":446,"column":2},"end":{"line":446,"column":3}},"loc":{"start":{"line":446,"column":22},"end":{"line":448,"column":3}},"line":446},"41":{"name":"(anonymous_41)","decl":{"start":{"line":450,"column":2},"end":{"line":450,"column":3}},"loc":{"start":{"line":450,"column":23},"end":{"line":515,"column":3}},"line":450},"42":{"name":"(anonymous_42)","decl":{"start":{"line":465,"column":46},"end":{"line":465,"column":47}},"loc":{"start":{"line":465,"column":54},"end":{"line":465,"column":67}},"line":465},"43":{"name":"(anonymous_43)","decl":{"start":{"line":484,"column":54},"end":{"line":484,"column":55}},"loc":{"start":{"line":484,"column":59},"end":{"line":484,"column":63}},"line":484},"44":{"name":"(anonymous_44)","decl":{"start":{"line":506,"column":14},"end":{"line":506,"column":15}},"loc":{"start":{"line":506,"column":28},"end":{"line":509,"column":9}},"line":506}},"branchMap":{"0":{"loc":{"start":{"line":16,"column":15},"end":{"line":16,"column":48}},"type":"binary-expr","locations":[{"start":{"line":16,"column":16},"end":{"line":16,"column":25}},{"start":{"line":16,"column":29},"end":{"line":16,"column":41}},{"start":{"line":16,"column":46},"end":{"line":16,"column":48}}],"line":16},"1":{"loc":{"start":{"line":17,"column":15},"end":{"line":17,"column":48}},"type":"binary-expr","locations":[{"start":{"line":17,"column":16},"end":{"line":17,"column":25}},{"start":{"line":17,"column":29},"end":{"line":17,"column":41}},{"start":{"line":17,"column":46},"end":{"line":17,"column":48}}],"line":17},"2":{"loc":{"start":{"line":22,"column":2},"end":{"line":22,"column":28}},"type":"if","locations":[{"start":{"line":22,"column":2},"end":{"line":22,"column":28}},{"start":{},"end":{}}],"line":22},"3":{"loc":{"start":{"line":23,"column":2},"end":{"line":23,"column":28}},"type":"if","locations":[{"start":{"line":23,"column":2},"end":{"line":23,"column":28}},{"start":{},"end":{}}],"line":23},"4":{"loc":{"start":{"line":43,"column":21},"end":{"line":43,"column":41}},"type":"binary-expr","locations":[{"start":{"line":43,"column":21},"end":{"line":43,"column":30}},{"start":{"line":43,"column":34},"end":{"line":43,"column":41}}],"line":43},"5":{"loc":{"start":{"line":66,"column":4},"end":{"line":76,"column":5}},"type":"if","locations":[{"start":{"line":66,"column":4},"end":{"line":76,"column":5}},{"start":{"line":70,"column":11},"end":{"line":76,"column":5}}],"line":66},"6":{"loc":{"start":{"line":66,"column":8},"end":{"line":66,"column":42}},"type":"binary-expr","locations":[{"start":{"line":66,"column":8},"end":{"line":66,"column":15}},{"start":{"line":66,"column":19},"end":{"line":66,"column":42}}],"line":66},"7":{"loc":{"start":{"line":70,"column":11},"end":{"line":76,"column":5}},"type":"if","locations":[{"start":{"line":70,"column":11},"end":{"line":76,"column":5}},{"start":{"line":73,"column":11},"end":{"line":76,"column":5}}],"line":70},"8":{"loc":{"start":{"line":70,"column":15},"end":{"line":70,"column":50}},"type":"binary-expr","locations":[{"start":{"line":70,"column":15},"end":{"line":70,"column":22}},{"start":{"line":70,"column":26},"end":{"line":70,"column":50}}],"line":70},"9":{"loc":{"start":{"line":81,"column":4},"end":{"line":83,"column":5}},"type":"if","locations":[{"start":{"line":81,"column":4},"end":{"line":83,"column":5}},{"start":{},"end":{}}],"line":81},"10":{"loc":{"start":{"line":81,"column":8},"end":{"line":81,"column":56}},"type":"binary-expr","locations":[{"start":{"line":81,"column":8},"end":{"line":81,"column":29}},{"start":{"line":81,"column":33},"end":{"line":81,"column":56}}],"line":81},"11":{"loc":{"start":{"line":96,"column":4},"end":{"line":96,"column":66}},"type":"if","locations":[{"start":{"line":96,"column":4},"end":{"line":96,"column":66}},{"start":{},"end":{}}],"line":96},"12":{"loc":{"start":{"line":96,"column":8},"end":{"line":96,"column":58}},"type":"binary-expr","locations":[{"start":{"line":96,"column":8},"end":{"line":96,"column":25}},{"start":{"line":96,"column":29},"end":{"line":96,"column":58}}],"line":96},"13":{"loc":{"start":{"line":97,"column":16},"end":{"line":97,"column":53}},"type":"binary-expr","locations":[{"start":{"line":97,"column":16},"end":{"line":97,"column":31}},{"start":{"line":97,"column":35},"end":{"line":97,"column":53}}],"line":97},"14":{"loc":{"start":{"line":98,"column":16},"end":{"line":98,"column":53}},"type":"binary-expr","locations":[{"start":{"line":98,"column":16},"end":{"line":98,"column":31}},{"start":{"line":98,"column":35},"end":{"line":98,"column":53}}],"line":98},"15":{"loc":{"start":{"line":102,"column":29},"end":{"line":102,"column":51}},"type":"binary-expr","locations":[{"start":{"line":102,"column":29},"end":{"line":102,"column":45}},{"start":{"line":102,"column":49},"end":{"line":102,"column":51}}],"line":102},"16":{"loc":{"start":{"line":103,"column":24},"end":{"line":103,"column":43}},"type":"cond-expr","locations":[{"start":{"line":103,"column":30},"end":{"line":103,"column":38}},{"start":{"line":103,"column":41},"end":{"line":103,"column":43}}],"line":103},"17":{"loc":{"start":{"line":103,"column":45},"end":{"line":103,"column":64}},"type":"cond-expr","locations":[{"start":{"line":103,"column":51},"end":{"line":103,"column":59}},{"start":{"line":103,"column":62},"end":{"line":103,"column":64}}],"line":103},"18":{"loc":{"start":{"line":104,"column":23},"end":{"line":104,"column":51}},"type":"binary-expr","locations":[{"start":{"line":104,"column":23},"end":{"line":104,"column":46}},{"start":{"line":104,"column":50},"end":{"line":104,"column":51}}],"line":104},"19":{"loc":{"start":{"line":106,"column":10},"end":{"line":106,"column":47}},"type":"binary-expr","locations":[{"start":{"line":106,"column":10},"end":{"line":106,"column":42}},{"start":{"line":106,"column":46},"end":{"line":106,"column":47}}],"line":106},"20":{"loc":{"start":{"line":107,"column":10},"end":{"line":107,"column":47}},"type":"binary-expr","locations":[{"start":{"line":107,"column":10},"end":{"line":107,"column":42}},{"start":{"line":107,"column":46},"end":{"line":107,"column":47}}],"line":107},"21":{"loc":{"start":{"line":115,"column":4},"end":{"line":117,"column":5}},"type":"if","locations":[{"start":{"line":115,"column":4},"end":{"line":117,"column":5}},{"start":{},"end":{}}],"line":115},"22":{"loc":{"start":{"line":123,"column":4},"end":{"line":127,"column":5}},"type":"if","locations":[{"start":{"line":123,"column":4},"end":{"line":127,"column":5}},{"start":{},"end":{}}],"line":123},"23":{"loc":{"start":{"line":123,"column":8},"end":{"line":123,"column":57}},"type":"binary-expr","locations":[{"start":{"line":123,"column":8},"end":{"line":123,"column":13}},{"start":{"line":123,"column":17},"end":{"line":123,"column":29}},{"start":{"line":123,"column":33},"end":{"line":123,"column":57}}],"line":123},"24":{"loc":{"start":{"line":132,"column":16},"end":{"line":132,"column":47}},"type":"binary-expr","locations":[{"start":{"line":132,"column":16},"end":{"line":132,"column":26}},{"start":{"line":132,"column":30},"end":{"line":132,"column":41}},{"start":{"line":132,"column":45},"end":{"line":132,"column":47}}],"line":132},"25":{"loc":{"start":{"line":133,"column":20},"end":{"line":133,"column":67}},"type":"binary-expr","locations":[{"start":{"line":133,"column":21},"end":{"line":133,"column":31}},{"start":{"line":133,"column":35},"end":{"line":133,"column":46}},{"start":{"line":133,"column":51},"end":{"line":133,"column":67}}],"line":133},"26":{"loc":{"start":{"line":134,"column":26},"end":{"line":134,"column":49}},"type":"binary-expr","locations":[{"start":{"line":134,"column":26},"end":{"line":134,"column":39}},{"start":{"line":134,"column":43},"end":{"line":134,"column":49}}],"line":134},"27":{"loc":{"start":{"line":151,"column":4},"end":{"line":155,"column":5}},"type":"if","locations":[{"start":{"line":151,"column":4},"end":{"line":155,"column":5}},{"start":{},"end":{}}],"line":151},"28":{"loc":{"start":{"line":162,"column":8},"end":{"line":162,"column":86}},"type":"cond-expr","locations":[{"start":{"line":162,"column":54},"end":{"line":162,"column":79}},{"start":{"line":162,"column":82},"end":{"line":162,"column":86}}],"line":162},"29":{"loc":{"start":{"line":162,"column":8},"end":{"line":162,"column":51}},"type":"binary-expr","locations":[{"start":{"line":162,"column":8},"end":{"line":162,"column":22}},{"start":{"line":162,"column":26},"end":{"line":162,"column":51}}],"line":162},"30":{"loc":{"start":{"line":164,"column":24},"end":{"line":164,"column":46}},"type":"binary-expr","locations":[{"start":{"line":164,"column":24},"end":{"line":164,"column":40}},{"start":{"line":164,"column":44},"end":{"line":164,"column":46}}],"line":164},"31":{"loc":{"start":{"line":172,"column":18},"end":{"line":172,"column":55}},"type":"binary-expr","locations":[{"start":{"line":172,"column":18},"end":{"line":172,"column":31}},{"start":{"line":172,"column":35},"end":{"line":172,"column":49}},{"start":{"line":172,"column":53},"end":{"line":172,"column":55}}],"line":172},"32":{"loc":{"start":{"line":173,"column":22},"end":{"line":173,"column":75}},"type":"binary-expr","locations":[{"start":{"line":173,"column":23},"end":{"line":173,"column":36}},{"start":{"line":173,"column":40},"end":{"line":173,"column":54}},{"start":{"line":173,"column":59},"end":{"line":173,"column":75}}],"line":173},"33":{"loc":{"start":{"line":174,"column":28},"end":{"line":174,"column":54}},"type":"binary-expr","locations":[{"start":{"line":174,"column":28},"end":{"line":174,"column":44}},{"start":{"line":174,"column":48},"end":{"line":174,"column":54}}],"line":174},"34":{"loc":{"start":{"line":184,"column":19},"end":{"line":184,"column":85}},"type":"binary-expr","locations":[{"start":{"line":184,"column":19},"end":{"line":184,"column":61}},{"start":{"line":184,"column":65},"end":{"line":184,"column":85}}],"line":184},"35":{"loc":{"start":{"line":197,"column":8},"end":{"line":197,"column":86}},"type":"cond-expr","locations":[{"start":{"line":197,"column":54},"end":{"line":197,"column":79}},{"start":{"line":197,"column":82},"end":{"line":197,"column":86}}],"line":197},"36":{"loc":{"start":{"line":197,"column":8},"end":{"line":197,"column":51}},"type":"binary-expr","locations":[{"start":{"line":197,"column":8},"end":{"line":197,"column":22}},{"start":{"line":197,"column":26},"end":{"line":197,"column":51}}],"line":197},"37":{"loc":{"start":{"line":199,"column":21},"end":{"line":199,"column":43}},"type":"binary-expr","locations":[{"start":{"line":199,"column":21},"end":{"line":199,"column":37}},{"start":{"line":199,"column":41},"end":{"line":199,"column":43}}],"line":199},"38":{"loc":{"start":{"line":211,"column":18},"end":{"line":211,"column":55}},"type":"binary-expr","locations":[{"start":{"line":211,"column":18},"end":{"line":211,"column":31}},{"start":{"line":211,"column":35},"end":{"line":211,"column":49}},{"start":{"line":211,"column":53},"end":{"line":211,"column":55}}],"line":211},"39":{"loc":{"start":{"line":212,"column":22},"end":{"line":212,"column":75}},"type":"binary-expr","locations":[{"start":{"line":212,"column":23},"end":{"line":212,"column":36}},{"start":{"line":212,"column":40},"end":{"line":212,"column":54}},{"start":{"line":212,"column":59},"end":{"line":212,"column":75}}],"line":212},"40":{"loc":{"start":{"line":213,"column":28},"end":{"line":213,"column":54}},"type":"binary-expr","locations":[{"start":{"line":213,"column":28},"end":{"line":213,"column":44}},{"start":{"line":213,"column":48},"end":{"line":213,"column":54}}],"line":213},"41":{"loc":{"start":{"line":234,"column":4},"end":{"line":240,"column":5}},"type":"if","locations":[{"start":{"line":234,"column":4},"end":{"line":240,"column":5}},{"start":{},"end":{}}],"line":234},"42":{"loc":{"start":{"line":237,"column":34},"end":{"line":239,"column":44}},"type":"cond-expr","locations":[{"start":{"line":238,"column":10},"end":{"line":238,"column":54}},{"start":{"line":239,"column":10},"end":{"line":239,"column":44}}],"line":237},"43":{"loc":{"start":{"line":257,"column":6},"end":{"line":259,"column":65}},"type":"cond-expr","locations":[{"start":{"line":258,"column":10},"end":{"line":258,"column":37}},{"start":{"line":259,"column":10},"end":{"line":259,"column":65}}],"line":257},"44":{"loc":{"start":{"line":257,"column":6},"end":{"line":257,"column":64}},"type":"binary-expr","locations":[{"start":{"line":257,"column":6},"end":{"line":257,"column":26}},{"start":{"line":257,"column":30},"end":{"line":257,"column":64}}],"line":257},"45":{"loc":{"start":{"line":259,"column":10},"end":{"line":259,"column":65}},"type":"binary-expr","locations":[{"start":{"line":259,"column":11},"end":{"line":259,"column":15}},{"start":{"line":259,"column":19},"end":{"line":259,"column":28}},{"start":{"line":259,"column":33},"end":{"line":259,"column":59}},{"start":{"line":259,"column":63},"end":{"line":259,"column":65}}],"line":259},"46":{"loc":{"start":{"line":261,"column":19},"end":{"line":261,"column":103}},"type":"cond-expr","locations":[{"start":{"line":261,"column":26},"end":{"line":261,"column":96}},{"start":{"line":261,"column":99},"end":{"line":261,"column":103}}],"line":261},"47":{"loc":{"start":{"line":262,"column":4},"end":{"line":265,"column":5}},"type":"if","locations":[{"start":{"line":262,"column":4},"end":{"line":265,"column":5}},{"start":{},"end":{}}],"line":262},"48":{"loc":{"start":{"line":264,"column":6},"end":{"line":264,"column":39}},"type":"if","locations":[{"start":{"line":264,"column":6},"end":{"line":264,"column":39}},{"start":{},"end":{}}],"line":264},"49":{"loc":{"start":{"line":267,"column":4},"end":{"line":276,"column":5}},"type":"if","locations":[{"start":{"line":267,"column":4},"end":{"line":276,"column":5}},{"start":{"line":270,"column":11},"end":{"line":276,"column":5}}],"line":267},"50":{"loc":{"start":{"line":267,"column":8},"end":{"line":267,"column":38}},"type":"binary-expr","locations":[{"start":{"line":267,"column":8},"end":{"line":267,"column":14}},{"start":{"line":267,"column":18},"end":{"line":267,"column":38}}],"line":267},"51":{"loc":{"start":{"line":272,"column":28},"end":{"line":274,"column":44}},"type":"cond-expr","locations":[{"start":{"line":273,"column":10},"end":{"line":273,"column":54}},{"start":{"line":274,"column":10},"end":{"line":274,"column":44}}],"line":272},"52":{"loc":{"start":{"line":279,"column":28},"end":{"line":281,"column":18}},"type":"cond-expr","locations":[{"start":{"line":280,"column":8},"end":{"line":280,"column":65}},{"start":{"line":281,"column":8},"end":{"line":281,"column":18}}],"line":279},"53":{"loc":{"start":{"line":283,"column":6},"end":{"line":283,"column":77}},"type":"cond-expr","locations":[{"start":{"line":283,"column":60},"end":{"line":283,"column":73}},{"start":{"line":283,"column":76},"end":{"line":283,"column":77}}],"line":283},"54":{"loc":{"start":{"line":283,"column":6},"end":{"line":283,"column":57}},"type":"binary-expr","locations":[{"start":{"line":283,"column":6},"end":{"line":283,"column":24}},{"start":{"line":283,"column":28},"end":{"line":283,"column":57}}],"line":283},"55":{"loc":{"start":{"line":290,"column":25},"end":{"line":290,"column":57}},"type":"binary-expr","locations":[{"start":{"line":290,"column":25},"end":{
[...]
},"end":{"line":361,"column":56}},"type":"binary-expr","locations":[{"start":{"line":361,"column":21},"end":{"line":361,"column":50}},{"start":{"line":361,"column":54},"end":{"line":361,"column":56}}],"line":361},"43":{"loc":{"start":{"line":362,"column":19},"end":{"line":362,"column":52}},"type":"binary-expr","locations":[{"start":{"line":362,"column":19},"end":{"line":362,"column":46}},{"start":{"line":362,"column":50},"end":{"line":362,"column":52}}],"line":362},"44":{"loc":{"start":{"line":380,"column":8},"end":{"line":388,"column":9}},"type":"if","locations":[{"start":{"line":380,"column":8},"end":{"line":388,"column":9}},{"start":{"line":382,"column":15},"end":{"line":388,"column":9}}],"line":380},"45":{"loc":{"start":{"line":384,"column":19},"end":{"line":384,"column":43}},"type":"binary-expr","locations":[{"start":{"line":384,"column":19},"end":{"line":384,"column":33}},{"start":{"line":384,"column":37},"end":{"line":384,"column":43}}],"line":384},"46":{"loc":{"start":{"line":387,"column":27},"end":{"line":387,"column":51}},"type":"binary-expr","locations":[{"start":{"line":387,"column":27},"end":{"line":387,"column":41}},{"start":{"line":387,"column":45},"end":{"line":387,"column":51}}],"line":387}},"s":{"0":0,"1":0,"2":0,"3":0,"4":0,"5":0,"6":0,"7":0,"8":0,"9":0,"10":0,"11":0,"12":0,"13":0,"14":0,"15":0,"16":0,"17":0,"18":0,"19":0,"20":0,"21":0,"22":0,"23":0,"24":0,"25":0,"26":0,"27":0,"28":0,"29":0,"30":0,"31":0,"32":0,"33":0,"34":0,"35":0,"36":0,"37":0,"38":0,"39":0,"40":0,"41":0,"42":0,"43":0,"44":0,"45":0,"46":0,"47":0,"48":0,"49":0,"50":0,"51":0,"52":0,"53":0,"54":0,"55":0,"56":0,"57":0,"58":0,"59":0,"60":0,"61":0,"62":0,"63":0,"64":0,"65":0,"66":0,"67":0,"68":0,"69":0,"70":0,"71":0,"72":0,"73":0,"74":0,"75":0,"76":0,"77":0,"78":0,"79":0,"80":0,"81":0,"82":0,"83":0,"84":0,"85":0,"86":0,"87":0,"88":0,"89":0,"90":0,"91":0,"92":0,"93":0,"94":0,"95":0,"96":0,"97":0,"98":0,"99":0,"100":0,"101":0,"102":0,"103":0,"104":0,"105":0,"106":0,"107":0,"108":0,"109":0},"f":{"0":0,"1":0,"2":0,"3":0,"4":0,"5":0,"6":0,"7":0,"8":0,"9":0,"10":0,"11":0,"12":0,"13":0,"14":0,"15":0,"16":0,"17":0,"18":0,"19":0,"20":0,"21":0,"22":0,"23":0,"24":0,"25":0,"26":0,"27":0,"28":0,"29":0,"30":0,"31":0,"32":0,"33":0,"34":0,"35":0,"36":0,"37":0,"38":0,"39":0,"40":0,"41":0,"42":0,"43":0,"44":0,"45":0,"46":0,"47":0,"48":0,"49":0,"50":0,"51":0,"52":0,"53":0},"b":{"0":[0],"1":[0],"2":[0,0],"3":[0],"4":[0],"5":[0],"6":[0,0],"7":[0,0],"8":[0,0],"9":[0,0],"10":[0],"11":[0],"12":[0],"13":[0],"14":[0],"15":[0,0],"16":[0,0],"17":[0,0],"18":[0,0],"19":[0],"20":[0],"21":[0,0],"22":[0,0],"23":[0,0],"24":[0,0],"25":[0],"26":[0,0],"27":[0,0],"28":[0,0],"29":[0],"30":[0],"31":[0],"32":[0,0,0],"33":[0,0],"34":[0],"35":[0,0],"36":[0,0],"37":[0,0],"38":[0,0],"39":[0,0],"40":[0,0],"41":[0],"42":[0,0],"43":[0,0],"44":[0,0],"45":[0,0],"46":[0,0]},"inputSourceMap":null}
,"/Users/sansi/projects/what-to-eat/utils/cos-upload.js": {"path":"/Users/sansi/projects/what-to-eat/utils/cos-upload.js","statementMap":{"0":{"start":{"line":7,"column":20},"end":{"line":7,"column":30}},"1":{"start":{"line":8,"column":15},"end":{"line":8,"column":50}},"2":{"start":{"line":9,"column":18},"end":{"line":9,"column":46}},"3":{"start":{"line":10,"column":2},"end":{"line":10,"column":64}},"4":{"start":{"line":14,"column":16},"end":{"line":14,"column":47}},"5":{"start":{"line":15,"column":2},"end":{"line":15,"column":33}},"6":{"start":{"line":19,"column":2},"end":{"line":41,"column":4}},"7":{"start":{"line":20,"column":4},"end":{"line":23,"column":5}},"8":{"start":{"line":21,"column":6},"end":{"line":21,"column":35}},"9":{"start":{"line":22,"column":6},"end":{"line":22,"column":12}},"10":{"start":{"line":25,"column":19},"end":{"line":25,"column":61}},"11":{"start":{"line":26,"column":16},"end":{"line":26,"column":44}},"12":{"start":{"line":27,"column":22},"end":{"line":27,"column":49}},"13":{"start":{"line":29,"column":4},"end":{"line":40,"column":6}},"14":{"start":{"line":33,"column":8},"end":{"line":36,"column":9}},"15":{"start":{"line":34,"column":10},"end":{"line":34,"column":46}},"16":{"start":{"line":35,"column":10},"end":{"line":35,"column":16}},"17":{"start":{"line":37,"column":8},"end":{"line":37,"column":50}},"18":{"start":{"line":44,"column":0},"end":{"line":46,"column":1}}},"fnMap":{"0":{"name":"buildCloudPath","decl":{"start":{"line":6,"column":9},"end":{"line":6,"column":23}},"loc":{"start":{"line":6,"column":59},"end":{"line":11,"column":1}},"line":6},"1":{"name":"getExtFromPath","decl":{"start":{"line":13,"column":9},"end":{"line":13,"column":23}},"loc":{"start":{"line":13,"column":35},"end":{"line":16,"column":1}},"line":13},"2":{"name":"uploadDishImage","decl":{"start":{"line":18,"column":9},"end":{"line":18,"column":24}},"loc":{"start":{"line":18,"column":39},"end":{"line":42,"column":1}},"line":18},"3":{"name":"(anonymous_3)","decl":{"start":{"line":19,"column":21},"end":{"line":19,"column":22}},"loc":{"start":{"line":19,"column":42},"end":{"line":41,"column":3}},"line":19},"4":{"name":"(anonymous_4)","decl":{"start":{"line":32,"column":15},"end":{"line":32,"column":16}},"loc":{"start":{"line":32,"column":24},"end":{"line":38,"column":7}},"line":32}},"branchMap":{"0":{"loc":{"start":{"line":6,"column":24},"end":{"line":6,"column":44}},"type":"default-arg","locations":[{"start":{"line":6,"column":33},"end":{"line":6,"column":44}}],"line":6},"1":{"loc":{"start":{"line":6,"column":46},"end":{"line":6,"column":57}},"type":"default-arg","locations":[{"start":{"line":6,"column":52},"end":{"line":6,"column":57}}],"line":6},"2":{"loc":{"start":{"line":9,"column":19},"end":{"line":9,"column":31}},"type":"binary-expr","locations":[{"start":{"line":9,"column":19},"end":{"line":9,"column":22}},{"start":{"line":9,"column":26},"end":{"line":9,"column":31}}],"line":9},"3":{"loc":{"start":{"line":13,"column":24},"end":{"line":13,"column":33}},"type":"default-arg","locations":[{"start":{"line":13,"column":31},"end":{"line":13,"column":33}}],"line":13},"4":{"loc":{"start":{"line":15,"column":9},"end":{"line":15,"column":33}},"type":"cond-expr","locations":[{"start":{"line":15,"column":17},"end":{"line":15,"column":25}},{"start":{"line":15,"column":28},"end":{"line":15,"column":33}}],"line":15},"5":{"loc":{"start":{"line":20,"column":4},"end":{"line":23,"column":5}},"type":"if","locations":[{"start":{"line":20,"column":4},"end":{"line":23,"column":5}},{"start":{},"end":{}}],"line":20},"6":{"loc":{"start":{"line":25,"column":19},"end":{"line":25,"column":61}},"type":"binary-expr","locations":[{"start":{"line":25,"column":19},"end":{"line":25,"column":46}},{"start":{"line":25,"column":50},"end":{"line":25,"column":61}}],"line":25},"7":{"loc":{"start":{"line":33,"column":8},"end":{"line":36,"column":9}},"type":"if","locations":[{"start":{"line":33,"column":8},"end":{"line":36,"column":9}},{"start":{},"end":{}}],"line":33}},"s":{"0":0,"1":0,"2":0,"3":0,"4":0,"5":0,"6":0,"7":0,"8":0,"9":0,"10":0,"11":0,"12":0,"13":0,"14":0,"15":0,"16":0,"17":0,"18":0},"f":{"0":0,"1":0,"2":0,"3":0,"4":0},"b":{"0":[0],"1":[0],"2":[0,0],"3":[0],"4":[0,0],"5":[0,0],"6":[0,0],"7":[0,0]},"inputSourceMap":null}
,"/Users/sansi/projects/what-to-eat/utils/dish-preview.js": {"path":"/Users/sansi/projects/what-to-eat/utils/dish-preview.js","statementMap":{"0":{"start":{"line":5,"column":30},"end":{"line":5,"column":60}},"1":{"start":{"line":12,"column":2},"end":{"line":12,"column":30}},"2":{"start":{"line":12,"column":19},"end":{"line":12,"column":30}},"3":{"start":{"line":13,"column":12},"end":{"line":13,"column":30}},"4":{"start":{"line":14,"column":2},"end":{"line":14,"column":21}},"5":{"start":{"line":14,"column":10},"end":{"line":14,"column":21}},"6":{"start":{"line":15,"column":2},"end":{"line":15,"column":46}},"7":{"start":{"line":15,"column":35},"end":{"line":15,"column":46}},"8":{"start":{"line":17,"column":2},"end":{"line":17,"column":92}},"9":{"start":{"line":17,"column":81},"end":{"line":17,"column":92}},"10":{"start":{"line":18,"column":2},"end":{"line":18,"column":14}},"11":{"start":{"line":26,"column":2},"end":{"line":26,"column":39}},"12":{"start":{"line":26,"column":33},"end":{"line":26,"column":39}},"13":{"start":{"line":27,"column":2},"end":{"line":27,"column":48}},"14":{"start":{"line":30,"column":0},"end":{"line":34,"column":1}}},"fnMap":{"0":{"name":"isDishPlaceholderUrl","decl":{"start":{"line":11,"column":9},"end":{"line":11,"column":29}},"loc":{"start":{"line":11,"column":35},"end":{"line":19,"column":1}},"line":11},"1":{"name":"previewSingleDishImage","decl":{"start":{"line":25,"column":9},"end":{"line":25,"column":31}},"loc":{"start":{"line":25,"column":37},"end":{"line":28,"column":1}},"line":25}},"branchMap":{"0":{"loc":{"start":{"line":12,"column":2},"end":{"line":12,"column":30}},"type":"if","locations":[{"start":{"line":12,"column":2},"end":{"line":12,"column":30}},{"start":{},"end":{}}],"line":12},"1":{"loc":{"start":{"line":14,"column":2},"end":{"line":14,"column":21}},"type":"if","locations":[{"start":{"line":14,"column":2},"end":{"line":14,"column":21}},{"start":{},"end":{}}],"line":14},"2":{"loc":{"start":{"line":15,"column":2},"end":{"line":15,"column":46}},"type":"if","locations":[{"start":{"line":15,"column":2},"end":{"line":15,"column":46}},{"start":{},"end":{}}],"line":15},"3":{"loc":{"start":{"line":17,"column":2},"end":{"line":17,"column":92}},"type":"if","locations":[{"start":{"line":17,"column":2},"end":{"line":17,"column":92}},{"start":{},"end":{}}],"line":17},"4":{"loc":{"start":{"line":17,"column":6},"end":{"line":17,"column":79}},"type":"binary-expr","locations":[{"start":{"line":17,"column":6},"end":{"line":17,"column":41}},{"start":{"line":17,"column":45},"end":{"line":17,"column":79}}],"line":17},"5":{"loc":{"start":{"line":26,"column":2},"end":{"line":26,"column":39}},"type":"if","locations":[{"start":{"line":26,"column":2},"end":{"line":26,"column":39}},{"start":{},"end":{}}],"line":26}},"s":{"0":0,"1":0,"2":0,"3":0,"4":0,"5":0,"6":0,"7":0,"8":0,"9":0,"10":0,"11":0,"12":0,"13":0,"14":0},"f":{"0":0,"1":0},"b":{"0":[0,0],"1":[0,0],"2":[0,0],"3":[0,0],"4":[0,0],"5":[0,0]},"inputSourceMap":null}
,"/Users/sansi/projects/what-to-eat/utils/dish-tag-registry.js": {"path":"/Users/sansi/projects/what-to-eat/utils/dish-tag-registry.js","statementMap":{"0":{"start":{"line":5,"column":19},"end":{"line":28,"column":1}},"1":{"start":{"line":30,"column":0},"end":{"line":32,"column":1}}},"fnMap":{},"branchMap":{},"s":{"0":0,"1":0},"f":{},"b":{},"inputSourceMap":null}
,"/Users/sansi/projects/what-to-eat/utils/dish-tag-view.js": {"path":"/Users/sansi/projects/what-to-eat/utils/dish-tag-view.js","statementMap":{"0":{"start":{"line":5,"column":13},"end":{"line":5,"column":53}},"1":{"start":{"line":6,"column":2},"end":{"line":20,"column":3}},"2":{"start":{"line":7,"column":40},"end":{"line":15,"column":5}},"3":{"start":{"line":11,"column":39},"end":{"line":14,"column":7}},"4":{"start":{"line":16,"column":40},"end":{"line":19,"column":5}},"5":{"start":{"line":23,"column":0},"end":{"line":25,"column":1}}},"fnMap":{"0":{"name":"formatTagView","decl":{"start":{"line":4,"column":9},"end":{"line":4,"column":22}},"loc":{"start":{"line":4,"column":35},"end":{"line":21,"column":1}},"line":4},"1":{"name":"(anonymous_1)","decl":{"start":{"line":7,"column":34},"end":{"line":7,"column":35}},"loc":{"start":{"line":7,"column":40},"end":{"line":15,"column":5}},"line":7},"2":{"name":"(anonymous_2)","decl":{"start":{"line":11,"column":33},"end":{"line":11,"column":34}},"loc":{"start":{"line":11,"column":39},"end":{"line":14,"column":7}},"line":11},"3":{"name":"(anonymous_3)","decl":{"start":{"line":16,"column":34},"end":{"line":16,"column":35}},"loc":{"start":{"line":16,"column":40},"end":{"line":19,"column":5}},"line":16}},"branchMap":{"0":{"loc":{"start":{"line":5,"column":13},"end":{"line":5,"column":53}},"type":"binary-expr","locations":[{"start":{"line":5,"column":13},"end":{"line":5,"column":23}},{"start":{"line":5,"column":27},"end":{"line":5,"column":53}}],"line":5},"1":{"loc":{"start":{"line":7,"column":13},"end":{"line":7,"column":28}},"type":"binary-expr","locations":[{"start":{"line":7,"column":13},"end":{"line":7,"column":22}},{"start":{"line":7,"column":26},"end":{"line":7,"column":28}}],"line":7},"2":{"loc":{"start":{"line":11,"column":14},"end":{"line":11,"column":27}},"type":"binary-expr","locations":[{"start":{"line":11,"column":14},"end":{"line":11,"column":21}},{"start":{"line":11,"column":25},"end":{"line":11,"column":27}}],"line":11},"3":{"loc":{"start":{"line":13,"column":20},"end":{"line":13,"column":33}},"type":"binary-expr","locations":[{"start":{"line":13,"column":20},"end":{"line":13,"column":27}},{"start":{"line":13,"column":31},"end":{"line":13,"column":33}}],"line":13},"4":{"loc":{"start":{"line":16,"column":13},"end":{"line":16,"column":28}},"type":"binary-expr","locations":[{"start":{"line":16,"column":13},"end":{"line":16,"column":22}},{"start":{"line":16,"column":26},"end":{"line":16,"column":28}}],"line":16}},"s":{"0":0,"1":0,"2":0,"3":0,"4":0,"5":0},"f":{"0":0,"1":0,"2":0,"3":0},"b":{"0":[0,0],"1":[0,0],"2":[0,0],"3":[0,0],"4":[0,0]},"inputSourceMap":null}
,"/Users/sansi/projects/what-to-eat/utils/enter-my-kitchen.js": {"path":"/Users/sansi/projects/what-to-eat/utils/enter-my-kitchen.js","statementMap":{"0":{"start":{"line":4,"column":16},"end":{"line":4,"column":41}},"1":{"start":{"line":6,"column":23},"end":{"line":6,"column":46}},"2":{"start":{"line":8,"column":2},"end":{"line":8,"column":43}},"3":{"start":{"line":11,"column":2},"end":{"line":22,"column":4}},"4":{"start":{"line":16,"column":6},"end":{"line":20,"column":7}},"5":{"start":{"line":17,"column":8},"end":{"line":17,"column":27}},"6":{"start":{"line":18,"column":13},"end":{"line":20,"column":7}},"7":{"start":{"line":19,"column":8},"end":{"line":19,"column":30}},"8":{"start":{"line":26,"column":2},"end":{"line":32,"column":3}},"9":{"start":{"line":27,"column":4},"end":{"line":27,"column":42}},"10":{"start":{"line":28,"column":4},"end":{"line":28,"column":65}},"11":{"start":{"line":30,"column":4},"end":{"line":30,"column":42}},"12":{"start":{"line":31,"column":4},"end":{"line":31,"column":49}},"13":{"start":{"line":35,"column":0},"end":{"line":40,"column":1}}},"fnMap":{"0":{"name":"showExitOrEnterKitchenModal","decl":{"start":{"line":10,"column":9},"end":{"line":10,"column":36}},"loc":{"start":{"line":10,"column":46},"end":{"line":23,"column":1}},"line":10},"1":{"name":"(anonymous_1)","decl":{"start":{"line":15,"column":4},"end":{"line":15,"column":5}},"loc":{"start":{"line":15,"column":17},"end":{"line":21,"column":5}},"line":15},"2":{"name":"enterMyKitchenTab","decl":{"start":{"line":25,"column":15},"end":{"line":25,"column":32}},"loc":{"start":{"line":25,"column":35},"end":{"line":33,"column":1}},"line":25}},"branchMap":{"0":{"loc":{"start":{"line":12,"column":13},"end":{"line":12,"column":38}},"type":"binary-expr","locations":[{"start":{"line":12,"column":13},"end":{"line":12,"column":20}},{"start":{"line":12,"column":24},"end":{"line":12,"column":38}}],"line":12},"1":{"loc":{"start":{"line":16,"column":6},"end":{"line":20,"column":7}},"type":"if","locations":[{"start":{"line":16,"column":6},"end":{"line":20,"column":7}},{"start":{"line":18,"column":13},"end":{"line":20,"column":7}}],"line":16},"2":{"loc":{"start":{"line":18,"column":13},"end":{"line":20,"column":7}},"type":"if","locations":[{"start":{"line":18,"column":13},"end":{"line":20,"column":7}},{"start":{},"end":{}}],"line":18}},"s":{"0":0,"1":0,"2":0,"3":0,"4":0,"5":0,"6":0,"7":0,"8":0,"9":0,"10":0,"11":0,"12":0,"13":0},"f":{"0":0,"1":0,"2":0},"b":{"0":[0,0],"1":[0,0],"2":[0,0]},"inputSourceMap":null}
,"/Users/sansi/projects/what-to-eat/utils/format-meal-created-at-beijing.js": {"path":"/Users/sansi/projects/what-to-eat/utils/format-meal-created-at-beijing.js","statementMap":{"0":{"start":{"line":2,"column":25},"end":{"line":2,"column":67}},"1":{"start":{"line":11,"column":2},"end":{"line":11,"column":27}},"2":{"start":{"line":11,"column":18},"end":{"line":11,"column":27}},"3":{"start":{"line":12,"column":2},"end":{"line":26,"column":3}},"4":{"start":{"line":13,"column":17},"end":{"line":13,"column":36}},"5":{"start":{"line":14,"column":24},"end":{"line":14,"column":69}},"6":{"start":{"line":15,"column":17},"end":{"line":15,"column":45}},"7":{"start":{"line":16,"column":18},"end":{"line":16,"column":72}},"8":{"start":{"line":17,"column":16},"end":{"line":17,"column":65}},"9":{"start":{"line":18,"column":18},"end":{"line":18,"column":68}},"10":{"start":{"line":19,"column":20},"end":{"line":19,"column":72}},"11":{"start":{"line":20,"column":17},"end":{"line":20,"column":63}},"12":{"start":{"line":21,"column":4},"end":{"line":21,"column":33}},"13":{"start":{"line":21,"column":22},"end":{"line":21,"column":33}},"14":{"start":{"line":22,"column":15},"end":{"line":22,"column":56}},"15":{"start":{"line":23,"column":4},"end":{"line":23,"column":26}},"16":{"start":{"line":25,"column":4},"end":{"line":25,"column":13}},"17":{"start":{"line":29,"column":0},"end":{"line":29,"column":47}}},"fnMap":{"0":{"name":"formatMealCreatedAtBeijing","decl":{"start":{"line":10,"column":9},"end":{"line":10,"column":35}},"loc":{"start":{"line":10,"column":60},"end":{"line":27,"column":1}},"line":10}},"branchMap":{"0":{"loc":{"start":{"line":11,"column":2},"end":{"line":11,"column":27}},"type":"if","locations":[{"start":{"line":11,"column":2},"end":{"line":11,"column":27}},{"start":{},"end":{}}],"line":11},"1":{"loc":{"start":{"line":21,"column":4},"end":{"line":21,"column":33}},"type":"if","locations":[{"start":{"line":21,"column":4},"end":{"line":21,"column":33}},{"start":{},"end":{}}],"line":21}},"s":{"0":0,"1":0,"2":0,"3":0,"4":0,"5":0,"6":0,"7":0,"8":0,"9":0,"10":0,"11":0,"12":0,"13":0,"14":0,"15":0,"16":0,"17":0},"f":{"0":0},"b":{"0":[0,0],"1":[0,0]},"inputSourceMap":null}
,"/Users/sansi/projects/what-to-eat/utils/subscribe-config.js": {"path":"/Users/sansi/projects/what-to-eat/utils/subscribe-config.js","statementMap":{"0":{"start":{"line":7,"column":0},"end":{"line":9,"column":1}}},"fnMap":{},"branchMap":{},"s":{"0":0},"f":{},"b":{},"inputSourceMap":null}
,"/Users/sansi/projects/what-to-eat/utils/subscribe-meal-order-notify.js": {"path":"/Users/sansi/projects/what-to-eat/utils/subscribe-meal-order-notify.js","statementMap":{"0":{"start":{"line":4,"column":38},"end":{"line":4,"column":70}},"1":{"start":{"line":7,"column":13},"end":{"line":7,"column":53}},"2":{"start":{"line":8,"column":2},"end":{"line":10,"column":3}},"3":{"start":{"line":9,"column":4},"end":{"line":9,"column":28}},"4":{"start":{"line":11,"column":2},"end":{"line":16,"column":4}},"5":{"start":{"line":12,"column":4},"end":{"line":15,"column":6}},"6":{"start":{"line":14,"column":22},"end":{"line":14,"column":31}},"7":{"start":{"line":19,"column":0},"end":{"line":21,"column":1}}},"fnMap":{"0":{"name":"requestMealOrderNotifySubscribe","decl":{"start":{"line":6,"column":9},"end":{"line":6,"column":40}},"loc":{"start":{"line":6,"column":43},"end":{"line":17,"column":1}},"line":6},"1":{"name":"(anonymous_1)","decl":{"start":{"line":11,"column":21},"end":{"line":11,"column":22}},"loc":{"start":{"line":11,"column":34},"end":{"line":16,"column":3}},"line":11},"2":{"name":"(anonymous_2)","decl":{"start":{"line":14,"column":16},"end":{"line":14,"column":17}},"loc":{"start":{"line":14,"column":22},"end":{"line":14,"column":31}},"line":14}},"branchMap":{"0":{"loc":{"start":{"line":7,"column":14},"end":{"line":7,"column":45}},"type":"binary-expr","locations":[{"start":{"line":7,"column":14},"end":{"line":7,"column":39}},{"start":{"line":7,"column":43},"end":{"line":7,"column":45}}],"line":7},"1":{"loc":{"start":{"line":8,"column":2},"end":{"line":10,"column":3}},"type":"if","locations":[{"start":{"line":8,"column":2},"end":{"line":10,"column":3}},{"start":{},"end":{}}],"line":8}},"s":{"0":0,"1":0,"2":0,"3":0,"4":0,"5":0,"6":0,"7":0},"f":{"0":0,"1":0,"2":0},"b":{"0":[0,0],"1":[0,0]},"inputSourceMap":null}
}
