{"/Users/sansi/projects/what-to-eat/pages/dish-list/dish-list.js": {"path":"/Users/sansi/projects/what-to-eat/pages/dish-list/dish-list.js","statementMap":{"0":{"start":{"line":2,"column":16},"end":{"line":2,"column":51}},"1":{"start":{"line":3,"column":28},"end":{"line":3,"column":64}},"2":{"start":{"line":5,"column":0},"end":{"line":206,"column":2}},"3":{"start":{"line":20,"column":4},"end":{"line":20,"column":21}},"4":{"start":{"line":24,"column":4},"end":{"line":24,"column":21}},"5":{"start":{"line":29,"column":4},"end":{"line":31,"column":6}},"6":{"start":{"line":30,"column":6},"end":{"line":30,"column":23}},"7":{"start":{"line":36,"column":4},"end":{"line":43,"column":6}},"8":{"start":{"line":48,"column":19},"end":{"line":48,"column":45}},"9":{"start":{"line":49,"column":17},"end":{"line":49,"column":60}},"10":{"start":{"line":49,"column":44},"end":{"line":49,"column":59}},"11":{"start":{"line":50,"column":4},"end":{"line":53,"column":5}},"12":{"start":{"line":51,"column":6},"end":{"line":51,"column":52}},"13":{"start":{"line":52,"column":6},"end":{"line":52,"column":12}},"14":{"start":{"line":55,"column":4},"end":{"line":62,"column":6}},"15":{"start":{"line":67,"column":4},"end":{"line":74,"column":6}},"16":{"start":{"line":79,"column":4},"end":{"line":79,"column":51}},"17":{"start":{"line":84,"column":4},"end":{"line":84,"column":58}},"18":{"start":{"line":89,"column":4},"end":{"line":116,"column":6}},"19":{"start":{"line":95,"column":21},"end":{"line":95,"column":54}},"20":{"start":{"line":96,"column":8},"end":{"line":96,"column":47}},"21":{"start":{"line":96,"column":41},"end":{"line":96,"column":47}},"22":{"start":{"line":99,"column":8},"end":{"line":102,"column":9}},"23":{"start":{"line":100,"column":10},"end":{"line":100,"column":60}},"24":{"start":{"line":101,"column":10},"end":{"line":101,"column":16}},"25":{"start":{"line":104,"column":8},"end":{"line":114,"column":9}},"26":{"start":{"line":105,"column":10},"end":{"line":105,"column":50}},"27":{"start":{"line":106,"column":31},"end":{"line":106,"column":71}},"28":{"start":{"line":107,"column":10},"end":{"line":107,"column":61}},"29":{"start":{"line":108,"column":10},"end":{"line":108,"column":58}},"30":{"start":{"line":110,"column":10},"end":{"line":110,"column":41}},"31":{"start":{"line":111,"column":10},"end":{"line":111,"column":55}},"32":{"start":{"line":113,"column":10},"end":{"line":113,"column":51}},"33":{"start":{"line":120,"column":4},"end":{"line":120,"column":38}},"34":{"start":{"line":125,"column":93},"end":{"line":125,"column":102}},"35":{"start":{"line":126,"column":24},"end":{"line":126,"column":52}},"36":{"start":{"line":127,"column":31},"end":{"line":127,"column":66}},"37":{"start":{"line":129,"column":4},"end":{"line":132,"column":5}},"38":{"start":{"line":130,"column":6},"end":{"line":130,"column":54}},"39":{"start":{"line":131,"column":6},"end":{"line":131,"column":12}},"40":{"start":{"line":134,"column":4},"end":{"line":137,"column":5}},"41":{"start":{"line":135,"column":6},"end":{"line":135,"column":56}},"42":{"start":{"line":136,"column":6},"end":{"line":136,"column":12}},"43":{"start":{"line":139,"column":4},"end":{"line":142,"column":5}},"44":{"start":{"line":140,"column":6},"end":{"line":140,"column":54}},"45":{"start":{"line":141,"column":6},"end":{"line":141,"column":12}},"46":{"start":{"line":144,"column":4},"end":{"line":157,"column":5}},"47":{"start":{"line":145,"column":6},"end":{"line":151,"column":7}},"48":{"start":{"line":146,"column":8},"end":{"line":146,"column":91}},"49":{"start":{"line":147,"column":8},"end":{"line":147,"column":56}},"50":{"start":{"line":149,"column":8},"end":{"line":149,"column":76}},"51":{"start":{"line":150,"column":8},"end":{"line":150,"column":56}},"52":{"start":{"line":152,"column":6},"end":{"line":152,"column":27}},"53":{"start":{"line":153,"column":6},"end":{"line":153,"column":23}},"54":{"start":{"line":155,"column":6},"end":{"line":155,"column":35}},"55":{"start":{"line":156,"column":6},"end":{"line":156,"column":51}},"56":{"start":{"line":162,"column":19},"end":{"line":162,"column":45}},"57":{"start":{"line":163,"column":21},"end":{"line":163,"column":49}},"58":{"start":{"line":165,"column":4},"end":{"line":180,"column":6}},"59":{"start":{"line":169,"column":8},"end":{"line":178,"column":9}},"60":{"start":{"line":170,"column":10},"end":{"line":177,"column":11}},"61":{"start":{"line":171,"column":12},"end":{"line":171,"column":41}},"62":{"start":{"line":172,"column":12},"end":{"line":172,"column":60}},"63":{"start":{"line":173,"column":12},"end":{"line":173,"column":29}},"64":{"start":{"line":175,"column":12},"end":{"line":175,"column":41}},"65":{"start":{"line":176,"column":12},"end":{"line":176,"column":57}},"66":{"start":{"line":185,"column":29},"end":{"line":185,"column":55}},"67":{"start":{"line":186,"column":21},"end":{"line":186,"column":58}},"68":{"start":{"line":187,"column":4},"end":{"line":192,"column":5}},"69":{"start":{"line":196,"column":4},"end":{"line":204,"column":5}},"70":{"start":{"line":197,"column":26},"end":{"line":197,"column":35}},"71":{"start":{"line":198,"column":21},"end":{"line":198,"column":55}},"72":{"start":{"line":199,"column":21},"end":{"line":199,"column":77}},"73":{"start":{"line":199,"column":55},"end":{"line":199,"column":76}},"74":{"start":{"line":200,"column":6},"end":{"line":200,"column":30}},"75":{"start":{"line":202,"column":6},"end":{"line":202,"column":35}},"76":{"start":{"line":203,"column":6},"end":{"line":203,"column":51}}},"fnMap":{"0":{"name":"(anonymous_0)","decl":{"start":{"line":19,"column":2},"end":{"line":19,"column":3}},"loc":{"start":{"line":19,"column":11},"end":{"line":21,"column":3}},"line":19},"1":{"name":"(anonymous_1)","decl":{"start":{"line":23,"column":2},"end":{"line":23,"column":3}},"loc":{"start":{"line":23,"column":11},"end":{"line":25,"column":3}},"line":23},"2":{"name":"(anonymous_2)","decl":{"start":{"line":28,"column":2},"end":{"line":28,"column":3}},"loc":{"start":{"line":28,"column":14},"end":{"line":32,"column":3}},"line":28},"3":{"name":"(anonymous_3)","decl":{"start":{"line":29,"column":46},"end":{"line":29,"column":47}},"loc":{"start":{"line":29,"column":52},"end":{"line":31,"column":5}},"line":29},"4":{"name":"(anonymous_4)","decl":{"start":{"line":35,"column":2},"end":{"line":35,"column":3}},"loc":{"start":{"line":35,"column":18},"end":{"line":44,"column":3}},"line":35},"5":{"name":"(anonymous_5)","decl":{"start":{"line":47,"column":2},"end":{"line":47,"column":3}},"loc":{"start":{"line":47,"column":20},"end":{"line":63,"column":3}},"line":47},"6":{"name":"(anonymous_6)","decl":{"start":{"line":49,"column":39},"end":{"line":49,"column":40}},"loc":{"start":{"line":49,"column":44},"end":{"line":49,"column":59}},"line":49},"7":{"name":"(anonymous_7)","decl":{"start":{"line":66,"column":2},"end":{"line":66,"column":3}},"loc":{"start":{"line":66,"column":19},"end":{"line":75,"column":3}},"line":66},"8":{"name":"(anonymous_8)","decl":{"start":{"line":78,"column":2},"end":{"line":78,"column":3}},"loc":{"start":{"line":78,"column":21},"end":{"line":80,"column":3}},"line":78},"9":{"name":"(anonymous_9)","decl":{"start":{"line":83,"column":2},"end":{"line":83,"column":3}},"loc":{"start":{"line":83,"column":21},"end":{"line":85,"column":3}},"line":83},"10":{"name":"(anonymous_10)","decl":{"start":{"line":88,"column":2},"end":{"line":88,"column":3}},"loc":{"start":{"line":88,"column":20},"end":{"line":117,"column":3}},"line":88},"11":{"name":"(anonymous_11)","decl":{"start":{"line":94,"column":15},"end":{"line":94,"column":16}},"loc":{"start":{"line":94,"column":30},"end":{"line":115,"column":7}},"line":94},"12":{"name":"(anonymous_12)","decl":{"start":{"line":119,"column":2},"end":{"line":119,"column":3}},"loc":{"start":{"line":119,"column":20},"end":{"line":121,"column":3}},"line":119},"13":{"name":"(anonymous_13)","decl":{"start":{"line":124,"column":2},"end":{"line":124,"column":3}},"loc":{"start":{"line":124,"column":21},"end":{"line":158,"column":3}},"line":124},"14":{"name":"(anonymous_14)","decl":{"start":{"line":161,"column":2},"end":{"line":161,"column":3}},"loc":{"start":{"line":161,"column":16},"end":{"line":181,"column":3}},"line":161},"15":{"name":"(anonymous_15)","decl":{"start":{"line":168,"column":15},"end":{"line":168,"column":16}},"loc":{"start":{"line":168,"column":30},"end":{"line":179,"column":7}},"line":168},"16":{"name":"(anonymous_16)","decl":{"start":{"line":184,"column":2},"end":{"line":184,"column":3}},"loc":{"start":{"line":184,"column":22},"end":{"line":193,"column":3}},"line":184},"17":{"name":"(anonymous_17)","decl":{"start":{"line":195,"column":2},"end":{"line":195,"column":3}},"loc":{"start":{"line":195,"column":21},"end":{"line":205,"column":3}},"line":195},"18":{"name":"(anonymous_18)","decl":{"start":{"line":199,"column":50},"end":{"line":199,"column":51}},"loc":{"start":{"line":199,"column":55},"end":{"line":199,"column":76}},"line":199}},"branchMap":{"0":{"loc":{"start":{"line":50,"column":4},"end":{"line":53,"column":5}},"type":"if","locations":[{"start":{"line":50,"column":4},"end":{"line":53,"column":5}},{"start":{},"end":{}}],"line":50},"1":{"loc":{"start":{"line":59,"column":21},"end":{"line":59,"column":36}},"type":"binary-expr","locations":[{"start":{"line":59,"column":21},"end":{"line":59,"column":30}},{"start":{"line":59,"column":34},"end":{"line":59,"column":36}}],"line":59},"2":{"loc":{"start":{"line":60,"column":28},"end":{"line":60,"column":50}},"type":"binary-expr","locations":[{"start":{"line":60,"column":28},"end":{"line":60,"column":44}},{"start":{"line":60,"column":48},"end":{"line":60,"column":50}}],"line":60},"3":{"loc":{"start":{"line":61,"column":20},"end":{"line":61,"column":39}},"type":"binary-expr","locations":[{"start":{"line":61,"column":20},"end":{"line":61,"column":33}},{"start":{"line":61,"column":37},"end":{"line":61,"column":39}}],"line":61},"4":{"loc":{"start":{"line":95,"column":21},"end":{"line":95,"column":54}},"type":"binary-expr","locations":[{"start":{"line":95,"column":21},"end":{"line":95,"column":34}},{"start":{"line":95,"column":38},"end":{"line":95,"column":54}}],"line":95},"5":{"loc":{"start":{"line":96,"column":8},"end":{"line":96,"column":47}},"type":"if","locations":[{"start":{"line":96,"column":8},"end":{"line":96,"column":47}},{"start":{},"end":{}}],"line":96},"6":{"loc":{"start":{"line":96,"column":12},"end":{"line":96,"column":39}},"type":"binary-expr","locations":[{"start":{"line":96,"column":12},"end":{"line":96,"column":17}},{"start":{"line":96,"column":21},"end":{"line":96,"column":39}}],"line":96},"7":{"loc":{"start":{"line":99,"column":8},"end":{"line":102,"column":9}},"type":"if","locations":[{"start":{"line":99,"column":8},"end":{"line":102,"column":9}},{"start":{},"end":{}}],"line":99},"8":{"loc":{"start":{"line":99,"column":12},"end":{"line":99,"column":52}},"type":"binary-expr","locations":[{"start":{"line":99,"column":12},"end":{"line":99,"column":21}},{"start":{"line":99,"column":25},"end":{"line":99,"column":52}}],"line":99},"9":{"loc":{"start":{"line":126,"column":25},"end":{"line":126,"column":44}},"type":"binary-expr","locations":[{"start":{"line":126,"column":25},"end":{"line":126,"column":38}},{"start":{"line":126,"column":42},"end":{"line":126,"column":44}}],"line":126},"10":{"loc":{"start":{"line":127,"column":32},"end":{"line":127,"column":58}},"type":"binary-expr","locations":[{"start":{"line":127,"column":32},"end":{"line":127,"column":52}},{"start":{"line":127,"column":56},"end":{"line":127,"column":58}}],"line":127},"11":{"loc":{"start":{"line":129,"column":4},"end":{"line":132,"column":5}},"type":"if","locations":[{"start":{"line":129,"column":4},"end":{"line":132,"column":5}},{"start":{},"end":{}}],"line":129},"12":{"loc":{"start":{"line":134,"column":4},"end":{"line":137,"column":5}},"type":"if","locations":[{"start":{"line":134,"column":4},"end":{"line":137,"column":5}},{"start":{},"end":{}}],"line":134},"13":{"loc":{"start":{"line":139,"column":4},"end":{"line":142,"column":5}},"type":"if","locations":[{"start":{"line":139,"column":4},"end":{"line":142,"column":5}},{"start":{},"end":{}}],"line":139},"14":{"loc":{"start":{"line":145,"column":6},"end":{"line":151,"column":7}},"type":"if","locations":[{"start":{"line":145,"column":6},"end":{"line":151,"column":7}},{"start":{"line":148,"column":13},"end":{"line":151,"column":7}}],"line":145},"15":{"loc":{"start":{"line":145,"column":10},"end":{"line":145,"column":48}},"type":"binary-expr","locations":[{"start":{"line":145,"column":10},"end":{"line":145,"column":31}},{"start":{"line":145,"column":35},"end":{"line":145,"column":48}}],"line":145},"16":{"loc":{"start":{"line":169,"column":8},"end":{"line":178,"column":9}},"type":"if","locations":[{"start":{"line":169,"column":8},"end":{"line":178,"column":9}},{"start":{},"end":{}}],"line":169},"17":{"loc":{"start":{"line":186,"column":21},"end":{"line":186,"column":58}},"type":"binary-expr","locations":[{"start":{"line":186,"column":21},"end":{"line":186,"column":34}},{"start":{"line":186,"column":38},"end":{"line":186,"column":52}},{"start":{"line":186,"column":56},"end":{"line":186,"column":58}}],"line":186},"18":{"loc":{"start":{"line":190,"column":20},"end":{"line":190,"column":48}},"type":"binary-expr","locations":[{"start":{"line":190,"column":20},"end":{"line":190,"column":28}},{"start":{"line":190,"column":32},"end":{"line":190,"column":48}}],"line":190},"19":{"loc":{"start":{"line":191,"column":26},"end":{"line":191,"column":52}},"type":"binary-expr","locations":[{"start":{"line":191,"column":26},"end":{"line":191,"column":42}},{"start":{"line":191,"column":46},"end":{"line":191,"column":52}}],"line":191},"20":{"loc":{"start":{"line":199,"column":22},"end":{"line":199,"column":44}},"type":"binary-expr","locations":[{"start":{"line":199,"column":22},"end":{"line":199,"column":38}},{"start":{"line":199,"column":42},"end":{"line":199,"column":44}}],"line":199}},"s":{"0":0,"1":0,"2":0,"3":0,"4":0,"5":0,"6":0,"7":0,"8":0,"9":0,"10":0,"11":0,"12":0,"13":0,"14":0,"15":0,"16":0,"17":0,"18":0,"19":0,"20":0,"21":0,"22":0,"23":0,"24":0,"25":0,"26":0,"27":0,"28":0,"29":0,"30":0,"31":0,"32":0,"33":0,"34":0,"35":0,"36":0,"37":0,"38":0,"39":0,"40":0,"41":0,"42":0,"43":0,"44":0,"45":0,"46":0,"47":0,"48":0,"49":0,"50":0,"51":0,"52":0,"53":0,"54":0,"55":0,"56":0,"57":0,"58":0,"59":0,"60":0,"61":0,"62":0,"63":0,"64":0,"65":0,"66":0,"67":0,"68":0,"69":0,"70":0,"71":0,"72":0,"73":0,"74":0,"75":0,"76":0},"f":{"0":0,"1":0,"2":0,"3":0,"4":0,"5":0,"6":0,"7":0,"8":0,"9":0,"10":0,"11":0,"12":0,"13":0,"14":0,"15":0,"16":0,"17":0,"18":0},"b":{"0":[0,0],"1":[0,0],"2":[0,0],"3":[0,0],"4":[0,0],"5":[0,0],"6":[0,0],"7":[0,0],"8":[0,0],"9":[0,0],"10":[0,0],"11":[0,0],"12":[0,0],"13":[0,0],"14":[0,0],"15":[0,0],"16":[0,0],"17":[0,0,0],"18":[0,0],"19":[0,0],"20":[0,0]},"inputSourceMap":null}
,"/Users/sansi/projects/what-to-eat/pages/index/index.js": {"path":"/Users/sansi/projects/what-to-eat/pages/index/index.js","statementMap":{"0":{"start":{"line":2,"column":16},"end":{"line":2,"column":51}},"1":{"start":{"line":4,"column":0},"end":{"line":208,"column":2}},"2":{"start":{"line":20,"column":4},"end":{"line":20,"column":31}},"3":{"start":{"line":25,"column":4},"end":{"line":27,"column":5}},"4":{"start":{"line":26,"column":6},"end":{"line":26,"column":23}},"5":{"start":{"line":32,"column":4},"end":{"line":56,"column":5}},"6":{"start":{"line":34,"column":21},"end":{"line":34,"column":45}},"7":{"start":{"line":35,"column":23},"end":{"line":35,"column":45}},"8":{"start":{"line":37,"column":20},"end":{"line":37,"column":24}},"9":{"start":{"line":39,"column":6},"end":{"line":46,"column":7}},"10":{"start":{"line":41,"column":29},"end":{"line":41,"column":61}},"11":{"start":{"line":42,"column":8},"end":{"line":42,"column":35}},"12":{"start":{"line":45,"column":8},"end":{"line":45,"column":64}},"13":{"start":{"line":45,"column":37},"end":{"line":45,"column":48}},"14":{"start":{"line":48,"column":6},"end":{"line":50,"column":8}},"15":{"start":{"line":53,"column":6},"end":{"line":53,"column":23}},"16":{"start":{"line":55,"column":6},"end":{"line":55,"column":35}},"17":{"start":{"line":61,"column":4},"end":{"line":78,"column":5}},"18":{"start":{"line":62,"column":22},"end":{"line":62,"column":46}},"19":{"start":{"line":63,"column":6},"end":{"line":66,"column":7}},"20":{"start":{"line":64,"column":8},"end":{"line":64,"column":33}},"21":{"start":{"line":65,"column":8},"end":{"line":65,"column":14}},"22":{"start":{"line":68,"column":6},"end":{"line":68,"column":48}},"23":{"start":{"line":69,"column":21},"end":{"line":69,"column":52}},"24":{"start":{"line":70,"column":6},"end":{"line":70,"column":36}},"25":{"start":{"line":71,"column":21},"end":{"line":71,"column":43}},"26":{"start":{"line":72,"column":6},"end":{"line":75,"column":8}},"27":{"start":{"line":77,"column":6},"end":{"line":77,"column":35}},"28":{"start":{"line":82,"column":20},"end":{"line":82,"column":34}},"29":{"start":{"line":83,"column":4},"end":{"line":83,"column":44}},"30":{"start":{"line":84,"column":4},"end":{"line":84,"column":30}},"31":{"start":{"line":88,"column":19},"end":{"line":88,"column":35}},"32":{"start":{"line":89,"column":27},"end":{"line":91,"column":5}},"33":{"start":{"line":90,"column":6},"end":{"line":90,"column":61}},"34":{"start":{"line":92,"column":4},"end":{"line":92,"column":36}},"35":{"start":{"line":96,"column":4},"end":{"line":99,"column":6}},"36":{"start":{"line":103,"column":4},"end":{"line":103,"column":42}},"37":{"start":{"line":107,"column":15},"end":{"line":107,"column":41}},"38":{"start":{"line":108,"column":17},"end":{"line":108,"column":56}},"39":{"start":{"line":108,"column":44},"end":{"line":108,"column":55}},"40":{"start":{"line":109,"column":4},"end":{"line":113,"column":6}},"41":{"start":{"line":117,"column":4},"end":{"line":117,"column":43}},"42":{"start":{"line":121,"column":4},"end":{"line":125,"column":5}},"43":{"start":{"line":122,"column":6},"end":{"line":122,"column":51}},"44":{"start":{"line":123,"column":11},"end":{"line":125,"column":5}},"45":{"start":{"line":124,"column":6},"end":{"line":124,"column":55}},"46":{"start":{"line":129,"column":17},"end":{"line":129,"column":45}},"47":{"start":{"line":131,"column":4},"end":{"line":137,"column":5}},"48":{"start":{"line":132,"column":6},"end":{"line":135,"column":8}},"49":{"start":{"line":136,"column":6},"end":{"line":136,"column":12}},"50":{"start":{"line":139,"column":4},"end":{"line":153,"column":5}},"51":{"start":{"line":140,"column":6},"end":{"line":140,"column":33}},"52":{"start":{"line":141,"column":6},"end":{"line":144,"column":8}},"53":{"start":{"line":145,"column":6},"end":{"line":145,"column":26}},"54":{"start":{"line":146,"column":6},"end":{"line":146,"column":23}},"55":{"start":{"line":148,"column":6},"end":{"line":148,"column":35}},"56":{"start":{"line":149,"column":6},"end":{"line":152,"column":8}},"57":{"start":{"line":157,"column":17},"end":{"line":157,"column":49}},"58":{"start":{"line":159,"column":4},"end":{"line":165,"column":5}},"59":{"start":{"line":160,"column":6},"end":{"line":163,"column":8}},"60":{"start":{"line":164,"column":6},"end":{"line":164,"column":12}},"61":{"start":{"line":167,"column":4},"end":{"line":181,"column":5}},"62":{"start":{"line":168,"column":6},"end":{"line":168,"column":58}},"63":{"start":{"line":169,"column":6},"end":{"line":172,"column":8}},"64":{"start":{"line":173,"column":6},"end":{"line":173,"column":27}},"65":{"start":{"line":174,"column":6},"end":{"line":174,"column":23}},"66":{"start":{"line":176,"column":6},"end":{"line":176,"column":35}},"67":{"start":{"line":177,"column":6},"end":{"line":180,"column":8}},"68":{"start":{"line":185,"column":15},"end":{"line":185,"column":41}},"69":{"start":{"line":187,"column":4},"end":{"line":200,"column":5}},"70":{"start":{"line":188,"column":6},"end":{"line":188,"column":31}},"71":{"start":{"line":189,"column":6},"end":{"line":192,"column":8}},"72":{"start":{"line":193,"column":6},"end":{"line":193,"column":23}},"73":{"start":{"line":195,"column":6},"end":{"line":195,"column":35}},"74":{"start":{"line":196,"column":6},"end":{"line":199,"column":8}},"75":{"start":{"line":204,"column":4},"end":{"line":206,"column":6}}},"fnMap":{"0":{"name":"(anonymous_0)","decl":{"start":{"line":18,"column":2},"end":{"line":18,"column":3}},"loc":{"start":{"line":18,"column":11},"end":{"line":21,"column":3}},"line":18},"1":{"name":"(anonymous_1)","decl":{"start":{"line":23,"column":2},"end":{"line":23,"column":3}},"loc":{"start":{"line":23,"column":11},"end":{"line":28,"column":3}},"line":23},"2":{"name":"(anonymous_2)","decl":{"start":{"line":31,"column":2},"end":{"line":31,"column":3}},"loc":{"start":{"line":31,"column":31},"end":{"line":57,"column":3}},"line":31},"3":{"name":"(anonymous_3)","decl":{"start":{"line":45,"column":32},"end":{"line":45,"column":33}},"loc":{"start":{"line":45,"column":37},"end":{"line":45,"column":48}},"line":45},"4":{"name":"(anonymous_4)","decl":{"start":{"line":60,"column":2},"end":{"line":60,"column":3}},"loc":{"start":{"line":60,"column":21},"end":{"line":79,"column":3}},"line":60},"5":{"name":"(anonymous_5)","decl":{"start":{"line":81,"column":2},"end":{"line":81,"column":3}},"loc":{"start":{"line":81,"column":14},"end":{"line":85,"column":3}},"line":81},"6":{"name":"(anonymous_6)","decl":{"start":{"line":87,"column":2},"end":{"line":87,"column":3}},"loc":{"start":{"line":87,"column":24},"end":{"line":93,"column":3}},"line":87},"7":{"name":"(anonymous_7)","decl":{"start":{"line":89,"column":41},"end":{"line":89,"column":42}},"loc":{"start":{"line":90,"column":6},"end":{"line":90,"column":61}},"line":90},"8":{"name":"(anonymous_8)","decl":{"start":{"line":95,"column":2},"end":{"line":95,"column":3}},"loc":{"start":{"line":95,"column":18},"end":{"line":100,"column":3}},"line":95},"9":{"name":"(anonymous_9)","decl":{"start":{"line":102,"column":2},"end":{"line":102,"column":3}},"loc":{"start":{"line":102,"column":18},"end":{"line":104,"column":3}},"line":102},"10":{"name":"(anonymous_10)","decl":{"start":{"line":106,"column":2},"end":{"line":106,"column":3}},"loc":{"start":{"line":106,"column":20},"end":{"line":114,"column":3}},"line":106},"11":{"name":"(anonymous_11)","decl":{"start":{"line":108,"column":39},"end":{"line":108,"column":40}},"loc":{"start":{"line":108,"column":44},"end":{"line":108,"column":55}},"line":108},"12":{"name":"(anonymous_12)","decl":{"start":{"line":116,"column":2},"end":{"line":116,"column":3}},"loc":{"start":{"line":116,"column":19},"end":{"line":118,"column":3}},"line":116},"13":{"name":"(anonymous_13)","decl":{"start":{"line":120,"column":2},"end":{"line":120,"column":3}},"loc":{"start":{"line":120,"column":21},"end":{"line":126,"column":3}},"line":120},"14":{"name":"(anonymous_14)","decl":{"start":{"line":128,"column":2},"end":{"line":128,"column":3}},"loc":{"start":{"line":128,"column":18},"end":{"line":154,"column":3}},"line":128},"15":{"name":"(anonymous_15)","decl":{"start":{"line":156,"column":2},"end":{"line":156,"column":3}},"loc":{"start":{"line":156,"column":21},"end":{"line":182,"column":3}},"line":156},"16":{"name":"(anonymous_16)","decl":{"start":{"line":184,"column":2},"end":{"line":184,"column":3}},"loc":{"start":{"line":184,"column":22},"end":{"line":201,"column":3}},"line":184},"17":{"name":"(anonymous_17)","decl":{"start":{"line":203,"column":2},"end":{"line":203,"column":3}},"loc":{"start":{"line":203,"column":27},"end":{"line":207,"column":3}},"line":203}},"branchMap":{"0":{"loc":{"start":{"line":25,"column":4},"end":{"line":27,"column":5}},"type":"if","locations":[{"start":{"line":25,"column":4},"end":{"line":27,"column":5}},{"start":{},"end":{}}],"line":25},"1":{"loc":{"start":{"line":35,"column":23},"end":{"line":35,"column":45}},"type":"binary-expr","locations":[{"start":{"line":35,"column":23},"end":{"line":35,"column":39}},{"start":{"line":35,"column":43},"end":{"line":35,"column":45}}],"line":35},"2":{"loc":{"start":{"line":39,"column":6},"end":{"line":46,"column":7}},"type":"if","locations":[{"start":{"line":39,"column":6},"end":{"line":46,"column":7}},{"start":{"line":43,"column":13},"end":{"line":46,"column":7}}],"line":39},"3":{"loc":{"start":{"line":45,"column":18},"end":{"line":45,"column":64}},"type":"binary-expr","locations":[{"start":{"line":45,"column":18},"end":{"line":45,"column":49}},{"start":{"line":45,"column":53},"end":{"line":45,"column":64}}],"line":45},"4":{"loc":{"start":{"line":63,"column":6},"end":{"line":66,"column":7}},"type":"if","locations":[{"start":{"line":63,"column":6},"end":{"line":66,"column":7}},{"start":{},"end":{}}],"line":63},"5":{"loc":{"start":{"line":71,"column":21},"end":{"line":71,"column":43}},"type":"binary-expr","locations":[{"start":{"line":71,"column":21},"end":{"line":71,"column":37}},{"start":{"line":71,"column":41},"end":{"line":71,"column":43}}],"line":71},"6":{"loc":{"start":{"line":121,"column":4},"end":{"line":125,"column":5}},"type":"if","locations":[{"start":{"line":121,"column":4},"end":{"line":125,"column":5}},{"start":{"line":123,"column":11},"end":{"line":125,"column":5}}],"line":121},"7":{"loc":{"start":{"line":123,"column":11},"end":{"line":125,"column":5}},"type":"if","locations":[{"start":{"line":123,"column":11},"end":{"line":125,"column":5}},{"start":{},"end":{}}],"line":123},"8":{"loc":{"start":{"line":131,"column":4},"end":{"line":137,"column":5}},"type":"if","locations":[{"start":{"line":131,"column":4},"end":{"line":137,"column":5}},{"start":{},"end":{}}],"line":131},"9":{"loc":{"start":{"line":159,"column":4},"end":{"line":165,"column":5}},"type":"if","locations":[{"start":{"line":159,"column":4},"end":{"line":165,"column":5}},{"start":{},"end":{}}],"line":159}},"s":{"0":0,"1":0,"2":0,"3":0,"4":0,"5":0,"6":0,"7":0,"8":0,"9":0,"10":0,"11":0,"12":0,"13":0,"14":0,"15":0,"16":0,"17":0,"18":0,"19":0,"20":0,"21":0,"22":0,"23":0,"24":0,"25":0,"26":0,"27":0,"28":0,"29":0,"30":0,"31":0,"32":0,"33":0,"34":0,"35":0,"36":0,"37":0,"38":0,"39":0,"40":0,"41":0,"42":0,"43":0,"44":0,"45":0,"46":0,"47":0,"48":0,"49":0,"50":0,"51":0,"52":0,"53":0,"54":0,"55":0,"56":0,"57":0,"58":0,"59":0,"60":0,"61":0,"62":0,"63":0,"64":0,"65":0,"66":0,"67":0,"68":0,"69":0,"70":0,"71":0,"72":0,"73":0,"74":0,"75":0},"f":{"0":0,"1":0,"2":0,"3":0,"4":0,"5":0,"6":0,"7":0,"8":0,"9":0,"10":0,"11":0,"12":0,"13":0,"14":0,"15":0,"16":0,"17":0},"b":{"0":[0,0],"1":[0,0],"2":[0,0],"3":[0,0],"4":[0,0],"5":[0,0],"6":[0,0],"7":[0,0],"8":[0,0],"9":[0,0]},"inputSourceMap":null}
,"/Users/sansi/projects/what-to-eat/pages/initiate-meal/initiate-meal.js": {"path":"/Users/sansi/projects/what-to-eat/pages/initiate-meal/initiate-meal.js","statementMap":{"0":{"start":{"line":2,"column":16},"end":{"line":2,"column":51}},"1":{"start":{"line":4,"column":0},"end":{"line":308,"column":2}},"2":{"start":{"line":21,"column":4},"end":{"line":27,"column":5}},"3":{"start":{"line":22,"column":6},"end":{"line":22,"column":40}},"4":{"start":{"line":23,"column":6},"end":{"line":23,"column":28}},"5":{"start":{"line":26,"column":6},"end":{"line":26,"column":23}},"6":{"start":{"line":32,"column":4},"end":{"line":34,"column":5}},"7":{"start":{"line":33,"column":6},"end":{"line":33,"column":23}},"8":{"start":{"line":39,"column":24},"end":{"line":39,"column":55}},"9":{"start":{"line":40,"column":4},"end":{"line":44,"column":5}},"10":{"start":{"line":41,"column":6},"end":{"line":41,"column":55}},"11":{"start":{"line":42,"column":6},"end":{"line":42,"column":23}},"12":{"start":{"line":43,"column":6},"end":{"line":43,"column":12}},"13":{"start":{"line":46,"column":4},"end":{"line":46,"column":42}},"14":{"start":{"line":48,"column":4},"end":{"line":76,"column":5}},"15":{"start":{"line":50,"column":21},"end":{"line":50,"column":42}},"16":{"start":{"line":51,"column":24},"end":{"line":51,"column":46}},"17":{"start":{"line":54,"column":26},"end":{"line":54,"column":59}},"18":{"start":{"line":54,"column":54},"end":{"line":54,"column":58}},"19":{"start":{"line":55,"column":31},"end":{"line":55,"column":57}},"20":{"start":{"line":56,"column":33},"end":{"line":62,"column":9}},"21":{"start":{"line":56,"column":56},"end":{"line":62,"column":7}},"22":{"start":{"line":64,"column":29},"end":{"line":64,"column":86}},"23":{"start":{"line":64,"column":60},"end":{"line":64,"column":70}},"24":{"start":{"line":64,"column":81},"end":{"line":64,"column":85}},"25":{"start":{"line":66,"column":6},"end":{"line":72,"column":8}},"26":{"start":{"line":74,"column":6},"end":{"line":74,"column":37}},"27":{"start":{"line":75,"column":6},"end":{"line":75,"column":51}},"28":{"start":{"line":80,"column":4},"end":{"line":111,"column":5}},"29":{"start":{"line":81,"column":21},"end":{"line":81,"column":42}},"30":{"start":{"line":82,"column":21},"end":{"line":82,"column":43}},"31":{"start":{"line":83,"column":6},"end":{"line":83,"column":37}},"32":{"start":{"line":86,"column":29},"end":{"line":86,"column":56}},"33":{"start":{"line":86,"column":48},"end":{"line":86,"column":55}},"34":{"start":{"line":87,"column":6},"end":{"line":87,"column":47}},"35":{"start":{"line":90,"column":31},"end":{"line":90,"column":57}},"36":{"start":{"line":91,"column":33},"end":{"line":97,"column":9}},"37":{"start":{"line":91,"column":53},"end":{"line":97,"column":7}},"38":{"start":{"line":99,"column":6},"end":{"line":108,"column":8}},"39":{"start":{"line":105,"column":8},"end":{"line":105,"column":71}},"40":{"start":{"line":106,"column":8},"end":{"line":106,"column":61}},"41":{"start":{"line":107,"column":8},"end":{"line":107,"column":55}},"42":{"start":{"line":110,"column":6},"end":{"line":110,"column":35}},"43":{"start":{"line":115,"column":17},"end":{"line":115,"column":45}},"44":{"start":{"line":116,"column":4},"end":{"line":120,"column":6}},"45":{"start":{"line":124,"column":4},"end":{"line":127,"column":6}},"46":{"start":{"line":131,"column":4},"end":{"line":131,"column":45}},"47":{"start":{"line":135,"column":4},"end":{"line":135,"column":52}},"48":{"start":{"line":139,"column":17},"end":{"line":139,"column":48}},"49":{"start":{"line":140,"column":4},"end":{"line":143,"column":5}},"50":{"start":{"line":141,"column":6},"end":{"line":141,"column":52}},"51":{"start":{"line":142,"column":6},"end":{"line":142,"column":12}},"52":{"start":{"line":145,"column":4},"end":{"line":148,"column":6}},"53":{"start":{"line":152,"column":22},"end":{"line":152,"column":42}},"54":{"start":{"line":153,"column":19},"end":{"line":156,"column":7}},"55":{"start":{"line":153,"column":54},"end":{"line":156,"column":5}},"56":{"start":{"line":159,"column":27},"end":{"line":159,"column":71}},"57":{"start":{"line":159,"column":58},"end":{"line":159,"column":65}},"58":{"start":{"line":161,"column":4},"end":{"line":169,"column":6}},"59":{"start":{"line":166,"column":6},"end":{"line":166,"column":70}},"60":{"start":{"line":167,"column":6},"end":{"line":167,"column":60}},"61":{"start":{"line":168,"column":6},"end":{"line":168,"column":54}},"62":{"start":{"line":173,"column":15},"end":{"line":173,"column":41}},"63":{"start":{"line":175,"column":4},"end":{"line":175,"column":49}},"64":{"start":{"line":177,"column":19},"end":{"line":177,"column":40}},"65":{"start":{"line":178,"column":22},"end":{"line":178,"column":62}},"66":{"start":{"line":178,"column":47},"end":{"line":178,"column":61}},"67":{"start":{"line":180,"column":4},"end":{"line":205,"column":5}},"68":{"start":{"line":182,"column":6},"end":{"line":182,"column":62}},"69":{"start":{"line":184,"column":6},"end":{"line":184,"column":67}},"70":{"start":{"line":187,"column":29},"end":{"line":187,"column":86}},"71":{"start":{"line":187,"column":51},"end":{"line":187,"column":64}},"72":{"start":{"line":187,"column":78},"end":{"line":187,"column":85}},"73":{"start":{"line":190,"column":24},"end":{"line":190,"column":84}},"74":{"start":{"line":192,"column":6},"end":{"line":192,"column":49}},"75":{"start":{"line":193,"column":6},"end":{"line":193,"column":39}},"76":{"start":{"line":194,"column":6},"end":{"line":194,"column":52}},"77":{"start":{"line":196,"column":6},"end":{"line":204,"column":8}},"78":{"start":{"line":201,"column":8},"end":{"line":201,"column":74}},"79":{"start":{"line":202,"column":8},"end":{"line":202,"column":64}},"80":{"start":{"line":203,"column":8},"end":{"line":203,"column":58}},"81":{"start":{"line":210,"column":56},"end":{"line":210,"column":65}},"82":{"start":{"line":212,"column":4},"end":{"line":215,"column":5}},"83":{"start":{"line":213,"column":6},"end":{"line":213,"column":52}},"84":{"start":{"line":214,"column":6},"end":{"line":214,"column":12}},"85":{"start":{"line":217,"column":32},"end":{"line":217,"column":68}},"86":{"start":{"line":217,"column":54},"end":{"line":217,"column":67}},"87":{"start":{"line":218,"column":4},"end":{"line":221,"column":5}},"88":{"start":{"line":219,"column":6},"end":{"line":219,"column":52}},"89":{"start":{"line":220,"column":6},"end":{"line":220,"column":12}},"90":{"start":{"line":223,"column":4},"end":{"line":239,"column":5}},"91":{"start":{"line":225,"column":30},"end":{"line":225,"column":64}},"92":{"start":{"line":225,"column":59},"end":{"line":225,"column":63}},"93":{"start":{"line":226,"column":6},"end":{"line":226,"column":77}},"94":{"start":{"line":229,"column":6},"end":{"line":229,"column":44}},"95":{"start":{"line":231,"column":6},"end":{"line":231,"column":54}},"96":{"start":{"line":234,"column":6},"end":{"line":236,"column":14}},"97":{"start":{"line":235,"column":8},"end":{"line":235,"column":25}},"98":{"start":{"line":238,"column":6},"end":{"line":238,"column":35}},"99":{"start":{"line":244,"column":4},"end":{"line":244,"column":42}},"100":{"start":{"line":245,"column":4},"end":{"line":245,"column":21}},"101":{"start":{"line":249,"column":4},"end":{"line":249,"column":36}},"102":{"start":{"line":250,"column":33},"end":{"line":250,"column":42}},"103":{"start":{"line":253,"column":19},"end":{"line":253,"column":35}},"104":{"start":{"line":255,"column":4},"end":{"line":255,"column":75}},"105":{"start":{"line":257,"column":4},"end":{"line":261,"column":5}},"106":{"start":{"line":258,"column":6},"end":{"line":258,"column":26}},"107":{"start":{"line":259,"column":6},"end":{"line":259,"column":52}},"108":{"start":{"line":260,"column":6},"end":{"line":260,"column":12}},"109":{"start":{"line":264,"column":32},"end":{"line":264,"column":68}},"110":{"start":{"line":264,"column":54},"end":{"line":264,"column":67}},"111":{"start":{"line":265,"column":4},"end":{"line":265,"column":32}},"112":{"start":{"line":266,"column":4},"end":{"line":266,"column":46}},"113":{"start":{"line":267,"column":4},"end":{"line":267,"column":55}},"114":{"start":{"line":269,"column":4},"end":{"line":273,"column":5}},"115":{"start":{"line":270,"column":6},"end":{"line":270,"column":26}},"116":{"start":{"line":271,"column":6},"end":{"line":271,"column":52}},"117":{"start":{"line":272,"column":6},"end":{"line":272,"column":12}},"118":{"start":{"line":276,"column":4},"end":{"line":276,"column":44}},"119":{"start":{"line":278,"column":4},"end":{"line":306,"column":5}},"120":{"start":{"line":280,"column":30},"end":{"line":280,"column":64}},"121":{"start":{"line":280,"column":59},"end":{"line":280,"column":63}},"122":{"start":{"line":281,"column":21},"end":{"line":281,"column":77}},"123":{"start":{"line":282,"column":23},"end":{"line":282,"column":34}},"124":{"start":{"line":284,"column":6},"end":{"line":284,"column":38}},"125":{"start":{"line":287,"column":6},"end":{"line":287,"column":48}},"126":{"start":{"line":290,"column":6},"end":{"line":290,"column":30}},"127":{"start":{"line":291,"column":6},"end":{"line":302,"column":8}},"128":{"start":{"line":294,"column":10},"end":{"line":294,"column":35}},"129":{"start":{"line":295,"column":10},"end":{"line":295,"column":26}},"130":{"start":{"line":298,"column":10},"end":{"line":298,"column":35}},"131":{"start":{"line":299,"column":10},"end":{"line":299,"column":26}},"132":{"start":{"line":300,"column":10},"end":{"line":300,"column":59}},"133":{"start":{"line":304,"column":6},"end":{"line":304,"column":35}},"134":{"start":{"line":305,"column":6},"end":{"line":305,"column":22}}},"fnMap":{"0":{"name":"(anonymous_0)","decl":{"start":{"line":19,"column":2},"end":{"line":19,"column":3}},"loc":{"start":{"line":19,"column":18},"end":{"line":28,"column":3}},"line":19},"1":{"name":"(anonymous_1)","decl":{"start":{"line":30,"column":2},"end":{"line":30,"column":3}},"loc":{"start":{"line":30,"column":11},"end":{"line":35,"column":3}},"line":30},"2":{"name":"(anonymous_2)","decl":{"start":{"line":38,"column":2},"end":{"line":38,"column":3}},"loc":{"start":{"line":38,"column":26},"end":{"line":77,"column":3}},"line":38},"3":{"name":"(anonymous_3)","decl":{"start":{"line":54,"column":49},"end":{"line":54,"column":50}},"loc":{"start":{"line":54,"column":54},"end":{"line":54,"column":58}},"line":54},"4":{"name":"(anonymous_4)","decl":{"start":{"line":56,"column":47},"end":{"line":56,"column":48}},"loc":{"start":{"line":56,"column":56},"end":{"line":62,"column":7}},"line":56},"5":{"name":"(anonymous_5)","decl":{"start":{"line":64,"column":55},"end":{"line":64,"column":56}},"loc":{"start":{"line":64,"column":60},"end":{"line":64,"column":70}},"line":64},"6":{"name":"(anonymous_6)","decl":{"start":{"line":64,"column":76},"end":{"line":64,"column":77}},"loc":{"start":{"line":64,"column":81},"end":{"line":64,"column":85}},"line":64},"7":{"name":"(anonymous_7)","decl":{"start":{"line":79,"column":2},"end":{"line":79,"column":3}},"loc":{"start":{"line":79,"column":21},"end":{"line":112,"column":3}},"line":79},"8":{"name":"(anonymous_8)","decl":{"start":{"line":86,"column":40},"end":{"line":86,"column":41}},"loc":{"start":{"line":86,"column":48},"end":{"line":86,"column":55}},"line":86},"9":{"name":"(anonymous_9)","decl":{"start":{"line":91,"column":44},"end":{"line":91,"column":45}},"loc":{"start":{"line":91,"column":53},"end":{"line":97,"column":7}},"line":91},"10":{"name":"(anonymous_10)","decl":{"start":{"line":103,"column":9},"end":{"line":103,"column":10}},"loc":{"start":{"line":103,"column":15},"end":{"line":108,"column":7}},"line":103},"11":{"name":"(anonymous_11)","decl":{"start":{"line":114,"column":2},"end":{"line":114,"column":3}},"loc":{"start":{"line":114,"column":20},"end":{"line":121,"column":3}},"line":114},"12":{"name":"(anonymous_12)","decl":{"start":{"line":123,"column":2},"end":{"line":123,"column":3}},"loc":{"start":{"line":123,"column":25},"end":{"line":128,"column":3}},"line":123},"13":{"name":"(anonymous_13)","decl":{"start":{"line":130,"column":2},"end":{"line":130,"column":3}},"loc":{"start":{"line":130,"column":21},"end":{"line":132,"column":3}},"line":130},"14":{"name":"(anonymous_14)","decl":{"start":{"line":134,"column":2},"end":{"line":134,"column":3}},"loc":{"start":{"line":134,"column":23},"end":{"line":136,"column":3}},"line":134},"15":{"name":"(anonymous_15)","decl":{"start":{"line":138,"column":2},"end":{"line":138,"column":3}},"loc":{"start":{"line":138,"column":22},"end":{"line":149,"column":3}},"line":138},"16":{"name":"(anonymous_16)","decl":{"start":{"line":151,"column":2},"end":{"line":151,"column":3}},"loc":{"start":{"line":151,"column":20},"end":{"line":170,"column":3}},"line":151},"17":{"name":"(anonymous_17)","decl":{"start":{"line":153,"column":45},"end":{"line":153,"column":46}},"loc":{"start":{"line":153,"column":54},"end":{"line":156,"column":5}},"line":153},"18":{"name":"(anonymous_18)","decl":{"start":{"line":159,"column":50},"end":{"line":159,"column":51}},"loc":{"start":{"line":159,"column":58},"end":{"line":159,"column":65}},"line":159},"19":{"name":"(anonymous_19)","decl":{"start":{"line":165,"column":7},"end":{"line":165,"column":8}},"loc":{"start":{"line":165,"column":13},"end":{"line":169,"column":5}},"line":165},"20":{"name":"(anonymous_20)","decl":{"start":{"line":172,"column":2},"end":{"line":172,"column":3}},"loc":{"start":{"line":172,"column":25},"end":{"line":206,"column":3}},"line":172},"21":{"name":"(anonymous_21)","decl":{"start":{"line":178,"column":39},"end":{"line":178,"column":40}},"loc":{"start":{"line":178,"column":47},"end":{"line":178,"column":61}},"line":178},"22":{"name":"(anonymous_22)","decl":{"start":{"line":187,"column":43},"end":{"line":187,"column":44}},"loc":{"start":{"line":187,"column":51},"end":{"line":187,"column":64}},"line":187},"23":{"name":"(anonymous_23)","decl":{"start":{"line":187,"column":70},"end":{"line":187,"column":71}},"loc":{"start":{"line":187,"column":78},"end":{"line":187,"column":85}},"line":187},"24":{"name":"(anonymous_24)","decl":{"start":{"line":200,"column":9},"end":{"line":200,"column":10}},"loc":{"start":{"line":200,"column":15},"end":{"line":204,"column":7}},"line":200},"25":{"name":"(anonymous_25)","decl":{"start":{"line":209,"column":2},"end":{"line":209,"column":3}},"loc":{"start":{"line":209,"column":23},"end":{"line":240,"column":3}},"line":209},"26":{"name":"(anonymous_26)","decl":{"start":{"line":217,"column":46},"end":{"line":217,"column":47}},"loc":{"start":{"line":217,"column":54},"end":{"line":217,"column":67}},"line":217},"27":{"name":"(anonymous_27)","decl":{"start":{"line":225,"column":54},"end":{"line":225,"column":55}},"loc":{"start":{"line":225,"column":59},"end":{"line":225,"column":63}},"line":225},"28":{"name":"(anonymous_28)","decl":{"start":{"line":234,"column":17},"end":{"line":234,"column":18}},"loc":{"start":{"line":234,"column":23},"end":{"line":236,"column":7}},"line":234},"29":{"name":"(anonymous_29)","decl":{"start":{"line":243,"column":2},"end":{"line":243,"column":3}},"loc":{"start":{"line":243,"column":11},"end":{"line":246,"column":3}},"line":243},"30":{"name":"(anonymous_30)","decl":{"start":{"line":248,"column":2},"end":{"line":248,"column":3}},"loc":{"start":{"line":248,"column":23},"end":{"line":307,"column":3}},"line":248},"31":{"name":"(anonymous_31)","decl":{"start":{"line":264,"column":46},"end":{"line":264,"column":47}},"loc":{"start":{"line":264,"column":54},"end":{"line":264,"column":67}},"line":264},"32":{"name":"(anonymous_32)","decl":{"start":{"line":280,"column":54},"end":{"line":280,"column":55}},"loc":{"start":{"line":280,"column":59},"end":{"line":280,"column":63}},"line":280},"33":{"name":"(anonymous_33)","decl":{"start":{"line":293,"column":17},"end":{"line":293,"column":18}},"loc":{"start":{"line":293,"column":31},"end":{"line":296,"column":9}},"line":293},"34":{"name":"(anonymous_34)","decl":{"start":{"line":297,"column":14},"end":{"line":297,"column":15}},"loc":{"start":{"line":297,"column":28},"end":{"line":301,"column":9}},"line":297}},"branchMap":{"0":{"loc":{"start":{"line":21,"column":4},"end":{"line":27,"column":5}},"type":"if","locations":[{"start":{"line":21,"column":4},"end":{"line":27,"column":5}},{"start":{"line":24,"column":11},"end":{"line":27,"column":5}}],"line":21},"1":{"loc":{"start":{"line":21,"column":8},"end":{"line":21,"column":42}},"type":"binary-expr","locations":[{"start":{"line":21,"column":8},"end":{"line":21,"column":15}},{"start":{"line":21,"column":19},"end":{"line":21,"column":42}}],"line":21},"2":{"loc":{"start":{"line":32,"column":4},"end":{"line":34,"column":5}},"type":"if","locations":[{"start":{"line":32,"column":4},"end":{"line":34,"column":5}},{"start":{},"end":{}}],"line":32},"3":{"loc":{"start":{"line":40,"column":4},"end":{"line":44,"column":5}},"type":"if","locations":[{"start":{"line":40,"column":4},"end":{"line":44,"column":5}},{"start":{},"end":{}}],"line":40},"4":{"loc":{"start":{"line":51,"column":24},"end":{"line":51,"column":46}},"type":"binary-expr","locations":[{"start":{"line":51,"column":24},"end":{"line":51,"column":40}},{"start":{"line":51,"column":44},"end":{"line":51,"column":46}}],"line":51},"5":{"loc":{"start":{"line":59,"column":18},"end":{"line":59,"column":55}},"type":"binary-expr","locations":[{"start":{"line":59,"column":18},"end":{"line":59,"column":31}},{"start":{"line":59,"column":35},"end":{"line":59,"column":49}},{"start":{"line":59,"column":53},"end":{"line":59,"column":55}}],"line":59},"6":{"loc":{"start":{"line":60,"column":22},"end":{"line":60,"column":75}},"type":"binary-expr","locations":[{"start":{"line":60,"column":23},"end":{"line":60,"column":36}},{"start":{"line":60,"column":40},"end":{"line":60,"column":54}},{"start":{"line":60,"column":59},"end":{"line":60,"column":75}}],"line":60},"7":{"loc":{"start":{"line":61,"column":28},"end":{"line":61,"column":54}},"type":"binary-expr","locations":[{"start":{"line":61,"column":28},"end":{"line":61,"column":44}},{"start":{"line":61,"column":48},"end":{"line":61,"column":54}}],"line":61},"8":{"loc":{"start":{"line":71,"column":19},"end":{"line":71,"column":85}},"type":"binary-expr","locations":[{"start":{"line":71,"column":19},"end":{"line":71,"column":61}},{"start":{"line":71,"column":65},"end":{"line":71,"column":85}}],"line":71},"9":{"loc":{"start":{"line":82,"column":21},"end":{"line":82,"column":43}},"type":"binary-expr","locations":[{"start":{"line":82,"column":21},"end":{"line":82,"column":37}},{"start":{"line":82,"column":41},"end":{"line":82,"column":43}}],"line":82},"10":{"loc":{"start":{"line":94,"column":18},"end":{"line":94,"column":55}},"type":"binary-expr","locations":[{"start":{"line":94,"column":18},"end":{"line":94,"column":31}},{"start":{"line":94,"column":35},"end":{"line":94,"column":49}},{"start":{"line":94,"column":53},"end":{"line":94,"column":55}}],"line":94},"11":{"loc":{"start":{"line":95,"column":22},"end":{"line":95,"column":75}},"type":"binary-expr","locations":[{"start":{"line":95,"column":23},"end":{"line":95,"column":36}},{"start":{"line":95,"column":40},"end":{"line":95,"column":54}},{"start":{"line":95,"column":59},"end":{"line":95,"column":75}}],"line":95},"12":{"loc":{"start":{"line":96,"column":28},"end":{"line":96,"column":54}},"type":"binary-expr","locations":[{"start":{"line":96,"column":28},"end":{"line":96,"column":44}},{"start":{"line":96,"column":48},"end":{"line":96,"column":54}}],"line":96},"13":{"loc":{"start":{"line":140,"column":4},"end":{"line":143,"column":5}},"type":"if","locations":[{"start":{"line":140,"column":4},"end":{"line":143,"column":5}},{"start":{},"end":{}}],"line":140},"14":{"loc":{"start":{"line":159,"column":27},"end":{"line":159,"column":71}},"type":"cond-expr","locations":[{"start":{"line":159,"column":39},"end":{"line":159,"column":66}},{"start":{"line":159,"column":69},"end":{"line":159,"column":71}}],"line":159},"15":{"loc":{"start":{"line":180,"column":4},"end":{"line":205,"column":5}},"type":"if","locations":[{"start":{"line":180,"column":4},"end":{"line":205,"column":5}},{"start":{},"end":{}}],"line":180},"16":{"loc":{"start":{"line":190,"column":24},"end":{"line":190,"column":84}},"type":"binary-expr","locations":[{"start":{"line":190,"column":24},"end":{"line":190,"column":63}},{"start":{"line":190,"column":67},"end":{"line":190,"column":84}}],"line":190},"17":{"loc":{"start":{"line":212,"column":4},"end":{"line":215,"column":5}},"type":"if","locations":[{"start":{"line":212,"column":4},"end":{"line":215,"column":5}},{"start":{},"end":{}}],"line":212},"18":{"loc":{"start":{"line":218,"column":4},"end":{"line":221,"column":5}},"type":"if","locations":[{"start":{"line":218,"column":4},"end":{"line":221,"column":5}},{"start":{},"end":{}}],"line":218},"19":{"loc":{"start":{"line":257,"column":4},"end":{"line":261,"column":5}},"type":"if","locations":[{"start":{"line":257,"column":4},"end":{"line":261,"column":5}},{"start":{},"end":{}}],"line":257},"20":{"loc":{"start":{"line":269,"column":4},"end":{"line":273,"column":5}},"type":"if","locations":[{"start":{"line":269,"column":4},"end":{"line":273,"column":5}},{"start":{},"end":{}}],"line":269}},"s":{"0":0,"1":0,"2":0,"3":0,"4":0,"5":0,"6":0,"7":0,"8":0,"9":0,"10":0,"11":0,"12":0,"13":0,"14":0,"15":0,"16":0,"17":0,"18":0,"19":0,"20":0,"21":0,"22":0,"23":0,"24":0,"25":0,"26":0,"27":0,"28":0,"29":0,"30":0,"31":0,"32":0,"33":0,"34":0,"35":0,"36":0,"37":0,"38":0,"39":0,"40":0,"41":0,"42":0,"43":0,"44":0,"45":0,"46":0,"47":0,"48":0,"49":0,"50":0,"51":0,"52":0,"53":0,"54":0,"55":0,"56":0,"57":0,"58":0,"59":0,"60":0,"61":0,"62":0,"63":0,"64":0,"65":0,"66":0,"67":0,"68":0,"69":0,"70":0,"71":0,"72":0,"73":0,"74":0,"75":0,"76":0,"77":0,"78":0,"79":0,"80":0,"81":0,"82":0,"83":0,"84":0,"85":0,"86":0,"87":0,"88":0,"89":0,"90":0,"91":0,"92":0,"93":0,"94":0,"95":0,"96":0,"97":0,"98":0,"99":0,"100":0,"101":0,"102":0,"103":0,"104":0,"105":0,"106":0,"107":0,"108":0,"109":0,"110":0,"111":0,"112":0,"113":0,"114":0,"115":0,"116":0,"117":0,"118":0,"119":0,"120":0,"121":0,"122":0,"123":0,"124":0,"125":0,"126":0,"127":0,"128":0,"129":0,"130":0,"131":0,"132":0,"133":0,"134":0},"f":{"0":0,"1":0,"2":0,"3":0,"4":0,"5":0,"6":0,"7":0,"8":0,"9":0,"10":0,"11":0,"12":0,"13":0,"14":0,"15":0,"16":0,"17":0,"18":0,"19":0,"20":0,"21":0,"22":0,"23":0,"24":0,"25":0,"26":0,"27":0,"28":0,"29":0,"30":0,"31":0,"32":0,"33":0,"34":0},"b":{"0":[0,0],"1":[0,0],"2":[0,0],"3":[0,0],"4":[0,0],"5":[0,0,0],"6":[0,0,0],"7":[0,0],"8":[0,0],"9":[0,0],"10":[0,0,0],"11":[0,0,0],"12":[0,0],"13":[0,0],"14":[0,0],"15":[0,0],"16":[0,0],"17":[0,0],"18":[0,0],"19":[0,0],"20":[0,0]},"inputSourceMap":null}
,"/Users/sansi/projects/what-to-eat/pages/login/login.js": {"path":"/Users/sansi/projects/what-to-eat/pages/login/login.js","statementMap":{"0":{"start":{"line":2,"column":0},"end":{"line":123,"column":2}},"1":{"start":{"line":10,"column":24},"end":{"line":10,"column":72}},"2":{"start":{"line":11,"column":4},"end":{"line":11,"column":33}},"3":{"start":{"line":14,"column":21},"end":{"line":14,"column":50}},"4":{"start":{"line":15,"column":4},"end":{"line":24,"column":5}},"5":{"start":{"line":17,"column":6},"end":{"line":23,"column":8}},"6":{"start":{"line":21,"column":10},"end":{"line":21,"column":45}},"7":{"start":{"line":29,"column":4},"end":{"line":31,"column":6}},"8":{"start":{"line":36,"column":21},"end":{"line":36,"column":35}},"9":{"start":{"line":37,"column":4},"end":{"line":39,"column":5}},"10":{"start":{"line":38,"column":6},"end":{"line":38,"column":32}},"11":{"start":{"line":44,"column":38},"end":{"line":44,"column":47}},"12":{"start":{"line":46,"column":4},"end":{"line":46,"column":74}},"13":{"start":{"line":48,"column":4},"end":{"line":54,"column":5}},"14":{"start":{"line":49,"column":6},"end":{"line":52,"column":8}},"15":{"start":{"line":53,"column":6},"end":{"line":53,"column":12}},"16":{"start":{"line":57,"column":21},"end":{"line":60,"column":5}},"17":{"start":{"line":61,"column":4},"end":{"line":61,"column":43}},"18":{"start":{"line":62,"column":4},"end":{"line":62,"column":55}},"19":{"start":{"line":63,"column":4},"end":{"line":63,"column":59}},"20":{"start":{"line":64,"column":4},"end":{"line":64,"column":37}},"21":{"start":{"line":67,"column":4},"end":{"line":67,"column":42}},"22":{"start":{"line":68,"column":4},"end":{"line":68,"column":26}},"23":{"start":{"line":71,"column":19},"end":{"line":71,"column":46}},"24":{"start":{"line":72,"column":4},"end":{"line":74,"column":5}},"25":{"start":{"line":73,"column":6},"end":{"line":73,"column":53}},"26":{"start":{"line":76,"column":4},"end":{"line":121,"column":6}},"27":{"start":{"line":81,"column":8},"end":{"line":81,"column":44}},"28":{"start":{"line":83,"column":8},"end":{"line":119,"column":16}},"29":{"start":{"line":85,"column":29},"end":{"line":85,"column":60}},"30":{"start":{"line":86,"column":10},"end":{"line":86,"column":46}},"31":{"start":{"line":89,"column":27},"end":{"line":89,"column":117}},"32":{"start":{"line":90,"column":28},"end":{"line":90,"column":76}},"33":{"start":{"line":90,"column":49},"end":{"line":90,"column":75}},"34":{"start":{"line":92,"column":10},"end":{"line":118,"column":11}},"35":{"start":{"line":93,"column":12},"end":{"line":93,"column":50}},"36":{"start":{"line":94,"column":12},"end":{"line":104,"column":14}},"37":{"start":{"line":97,"column":16},"end":{"line":97,"column":35}},"38":{"start":{"line":100,"column":16},"end":{"line":100,"column":43}},"39":{"start":{"line":102,"column":16},"end":{"line":102,"column":67}},"40":{"start":{"line":106,"column":12},"end":{"line":106,"column":47}},"41":{"start":{"line":107,"column":12},"end":{"line":117,"column":14}},"42":{"start":{"line":110,"column":16},"end":{"line":110,"column":35}},"43":{"start":{"line":113,"column":16},"end":{"line":113,"column":43}},"44":{"start":{"line":115,"column":16},"end":{"line":115,"column":67}}},"fnMap":{"0":{"name":"(anonymous_0)","decl":{"start":{"line":8,"column":2},"end":{"line":8,"column":3}},"loc":{"start":{"line":8,"column":18},"end":{"line":25,"column":3}},"line":8},"1":{"name":"(anonymous_1)","decl":{"start":{"line":19,"column":14},"end":{"line":19,"column":15}},"loc":{"start":{"line":19,"column":20},"end":{"line":22,"column":9}},"line":19},"2":{"name":"(anonymous_2)","decl":{"start":{"line":28,"column":2},"end":{"line":28,"column":3}},"loc":{"start":{"line":28,"column":21},"end":{"line":32,"column":3}},"line":28},"3":{"name":"(anonymous_3)","decl":{"start":{"line":35,"column":2},"end":{"line":35,"column":3}},"loc":{"start":{"line":35,"column":22},"end":{"line":40,"column":3}},"line":35},"4":{"name":"(anonymous_4)","decl":{"start":{"line":43,"column":2},"end":{"line":43,"column":3}},"loc":{"start":{"line":43,"column":12},"end":{"line":122,"column":3}},"line":43},"5":{"name":"(anonymous_5)","decl":{"start":{"line":80,"column":15},"end":{"line":80,"column":16}},"loc":{"start":{"line":80,"column":21},"end":{"line":120,"column":7}},"line":80},"6":{"name":"(anonymous_6)","decl":{"start":{"line":83,"column":19},"end":{"line":83,"column":20}},"loc":{"start":{"line":83,"column":25},"end":{"line":119,"column":9}},"line":83},"7":{"name":"(anonymous_7)","decl":{"start":{"line":90,"column":42},"end":{"line":90,"column":43}},"loc":{"start":{"line":90,"column":49},"end":{"line":90,"column":75}},"line":90},"8":{"name":"(anonymous_8)","decl":{"start":{"line":96,"column":23},"end":{"line":96,"column":24}},"loc":{"start":{"line":96,"column":29},"end":{"line":98,"column":15}},"line":96},"9":{"name":"(anonymous_9)","decl":{"start":{"line":99,"column":20},"end":{"line":99,"column":21}},"loc":{"start":{"line":99,"column":29},"end":{"line":103,"column":15}},"line":99},"10":{"name":"(anonymous_10)","decl":{"start":{"line":109,"column":23},"end":{"line":109,"column":24}},"loc":{"start":{"line":109,"column":29},"end":{"line":111,"column":15}},"line":109},"11":{"name":"(anonymous_11)","decl":{"start":{"line":112,"column":20},"end":{"line":112,"column":21}},"loc":{"start":{"line":112,"column":29},"end":{"line":116,"column":15}},"line":112}},"branchMap":{"0":{"loc":{"start":{"line":10,"column":24},"end":{"line":10,"column":72}},"type":"binary-expr","locations":[{"start":{"line":10,"column":24},"end":{"line":10,"column":40}},{"start":{"line":10,"column":44},"end":{"line":10,"column":72}}],"line":10},"1":{"loc":{"start":{"line":15,"column":4},"end":{"line":24,"column":5}},"type":"if","locations":[{"start":{"line":15,"column":4},"end":{"line":24,"column":5}},{"start":{},"end":{}}],"line":15},"2":{"loc":{"start":{"line":15,"column":8},"end":{"line":15,"column":69}},"type":"binary-expr","locations":[{"start":{"line":15,"column":8},"end":{"line":15,"column":16}},{"start":{"line":15,"column":20},"end":{"line":15,"column":37}},{"start":{"line":15,"column":41},"end":{"line":15,"column":69}}],"line":15},"3":{"loc":{"start":{"line":37,"column":4},"end":{"line":39,"column":5}},"type":"if","locations":[{"start":{"line":37,"column":4},"end":{"line":39,"column":5}},{"start":{},"end":{}}],"line":37},"4":{"loc":{"start":{"line":48,"column":4},"end":{"line":54,"column":5}},"type":"if","locations":[{"start":{"line":48,"column":4},"end":{"line":54,"column":5}},{"start":{},"end":{}}],"line":48},"5":{"loc":{"start":{"line":48,"column":8},"end":{"line":48,"column":43}},"type":"binary-expr","locations":[{"start":{"line":48,"column":8},"end":{"line":48,"column":17}},{"start":{"line":48,"column":21},"end":{"line":48,"column":43}}],"line":48},"6":{"loc":{"start":{"line":72,"column":4},"end":{"line":74,"column":5}},"type":"if","locations":[{"start":{"line":72,"column":4},"end":{"line":74,"column":5}},{"start":{},"end":{}}],"line":72},"7":{"loc":{"start":{"line":92,"column":10},"end":{"line":118,"column":11}},"type":"if","locations":[{"start":{"line":92,"column":10},"end":{"line":118,"column":11}},{"start":{"line":105,"column":17},"end":{"line":118,"column":11}}],"line":92}},"s":{"0":0,"1":0,"2":0,"3":0,"4":0,"5":0,"6":0,"7":0,"8":0,"9":0,"10":0,"11":0,"12":0,"13":0,"14":0,"15":0,"16":0,"17":0,"18":0,"19":0,"20":0,"21":0,"22":0,"23":0,"24":0,"25":0,"26":0,"27":0,"28":0,"29":0,"30":0,"31":0,"32":0,"33":0,"34":0,"35":0,"36":0,"37":0,"38":0,"39":0,"40":0,"41":0,"42":0,"43":0,"44":0},"f":{"0":0,"1":0,"2":0,"3":0,"4":0,"5":0,"6":0,"7":0,"8":0,"9":0,"10":0,"11":0},"b":{"0":[0,0],"1":[0,0],"2":[0,0,0],"3":[0,0],"4":[0,0],"5":[0,0],"6":[0,0],"7":[0,0]},"inputSourceMap":null}
,"/Users/sansi/projects/what-to-eat/pages/meal-list/meal-list.js": {"path":"/Users/sansi/projects/what-to-eat/pages/meal-list/meal-list.js","statementMap":{"0":{"start":{"line":2,"column":16},"end":{"line":2,"column":51}},"1":{"start":{"line":4,"column":0},"end":{"line":265,"column":2}},"2":{"start":{"line":10,"column":4},"end":{"line":10,"column":20}},"3":{"start":{"line":14,"column":4},"end":{"line":14,"column":20}},"4":{"start":{"line":19,"column":4},"end":{"line":19,"column":29}},"5":{"start":{"line":19,"column":20},"end":{"line":19,"column":29}},"6":{"start":{"line":20,"column":4},"end":{"line":32,"column":5}},"7":{"start":{"line":21,"column":19},"end":{"line":21,"column":38}},"8":{"start":{"line":23,"column":26},"end":{"line":23,"column":71}},"9":{"start":{"line":24,"column":19},"end":{"line":24,"column":47}},"10":{"start":{"line":25,"column":20},"end":{"line":25,"column":74}},"11":{"start":{"line":26,"column":18},"end":{"line":26,"column":67}},"12":{"start":{"line":27,"column":20},"end":{"line":27,"column":70}},"13":{"start":{"line":28,"column":22},"end":{"line":28,"column":74}},"14":{"start":{"line":29,"column":6},"end":{"line":29,"column":58}},"15":{"start":{"line":31,"column":6},"end":{"line":31,"column":15}},"16":{"start":{"line":37,"column":4},"end":{"line":58,"column":5}},"17":{"start":{"line":39,"column":21},"end":{"line":39,"column":42}},"18":{"start":{"line":40,"column":20},"end":{"line":40,"column":42}},"19":{"start":{"line":43,"column":37},"end":{"line":50,"column":9}},"20":{"start":{"line":43,"column":56},"end":{"line":50,"column":7}},"21":{"start":{"line":53,"column":26},"end":{"line":53,"column":64}},"22":{"start":{"line":55,"column":6},"end":{"line":55,"column":42}},"23":{"start":{"line":57,"column":6},"end":{"line":57,"column":37}},"24":{"start":{"line":63,"column":4},"end":{"line":66,"column":6}},"25":{"start":{"line":65,"column":6},"end":{"line":65,"column":58}},"26":{"start":{"line":71,"column":19},"end":{"line":71,"column":45}},"27":{"start":{"line":73,"column":4},"end":{"line":93,"column":5}},"28":{"start":{"line":75,"column":21},"end":{"line":75,"column":47}},"29":{"start":{"line":76,"column":19},"end":{"line":76,"column":30}},"30":{"start":{"line":78,"column":6},"end":{"line":81,"column":7}},"31":{"start":{"line":79,"column":8},"end":{"line":79,"column":54}},"32":{"start":{"line":80,"column":8},"end":{"line":80,"column":14}},"33":{"start":{"line":84,"column":6},"end":{"line":84,"column":44}},"34":{"start":{"line":87,"column":6},"end":{"line":89,"column":8}},"35":{"start":{"line":91,"column":6},"end":{"line":91,"column":37}},"36":{"start":{"line":92,"column":6},"end":{"line":92,"column":51}},"37":{"start":{"line":98,"column":19},"end":{"line":98,"column":45}},"38":{"start":{"line":100,"column":4},"end":{"line":118,"column":6}},"39":{"start":{"line":104,"column":8},"end":{"line":116,"column":9}},"40":{"start":{"line":105,"column":10},"end":{"line":115,"column":11}},"41":{"start":{"line":107,"column":12},"end":{"line":107,"column":40}},"42":{"start":{"line":110,"column":12},"end":{"line":110,"column":28}},"43":{"start":{"line":112,"column":12},"end":{"line":112,"column":60}},"44":{"start":{"line":114,"column":12},"end":{"line":114,"column":39}},"45":{"start":{"line":123,"column":19},"end":{"line":123,"column":45}},"46":{"start":{"line":124,"column":17},"end":{"line":124,"column":59}},"47":{"start":{"line":124,"column":43},"end":{"line":124,"column":58}},"48":{"start":{"line":126,"column":4},"end":{"line":129,"column":5}},"49":{"start":{"line":127,"column":6},"end":{"line":127,"column":52}},"50":{"start":{"line":128,"column":6},"end":{"line":128,"column":12}},"51":{"start":{"line":132,"column":4},"end":{"line":135,"column":5}},"52":{"start":{"line":133,"column":6},"end":{"line":133,"column":53}},"53":{"start":{"line":134,"column":6},"end":{"line":134,"column":12}},"54":{"start":{"line":138,"column":4},"end":{"line":138,"column":42}},"55":{"start":{"line":141,"column":4},"end":{"line":143,"column":6}},"56":{"start":{"line":148,"column":19},"end":{"line":148,"column":45}},"57":{"start":{"line":150,"column":4},"end":{"line":171,"column":5}},"58":{"start":{"line":152,"column":21},"end":{"line":152,"column":47}},"59":{"start":{"line":153,"column":19},"end":{"line":153,"column":30}},"60":{"start":{"line":155,"column":6},"end":{"line":158,"column":7}},"61":{"start":{"line":156,"column":8},"end":{"line":156,"column":54}},"62":{"start":{"line":157,"column":8},"end":{"line":157,"column":14}},"63":{"start":{"line":161,"column":6},"end":{"line":161,"column":44}},"64":{"start":{"line":162,"column":6},"end":{"line":162,"column":41}},"65":{"start":{"line":165,"column":6},"end":{"line":167,"column":8}},"66":{"start":{"line":169,"column":6},"end":{"line":169,"column":37}},"67":{"start":{"line":170,"column":6},"end":{"line":170,"column":51}},"68":{"start":{"line":176,"column":19},"end":{"line":176,"column":45}},"69":{"start":{"line":178,"column":4},"end":{"line":195,"column":6}},"70":{"start":{"line":182,"column":8},"end":{"line":193,"column":9}},"71":{"start":{"line":183,"column":10},"end":{"line":192,"column":11}},"72":{"start":{"line":185,"column":12},"end":{"line":185,"column":41}},"73":{"start":{"line":186,"column":12},"end":{"line":186,"column":60}},"74":{"start":{"line":188,"column":12},"end":{"line":188,"column":28}},"75":{"start":{"line":190,"column":12},"end":{"line":190,"column":41}},"76":{"start":{"line":191,"column":12},"end":{"line":191,"column":57}},"77":{"start":{"line":200,"column":19},"end":{"line":200,"column":45}},"78":{"start":{"line":201,"column":17},"end":{"line":201,"column":59}},"79":{"start":{"line":201,"column":43},"end":{"line":201,"column":58}},"80":{"start":{"line":203,"column":4},"end":{"line":206,"column":5}},"81":{"start":{"line":204,"column":6},"end":{"line":204,"column":52}},"82":{"start":{"line":205,"column":6},"end":{"line":205,"column":12}},"83":{"start":{"line":209,"column":4},"end":{"line":212,"column":5}},"84":{"start":{"line":210,"column":6},"end":{"line":210,"column":57}},"85":{"start":{"line":211,"column":6},"end":{"line":211,"column":12}},"86":{"start":{"line":214,"column":4},"end":{"line":241,"column":5}},"87":{"start":{"line":216,"column":21},"end":{"line":216,"column":62}},"88":{"start":{"line":217,"column":27},"end":{"line":217,"column":38}},"89":{"start":{"line":220,"column":6},"end":{"line":237,"column":8}},"90":{"start":{"line":223,"column":10},"end":{"line":235,"column":11}},"91":{"start":{"line":225,"column":12},"end":{"line":230,"column":14}},"92":{"start":{"line":228,"column":16},"end":{"line":228,"column":65}},"93":{"start":{"line":231,"column":17},"end":{"line":235,"column":11}},"94":{"start":{"line":234,"column":12},"end":{"line":234,"column":63}},"95":{"start":{"line":239,"column":6},"end":{"line":239,"column":37}},"96":{"start":{"line":240,"column":6},"end":{"line":240,"column":51}},"97":{"start":{"line":246,"column":19},"end":{"line":246,"column":38}},"98":{"start":{"line":247,"column":21},"end":{"line":247,"column":42}},"99":{"start":{"line":249,"column":4},"end":{"line":254,"column":5}},"100":{"start":{"line":250,"column":6},"end":{"line":253,"column":7}},"101":{"start":{"line":257,"column":22},"end":{"line":257,"column":69}},"102":{"start":{"line":259,"column":4},"end":{"line":263,"column":5}}},"fnMap":{"0":{"name":"(anonymous_0)","decl":{"start":{"line":9,"column":2},"end":{"line":9,"column":3}},"loc":{"start":{"line":9,"column":11},"end":{"line":11,"column":3}},"line":9},"1":{"name":"(anonymous_1)","decl":{"start":{"line":13,"column":2},"end":{"line":13,"column":3}},"loc":{"start":{"line":13,"column":11},"end":{"line":15,"column":3}},"line":13},"2":{"name":"(anonymous_2)","decl":{"start":{"line":18,"column":2},"end":{"line":18,"column":3}},"loc":{"start":{"line":18,"column":31},"end":{"line":33,"column":3}},"line":18},"3":{"name":"(anonymous_3)","decl":{"start":{"line":36,"column":2},"end":{"line":36,"column":3}},"loc":{"start":{"line":36,"column":20},"end":{"line":59,"column":3}},"line":36},"4":{"name":"(anonymous_4)","decl":{"start":{"line":43,"column":47},"end":{"line":43,"column":48}},"loc":{"start":{"line":43,"column":56},"end":{"line":50,"column":7}},"line":43},"5":{"name":"(anonymous_5)","decl":{"start":{"line":62,"column":2},"end":{"line":62,"column":3}},"loc":{"start":{"line":62,"column":19},"end":{"line":67,"column":3}},"line":62},"6":{"name":"(anonymous_6)","decl":{"start":{"line":63,"column":22},"end":{"line":63,"column":23}},"loc":{"start":{"line":63,"column":32},"end":{"line":66,"column":5}},"line":63},"7":{"name":"(anonymous_7)","decl":{"start":{"line":70,"column":2},"end":{"line":70,"column":3}},"loc":{"start":{"line":70,"column":20},"end":{"line":94,"column":3}},"line":70},"8":{"name":"(anonymous_8)","decl":{"start":{"line":97,"column":2},"end":{"line":97,"column":3}},"loc":{"start":{"line":97,"column":15},"end":{"line":119,"column":3}},"line":97},"9":{"name":"(anonymous_9)","decl":{"start":{"line":103,"column":15},"end":{"line":103,"column":16}},"loc":{"start":{"line":103,"column":30},"end":{"line":117,"column":7}},"line":103},"10":{"name":"(anonymous_10)","decl":{"start":{"line":122,"column":2},"end":{"line":122,"column":3}},"loc":{"start":{"line":122,"column":19},"end":{"line":144,"column":3}},"line":122},"11":{"name":"(anonymous_11)","decl":{"start":{"line":124,"column":38},"end":{"line":124,"column":39}},"loc":{"start":{"line":124,"column":43},"end":{"line":124,"column":58}},"line":124},"12":{"name":"(anonymous_12)","decl":{"start":{"line":147,"column":2},"end":{"line":147,"column":3}},"loc":{"start":{"line":147,"column":20},"end":{"line":172,"column":3}},"line":147},"13":{"name":"(anonymous_13)","decl":{"start":{"line":175,"column":2},"end":{"line":175,"column":3}},"loc":{"start":{"line":175,"column":22},"end":{"line":196,"column":3}},"line":175},"14":{"name":"(anonymous_14)","decl":{"start":{"line":181,"column":15},"end":{"line":181,"column":16}},"loc":{"start":{"line":181,"column":30},"end":{"line":194,"column":7}},"line":181},"15":{"name":"(anonymous_15)","decl":{"start":{"line":199,"column":2},"end":{"line":199,"column":3}},"loc":{"start":{"line":199,"column":21},"end":{"line":242,"column":3}},"line":199},"16":{"name":"(anonymous_16)","decl":{"start":{"line":201,"column":38},"end":{"line":201,"column":39}},"loc":{"start":{"line":201,"column":43},"end":{"line":201,"column":58}},"line":201},"17":{"name":"(anonymous_17)","decl":{"start":{"line":222,"column":17},"end":{"line":222,"column":18}},"loc":{"start":{"line":222,"column":26},"end":{"line":236,"column":9}},"line":222},"18":{"name":"(anonymous_18)","decl":{"start":{"line":227,"column":23},"end":{"line":227,"column":24}},"loc":{"start":{"line":227,"column":29},"end":{"line":229,"column":15}},"line":227},"19":{"name":"(anonymous_19)","decl":{"start":{"line":245,"column":2},"end":{"line":245,"column":3}},"loc":{"start":{"line":245,"column":23},"end":{"line":264,"column":3}},"line":245}},"branchMap":{"0":{"loc":{"start":{"line":19,"column":4},"end":{"line":19,"column":29}},"type":"if","locations":[{"start":{"line":19,"column":4},"end":{"line":19,"column":29}},{"start":{},"end":{}}],"line":19},"1":{"loc":{"start":{"line":40,"column":20},"end":{"line":40,"column":42}},"type":"binary-expr","locations":[{"start":{"line":40,"column":20},"end":{"line":40,"column":36}},{"start":{"line":40,"column":40},"end":{"line":40,"column":42}}],"line":40},"2":{"loc":{"start":{"line":47,"column":16},"end":{"line":47,"column":57}},"type":"cond-expr","locations":[{"start":{"line":47,"column":36},"end":{"line":47,"column":46}},{"start":{"line":47,"column":49},"end":{"line":47,"column":57}}],"line":47},"3":{"loc":{"start":{"line":49,"column":19},"end":{"line":49,"column":78}},"type":"cond-expr","locations":[{"start":{"line":49,"column":57},"end":{"line":49,"column":71}},{"start":{"line":49,"column":74},"end":{"line":49,"column":78}}],"line":49},"4":{"loc":{"start":{"line":78,"column":6},"end":{"line":81,"column":7}},"type":"if","locations":[{"start":{"line":78,"column":6},"end":{"line":81,"column":7}},{"start":{},"end":{}}],"line":78},"5":{"loc":{"start":{"line":104,"column":8},"end":{"line":116,"column":9}},"type":"if","locations":[{"start":{"line":104,"column":8},"end":{"line":116,"column":9}},{"start":{},"end":{}}],"line":104},"6":{"loc":{"start":{"line":126,"column":4},"end":{"line":129,"column":5}},"type":"if","locations":[{"start":{"line":126,"column":4},"end":{"line":129,"column":5}},{"start":{},"end":{}}],"line":126},"7":{"loc":{"start":{"line":132,"column":4},"end":{"line":135,"column":5}},"type":"if","locations":[{"start":{"line":132,"column":4},"end":{"line":135,"column":5}},{"start":{},"end":{}}],"line":132},"8":{"loc":{"start":{"line":155,"column":6},"end":{"line":158,"column":7}},"type":"if","locations":[{"start":{"line":155,"column":6},"end":{"line":158,"column":7}},{"start":{},"end":{}}],"line":155},"9":{"loc":{"start":{"line":182,"column":8},"end":{"line":193,"column":9}},"type":"if","locations":[{"start":{"line":182,"column":8},"end":{"line":193,"column":9}},{"start":{},"end":{}}],"line":182},"10":{"loc":{"start":{"line":203,"column":4},"end":{"line":206,"column":5}},"type":"if","locations":[{"start":{"line":203,"column":4},"end":{"line":206,"column":5}},{"start":{},"end":{}}],"line":203},"11":{"loc":{"start":{"line":209,"column":4},"end":{"line":212,"column":5}},"type":"if","locations":[{"start":{"line":209,"column":4},"end":{"line":212,"column":5}},{"start":{},"end":{}}],"line":209},"12":{"loc":{"start":{"line":223,"column":10},"end":{"line":235,"column":11}},"type":"if","locations":[{"start":{"line":223,"column":10},"end":{"line":235,"column":11}},{"start":{"line":231,"column":17},"end":{"line":235,"column":11}}],"line":223},"13":{"loc":{"start":{"line":231,"column":17},"end":{"line":235,"column":11}},"type":"if","locations":[{"start":{"line":231,"column":17},"end":{"line":235,"column":11}},{"start":{},"end":{}}],"line":231},"14":{"loc":{"start":{"line":249,"column":4},"end":{"line":254,"column":5}},"type":"if","locations":[{"start":{"line":249,"column":4},"end":{"line":254,"column":5}},{"start":{},"end":{}}],"line":249}},"s":{"0":0,"1":0,"2":0,"3":0,"4":0,"5":0,"6":0,"7":0,"8":0,"9":0,"10":0,"11":0,"12":0,"13":0,"14":0,"15":0,"16":0,"17":0,"18":0,"19":0,"20":0,"21":0,"22":0,"23":0,"24":0,"25":0,"26":0,"27":0,"28":0,"29":0,"30":0,"31":0,"32":0,"33":0,"34":0,"35":0,"36":0,"37":0,"38":0,"39":0,"40":0,"41":0,"42":0,"43":0,"44":0,"45":0,"46":0,"47":0,"48":0,"49":0,"50":0,"51":0,"52":0,"53":0,"54":0,"55":0,"56":0,"57":0,"58":0,"59":0,"60":0,"61":0,"62":0,"63":0,"64":0,"65":0,"66":0,"67":0,"68":0,"69":0,"70":0,"71":0,"72":0,"73":0,"74":0,"75":0,"76":0,"77":0,"78":0,"79":0,"80":0,"81":0,"82":0,"83":0,"84":0,"85":0,"86":0,"87":0,"88":0,"89":0,"90":0,"91":0,"92":0,"93":0,"94":0,"95":0,"96":0,"97":0,"98":0,"99":0,"100":0,"101":0,"102":0},"f":{"0":0,"1":0,"2":0,"3":0,"4":0,"5":0,"6":0,"7":0,"8":0,"9":0,"10":0,"11":0,"12":0,"13":0,"14":0,"15":0,"16":0,"17":0,"18":0,"19":0},"b":{"0":[0,0],"1":[0,0],"2":[0,0],"3":[0,0],"4":[0,0],"5":[0,0],"6":[0,0],"7":[0,0],"8":[0,0],"9":[0,0],"10":[0,0],"11":[0,0],"12":[0,0],"13":[0,0],"14":[0,0]},"inputSourceMap":null}
,"/Users/sansi/projects/what-to-eat/pages/menu-edit/menu-edit.js": {"path":"/Users/sansi/projects/what-to-eat/pages/menu-edit/menu-edit.js","statementMap":{"0":{"start":{"line":2,"column":16},"end":{"line":2,"column":51}},"1":{"start":{"line":3,"column":28},"end":{"line":3,"column":64}},"2":{"start":{"line":5,"column":0},"end":{"line":301,"column":2}},"3":{"start":{"line":22,"column":21},"end":{"line":22,"column":34}},"4":{"start":{"line":24,"column":4},"end":{"line":28,"column":5}},"5":{"start":{"line":25,"column":6},"end":{"line":25,"column":25}},"6":{"start":{"line":27,"column":6},"end":{"line":27,"column":26}},"7":{"start":{"line":33,"column":17},"end":{"line":33,"column":48}},"8":{"start":{"line":35,"column":4},"end":{"line":39,"column":5}},"9":{"start":{"line":36,"column":6},"end":{"line":36,"column":55}},"10":{"start":{"line":37,"column":6},"end":{"line":37,"column":23}},"11":{"start":{"line":38,"column":6},"end":{"line":38,"column":12}},"12":{"start":{"line":41,"column":4},"end":{"line":45,"column":6}},"13":{"start":{"line":44,"column":44},"end":{"line":44,"column":48}},"14":{"start":{"line":47,"column":4},"end":{"line":47,"column":24}},"15":{"start":{"line":52,"column":4},"end":{"line":77,"column":5}},"16":{"start":{"line":53,"column":21},"end":{"line":53,"column":42}},"17":{"start":{"line":54,"column":21},"end":{"line":54,"column":43}},"18":{"start":{"line":55,"column":34},"end":{"line":55,"column":43}},"19":{"start":{"line":56,"column":31},"end":{"line":56,"column":57}},"20":{"start":{"line":59,"column":33},"end":{"line":68,"column":8}},"21":{"start":{"line":60,"column":25},"end":{"line":60,"column":62}},"22":{"start":{"line":61,"column":8},"end":{"line":67,"column":9}},"23":{"start":{"line":70,"column":6},"end":{"line":73,"column":8}},"24":{"start":{"line":75,"column":6},"end":{"line":75,"column":35}},"25":{"start":{"line":76,"column":6},"end":{"line":76,"column":53}},"26":{"start":{"line":82,"column":4},"end":{"line":82,"column":46}},"27":{"start":{"line":87,"column":16},"end":{"line":87,"column":43}},"28":{"start":{"line":88,"column":4},"end":{"line":88,"column":35}},"29":{"start":{"line":93,"column":20},"end":{"line":93,"column":48}},"30":{"start":{"line":94,"column":26},"end":{"line":94,"column":35}},"31":{"start":{"line":96,"column":21},"end":{"line":98,"column":5}},"32":{"start":{"line":97,"column":6},"end":{"line":97,"column":47}},"33":{"start":{"line":100,"column":4},"end":{"line":103,"column":6}},"34":{"start":{"line":108,"column":19},"end":{"line":108,"column":55}},"35":{"start":{"line":109,"column":59},"end":{"line":109,"column":68}},"36":{"start":{"line":112,"column":23},"end":{"line":112,"column":55}},"37":{"start":{"line":114,"column":4},"end":{"line":118,"column":5}},"38":{"start":{"line":115,"column":6},"end":{"line":115,"column":66}},"39":{"start":{"line":115,"column":52},"end":{"line":115,"column":65}},"40":{"start":{"line":117,"column":6},"end":{"line":117,"column":51}},"41":{"start":{"line":121,"column":25},"end":{"line":124,"column":7}},"42":{"start":{"line":121,"column":37},"end":{"line":124,"column":7}},"43":{"start":{"line":121,"column":57},"end":{"line":124,"column":5}},"44":{"start":{"line":126,"column":4},"end":{"line":130,"column":6}},"45":{"start":{"line":135,"column":4},"end":{"line":140,"column":6}},"46":{"start":{"line":145,"column":4},"end":{"line":150,"column":6}},"47":{"start":{"line":155,"column":4},"end":{"line":155,"column":49}},"48":{"start":{"line":159,"column":4},"end":{"line":159,"column":56}},"49":{"start":{"line":163,"column":4},"end":{"line":188,"column":6}},"50":{"start":{"line":169,"column":21},"end":{"line":169,"column":54}},"51":{"start":{"line":170,"column":8},"end":{"line":170,"column":47}},"52":{"start":{"line":170,"column":41},"end":{"line":170,"column":47}},"53":{"start":{"line":171,"column":8},"end":{"line":174,"column":9}},"54":{"start":{"line":172,"column":10},"end":{"line":172,"column":60}},"55":{"start":{"line":173,"column":10},"end":{"line":173,"column":16}},"56":{"start":{"line":176,"column":8},"end":{"line":186,"column":9}},"57":{"start":{"line":177,"column":10},"end":{"line":177,"column":50}},"58":{"start":{"line":178,"column":31},"end":{"line":178,"column":71}},"59":{"start":{"line":179,"column":10},"end":{"line":179,"column":64}},"60":{"start":{"line":180,"column":10},"end":{"line":180,"column":58}},"61":{"start":{"line":182,"column":10},"end":{"line":182,"column":39}},"62":{"start":{"line":183,"column":10},"end":{"line":183,"column":55}},"63":{"start":{"line":185,"column":10},"end":{"line":185,"column":51}},"64":{"start":{"line":192,"column":4},"end":{"line":192,"column":41}},"65":{"start":{"line":197,"column":65},"end":{"line":197,"column":74}},"66":{"start":{"line":199,"column":4},"end":{"line":202,"column":5}},"67":{"start":{"line":200,"column":6},"end":{"line":200,"column":54}},"68":{"start":{"line":201,"column":6},"end":{"line":201,"column":12}},"69":{"start":{"line":204,"column":4},"end":{"line":207,"column":5}},"70":{"start":{"line":205,"column":6},"end":{"line":205,"column":54}},"71":{"start":{"line":206,"column":6},"end":{"line":206,"column":12}},"72":{"start":{"line":209,"column":4},"end":{"line":242,"column":5}},"73":{"start":{"line":210,"column":6},"end":{"line":210,"column":41}},"74":{"start":{"line":213,"column":21},"end":{"line":213,"column":106}},"75":{"start":{"line":214,"column":22},"end":{"line":214,"column":33}},"76":{"start":{"line":216,"column":6},"end":{"line":216,"column":22}},"77":{"start":{"line":219,"column":61},"end":{"line":219,"column":70}},"78":{"start":{"line":220,"column":31},"end":{"line":225,"column":7}},"79":{"start":{"line":227,"column":6},"end":{"line":235,"column":8}},"80":{"start":{"line":237,"column":6},"end":{"line":237,"column":54}},"81":{"start":{"line":239,"column":6},"end":{"line":239,"column":22}},"82":{"start":{"line":240,"column":6},"end":{"line":240,"column":35}},"83":{"start":{"line":241,"column":6},"end":{"line":241,"column":51}},"84":{"start":{"line":247,"column":54},"end":{"line":247,"column":63}},"85":{"start":{"line":249,"column":4},"end":{"line":252,"column":5}},"86":{"start":{"line":250,"column":6},"end":{"line":250,"column":54}},"87":{"start":{"line":251,"column":6},"end":{"line":251,"column":12}},"88":{"start":{"line":254,"column":4},"end":{"line":257,"column":5}},"89":{"start":{"line":255,"column":6},"end":{"line":255,"column":56}},"90":{"start":{"line":256,"column":6},"end":{"line":256,"column":12}},"91":{"start":{"line":260,"column":25},"end":{"line":260,"column":59}},"92":{"start":{"line":263,"column":4},"end":{"line":266,"column":5}},"93":{"start":{"line":264,"column":6},"end":{"line":264,"column":41}},"94":{"start":{"line":265,"column":6},"end":{"line":265,"column":57}},"95":{"start":{"line":268,"column":4},"end":{"line":271,"column":5}},"96":{"start":{"line":269,"column":6},"end":{"line":269,"column":53}},"97":{"start":{"line":270,"column":6},"end":{"line":270,"column":12}},"98":{"start":{"line":273,"column":4},"end":{"line":299,"column":5}},"99":{"start":{"line":274,"column":6},"end":{"line":274,"column":65}},"100":{"start":{"line":276,"column":6},"end":{"line":291,"column":7}},"101":{"start":{"line":277,"column":21},"end":{"line":277,"column":52}},"102":{"start":{"line":278,"column":8},"end":{"line":282,"column":10}},"103":{"start":{"line":283,"column":8},"end":{"line":283,"column":56}},"104":{"start":{"line":285,"column":8},"end":{"line":289,"column":10}},"105":{"start":{"line":290,"column":8},"end":{"line":290,"column":56}},"106":{"start":{"line":293,"column":6},"end":{"line":293,"column":22}},"107":{"start":{"line":294,"column":6},"end":{"line":294,"column":23}},"108":{"start":{"line":296,"column":6},"end":{"line":296,"column":22}},"109":{"start":{"line":297,"column":6},"end":{"line":297,"column":60}},"110":{"start":{"line":298,"column":6},"end":{"line":298,"column":73}}},"fnMap":{"0":{"name":"(anonymous_0)","decl":{"start":{"line":21,"column":2},"end":{"line":21,"column":3}},"loc":{"start
[...]
mn":4},"end":{"line":335,"column":6}},"70":{"start":{"line":315,"column":8},"end":{"line":315,"column":55}},"71":{"start":{"line":316,"column":23},"end":{"line":316,"column":33}},"72":{"start":{"line":317,"column":8},"end":{"line":325,"column":9}},"73":{"start":{"line":318,"column":10},"end":{"line":318,"column":25}},"74":{"start":{"line":320,"column":10},"end":{"line":323,"column":12}},"75":{"start":{"line":324,"column":10},"end":{"line":324,"column":53}},"76":{"start":{"line":328,"column":8},"end":{"line":328,"column":57}},"77":{"start":{"line":329,"column":8},"end":{"line":332,"column":10}},"78":{"start":{"line":333,"column":8},"end":{"line":333,"column":19}},"79":{"start":{"line":339,"column":0},"end":{"line":341,"column":1}}},"fnMap":{"0":{"name":"(anonymous_0)","decl":{"start":{"line":16,"column":4},"end":{"line":16,"column":5}},"loc":{"start":{"line":16,"column":41},"end":{"line":22,"column":5}},"line":16},"1":{"name":"(anonymous_1)","decl":{"start":{"line":25,"column":4},"end":{"line":25,"column":5}},"loc":{"start":{"line":25,"column":50},"end":{"line":27,"column":5}},"line":25},"2":{"name":"(anonymous_2)","decl":{"start":{"line":30,"column":4},"end":{"line":30,"column":5}},"loc":{"start":{"line":30,"column":54},"end":{"line":32,"column":5}},"line":30},"3":{"name":"(anonymous_3)","decl":{"start":{"line":35,"column":4},"end":{"line":35,"column":5}},"loc":{"start":{"line":35,"column":15},"end":{"line":37,"column":5}},"line":35},"4":{"name":"(anonymous_4)","decl":{"start":{"line":40,"column":4},"end":{"line":40,"column":5}},"loc":{"start":{"line":40,"column":12},"end":{"line":42,"column":5}},"line":40},"5":{"name":"(anonymous_5)","decl":{"start":{"line":48,"column":4},"end":{"line":48,"column":5}},"loc":{"start":{"line":48,"column":24},"end":{"line":51,"column":5}},"line":48},"6":{"name":"(anonymous_6)","decl":{"start":{"line":54,"column":4},"end":{"line":54,"column":5}},"loc":{"start":{"line":54,"column":26},"end":{"line":56,"column":5}},"line":54},"7":{"name":"(anonymous_7)","decl":{"start":{"line":59,"column":4},"end":{"line":59,"column":5}},"loc":{"start":{"line":59,"column":30},"end":{"line":61,"column":5}},"line":59},"8":{"name":"(anonymous_8)","decl":{"start":{"line":64,"column":4},"end":{"line":64,"column":5}},"loc":{"start":{"line":64,"column":15},"end":{"line":66,"column":5}},"line":64},"9":{"name":"(anonymous_9)","decl":{"start":{"line":69,"column":4},"end":{"line":69,"column":5}},"loc":{"start":{"line":69,"column":12},"end":{"line":71,"column":5}},"line":69},"10":{"name":"(anonymous_10)","decl":{"start":{"line":74,"column":4},"end":{"line":74,"column":5}},"loc":{"start":{"line":74,"column":14},"end":{"line":76,"column":5}},"line":74},"11":{"name":"(anonymous_11)","decl":{"start":{"line":79,"column":4},"end":{"line":79,"column":5}},"loc":{"start":{"line":79,"column":15},"end":{"line":81,"column":5}},"line":79},"12":{"name":"(anonymous_12)","decl":{"start":{"line":87,"column":4},"end":{"line":87,"column":5}},"loc":{"start":{"line":87,"column":28},"end":{"line":89,"column":5}},"line":87},"13":{"name":"(anonymous_13)","decl":{"start":{"line":92,"column":4},"end":{"line":92,"column":5}},"loc":{"start":{"line":92,"column":19},"end":{"line":94,"column":5}},"line":92},"14":{"name":"(anonymous_14)","decl":{"start":{"line":97,"column":4},"end":{"line":97,"column":5}},"loc":{"start":{"line":97,"column":23},"end":{"line":99,"column":5}},"line":97},"15":{"name":"(anonymous_15)","decl":{"start":{"line":102,"column":4},"end":{"line":102,"column":5}},"loc":{"start":{"line":102,"column":40},"end":{"line":104,"column":5}},"line":102},"16":{"name":"(anonymous_16)","decl":{"start":{"line":107,"column":4},"end":{"line":107,"column":5}},"loc":{"start":{"line":107,"column":23},"end":{"line":109,"column":5}},"line":107},"17":{"name":"(anonymous_17)","decl":{"start":{"line":116,"column":4},"end":{"line":116,"column":5}},"loc":{"start":{"line":116,"column":41},"end":{"line":123,"column":5}},"line":116},"18":{"name":"(anonymous_18)","decl":{"start":{"line":126,"column":4},"end":{"line":126,"column":5}},"loc":{"start":{"line":126,"column":10},"end":{"line":128,"column":5}},"line":126},"19":{"name":"(anonymous_19)","decl":{"start":{"line":131,"column":4},"end":{"line":131,"column":5}},"loc":{"start":{"line":131,"column":32},"end":{"line":133,"column":5}},"line":131},"20":{"name":"(anonymous_20)","decl":{"start":{"line":139,"column":4},"end":{"line":139,"column":5}},"loc":{"start":{"line":139,"column":20},"end":{"line":141,"column":5}},"line":139},"21":{"name":"(anonymous_21)","decl":{"start":{"line":144,"column":4},"end":{"line":144,"column":5}},"loc":{"start":{"line":144,"column":17},"end":{"line":146,"column":5}},"line":144},"22":{"name":"(anonymous_22)","decl":{"start":{"line":149,"column":4},"end":{"line":149,"column":5}},"loc":{"start":{"line":149,"column":17},"end":{"line":151,"column":5}},"line":149},"23":{"name":"(anonymous_23)","decl":{"start":{"line":154,"column":4},"end":{"line":154,"column":5}},"loc":{"start":{"line":154,"column":15},"end":{"line":156,"column":5}},"line":154},"24":{"name":"(anonymous_24)","decl":{"start":{"line":159,"column":4},"end":{"line":159,"column":5}},"loc":{"start":{"line":159,"column":12},"end":{"line":161,"column":5}},"line":159},"25":{"name":"(anonymous_25)","decl":{"start":{"line":167,"column":4},"end":{"line":167,"column":5}},"loc":{"start":{"line":167,"column":11},"end":{"line":169,"column":5}},"line":167},"26":{"name":"(anonymous_26)","decl":{"start":{"line":172,"column":4},"end":{"line":172,"column":5}},"loc":{"start":{"line":172,"column":17},"end":{"line":174,"column":5}},"line":172},"27":{"name":"(anonymous_27)","decl":{"start":{"line":177,"column":4},"end":{"line":177,"column":5}},"loc":{"start":{"line":177,"column":21},"end":{"line":179,"column":5}},"line":177},"28":{"name":"(anonymous_28)","decl":{"start":{"line":182,"column":4},"end":{"line":182,"column":5}},"loc":{"start":{"line":182,"column":15},"end":{"line":184,"column":5}},"line":182},"29":{"name":"(anonymous_29)","decl":{"start":{"line":187,"column":4},"end":{"line":187,"column":5}},"loc":{"start":{"line":187,"column":19},"end":{"line":189,"column":5}},"line":187},"30":{"name":"(anonymous_30)","decl":{"start":{"line":192,"column":4},"end":{"line":192,"column":5}},"loc":{"start":{"line":192,"column":25},"end":{"line":194,"column":5}},"line":192},"31":{"name":"(anonymous_31)","decl":{"start":{"line":200,"column":4},"end":{"line":200,"column":5}},"loc":{"start":{"line":200,"column":30},"end":{"line":202,"column":5}},"line":200},"32":{"name":"(anonymous_32)","decl":{"start":{"line":205,"column":4},"end":{"line":205,"column":5}},"loc":{"start":{"line":205,"column":40},"end":{"line":207,"column":5}},"line":205},"33":{"name":"(anonymous_33)","decl":{"start":{"line":213,"column":4},"end":{"line":213,"column":5}},"loc":{"start":{"line":213,"column":50},"end":{"line":215,"column":5}},"line":213},"34":{"name":"callHttpFunction","decl":{"start":{"line":226,"column":9},"end":{"line":226,"column":25}},"loc":{"start":{"line":226,"column":59},"end":{"line":286,"column":1}},"line":226},"35":{"name":"(anonymous_35)","decl":{"start":{"line":227,"column":21},"end":{"line":227,"column":22}},"loc":{"start":{"line":227,"column":42},"end":{"line":285,"column":3}},"line":227},"36":{"name":"(anonymous_36)","decl":{"start":{"line":253,"column":15},"end":{"line":253,"column":16}},"loc":{"start":{"line":253,"column":24},"end":{"line":275,"column":7}},"line":253},"37":{"name":"(anonymous_37)","decl":{"start":{"line":276,"column":12},"end":{"line":276,"column":13}},"loc":{"start":{"line":276,"column":21},"end":{"line":283,"column":7}},"line":276},"38":{"name":"callLocalFunction","decl":{"start":{"line":295,"column":9},"end":{"line":295,"column":26}},"loc":{"start":{"line":295,"column":60},"end":{"line":337,"column":1}},"line":295},"39":{"name":"(anonymous_39)","decl":{"start":{"line":296,"column":21},"end":{"line":296,"column":22}},"loc":{"start":{"line":296,"column":42},"end":{"line":336,"column":3}},"line":296},"40":{"name":"(anonymous_40)","decl":{"start":{"line":314,"column":15},"end":{"line":314,"column":16}},"loc":{"start":{"line":314,"column":24},"end":{"line":326,"column":7}},"line":314},"41":{"name":"(anonymous_41)","decl":{"start":{"line":327,"column":12},"end":{"line":327,"column":13}},"loc":{"start":{"line":327,"column":21},"end":{"line":334,"column":7}},"line":327}},"branchMap":{"0":{"loc":{"start":{"line":16,"column":9},"end":{"line":16,"column":25}},"type":"default-arg","locations":[{"start":{"line":16,"column":21},"end":{"line":16,"column":25}}],"line":16},"1":{"loc":{"start":{"line":16,"column":27},"end":{"line":16,"column":39}},"type":"default-arg","locations":[{"start":{"line":16,"column":37},"end":{"line":16,"column":39}}],"line":16},"2":{"loc":{"start":{"line":18,"column":6},"end":{"line":20,"column":7}},"type":"if","locations":[{"start":{"line":18,"column":6},"end":{"line":20,"column":7}},{"start":{},"end":{}}],"line":18},"3":{"loc":{"start":{"line":25,"column":17},"end":{"line":25,"column":33}},"type":"default-arg","locations":[{"start":{"line":25,"column":31},"end":{"line":25,"column":33}}],"line":25},"4":{"loc":{"start":{"line":25,"column":35},"end":{"line":25,"column":48}},"type":"default-arg","locations":[{"start":{"line":25,"column":46},"end":{"line":25,"column":48}}],"line":25},"5":{"loc":{"start":{"line":30,"column":21},"end":{"line":30,"column":37}},"type":"default-arg","locations":[{"start":{"line":30,"column":35},"end":{"line":30,"column":37}}],"line":30},"6":{"loc":{"start":{"line":30,"column":39},"end":{"line":30,"column":52}},"type":"default-arg","locations":[{"start":{"line":30,"column":50},"end":{"line":30,"column":52}}],"line":30},"7":{"loc":{"start":{"line":48,"column":9},"end":{"line":48,"column":22}},"type":"default-arg","locations":[{"start":{"line":48,"column":18},"end":{"line":48,"column":22}}],"line":48},"8":{"loc":{"start":{"line":49,"column":19},"end":{"line":49,"column":43}},"type":"cond-expr","locations":[{"start":{"line":49,"column":28},"end":{"line":49,"column":38}},{"start":{"line":49,"column":41},"end":{"line":49,"column":43}}],"line":49},"9":{"loc":{"start":{"line":102,"column":15},"end":{"line":102,"column":23}},"type":"default-arg","locations":[{"start":{"line":102,"column":22},"end":{"line":102,"column":23}}],"line":102},"10":{"loc":{"start":{"line":102,"column":25},"end":{"line":102,"column":38}},"type":"default-arg","locations":[{"start":{"line":102,"column":36},"end":{"line":102,"column":38}}],"line":102},"11":{"loc":{"start":{"line":116,"column":24},"end":{"line":116,"column":39}},"type":"default-arg","locations":[{"start":{"line":116,"column":35},"end":{"line":116,"column":39}}],"line":116},"12":{"loc":{"start":{"line":118,"column":23},"end":{"line":118,"column":95}},"type":"binary-expr","locations":[{"start":{"line":118,"column":23},"end":{"line":118,"column":35}},{"start":{"line":118,"column":40},"end":{"line":118,"column":66}},{"start":{"line":118,"column":70},"end":{"line":118,"column":94}}],"line":118},"13":{"loc":{"start":{"line":119,"column":21},"end":{"line":121,"column":42}},"type":"cond-expr","locations":[{"start":{"line":120,"column":10},"end":{"line":120,"column":44}},{"start":{"line":121,"column":10},"end":{"line":121,"column":42}}],"line":119},"14":{"loc":{"start":{"line":226,"column":48},"end":{"line":226,"column":57}},"type":"default-arg","locations":[{"start":{"line":226,"column":55},"end":{"line":226,"column":57}}],"line":226},"15":{"loc":{"start":{"line":231,"column":21},"end":{"line":231,"column":56}},"type":"binary-expr","locations":[{"start":{"line":231,"column":21},"end":{"line":231,"column":50}},{"start":{"line":231,"column":54},"end":{"line":231,"column":56}}],"line":231},"16":{"loc":{"start":{"line":232,"column":19},"end":{"line":232,"column":52}},"type":"binary-expr","locations":[{"start":{"line":232,"column":19},"end":{"line":232,"column":46}},{"start":{"line":232,"column":50},"end":{"line":232,"column":52}}],"line":232},"17":{"loc":{"start":{"line":255,"column":8},"end":{"line":274,"column":9}},"type":"if","locations":[{"start":{"line":255,"column":8},"end":{"line":274,"column":9}},{"start":{"line":266,"column":15},"end":{"line":274,"column":9}}],"line":255},"18":{"loc":{"start":{"line":257,"column":10},"end":{"line":265,"column":11}},"type":"if","locations":[{"start":{"line":257,"column":10},"end":{"line":265,"column":11}},{"start":{"line":259,"column":17},"end":{"line":265,"column":11}}],"line":257},"19":{"loc":{"start":{"line":261,"column":21},"end":{"line":261,"column":45}},"type":"binary-expr","locations":[{"start":{"line":261,"column":21},"end":{"line":261,"column":35}},{"start":{"line":261,"column":39},"end":{"line":261,"column":45}}],"line":261},"20":{"loc":{"start":{"line":264,"column":29},"end":{"line":264,"column":53}},"type":"binary-expr","locations":[{"start":{"line":264,"column":29},"end":{"line":264,"column":43}},{"start":{"line":264,"column":47},"end":{"line":264,"column":53}}],"line":264},"21":{"loc":{"start":{"line":295,"column":49},"end":{"line":295,"column":58}},"type":"default-arg","locations":[{"start":{"line":295,"column":56},"end":{"line":295,"column":58}}],"line":295},"22":{"loc":{"start":{"line":298,"column":21},"end":{"line":298,"column":56}},"type":"binary-expr","locations":[{"start":{"line":298,"column":21},"end":{"line":298,"column":50}},{"start":{"line":298,"column":54},"end":{"line":298,"column":56}}],"line":298},"23":{"loc":{"start":{"line":299,"column":19},"end":{"line":299,"column":52}},"type":"binary-expr","locations":[{"start":{"line":299,"column":19},"end":{"line":299,"column":46}},{"start":{"line":299,"column":50},"end":{"line":299,"column":52}}],"line":299},"24":{"loc":{"start":{"line":317,"column":8},"end":{"line":325,"column":9}},"type":"if","locations":[{"start":{"line":317,"column":8},"end":{"line":325,"column":9}},{"start":{"line":319,"column":15},"end":{"line":325,"column":9}}],"line":317},"25":{"loc":{"start":{"line":321,"column":19},"end":{"line":321,"column":43}},"type":"binary-expr","locations":[{"start":{"line":321,"column":19},"end":{"line":321,"column":33}},{"start":{"line":321,"column":37},"end":{"line":321,"column":43}}],"line":321},"26":{"loc":{"start":{"line":324,"column":27},"end":{"line":324,"column":51}},"type":"binary-expr","locations":[{"start":{"line":324,"column":27},"end":{"line":324,"column":41}},{"start":{"line":324,"column":45},"end":{"line":324,"column":51}}],"line":324}},"s":{"0":0,"1":0,"2":0,"3":0,"4":0,"5":0,"6":0,"7":0,"8":0,"9":0,"10":0,"11":0,"12":0,"13":0,"14":0,"15":0,"16":0,"17":0,"18":0,"19":0,"20":0,"21":0,"22":0,"23":0,"24":0,"25":0,"26":0,"27":0,"28":0,"29":0,"30":0,"31":0,"32":0,"33":0,"34":0,"35":0,"36":0,"37":0,"38":0,"39":0,"40":0,"41":0,"42":0,"43":0,"44":0,"45":0,"46":0,"47":0,"48":0,"49":0,"50":0,"51":0,"52":0,"53":0,"54":0,"55":0,"56":0,"57":0,"58":0,"59":0,"60":0,"61":0,"62":0,"63":0,"64":0,"65":0,"66":0,"67":0,"68":0,"69":0,"70":0,"71":0,"72":0,"73":0,"74":0,"75":0,"76":0,"77":0,"78":0,"79":0},"f":{"0":0,"1":0,"2":0,"3":0,"4":0,"5":0,"6":0,"7":0,"8":0,"9":0,"10":0,"11":0,"12":0,"13":0,"14":0,"15":0,"16":0,"17":0,"18":0,"19":0,"20":0,"21":0,"22":0,"23":0,"24":0,"25":0,"26":0,"27":0,"28":0,"29":0,"30":0,"31":0,"32":0,"33":0,"34":0,"35":0,"36":0,"37":0,"38":0,"39":0,"40":0,"41":0},"b":{"0":[0],"1":[0],"2":[0,0],"3":[0],"4":[0],"5":[0],"6":[0],"7":[0],"8":[0,0],"9":[0],"10":[0],"11":[0],"12":[0,0,0],"13":[0,0],"14":[0],"15":[0,0],"16":[0,0],"17":[0,0],"18":[0,0],"19":[0,0],"20":[0,0],"21":[0],"22":[0,0],"23":[0,0],"24":[0,0],"25":[0,0],"26":[0,0]},"inputSourceMap":null}
,"/Users/sansi/projects/what-to-eat/utils/cos-upload.js": {"path":"/Users/sansi/projects/what-to-eat/utils/cos-upload.js","statementMap":{"0":{"start":{"line":7,"column":20},"end":{"line":7,"column":30}},"1":{"start":{"line":8,"column":15},"end":{"line":8,"column":50}},"2":{"start":{"line":9,"column":18},"end":{"line":9,"column":46}},"3":{"start":{"line":10,"column":2},"end":{"line":10,"column":64}},"4":{"start":{"line":14,"column":16},"end":{"line":14,"column":47}},"5":{"start":{"line":15,"column":2},"end":{"line":15,"column":33}},"6":{"start":{"line":19,"column":2},"end":{"line":41,"column":4}},"7":{"start":{"line":20,"column":4},"end":{"line":23,"column":5}},"8":{"start":{"line":21,"column":6},"end":{"line":21,"column":35}},"9":{"start":{"line":22,"column":6},"end":{"line":22,"column":12}},"10":{"start":{"line":25,"column":19},"end":{"line":25,"column":61}},"11":{"start":{"line":26,"column":16},"end":{"line":26,"column":44}},"12":{"start":{"line":27,"column":22},"end":{"line":27,"column":49}},"13":{"start":{"line":29,"column":4},"end":{"line":40,"column":6}},"14":{"start":{"line":33,"column":8},"end":{"line":36,"column":9}},"15":{"start":{"line":34,"column":10},"end":{"line":34,"column":46}},"16":{"start":{"line":35,"column":10},"end":{"line":35,"column":16}},"17":{"start":{"line":37,"column":8},"end":{"line":37,"column":50}},"18":{"start":{"line":44,"column":0},"end":{"line":46,"column":1}}},"fnMap":{"0":{"name":"buildCloudPath","decl":{"start":{"line":6,"column":9},"end":{"line":6,"column":23}},"loc":{"start":{"line":6,"column":59},"end":{"line":11,"column":1}},"line":6},"1":{"name":"getExtFromPath","decl":{"start":{"line":13,"column":9},"end":{"line":13,"column":23}},"loc":{"start":{"line":13,"column":35},"end":{"line":16,"column":1}},"line":13},"2":{"name":"uploadDishImage","decl":{"start":{"line":18,"column":9},"end":{"line":18,"column":24}},"loc":{"start":{"line":18,"column":39},"end":{"line":42,"column":1}},"line":18},"3":{"name":"(anonymous_3)","decl":{"start":{"line":19,"column":21},"end":{"line":19,"column":22}},"loc":{"start":{"line":19,"column":42},"end":{"line":41,"column":3}},"line":19},"4":{"name":"(anonymous_4)","decl":{"start":{"line":32,"column":15},"end":{"line":32,"column":16}},"loc":{"start":{"line":32,"column":24},"end":{"line":38,"column":7}},"line":32}},"branchMap":{"0":{"loc":{"start":{"line":6,"column":24},"end":{"line":6,"column":44}},"type":"default-arg","locations":[{"start":{"line":6,"column":33},"end":{"line":6,"column":44}}],"line":6},"1":{"loc":{"start":{"line":6,"column":46},"end":{"line":6,"column":57}},"type":"default-arg","locations":[{"start":{"line":6,"column":52},"end":{"line":6,"column":57}}],"line":6},"2":{"loc":{"start":{"line":9,"column":19},"end":{"line":9,"column":31}},"type":"binary-expr","locations":[{"start":{"line":9,"column":19},"end":{"line":9,"column":22}},{"start":{"line":9,"column":26},"end":{"line":9,"column":31}}],"line":9},"3":{"loc":{"start":{"line":13,"column":24},"end":{"line":13,"column":33}},"type":"default-arg","locations":[{"start":{"line":13,"column":31},"end":{"line":13,"column":33}}],"line":13},"4":{"loc":{"start":{"line":15,"column":9},"end":{"line":15,"column":33}},"type":"cond-expr","locations":[{"start":{"line":15,"column":17},"end":{"line":15,"column":25}},{"start":{"line":15,"column":28},"end":{"line":15,"column":33}}],"line":15},"5":{"loc":{"start":{"line":20,"column":4},"end":{"line":23,"column":5}},"type":"if","locations":[{"start":{"line":20,"column":4},"end":{"line":23,"column":5}},{"start":{},"end":{}}],"line":20},"6":{"loc":{"start":{"line":25,"column":19},"end":{"line":25,"column":61}},"type":"binary-expr","locations":[{"start":{"line":25,"column":19},"end":{"line":25,"column":46}},{"start":{"line":25,"column":50},"end":{"line":25,"column":61}}],"line":25},"7":{"loc":{"start":{"line":33,"column":8},"end":{"line":36,"column":9}},"type":"if","locations":[{"start":{"line":33,"column":8},"end":{"line":36,"column":9}},{"start":{},"end":{}}],"line":33}},"s":{"0":0,"1":0,"2":0,"3":0,"4":0,"5":0,"6":0,"7":0,"8":0,"9":0,"10":0,"11":0,"12":0,"13":0,"14":0,"15":0,"16":0,"17":0,"18":23},"f":{"0":0,"1":0,"2":0,"3":0,"4":0},"b":{"0":[0],"1":[0],"2":[0,0],"3":[0],"4":[0,0],"5":[0,0],"6":[0,0],"7":[0,0]},"inputSourceMap":null,"_coverageSchema":"1a1c01bbd47fc00a2c39e90264f33305004495a9","hash":"bb75e706fae1f20a73998afa1abcd1d1a6e8918c"}
}
