TN:
SF:pages/dish-list/dish-list.js
FN:19,(anonymous_0)
FN:23,(anonymous_1)
FN:27,(anonymous_2)
FN:32,(anonymous_3)
FN:33,(anonymous_4)
FN:39,(anonymous_5)
FN:51,(anonymous_6)
FN:53,(anonymous_7)
FN:70,(anonymous_8)
FN:82,(anonymous_9)
FN:87,(anonymous_10)
FN:92,(anonymous_11)
FN:98,(anonymous_12)
FN:123,(anonymous_13)
FN:128,(anonymous_14)
FN:148,(anonymous_15)
FN:172,(anonymous_16)
FN:179,(anonymous_17)
FN:195,(anonymous_18)
FN:202,(anonymous_19)
FN:213,(anonymous_20)
FN:220,(anonymous_21)
FN:221,(anonymous_22)
FNF:23
FNH:0
FNDA:0,(anonymous_0)
FNDA:0,(anonymous_1)
FNDA:0,(anonymous_2)
FNDA:0,(anonymous_3)
FNDA:0,(anonymous_4)
FNDA:0,(anonymous_5)
FNDA:0,(anonymous_6)
FNDA:0,(anonymous_7)
FNDA:0,(anonymous_8)
FNDA:0,(anonymous_9)
FNDA:0,(anonymous_10)
FNDA:0,(anonymous_11)
FNDA:0,(anonymous_12)
FNDA:0,(anonymous_13)
FNDA:0,(anonymous_14)
FNDA:0,(anonymous_15)
FNDA:0,(anonymous_16)
FNDA:0,(anonymous_17)
FNDA:0,(anonymous_18)
FNDA:0,(anonymous_19)
FNDA:0,(anonymous_20)
FNDA:0,(anonymous_21)
FNDA:0,(anonymous_22)
DA:2,0
DA:3,0
DA:5,0
DA:20,0
DA:24,0
DA:28,0
DA:33,0
DA:34,0
DA:40,0
DA:52,0
DA:53,0
DA:54,0
DA:55,0
DA:56,0
DA:59,0
DA:71,0
DA:83,0
DA:88,0
DA:93,0
DA:99,0
DA:100,0
DA:103,0
DA:104,0
DA:105,0
DA:108,0
DA:109,0
DA:110,0
DA:111,0
DA:112,0
DA:114,0
DA:115,0
DA:117,0
DA:124,0
DA:129,0
DA:130,0
DA:131,0
DA:133,0
DA:134,0
DA:135,0
DA:138,0
DA:139,0
DA:140,0
DA:143,0
DA:144,0
DA:145,0
DA:148,0
DA:149,0
DA:151,0
DA:152,0
DA:153,0
DA:156,0
DA:157,0
DA:158,0
DA:159,0
DA:161,0
DA:162,0
DA:164,0
DA:165,0
DA:167,0
DA:168,0
DA:173,0
DA:174,0
DA:176,0
DA:180,0
DA:181,0
DA:182,0
DA:183,0
DA:184,0
DA:185,0
DA:187,0
DA:188,0
DA:196,0
DA:197,0
DA:198,0
DA:203,0
DA:204,0
DA:205,0
DA:214,0
DA:215,0
DA:216,0
DA:217,0
DA:218,0
DA:219,0
DA:220,0
DA:221,0
DA:222,0
DA:224,0
DA:225,0
LF:88
LH:0
BRDA:54,0,0,0
BRDA:54,0,1,0
BRDA:63,1,0,0
BRDA:63,1,1,0
BRDA:64,2,0,0
BRDA:64,2,1,0
BRDA:65,3,0,0
BRDA:65,3,1,0
BRDA:99,4,0,0
BRDA:99,4,1,0
BRDA:100,5,0,0
BRDA:100,5,1,0
BRDA:100,6,0,0
BRDA:100,6,1,0
BRDA:103,7,0,0
BRDA:103,7,1,0
BRDA:103,8,0,0
BRDA:103,8,1,0
BRDA:130,9,0,0
BRDA:130,9,1,0
BRDA:131,10,0,0
BRDA:131,10,1,0
BRDA:133,11,0,0
BRDA:133,11,1,0
BRDA:138,12,0,0
BRDA:138,12,1,0
BRDA:143,13,0,0
BRDA:143,13,1,0
BRDA:149,14,0,0
BRDA:149,14,1,0
BRDA:151,15,0,0
BRDA:151,15,1,0
BRDA:157,16,0,0
BRDA:157,16,1,0
BRDA:157,17,0,0
BRDA:157,17,1,0
BRDA:174,18,0,0
BRDA:174,18,1,0
BRDA:180,19,0,0
BRDA:180,19,1,0
BRDA:197,20,0,0
BRDA:197,20,1,0
BRDA:204,21,0,0
BRDA:204,21,1,0
BRDA:204,21,2,0
BRDA:208,22,0,0
BRDA:208,22,1,0
BRDA:209,23,0,0
BRDA:209,23,1,0
BRDA:217,24,0,0
BRDA:217,24,1,0
BRDA:219,25,0,0
BRDA:219,25,1,0
BRF:53
BRH:0
end_of_record
TN:
SF:pages/index/index.js
FN:18,(anonymous_0)
FN:23,(anonymous_1)
FN:31,(anonymous_2)
FN:45,(anonymous_3)
FN:60,(anonymous_4)
FN:81,(anonymous_5)
FN:87,(anonymous_6)
FN:89,(anonymous_7)
FN:95,(anonymous_8)
FN:102,(anonymous_9)
FN:106,(anonymous_10)
FN:108,(anonymous_11)
FN:116,(anonymous_12)
FN:120,(anonymous_13)
FN:128,(anonymous_14)
FN:156,(anonymous_15)
FN:184,(anonymous_16)
FN:203,(anonymous_17)
FNF:18
FNH:0
FNDA:0,(anonymous_0)
FNDA:0,(anonymous_1)
FNDA:0,(anonymous_2)
FNDA:0,(anonymous_3)
FNDA:0,(anonymous_4)
FNDA:0,(anonymous_5)
FNDA:0,(anonymous_6)
FNDA:0,(anonymous_7)
FNDA:0,(anonymous_8)
FNDA:0,(anonymous_9)
FNDA:0,(anonymous_10)
FNDA:0,(anonymous_11)
FNDA:0,(anonymous_12)
FNDA:0,(anonymous_13)
FNDA:0,(anonymous_14)
FNDA:0,(anonymous_15)
FNDA:0,(anonymous_16)
FNDA:0,(anonymous_17)
DA:2,0
DA:4,0
DA:20,0
DA:25,0
DA:26,0
DA:32,0
DA:34,0
DA:35,0
DA:37,0
DA:39,0
DA:41,0
DA:42,0
DA:45,0
DA:48,0
DA:53,0
DA:55,0
DA:61,0
DA:62,0
DA:63,0
DA:64,0
DA:65,0
DA:68,0
DA:69,0
DA:70,0
DA:71,0
DA:72,0
DA:77,0
DA:82,0
DA:83,0
DA:84,0
DA:88,0
DA:89,0
DA:90,0
DA:92,0
DA:96,0
DA:103,0
DA:107,0
DA:108,0
DA:109,0
DA:117,0
DA:121,0
DA:122,0
DA:123,0
DA:124,0
DA:129,0
DA:131,0
DA:132,0
DA:136,0
DA:139,0
DA:140,0
DA:141,0
DA:145,0
DA:146,0
DA:148,0
DA:149,0
DA:157,0
DA:159,0
DA:160,0
DA:164,0
DA:167,0
DA:168,0
DA:169,0
DA:173,0
DA:174,0
DA:176,0
DA:177,0
DA:185,0
DA:187,0
DA:188,0
DA:189,0
DA:193,0
DA:195,0
DA:196,0
DA:204,0
LF:74
LH:0
BRDA:25,0,0,0
BRDA:25,0,1,0
BRDA:35,1,0,0
BRDA:35,1,1,0
BRDA:39,2,0,0
BRDA:39,2,1,0
BRDA:45,3,0,0
BRDA:45,3,1,0
BRDA:63,4,0,0
BRDA:63,4,1,0
BRDA:71,5,0,0
BRDA:71,5,1,0
BRDA:121,6,0,0
BRDA:121,6,1,0
BRDA:123,7,0,0
BRDA:123,7,1,0
BRDA:131,8,0,0
BRDA:131,8,1,0
BRDA:159,9,0,0
BRDA:159,9,1,0
BRF:20
BRH:0
end_of_record
TN:
SF:pages/initiate-meal/initiate-meal.js
FN:19,(anonymous_0)
FN:30,(anonymous_1)
FN:38,(anonymous_2)
FN:54,(anonymous_3)
FN:56,(anonymous_4)
FN:64,(anonymous_5)
FN:64,(anonymous_6)
FN:79,(anonymous_7)
FN:86,(anonymous_8)
FN:91,(anonymous_9)
FN:103,(anonymous_10)
FN:114,(anonymous_11)
FN:123,(anonymous_12)
FN:130,(anonymous_13)
FN:134,(anonymous_14)
FN:138,(anonymous_15)
FN:151,(anonymous_16)
FN:153,(anonymous_17)
FN:159,(anonymous_18)
FN:165,(anonymous_19)
FN:172,(anonymous_20)
FN:178,(anonymous_21)
FN:187,(anonymous_22)
FN:187,(anonymous_23)
FN:200,(anonymous_24)
FN:209,(anonymous_25)
FN:217,(anonymous_26)
FN:225,(anonymous_27)
FN:234,(anonymous_28)
FN:243,(anonymous_29)
FN:248,(anonymous_30)
FN:254,(anonymous_31)
FN:270,(anonymous_32)
FN:286,(anonymous_33)
FN:299,(anonymous_34)
FN:303,(anonymous_35)
FNF:36
FNH:0
FNDA:0,(anonymous_0)
FNDA:0,(anonymous_1)
FNDA:0,(anonymous_2)
FNDA:0,(anonymous_3)
FNDA:0,(anonymous_4)
FNDA:0,(anonymous_5)
FNDA:0,(anonymous_6)
FNDA:0,(anonymous_7)
FNDA:0,(anonymous_8)
FNDA:0,(anonymous_9)
FNDA:0,(anonymous_10)
FNDA:0,(anonymous_11)
FNDA:0,(anonymous_12)
FNDA:0,(anonymous_13)
FNDA:0,(anonymous_14)
FNDA:0,(anonymous_15)
FNDA:0,(anonymous_16)
FNDA:0,(anonymous_17)
FNDA:0,(anonymous_18)
FNDA:0,(anonymous_19)
FNDA:0,(anonymous_20)
FNDA:0,(anonymous_21)
FNDA:0,(anonymous_22)
FNDA:0,(anonymous_23)
FNDA:0,(anonymous_24)
FNDA:0,(anonymous_25)
FNDA:0,(anonymous_26)
FNDA:0,(anonymous_27)
FNDA:0,(anonymous_28)
FNDA:0,(anonymous_29)
FNDA:0,(anonymous_30)
FNDA:0,(anonymous_31)
FNDA:0,(anonymous_32)
FNDA:0,(anonymous_33)
FNDA:0,(anonymous_34)
FNDA:0,(anonymous_35)
DA:2,0
DA:4,0
DA:21,0
DA:22,0
DA:23,0
DA:26,0
DA:32,0
DA:33,0
DA:39,0
DA:40,0
DA:41,0
DA:42,0
DA:43,0
DA:46,0
DA:48,0
DA:50,0
DA:51,0
DA:54,0
DA:55,0
DA:56,0
DA:64,0
DA:66,0
DA:74,0
DA:75,0
DA:80,0
DA:81,0
DA:82,0
DA:83,0
DA:86,0
DA:87,0
DA:90,0
DA:91,0
DA:99,0
DA:105,0
DA:106,0
DA:107,0
DA:110,0
DA:115,0
DA:116,0
DA:124,0
DA:131,0
DA:135,0
DA:139,0
DA:140,0
DA:141,0
DA:142,0
DA:145,0
DA:152,0
DA:153,0
DA:159,0
DA:161,0
DA:166,0
DA:167,0
DA:168,0
DA:173,0
DA:175,0
DA:177,0
DA:178,0
DA:180,0
DA:182,0
DA:184,0
DA:187,0
DA:190,0
DA:192,0
DA:193,0
DA:194,0
DA:196,0
DA:201,0
DA:202,0
DA:203,0
DA:210,0
DA:212,0
DA:213,0
DA:214,0
DA:217,0
DA:218,0
DA:219,0
DA:220,0
DA:223,0
DA:225,0
DA:226,0
DA:229,0
DA:231,0
DA:234,0
DA:235,0
DA:238,0
DA:244,0
DA:245,0
DA:249,0
DA:250,0
DA:251,0
DA:255,0
DA:256,0
DA:259,0
DA:261,0
DA:263,0
DA:264,0
DA:265,0
DA:266,0
DA:270,0
DA:271,0
DA:272,0
DA:273,0
DA:275,0
DA:276,0
DA:277,0
DA:278,0
DA:282,0
DA:284,0
DA:286,0
DA:287,0
DA:288,0
DA:290,0
DA:293,0
DA:296,0
DA:297,0
DA:300,0
DA:301,0
DA:304,0
DA:305,0
DA:306,0
DA:310,0
DA:311,0
LF:123
LH:0
BRDA:21,0,0,0
BRDA:21,0,1,0
BRDA:21,1,0,0
BRDA:21,1,1,0
BRDA:32,2,0,0
BRDA:32,2,1,0
BRDA:40,3,0,0
BRDA:40,3,1,0
BRDA:51,4,0,0
BRDA:51,4,1,0
BRDA:59,5,0,0
BRDA:59,5,1,0
BRDA:59,5,2,0
BRDA:60,6,0,0
BRDA:60,6,1,0
BRDA:60,6,2,0
BRDA:61,7,0,0
BRDA:61,7,1,0
BRDA:71,8,0,0
BRDA:71,8,1,0
BRDA:82,9,0,0
BRDA:82,9,1,0
BRDA:94,10,0,0
BRDA:94,10,1,0
BRDA:94,10,2,0
BRDA:95,11,0,0
BRDA:95,11,1,0
BRDA:95,11,2,0
BRDA:96,12,0,0
BRDA:96,12,1,0
BRDA:140,13,0,0
BRDA:140,13,1,0
BRDA:159,14,0,0
BRDA:159,14,1,0
BRDA:180,15,0,0
BRDA:180,15,1,0
BRDA:190,16,0,0
BRDA:190,16,1,0
BRDA:212,17,0,0
BRDA:212,17,1,0
BRDA:218,18,0,0
BRDA:218,18,1,0
BRDA:250,19,0,0
BRDA:250,19,1,0
BRDA:263,20,0,0
BRDA:263,20,1,0
BRDA:275,21,0,0
BRDA:275,21,1,0
BRF:48
BRH:0
end_of_record
TN:
SF:pages/kitchen-invite/kitchen-invite.js
FN:15,(anonymous_0)
FN:30,(anonymous_1)
FN:55,(anonymous_2)
FN:74,(anonymous_3)
FN:85,(anonymous_4)
FN:101,(anonymous_5)
FNF:6
FNH:0
FNDA:0,(anonymous_0)
FNDA:0,(anonymous_1)
FNDA:0,(anonymous_2)
FNDA:0,(anonymous_3)
FNDA:0,(anonymous_4)
FNDA:0,(anonymous_5)
DA:2,0
DA:4,0
DA:16,0
DA:17,0
DA:18,0
DA:23,0
DA:26,0
DA:27,0
DA:31,0
DA:32,0
DA:33,0
DA:34,0
DA:39,0
DA:46,0
DA:47,0
DA:56,0
DA:57,0
DA:59,0
DA:60,0
DA:61,0
DA:62,0
DA:65,0
DA:70,0
DA:71,0
DA:72,0
DA:74,0
DA:75,0
DA:79,0
DA:81,0
DA:86,0
DA:87,0
DA:89,0
DA:94,0
DA:95,0
DA:96,0
DA:98,0
DA:102,0
LF:37
LH:0
BRDA:17,0,0,0
BRDA:17,0,1,0
BRDA:33,1,0,0
BRDA:33,1,1,0
BRDA:42,2,0,0
BRDA:42,2,1,0
BRDA:56,3,0,0
BRDA:56,3,1,0
BRDA:61,4,0,0
BRDA:61,4,1,0
BRDA:87,5,0,0
BRDA:87,5,1,0
BRF:12
BRH:0
end_of_record
TN:
SF:pages/kitchen-manage/kitchen-manage.js
FN:13,(anonymous_0)
FN:37,(anonymous_1)
FN:51,(anonymous_2)
FN:62,(anonymous_3)
FN:73,(anonymous_4)
FN:77,(anonymous_5)
FN:92,(anonymous_6)
FN:99,(anonymous_7)
FN:112,(anonymous_8)
FNF:9
FNH:0
FNDA:0,(anonymous_0)
FNDA:0,(anonymous_1)
FNDA:0,(anonymous_2)
FNDA:0,(anonymous_3)
FNDA:0,(anonymous_4)
FNDA:0,(anonymous_5)
FNDA:0,(anonymous_6)
FNDA:0,(anonymous_7)
FNDA:0,(anonymous_8)
DA:2,0
DA:4,0
DA:14,0
DA:15,0
DA:16,0
DA:17,0
DA:21,0
DA:22,0
DA:26,0
DA:32,0
DA:33,0
DA:34,0
DA:38,0
DA:39,0
DA:40,0
DA:41,0
DA:47,0
DA:52,0
DA:53,0
DA:54,0
DA:55,0
DA:58,0
DA:63,0
DA:64,0
DA:65,0
DA:66,0
DA:69,0
DA:74,0
DA:78,0
DA:79,0
DA:80,0
DA:81,0
DA:83,0
DA:84,0
DA:85,0
DA:86,0
DA:88,0
DA:93,0
DA:94,0
DA:96,0
DA:100,0
DA:101,0
DA:102,0
DA:103,0
DA:104,0
DA:106,0
DA:113,0
DA:114,0
DA:115,0
DA:117,0
DA:121,0
LF:51
LH:0
BRDA:15,0,0,0
BRDA:15,0,1,0
BRDA:22,1,0,0
BRDA:22,1,1,0
BRDA:22,2,0,0
BRDA:22,2,1,0
BRDA:40,3,0,0
BRDA:40,3,1,0
BRDA:54,4,0,0
BRDA:54,4,1,0
BRDA:55,5,0,0
BRDA:55,5,1,0
BRDA:65,6,0,0
BRDA:65,6,1,0
BRDA:79,7,0,0
BRDA:79,7,1,0
BRDA:94,8,0,0
BRDA:94,8,1,0
BRDA:100,9,0,0
BRDA:100,9,1,0
BRDA:114,10,0,0
BRDA:114,10,1,0
BRDA:115,11,0,0
BRDA:115,11,1,0
BRDA:117,12,0,0
BRDA:117,12,1,0
BRF:26
BRH:0
end_of_record
TN:
SF:pages/login/login.js
FN:8,(anonymous_0)
FN:19,(anonymous_1)
FN:28,(anonymous_2)
FN:35,(anonymous_3)
FN:43,(anonymous_4)
FN:80,(anonymous_5)
FN:83,(anonymous_6)
FN:90,(anonymous_7)
FN:96,(anonymous_8)
FN:99,(anonymous_9)
FN:109,(anonymous_10)
FN:112,(anonymous_11)
FNF:12
FNH:0
FNDA:0,(anonymous_0)
FNDA:0,(anonymous_1)
FNDA:0,(anonymous_2)
FNDA:0,(anonymous_3)
FNDA:0,(anonymous_4)
FNDA:0,(anonymous_5)
FNDA:0,(anonymous_6)
FNDA:0,(anonymous_7)
FNDA:0,(anonymous_8)
FNDA:0,(anonymous_9)
FNDA:0,(anonymous_10)
FNDA:0,(anonymous_11)
DA:2,0
DA:10,0
DA:11,0
DA:14,0
DA:15,0
DA:17,0
DA:21,0
DA:29,0
DA:36,0
DA:37,0
DA:38,0
DA:44,0
DA:46,0
DA:48,0
DA:49,0
DA:53,0
DA:57,0
DA:61,0
DA:62,0
DA:63,0
DA:64,0
DA:67,0
DA:68,0
DA:71,0
DA:72,0
DA:73,0
DA:76,0
DA:81,0
DA:83,0
DA:85,0
DA:86,0
DA:89,0
DA:90,0
DA:92,0
DA:93,0
DA:94,0
DA:97,0
DA:100,0
DA:102,0
DA:106,0
DA:107,0
DA:110,0
DA:113,0
DA:115,0
LF:44
LH:0
BRDA:10,0,0,0
BRDA:10,0,1,0
BRDA:15,1,0,0
BRDA:15,1,1,0
BRDA:15,2,0,0
BRDA:15,2,1,0
BRDA:15,2,2,0
BRDA:37,3,0,0
BRDA:37,3,1,0
BRDA:48,4,0,0
BRDA:48,4,1,0
BRDA:48,5,0,0
BRDA:48,5,1,0
BRDA:72,6,0,0
BRDA:72,6,1,0
BRDA:92,7,0,0
BRDA:92,7,1,0
BRF:17
BRH:0
end_of_record
TN:
SF:pages/meal-list/meal-list.js
FN:9,(anonymous_0)
FN:13,(anonymous_1)
FN:17,(anonymous_2)
FN:22,(anonymous_3)
FN:40,(anonymous_4)
FN:53,(anonymous_5)
FN:77,(anonymous_6)
FN:78,(anonymous_7)
FN:85,(anonymous_8)
FN:112,(anonymous_9)
FN:118,(anonymous_10)
FN:137,(anonymous_11)
FN:139,(anonymous_12)
FN:162,(anonymous_13)
FN:190,(anonymous_14)
FN:196,(anonymous_15)
FN:214,(anonymous_16)
FN:216,(anonymous_17)
FN:237,(anonymous_18)
FN:242,(anonymous_19)
FN:259,(anonymous_20)
FN:260,(anonymous_21)
FN:278,(anonymous_22)
FNF:23
FNH:0
FNDA:0,(anonymous_0)
FNDA:0,(anonymous_1)
FNDA:0,(anonymous_2)
FNDA:0,(anonymous_3)
FNDA:0,(anonymous_4)
FNDA:0,(anonymous_5)
FNDA:0,(anonymous_6)
FNDA:0,(anonymous_7)
FNDA:0,(anonymous_8)
FNDA:0,(anonymous_9)
FNDA:0,(anonymous_10)
FNDA:0,(anonymous_11)
FNDA:0,(anonymous_12)
FNDA:0,(anonymous_13)
FNDA:0,(anonymous_14)
FNDA:0,(anonymous_15)
FNDA:0,(anonymous_16)
FNDA:0,(anonymous_17)
FNDA:0,(anonymous_18)
FNDA:0,(anonymous_19)
FNDA:0,(anonymous_20)
FNDA:0,(anonymous_21)
FNDA:0,(anonymous_22)
DA:2,0
DA:4,0
DA:10,0
DA:14,0
DA:18,0
DA:23,0
DA:24,0
DA:25,0
DA:27,0
DA:28,0
DA:29,0
DA:30,0
DA:31,0
DA:32,0
DA:33,0
DA:35,0
DA:41,0
DA:43,0
DA:44,0
DA:45,0
DA:46,0
DA:49,0
DA:50,0
DA:53,0
DA:65,0
DA:67,0
DA:70,0
DA:72,0
DA:78,0
DA:80,0
DA:86,0
DA:88,0
DA:90,0
DA:91,0
DA:93,0
DA:94,0
DA:95,0
DA:99,0
DA:102,0
DA:106,0
DA:107,0
DA:113,0
DA:115,0
DA:119,0
DA:120,0
DA:122,0
DA:125,0
DA:127,0
DA:129,0
DA:138,0
DA:139,0
DA:141,0
DA:142,0
DA:143,0
DA:147,0
DA:148,0
DA:149,0
DA:153,0
DA:156,0
DA:163,0
DA:165,0
DA:167,0
DA:168,0
DA:170,0
DA:171,0
DA:172,0
DA:176,0
DA:177,0
DA:180,0
DA:184,0
DA:185,0
DA:191,0
DA:193,0
DA:197,0
DA:198,0
DA:200,0
DA:201,0
DA:203,0
DA:205,0
DA:206,0
DA:215,0
DA:216,0
DA:218,0
DA:219,0
DA:220,0
DA:224,0
DA:225,0
DA:226,0
DA:229,0
DA:231,0
DA:232,0
DA:235,0
DA:238,0
DA:240,0
DA:243,0
DA:246,0
DA:249,0
DA:254,0
DA:255,0
DA:260,0
DA:261,0
DA:262,0
DA:263,0
DA:264,0
DA:265,0
DA:266,0
DA:267,0
DA:268,0
DA:269,0
DA:272,0
DA:275,0
DA:279,0
DA:280,0
DA:282,0
DA:283,0
DA:289,0
DA:290,0
DA:291,0
DA:295,0
LF:119
LH:0
BRDA:23,0,0,0
BRDA:23,0,1,0
BRDA:44,1,0,0
BRDA:44,1,1,0
BRDA:46,2,0,0
BRDA:46,2,1,0
BRDA:49,3,0,0
BRDA:49,3,1,0
BRDA:50,4,0,0
BRDA:50,4,1,0
BRDA:57,5,0,0
BRDA:57,5,1,0
BRDA:59,6,0,0
BRDA:59,6,1,0
BRDA:93,7,0,0
BRDA:93,7,1,0
BRDA:119,8,0,0
BRDA:119,8,1,0
BRDA:141,9,0,0
BRDA:141,9,1,0
BRDA:147,10,0,0
BRDA:147,10,1,0
BRDA:170,11,0,0
BRDA:170,11,1,0
BRDA:197,12,0,0
BRDA:197,12,1,0
BRDA:218,13,0,0
BRDA:218,13,1,0
BRDA:224,14,0,0
BRDA:224,14,1,0
BRDA:238,15,0,0
BRDA:238,15,1,0
BRDA:246,16,0,0
BRDA:246,16,1,0
BRDA:260,17,0,0
BRDA:260,17,1,0
BRDA:261,18,0,0
BRDA:261,18,1,0
BRDA:264,19,0,0
BRDA:264,19,1,0
BRDA:267,20,0,0
BRDA:267,20,1,0
BRDA:267,20,2,0
BRDA:268,21,0,0
BRDA:268,21,1,0
BRDA:282,22,0,0
BRDA:282,22,1,0
BRDA:289,23,0,0
BRDA:289,23,1,0
BRDA:290,24,0,0
BRDA:290,24,1,0
BRDA:291,25,0,0
BRDA:291,25,1,0
BRF:53
BRH:0
end_of_record
TN:
SF:pages/menu-edit/menu-edit.js
FN:21,(anonymous_0)
FN:32,(anonymous_1)
FN:44,(anonymous_2)
FN:51,(anonymous_3)
FN:55,(anonymous_4)
FN:60,(anonymous_5)
FN:82,(anonymous_6)
FN:87,(anonymous_7)
FN:93,(anonymous_8)
FN:97,(anonymous_9)
FN:108,(anonymous_10)
FN:116,(anonymous_11)
FN:122,(anonymous_12)
FN:122,(anonymous_13)
FN:135,(anonymous_14)
FN:145,(anonymous_15)
FN:155,(anonymous_16)
FN:159,(anonymous_17)
FN:163,(anonymous_18)
FN:169,(anonymous_19)
FN:192,(anonymous_20)
FN:197,(anonymous_21)
FN:210,(anonymous_22)
FN:256,(anonymous_23)
FN:262,(anonymous_24)
FN:269,(anonymous_25)
FN:284,(anonymous_26)
FN:299,(anonymous_27)
FNF:28
FNH:0
FNDA:0,(anonymous_0)
FNDA:0,(anonymous_1)
FNDA:0,(anonymous_2)
FNDA:0,(anonymous_3)
FNDA:0,(anonymous_4)
FNDA:0,(anonymous_5)
FNDA:0,(anonymous_6)
FNDA:0,(anonymous_7)
FNDA:0,(anonymous_8)
FNDA:0,(anonymous_9)
FNDA:0,(anonymous_10)
FNDA:0,(anonymous_11)
FNDA:0,(anonymous_12)
FNDA:0,(anonymous_13)
FNDA:0,(anonymous_14)
FNDA:0,(anonymous_15)
FNDA:0,(anonymous_16)
FNDA:0,(anonymous_17)
FNDA:0,(anonymous_18)
FNDA:0,(anonymous_19)
FNDA:0,(anonymous_20)
FNDA:0,(anonymous_21)
FNDA:0,(anonymous_22)
FNDA:0,(anonymous_23)
FNDA:0,(anonymous_24)
FNDA:0,(anonymous_25)
FNDA:0,(anonymous_26)
FNDA:0,(anonymous_27)
DA:2,0
DA:3,0
DA:5,0
DA:22,0
DA:24,0
DA:25,0
DA:27,0
DA:33,0
DA:35,0
DA:36,0
DA:37,0
DA:38,0
DA:41,0
DA:44,0
DA:47,0
DA:52,0
DA:53,0
DA:54,0
DA:55,0
DA:56,0
DA:57,0
DA:60,0
DA:61,0
DA:62,0
DA:71,0
DA:76,0
DA:77,0
DA:83,0
DA:88,0
DA:89,0
DA:94,0
DA:95,0
DA:97,0
DA:98,0
DA:101,0
DA:109,0
DA:110,0
DA:113,0
DA:115,0
DA:116,0
DA:118,0
DA:122,0
DA:127,0
DA:136,0
DA:146,0
DA:156,0
DA:160,0
DA:164,0
DA:170,0
DA:171,0
DA:172,0
DA:173,0
DA:174,0
DA:177,0
DA:178,0
DA:179,0
DA:180,0
DA:181,0
DA:183,0
DA:184,0
DA:186,0
DA:193,0
DA:198,0
DA:200,0
DA:201,0
DA:202,0
DA:205,0
DA:206,0
DA:207,0
DA:210,0
DA:211,0
DA:212,0
DA:213,0
DA:216,0
DA:217,0
DA:220,0
DA:221,0
DA:223,0
DA:226,0
DA:227,0
DA:228,0
DA:229,0
DA:238,0
DA:248,0
DA:250,0
DA:251,0
DA:252,0
DA:257,0
DA:258,0
DA:259,0
DA:263,0
DA:264,0
DA:266,0
DA:270,0
DA:271,0
DA:272,0
DA:273,0
DA:274,0
DA:276,0
DA:277,0
DA:285,0
DA:287,0
DA:288,0
DA:289,0
DA:292,0
DA:293,0
DA:294,0
DA:297,0
DA:298,0
DA:299,0
DA:300,0
DA:302,0
DA:303,0
DA:304,0
DA:308,0
DA:311,0
DA:312,0
DA:313,0
DA:316,0
DA:317,0
DA:318,0
DA:321,0
DA:322,0
DA:324,0
DA:325,0
DA:326,0
DA:331,0
DA:333,0
DA:338,0
DA:341,0
DA:342,0
DA:344,0
DA:345,0
DA:346,0
LF:134
LH:0
BRDA:22,0,0,0
BRDA:22,0,1,0
BRDA:24,1,0,0
BRDA:24,1,1,0
BRDA:35,2,0,0
BRDA:35,2,1,0
BRDA:54,3,0,0
BRDA:54,3,1,0
BRDA:61,4,0,0
BRDA:61,4,1,0
BRDA:61,4,2,0
BRDA:66,5,0,0
BRDA:66,5,1,0
BRDA:67,6,0,0
BRDA:67,6,1,0
BRDA:115,7,0,0
BRDA:115,7,1,0
BRDA:170,8,0,0
BRDA:170,8,1,0
BRDA:171,9,0,0
BRDA:171,9,1,0
BRDA:171,10,0,0
BRDA:171,10,1,0
BRDA:172,11,0,0
BRDA:172,11,1,0
BRDA:172,12,0,0
BRDA:172,12,1,0
BRDA:200,13,0,0
BRDA:200,13,1,0
BRDA:205,14,0,0
BRDA:205,14,1,0
BRDA:211,15,0,0
BRDA:211,15,1,0
BRDA:227,16,0,0
BRDA:227,16,1,0
BRDA:227,16,2,0
BRDA:227,16,3,0
BRDA:232,17,0,0
BRDA:232,17,1,0
BRDA:232,17,2,0
BRDA:234,18,0,0
BRDA:234,18,1,0
BRDA:235,19,0,0
BRDA:235,19,1,0
BRDA:235,19,2,0
BRDA:258,20,0,0
BRDA:258,20,1,0
BRDA:264,21,0,0
BRDA:264,21,1,0
BRDA:270,22,0,0
BRDA:270,22,1,0
BRDA:287,23,0,0
BRDA:287,23,1,0
BRDA:292,24,0,0
BRDA:292,24,1,0
BRDA:298,25,0,0
BRDA:298,25,1,0
BRDA:300,26,0,0
BRDA:300,26,1,0
BRDA:300,26,2,0
BRDA:300,27,0,0
BRDA:300,27,1,0
BRDA:302,28,0,0
BRDA:302,28,1,0
BRDA:311,29,0,0
BRDA:311,29,1,0
BRDA:316,30,0,0
BRDA:316,30,1,0
BRDA:322,31,0,0
BRDA:322,31,1,0
BRDA:324,32,0,0
BRDA:324,32,1,0
BRDA:345,33,0,0
BRDA:345,33,1,0
BRDA:346,34,0,0
BRDA:346,34,1,0
BRF:76
BRH:0
end_of_record
TN:
SF:pages/menu-list/menu-list.js
FN:14,(anonymous_0)
FN:18,(anonymous_1)
FN:22,(anonymous_2)
FN:27,(anonymous_3)
FN:70,(anonymous_4)
FN:87,(anonymous_5)
FN:94,(anonymous_6)
FN:96,(anonymous_7)
FN:110,(anonymous_8)
FN:113,(anonymous_9)
FN:121,(anonymous_10)
FN:137,(anonymous_11)
FN:148,(anonymous_12)
FN:155,(anonymous_13)
FN:165,(anonymous_14)
FN:171,(anonymous_15)
FN:176,(anonymous_16)
FN:184,(anonymous_17)
FN:193,(anonymous_18)
FN:207,(anonymous_19)
FN:207,(anonymous_20)
FNF:21
FNH:0
FNDA:0,(anonymous_0)
FNDA:0,(anonymous_1)
FNDA:0,(anonymous_2)
FNDA:0,(anonymous_3)
FNDA:0,(anonymous_4)
FNDA:0,(anonymous_5)
FNDA:0,(anonymous_6)
FNDA:0,(anonymous_7)
FNDA:0,(anonymous_8)
FNDA:0,(anonymous_9)
FNDA:0,(anonymous_10)
FNDA:0,(anonymous_11)
FNDA:0,(anonymous_12)
FNDA:0,(anonymous_13)
FNDA:0,(anonymous_14)
FNDA:0,(anonymous_15)
FNDA:0,(anonymous_16)
FNDA:0,(anonymous_17)
FNDA:0,(anonymous_18)
FNDA:0,(anonymous_19)
FNDA:0,(anonymous_20)
DA:2,0
DA:4,0
DA:15,0
DA:19,0
DA:23,0
DA:28,0
DA:29,0
DA:31,0
DA:34,0
DA:35,0
DA:38,0
DA:39,0
DA:40,0
DA:41,0
DA:42,0
DA:43,0
DA:47,0
DA:48,0
DA:49,0
DA:50,0
DA:51,0
DA:52,0
DA:53,0
DA:54,0
DA:55,0
DA:56,0
DA:59,0
DA:65,0
DA:66,0
DA:67,0
DA:70,0
DA:75,0
DA:76,0
DA:77,0
DA:79,0
DA:80,0
DA:82,0
DA:88,0
DA:89,0
DA:95,0
DA:96,0
DA:98,0
DA:99,0
DA:100,0
DA:103,0
DA:104,0
DA:111,0
DA:112,0
DA:113,0
DA:115,0
DA:116,0
DA:117,0
DA:121,0
DA:127,0
DA:138,0
DA:149,0
DA:150,0
DA:152,0
DA:155,0
DA:156,0
DA:159,0
DA:166,0
DA:167,0
DA:168,0
DA:172,0
DA:173,0
DA:176,0
DA:177,0
DA:178,0
DA:180,0
DA:184,0
DA:186,0
DA:194,0
DA:197,0
DA:198,0
DA:200,0
DA:201,0
DA:202,0
DA:206,0
DA:207,0
DA:210,0
DA:211,0
DA:212,0
DA:215,0
DA:216,0
DA:219,0
DA:220,0
DA:222,0
DA:225,0
DA:228,0
DA:231,0
DA:235,0
DA:237,0
DA:238,0
DA:239,0
LF:95
LH:0
BRDA:38,0,0,0
BRDA:38,0,1,0
BRDA:40,1,0,0
BRDA:40,1,1,0
BRDA:47,2,0,0
BRDA:47,2,1,0
BRDA:47,3,0,0
BRDA:47,3,1,0
BRDA:47,3,2,0
BRDA:52,4,0,0
BRDA:52,4,1,0
BRDA:52,5,0,0
BRDA:52,5,1,0
BRDA:65,6,0,0
BRDA:65,6,1,0
BRDA:67,7,0,0
BRDA:67,7,1,0
BRDA:72,8,0,0
BRDA:72,8,1,0
BRDA:98,9,0,0
BRDA:98,9,1,0
BRDA:113,10,0,0
BRDA:113,10,1,0
BRDA:115,11,0,0
BRDA:115,11,1,0
BRDA:123,12,0,0
BRDA:123,12,1,0
BRDA:123,12,2,0
BRDA:152,13,0,0
BRDA:152,13,1,0
BRDA:167,14,0,0
BRDA:167,14,1,0
BRDA:177,15,0,0
BRDA:177,15,1,0
BRDA:200,16,0,0
BRDA:200,16,1,0
BRDA:200,17,0,0
BRDA:200,17,1,0
BRDA:206,18,0,0
BRDA:206,18,1,0
BRDA:210,19,0,0
BRDA:210,19,1,0
BRDA:219,20,0,0
BRDA:219,20,1,0
BRF:44
BRH:0
end_of_record
TN:
SF:pages/order-complete/order-complete.js
FN:13,(anonymous_0)
FN:23,(anonymous_1)
FN:24,(anonymous_2)
FN:39,(anonymous_3)
FN:45,(anonymous_4)
FN:57,(anonymous_5)
FN:61,(anonymous_6)
FN:67,(anonymous_7)
FNF:8
FNH:0
FNDA:0,(anonymous_0)
FNDA:0,(anonymous_1)
FNDA:0,(anonymous_2)
FNDA:0,(anonymous_3)
FNDA:0,(anonymous_4)
FNDA:0,(anonymous_5)
FNDA:0,(anonymous_6)
FNDA:0,(anonymous_7)
DA:2,0
DA:4,0
DA:14,0
DA:15,0
DA:16,0
DA:17,0
DA:20,0
DA:22,0
DA:23,0
DA:24,0
DA:26,0
DA:34,0
DA:35,0
DA:40,0
DA:41,0
DA:42,0
DA:46,0
DA:47,0
DA:48,0
DA:49,0
DA:50,0
DA:53,0
DA:58,0
DA:62,0
DA:68,0
DA:69,0
DA:70,0
DA:73,0
DA:74,0
DA:78,0
LF:30
LH:0
BRDA:15,0,0,0
BRDA:15,0,1,0
BRDA:31,1,0,0
BRDA:31,1,1,0
BRDA:34,2,0,0
BRDA:34,2,1,0
BRDA:34,3,0,0
BRDA:34,3,1,0
BRDA:41,4,0,0
BRDA:41,4,1,0
BRDA:48,5,0,0
BRDA:48,5,1,0
BRDA:48,5,2,0
BRDA:49,6,0,0
BRDA:49,6,1,0
BRDA:69,7,0,0
BRDA:69,7,1,0
BRDA:73,8,0,0
BRDA:73,8,1,0
BRDA:74,9,0,0
BRDA:74,9,1,0
BRF:21
BRH:0
end_of_record
TN:
SF:pages/order-food/order-food.js
FN:18,(anonymous_0)
FN:28,(anonymous_1)
FN:42,(anonymous_2)
FN:49,(anonymous_3)
FN:63,(anonymous_4)
FN:83,(anonymous_5)
FN:89,(anonymous_6)
FN:115,(anonymous_7)
FN:145,(anonymous_8)
FN:153,(anonymous_9)
FN:159,(anonymous_10)
FN:164,(anonymous_11)
FN:208,(anonymous_12)
FN:214,(anonymous_13)
FN:226,(anonymous_14)
FN:239,(anonymous_15)
FN:250,(anonymous_16)
FN:252,(anonymous_17)
FN:267,(anonymous_18)
FN:274,(anonymous_19)
FN:278,(anonymous_20)
FN:280,(anonymous_21)
FN:290,(anonymous_22)
FN:295,(anonymous_23)
FN:300,(anonymous_24)
FN:315,(anonymous_25)
FN:322,(anonymous_26)
FN:324,(anonymous_27)
FN:329,(anonymous_28)
FN:333,(anonymous_29)
FN:334,(anonymous_30)
FN:343,(anonymous_31)
FN:349,(anonymous_32)
FN:351,(anonymous_33)
FN:356,(anonymous_34)
FN:386,(anonymous_35)
FN:398,(anonymous_36)
FN:402,(anonymous_37)
FN:403,(anonymous_38)
FN:410,(anonymous_39)
FNF:40
FNH:0
FNDA:0,(anonymous_0)
FNDA:0,(anonymous_1)
FNDA:0,(anonymous_2)
FNDA:0,(anonymous_3)
FNDA:0,(anonymous_4)
FNDA:0,(anonymous_5)
FNDA:0,(anonymous_6)
FNDA:0,(anonymous_7)
FNDA:0,(anonymous_8)
FNDA:0,(anonymous_9)
FNDA:0,(anonymous_10)
FNDA:0,(anonymous_11)
FNDA:0,(anonymous_12)
FNDA:0,(anonymous_13)
FNDA:0,(anonymous_14)
FNDA:0,(anonymous_15)
FNDA:0,(anonymous_16)
FNDA:0,(anonymous_17)
FNDA:0,(anonymous_18)
FNDA:0,(anonymous_19)
FNDA:0,(anonymous_20)
FNDA:0,(anonymous_21)
FNDA:0,(anonymous_22)
FNDA:0,(anonymous_23)
FNDA:0,(anonymous_24)
FNDA:0,(anonymous_25)
FNDA:0,(anonymous_26)
FNDA:0,(anonymous_27)
FNDA:0,(anonymous_28)
FNDA:0,(anonymous_29)
FNDA:0,(anonymous_30)
FNDA:0,(anonymous_31)
FNDA:0,(anonymous_32)
FNDA:0,(anonymous_33)
FNDA:0,(anonymous_34)
FNDA:0,(anonymous_35)
FNDA:0,(anonymous_36)
FNDA:0,(anonymous_37)
FNDA:0,(anonymous_38)
FNDA:0,(anonymous_39)
DA:2,0
DA:4,0
DA:20,0
DA:21,0
DA:23,0
DA:24,0
DA:30,0
DA:32,0
DA:33,0
DA:34,0
DA:35,0
DA:36,0
DA:37,0
DA:40,0
DA:43,0
DA:44,0
DA:45,0
DA:46,0
DA:47,0
DA:50,0
DA:52,0
DA:53,0
DA:54,0
DA:55,0
DA:56,0
DA:58,0
DA:65,0
DA:66,0
DA:69,0
DA:70,0
DA:72,0
DA:74,0
DA:75,0
DA:77,0
DA:79,0
DA:85,0
DA:90,0
DA:91,0
DA:92,0
DA:93,0
DA:95,0
DA:96,0
DA:97,0
DA:99,0
DA:100,0
DA:101,0
DA:102,0
DA:103,0
DA:104,0
DA:105,0
DA:106,0
DA:107,0
DA:109,0
DA:110,0
DA:116,0
DA:117,0
DA:119,0
DA:120,0
DA:121,0
DA:124,0
DA:126,0
DA:127,0
DA:129,0
DA:130,0
DA:131,0
DA:133,0
DA:134,0
DA:135,0
DA:136,0
DA:140,0
DA:143,0
DA:145,0
DA:148,0
DA:152,0
DA:153,0
DA:154,0
DA:158,0
DA:159,0
DA:160,0
DA:161,0
DA:164,0
DA:172,0
DA:173,0
DA:176,0
DA:182,0
DA:184,0
DA:194,0
DA:195,0
DA:199,0
DA:201,0
DA:202,0
DA:203,0
DA:209,0
DA:210,0
DA:211,0
DA:213,0
DA:214,0
DA:219,0
DA:221,0
DA:227,0
DA:228,0
DA:230,0
DA:232,0
DA:234,0
DA:240,0
DA:241,0
DA:243,0
DA:245,0
DA:246,0
DA:249,0
DA:250,0
DA:251,0
DA:252,0
DA:253,0
DA:256,0
DA:262,0
DA:268,0
DA:269,0
DA:270,0
DA:275,0
DA:277,0
DA:278,0
DA:279,0
DA:280,0
DA:286,0
DA:291,0
DA:292,0
DA:295,0
DA:296,0
DA:299,0
DA:300,0
DA:301,0
DA:304,0
DA:305,0
DA:308,0
DA:316,0
DA:317,0
DA:318,0
DA:323,0
DA:324,0
DA:325,0
DA:330,0
DA:331,0
DA:333,0
DA:334,0
DA:335,0
DA:336,0
DA:339,0
DA:344,0
DA:345,0
DA:350,0
DA:351,0
DA:352,0
DA:357,0
DA:358,0
DA:359,0
DA:362,0
DA:363,0
DA:364,0
DA:367,0
DA:369,0
DA:372,0
DA:380,0
DA:382,0
DA:387,0
DA:388,0
DA:389,0
DA:390,0
DA:391,0
DA:394,0
DA:399,0
DA:400,0
DA:401,0
DA:402,0
DA:403,0
DA:404,0
DA:411,0
DA:412,0
DA:414,0
DA:415,0
DA:421,0
DA:422,0
DA:426,0
LF:183
LH:0
BRDA:20,0,0,0
BRDA:20,0,1,0
BRDA:32,1,0,0
BRDA:32,1,1,0
BRDA:36,2,0,0
BRDA:36,2,1,0
BRDA:47,3,0,0
BRDA:47,3,1,0
BRDA:53,4,0,0
BRDA:53,4,1,0
BRDA:58,5,0,0
BRDA:58,5,1,0
BRDA:65,6,0,0
BRDA:65,6,1,0
BRDA:72,7,0,0
BRDA:72,7,1,0
BRDA:72,8,0,0
BRDA:72,8,1,0
BRDA:72,8,2,0
BRDA:75,9,0,0
BRDA:75,9,1,0
BRDA:91,10,0,0
BRDA:91,10,1,0
BRDA:119,11,0,0
BRDA:119,11,1,0
BRDA:131,12,0,0
BRDA:131,12,1,0
BRDA:133,13,0,0
BRDA:133,13,1,0
BRDA:133,14,0,0
BRDA:133,14,1,0
BRDA:140,15,0,0
BRDA:140,15,1,0
BRDA:143,16,0,0
BRDA:143,16,1,0
BRDA:160,17,0,0
BRDA:160,17,1,0
BRDA:161,18,0,0
BRDA:161,18,1,0
BRDA:166,19,0,0
BRDA:166,19,1,0
BRDA:166,19,2,0
BRDA:167,20,0,0
BRDA:167,20,1,0
BRDA:167,20,2,0
BRDA:168,21,0,0
BRDA:168,21,1,0
BRDA:194,22,0,0
BRDA:194,22,1,0
BRDA:209,23,0,0
BRDA:209,23,1,0
BRDA:213,24,0,0
BRDA:213,24,1,0
BRDA:216,25,0,0
BRDA:216,25,1,0
BRDA:228,26,0,0
BRDA:228,26,1,0
BRDA:241,27,0,0
BRDA:241,27,1,0
BRDA:249,28,0,0
BRDA:249,28,1,0
BRDA:249,29,0,0
BRDA:249,29,1,0
BRDA:275,30,0,0
BRDA:275,30,1,0
BRDA:282,31,0,0
BRDA:282,31,1,0
BRDA:282,31,2,0
BRDA:283,32,0,0
BRDA:283,32,1,0
BRDA:283,32,2,0
BRDA:284,33,0,0
BRDA:284,33,1,0
BRDA:295,34,0,0
BRDA:295,34,1,0
BRDA:316,35,0,0
BRDA:316,35,1,0
BRDA:325,36,0,0
BRDA:325,36,1,0
BRDA:335,37,0,0
BRDA:335,37,1,0
BRDA:336,38,0,0
BRDA:336,38,1,0
BRDA:352,39,0,0
BRDA:352,39,1,0
BRDA:357,40,0,0
BRDA:357,40,1,0
BRDA:362,41,0,0
BRDA:362,41,1,0
BRDA:377,42,0,0
BRDA:377,42,1,0
BRDA:389,43,0,0
BRDA:389,43,1,0
BRDA:389,43,2,0
BRDA:390,44,0,0
BRDA:390,44,1,0
BRDA:400,45,0,0
BRDA:400,45,1,0
BRDA:400,46,0,0
BRDA:400,46,1,0
BRDA:401,47,0,0
BRDA:401,47,1,0
BRDA:402,48,0,0
BRDA:402,48,1,0
BRDA:403,49,0,0
BRDA:403,49,1,0
BRDA:406,50,0,0
BRDA:406,50,1,0
BRDA:411,51,0,0
BRDA:411,51,1,0
BRDA:411,51,2,0
BRDA:411,51,3,0
BRDA:411,51,4,0
BRDA:411,51,5,0
BRDA:412,52,0,0
BRDA:412,52,1,0
BRDA:412,52,2,0
BRDA:412,52,3,0
BRDA:412,52,4,0
BRDA:412,52,5,0
BRDA:414,53,0,0
BRDA:414,53,1,0
BRDA:421,54,0,0
BRDA:421,54,1,0
BRDA:422,55,0,0
BRDA:422,55,1,0
BRDA:427,56,0,0
BRDA:427,56,1,0
BRF:128
BRH:0
end_of_record
TN:
SF:pages/share-meal/share-meal.js
FN:18,(anonymous_0)
FN:46,(anonymous_1)
FN:75,(anonymous_2)
FN:77,(anonymous_3)
FN:82,(anonymous_4)
FN:108,(anonymous_5)
FN:109,(anonymous_6)
FN:112,(anonymous_7)
FN:123,(anonymous_8)
FN:137,(anonymous_9)
FN:151,(anonymous_10)
FN:163,(anonymous_11)
FN:170,(anonymous_12)
FN:212,(anonymous_13)
FNF:14
FNH:0
FNDA:0,(anonymous_0)
FNDA:0,(anonymous_1)
FNDA:0,(anonymous_2)
FNDA:0,(anonymous_3)
FNDA:0,(anonymous_4)
FNDA:0,(anonymous_5)
FNDA:0,(anonymous_6)
FNDA:0,(anonymous_7)
FNDA:0,(anonymous_8)
FNDA:0,(anonymous_9)
FNDA:0,(anonymous_10)
FNDA:0,(anonymous_11)
FNDA:0,(anonymous_12)
FNDA:0,(anonymous_13)
DA:2,0
DA:4,0
DA:20,0
DA:22,0
DA:23,0
DA:27,0
DA:30,0
DA:36,0
DA:37,0
DA:38,0
DA:42,0
DA:47,0
DA:48,0
DA:50,0
DA:51,0
DA:52,0
DA:53,0
DA:54,0
DA:57,0
DA:61,0
DA:62,0
DA:63,0
DA:66,0
DA:71,0
DA:72,0
DA:75,0
DA:76,0
DA:77,0
DA:78,0
DA:82,0
DA:92,0
DA:99,0
DA:100,0
DA:109,0
DA:110,0
DA:112,0
DA:113,0
DA:116,0
DA:124,0
DA:125,0
DA:129,0
DA:133,0
DA:139,0
DA:140,0
DA:141,0
DA:142,0
DA:143,0
DA:147,0
DA:152,0
DA:154,0
DA:155,0
DA:164,0
DA:165,0
DA:166,0
DA:171,0
DA:173,0
DA:174,0
DA:178,0
DA:181,0
DA:182,0
DA:189,0
DA:194,0
DA:201,0
DA:203,0
DA:204,0
DA:213,0
DA:215,0
DA:216,0
DA:218,0
DA:220,0
DA:224,0
DA:228,0
DA:229,0
LF:73
LH:0
BRDA:22,0,0,0
BRDA:22,0,1,0
BRDA:31,1,0,0
BRDA:31,1,1,0
BRDA:37,2,0,0
BRDA:37,2,1,0
BRDA:37,3,0,0
BRDA:37,3,1,0
BRDA:37,3,2,0
BRDA:48,4,0,0
BRDA:48,4,1,0
BRDA:52,5,0,0
BRDA:52,5,1,0
BRDA:52,5,2,0
BRDA:53,6,0,0
BRDA:53,6,1,0
BRDA:61,7,0,0
BRDA:61,7,1,0
BRDA:84,8,0,0
BRDA:84,8,1,0
BRDA:84,8,2,0
BRDA:85,9,0,0
BRDA:85,9,1,0
BRDA:85,9,2,0
BRDA:86,10,0,0
BRDA:86,10,1,0
BRDA:87,11,0,0
BRDA:87,11,1,0
BRDA:87,12,0,0
BRDA:87,12,1,0
BRDA:124,13,0,0
BRDA:124,13,1,0
BRDA:140,14,0,0
BRDA:140,14,1,0
BRDA:140,15,0,0
BRDA:140,15,1,0
BRDA:140,15,2,0
BRDA:152,16,0,0
BRDA:152,16,1,0
BRDA:165,17,0,0
BRDA:165,17,1,0
BRDA:173,18,0,0
BRDA:173,18,1,0
BRDA:205,19,0,0
BRDA:205,19,1,0
BRDA:216,20,0,0
BRDA:216,20,1,0
BRDA:218,21,0,0
BRDA:218,21,1,0
BRF:49
BRH:0
end_of_record
TN:
SF:utils/cloud-api.js
FN:16,(anonymous_0)
FN:25,(anonymous_1)
FN:30,(anonymous_2)
FN:35,(anonymous_3)
FN:40,(anonymous_4)
FN:47,(anonymous_5)
FN:55,(anonymous_6)
FN:60,(anonymous_7)
FN:65,(anonymous_8)
FN:70,(anonymous_9)
FN:75,(anonymous_10)
FN:80,(anonymous_11)
FN:88,(anonymous_12)
FN:93,(anonymous_13)
FN:98,(anonymous_14)
FN:103,(anonymous_15)
FN:108,(anonymous_16)
FN:117,(anonymous_17)
FN:127,(anonymous_18)
FN:132,(anonymous_19)
FN:140,(anonymous_20)
FN:145,(anonymous_21)
FN:150,(anonymous_22)
FN:155,(anonymous_23)
FN:160,(anonymous_24)
FN:167,(anonymous_25)
FN:171,(anonymous_26)
FN:175,(anonymous_27)
FN:179,(anonymous_28)
FN:183,(anonymous_29)
FN:187,(anonymous_30)
FN:191,(anonymous_31)
FN:195,(anonymous_32)
FN:199,(anonymous_33)
FN:203,(anonymous_34)
FN:207,(anonymous_35)
FN:211,(anonymous_36)
FN:215,(anonymous_37)
FN:219,(anonymous_38)
FN:227,(anonymous_39)
FN:232,(anonymous_40)
FN:240,(anonymous_41)
FN:253,callHttpFunction
FN:254,(anonymous_43)
FN:280,(anonymous_44)
FN:303,(anonymous_45)
FN:322,callLocalFunction
FN:323,(anonymous_47)
FN:341,(anonymous_48)
FN:354,(anonymous_49)
FNF:50
FNH:0
FNDA:0,(anonymous_0)
FNDA:0,(anonymous_1)
FNDA:0,(anonymous_2)
FNDA:0,(anonymous_3)
FNDA:0,(anonymous_4)
FNDA:0,(anonymous_5)
FNDA:0,(anonymous_6)
FNDA:0,(anonymous_7)
FNDA:0,(anonymous_8)
FNDA:0,(anonymous_9)
FNDA:0,(anonymous_10)
FNDA:0,(anonymous_11)
FNDA:0,(anonymous_12)
FNDA:0,(anonymous_13)
FNDA:0,(anonymous_14)
FNDA:0,(anonymous_15)
FNDA:0,(anonymous_16)
FNDA:0,(anonymous_17)
FNDA:0,(anonymous_18)
FNDA:0,(anonymous_19)
FNDA:0,(anonymous_20)
FNDA:0,(anonymous_21)
FNDA:0,(anonymous_22)
FNDA:0,(anonymous_23)
FNDA:0,(anonymous_24)
FNDA:0,(anonymous_25)
FNDA:0,(anonymous_26)
FNDA:0,(anonymous_27)
FNDA:0,(anonymous_28)
FNDA:0,(anonymous_29)
FNDA:0,(anonymous_30)
FNDA:0,(anonymous_31)
FNDA:0,(anonymous_32)
FNDA:0,(anonymous_33)
FNDA:0,(anonymous_34)
FNDA:0,(anonymous_35)
FNDA:0,(anonymous_36)
FNDA:0,(anonymous_37)
FNDA:0,(anonymous_38)
FNDA:0,(anonymous_39)
FNDA:0,(anonymous_40)
FNDA:0,(anonymous_41)
FNDA:0,callHttpFunction
FNDA:0,(anonymous_43)
FNDA:0,(anonymous_44)
FNDA:0,(anonymous_45)
FNDA:0,callLocalFunction
FNDA:0,(anonymous_47)
FNDA:0,(anonymous_48)
FNDA:0,(anonymous_49)
DA:7,0
DA:10,0
DA:12,0
DA:17,0
DA:18,0
DA:19,0
DA:21,0
DA:26,0
DA:31,0
DA:36,0
DA:41,0
DA:48,0
DA:49,0
DA:50,0
DA:51,0
DA:56,0
DA:61,0
DA:66,0
DA:71,0
DA:76,0
DA:81,0
DA:89,0
DA:94,0
DA:99,0
DA:104,0
DA:109,0
DA:119,0
DA:120,0
DA:123,0
DA:128,0
DA:133,0
DA:141,0
DA:146,0
DA:151,0
DA:156,0
DA:161,0
DA:168,0
DA:172,0
DA:176,0
DA:180,0
DA:184,0
DA:188,0
DA:192,0
DA:196,0
DA:200,0
DA:204,0
DA:208,0
DA:212,0
DA:216,0
DA:220,0
DA:228,0
DA:233,0
DA:241,0
DA:254,0
DA:255,0
DA:258,0
DA:259,0
DA:261,0
DA:269,0
DA:271,0
DA:281,0
DA:282,0
DA:283,0
DA:284,0
DA:285,0
DA:287,0
DA:291,0
DA:294,0
DA:295,0
DA:296,0
DA:300,0
DA:304,0
DA:305,0
DA:309,0
DA:323,0
DA:325,0
DA:326,0
DA:328,0
DA:336,0
DA:338,0
DA:342,0
DA:343,0
DA:344,0
DA:345,0
DA:347,0
DA:351,0
DA:355,0
DA:356,0
DA:360,0
DA:366,0
LF:90
LH:0
BRDA:16,0,0,0
BRDA:16,1,0,0
BRDA:18,2,0,0
BRDA:18,2,1,0
BRDA:25,3,0,0
BRDA:25,4,0,0
BRDA:30,5,0,0
BRDA:30,6,0,0
BRDA:47,7,0,0
BRDA:47,8,0,0
BRDA:49,9,0,0
BRDA:49,9,1,0
BRDA:50,10,0,0
BRDA:50,10,1,0
BRDA:103,11,0,0
BRDA:103,12,0,0
BRDA:117,13,0,0
BRDA:119,14,0,0
BRDA:119,14,1,0
BRDA:119,14,2,0
BRDA:120,15,0,0
BRDA:120,15,1,0
BRDA:253,16,0,0
BRDA:258,17,0,0
BRDA:258,17,1,0
BRDA:259,18,0,0
BRDA:259,18,1,0
BRDA:282,19,0,0
BRDA:282,19,1,0
BRDA:284,20,0,0
BRDA:284,20,1,0
BRDA:288,21,0,0
BRDA:288,21,1,0
BRDA:291,22,0,0
BRDA:291,22,1,0
BRDA:322,23,0,0
BRDA:325,24,0,0
BRDA:325,24,1,0
BRDA:326,25,0,0
BRDA:326,25,1,0
BRDA:344,26,0,0
BRDA:344,26,1,0
BRDA:348,27,0,0
BRDA:348,27,1,0
BRDA:351,28,0,0
BRDA:351,28,1,0
BRF:46
BRH:0
end_of_record
TN:
SF:utils/cos-upload.js
FN:6,buildCloudPath
FN:13,getExtFromPath
FN:18,uploadDishImage
FN:19,(anonymous_3)
FN:32,(anonymous_4)
FNF:5
FNH:0
FNDA:0,buildCloudPath
FNDA:0,getExtFromPath
FNDA:0,uploadDishImage
FNDA:0,(anonymous_3)
FNDA:0,(anonymous_4)
DA:7,0
DA:8,0
DA:9,0
DA:10,0
DA:14,0
DA:15,0
DA:19,0
DA:20,0
DA:21,0
DA:22,0
DA:25,0
DA:26,0
DA:27,0
DA:29,0
DA:33,0
DA:34,0
DA:35,0
DA:37,0
DA:44,0
LF:19
LH:0
BRDA:6,0,0,0
BRDA:6,1,0,0
BRDA:9,2,0,0
BRDA:9,2,1,0
BRDA:13,3,0,0
BRDA:15,4,0,0
BRDA:15,4,1,0
BRDA:20,5,0,0
BRDA:20,5,1,0
BRDA:25,6,0,0
BRDA:25,6,1,0
BRDA:33,7,0,0
BRDA:33,7,1,0
BRF:13
BRH:0
end_of_record
